#
# There is insufficient memory for the Java Runtime Environment to continue.
# Native memory allocation (mmap) failed to map 27262976 bytes for Failed to commit area from 0x0000000088000000 to 0x0000000089a00000 of length 27262976.
# Possible reasons:
#   The system is out of physical RAM or swap space
#   The process is running with CompressedOops enabled, and the Java Heap may be blocking the growth of the native heap
# Possible solutions:
#   Reduce memory load on the system
#   Increase physical memory or swap space
#   Check if swap backing store is full
#   Decrease Java heap size (-Xmx/-Xms)
#   Decrease number of Java threads
#   Decrease Java thread stack sizes (-Xss)
#   Set larger code cache with -XX:ReservedCodeCacheSize=
#   JVM is running with Unscaled Compressed Oops mode in which the Java heap is
#     placed in the first 4GB address space. The Java Heap base address is the
#     maximum limit for the native heap growth. Please use -XX:HeapBaseMinAddress
#     to set the Java Heap base and to place the Java Heap above 4GB virtual address.
# This output file may be truncated or incomplete.
#
#  Out of Memory Error (./src/hotspot/os/windows/os_windows.cpp:3301), pid=12012, tid=7732
#
# JRE version: OpenJDK Runtime Environment (11.0.11+9) (build 11.0.11+9-b60-7590822)
# Java VM: OpenJDK 64-Bit Server VM (11.0.11+9-b60-7590822, mixed mode, tiered, compressed oops, g1 gc, windows-amd64)
# No core dump will be written. Minidumps are not enabled by default on client versions of Windows
#

---------------  S U M M A R Y ------------

Command Line: --add-opens=java.base/java.util=ALL-UNNAMED --add-opens=java.base/java.lang=ALL-UNNAMED --add-opens=java.base/java.lang.invoke=ALL-UNNAMED --add-opens=java.base/java.util=ALL-UNNAMED --add-opens=java.prefs/java.util.prefs=ALL-UNNAMED --add-opens=java.prefs/java.util.prefs=ALL-UNNAMED --add-opens=java.base/java.nio.charset=ALL-UNNAMED --add-opens=java.base/java.net=ALL-UNNAMED --add-opens=java.base/java.util.concurrent.atomic=ALL-UNNAMED -Xmx2048m -Dfile.encoding=UTF-8 -Duser.country=US -Duser.language=en -Duser.variant org.gradle.launcher.daemon.bootstrap.GradleDaemon 7.2

Host: Intel(R) Core(TM) i5-4200U CPU @ 1.60GHz, 4 cores, 7G,  Windows 10 , 64 bit Build 19041 (10.0.19041.1645)
Time: Fri Apr 29 07:11:08 2022 SE Asia Standard Time elapsed time: 11.448500 seconds (0d 0h 0m 11s)

---------------  T H R E A D  ---------------

Current thread (0x000002724f072800):  VMThread "VM Thread" [stack: 0x0000007ed3300000,0x0000007ed3400000] [id=7732]

Stack: [0x0000007ed3300000,0x0000007ed3400000]
[error occurred during error reporting (printing stack bounds), id 0xc0000005, EXCEPTION_ACCESS_VIOLATION (0xc0000005) at pc=0x0000027238840f2d]

Native frames: (J=compiled Java code, j=interpreted, Vv=VM code, C=native code)
V  [jvm.dll+0x5f214a]
V  [jvm.dll+0x726fb5]
V  [jvm.dll+0x7285cd]
V  [jvm.dll+0x728be5]
V  [jvm.dll+0x728b9b]
V  [jvm.dll+0x5f14e8]
V  [jvm.dll+0x5f1c78]
C  [ntdll.dll+0xa20cf]
C  [ntdll.dll+0x51454]
C  [ntdll.dll+0xa0bfe]
C  0x0000027238840f2d

VM_Operation (0x0000007ed46f29a0): G1CollectForAllocation, mode: safepoint, requested by thread 0x0000027250bf5800


---------------  P R O C E S S  ---------------

Threads class SMR info:
_java_thread_list=0x0000027254f08e40, length=33, elements={
0x000002723355c800, 0x000002724f075800, 0x000002724f0b3000, 0x000002724f0ca800,
0x000002724f0cd000, 0x000002724f0cf800, 0x000002724f0d3000, 0x000002724f0dc800,
0x000002724f0e2000, 0x000002724fbae800, 0x0000027251301800, 0x0000027252d10800,
0x00000272505ea800, 0x00000272505d0000, 0x00000272525e6000, 0x000002725108c000,
0x0000027250bf5800, 0x0000027250bf6000, 0x00000272509bb000, 0x0000027252728800,
0x0000027252724800, 0x0000027252725800, 0x0000027252726800, 0x000002724ff8e000,
0x0000027252724000, 0x0000027252727000, 0x0000027252728000, 0x0000027252723000,
0x0000027252729800, 0x000002725326a800, 0x0000027253271000, 0x000002725326e800,
0x000002725326f000
}

Java Threads: ( => current thread )
  0x000002723355c800 JavaThread "main" [_thread_blocked, id=6848, stack(0x0000007ed2d00000,0x0000007ed2e00000)]
  0x000002724f075800 JavaThread "Reference Handler" daemon [_thread_blocked, id=11460, stack(0x0000007ed3400000,0x0000007ed3500000)]
  0x000002724f0b3000 JavaThread "Finalizer" daemon [_thread_blocked, id=7384, stack(0x0000007ed3500000,0x0000007ed3600000)]
  0x000002724f0ca800 JavaThread "Signal Dispatcher" daemon [_thread_blocked, id=10720, stack(0x0000007ed3600000,0x0000007ed3700000)]
  0x000002724f0cd000 JavaThread "Attach Listener" daemon [_thread_blocked, id=10016, stack(0x0000007ed3700000,0x0000007ed3800000)]
  0x000002724f0cf800 JavaThread "Service Thread" daemon [_thread_blocked, id=4932, stack(0x0000007ed3800000,0x0000007ed3900000)]
  0x000002724f0d3000 JavaThread "C2 CompilerThread0" daemon [_thread_blocked, id=11532, stack(0x0000007ed3900000,0x0000007ed3a00000)]
  0x000002724f0dc800 JavaThread "C1 CompilerThread0" daemon [_thread_blocked, id=4028, stack(0x0000007ed3a00000,0x0000007ed3b00000)]
  0x000002724f0e2000 JavaThread "Sweeper thread" daemon [_thread_blocked, id=11448, stack(0x0000007ed3b00000,0x0000007ed3c00000)]
  0x000002724fbae800 JavaThread "Common-Cleaner" daemon [_thread_blocked, id=6148, stack(0x0000007ed3c00000,0x0000007ed3d00000)]
  0x0000027251301800 JavaThread "Daemon health stats" [_thread_blocked, id=8112, stack(0x0000007ed4100000,0x0000007ed4200000)]
  0x0000027252d10800 JavaThread "Incoming local TCP Connector on port 21934" [_thread_in_native, id=12236, stack(0x0000007ed4000000,0x0000007ed4100000)]
  0x00000272505ea800 JavaThread "Daemon periodic checks" [_thread_blocked, id=7520, stack(0x0000007ed4200000,0x0000007ed4300000)]
  0x00000272505d0000 JavaThread "Daemon" [_thread_blocked, id=10896, stack(0x0000007ed4300000,0x0000007ed4400000)]
  0x00000272525e6000 JavaThread "Handler for socket connection from /127.0.0.1:21934 to /127.0.0.1:21935" [_thread_in_native, id=11640, stack(0x0000007ed4400000,0x0000007ed4500000)]
  0x000002725108c000 JavaThread "Cancel handler" [_thread_blocked, id=10268, stack(0x0000007ed4500000,0x0000007ed4600000)]
  0x0000027250bf5800 JavaThread "Daemon worker" [_thread_blocked, id=11856, stack(0x0000007ed4600000,0x0000007ed4700000)]
  0x0000027250bf6000 JavaThread "Asynchronous log dispatcher for DefaultDaemonConnection: socket connection from /127.0.0.1:21934 to /127.0.0.1:21935" [_thread_blocked, id=11428, stack(0x0000007ed4700000,0x0000007ed4800000)]
  0x00000272509bb000 JavaThread "Stdin handler" [_thread_blocked, id=10480, stack(0x0000007ed4800000,0x0000007ed4900000)]
  0x0000027252728800 JavaThread "Daemon client event forwarder" [_thread_blocked, id=12168, stack(0x0000007ed4900000,0x0000007ed4a00000)]
  0x0000027252724800 JavaThread "Cache worker for journal cache (C:\Users\Administrator\.gradle\caches\journal-1)" [_thread_blocked, id=10284, stack(0x0000007ed4b00000,0x0000007ed4c00000)]
  0x0000027252725800 JavaThread "File lock request listener" [_thread_in_native, id=5812, stack(0x0000007ed4c00000,0x0000007ed4d00000)]
  0x0000027252726800 JavaThread "Cache worker for file hash cache (C:\Users\Administrator\.gradle\caches\7.2\fileHashes)" [_thread_blocked, id=1228, stack(0x0000007ed4d00000,0x0000007ed4e00000)]
  0x000002724ff8e000 JavaThread "C2 CompilerThread1" daemon [_thread_blocked, id=10488, stack(0x0000007ed4e00000,0x0000007ed4f00000)]
  0x0000027252724000 JavaThread "Cache worker for file hash cache (D:\BaiTapTuan\QTBai2\.gradle\7.2\fileHashes)" [_thread_blocked, id=4704, stack(0x0000007ed4f00000,0x0000007ed5000000)]
  0x0000027252727000 JavaThread "File watcher server" daemon [_thread_in_native, id=1708, stack(0x0000007ed5000000,0x0000007ed5100000)]
  0x0000027252728000 JavaThread "File watcher consumer" daemon [_thread_blocked, id=6452, stack(0x0000007ed5100000,0x0000007ed5200000)]
  0x0000027252723000 JavaThread "Cache worker for checksums cache (D:\BaiTapTuan\QTBai2\.gradle\checksums)" [_thread_blocked, id=11100, stack(0x0000007ed5200000,0x0000007ed5300000)]
  0x0000027252729800 JavaThread "Cache worker for cache directory md-supplier (C:\Users\Administrator\.gradle\caches\7.2\md-supplier)" [_thread_blocked, id=8648, stack(0x0000007ed5300000,0x0000007ed5400000)]
  0x000002725326a800 JavaThread "Cache worker for cache directory md-rule (C:\Users\Administrator\.gradle\caches\7.2\md-rule)" [_thread_blocked, id=924, stack(0x0000007ed5400000,0x0000007ed5500000)]
  0x0000027253271000 JavaThread "Cache worker for execution history cache (C:\Users\Administrator\.gradle\caches\7.2\executionHistory)" [_thread_blocked, id=2820, stack(0x0000007ed5500000,0x0000007ed5600000)]
  0x000002725326e800 JavaThread "jar transforms" [_thread_blocked, id=5964, stack(0x0000007ed5600000,0x0000007ed5700000)]
  0x000002725326f000 JavaThread "Cache worker for file content cache (C:\Users\Administrator\.gradle\caches\7.2\fileContent)" [_thread_blocked, id=9108, stack(0x0000007ed5700000,0x0000007ed5800000)]

Other Threads:
=>0x000002724f072800 VMThread "VM Thread" [stack: 0x0000007ed3300000,0x0000007ed3400000] [id=7732]
  0x000002724fbc7800 WatcherThread [stack: 0x0000007ed3d00000,0x0000007ed3e00000] [id=4448]
  0x0000027233576000 GCTaskThread "GC Thread#0" [stack: 0x0000007ed2e00000,0x0000007ed2f00000] [id=9996]
  0x000002724fdd1000 GCTaskThread "GC Thread#1" [stack: 0x0000007ed3e00000,0x0000007ed3f00000] [id=10784]
  0x000002724ffac800 GCTaskThread "GC Thread#2" [stack: 0x0000007ed3f00000,0x0000007ed4000000] [id=9944]
  0x000002725272b000 GCTaskThread "GC Thread#3" [stack: 0x0000007ed4a00000,0x0000007ed4b00000] [id=10444]
  0x00000272335a9800 ConcurrentGCThread "G1 Main Marker" [stack: 0x0000007ed2f00000,0x0000007ed3000000] [id=8380]
  0x00000272335ab000 ConcurrentGCThread "G1 Conc#0" [stack: 0x0000007ed3000000,0x0000007ed3100000] [id=2684]
  0x0000027233639000 ConcurrentGCThread "G1 Refine#0" [stack: 0x0000007ed3100000,0x0000007ed3200000] [id=11500]
  0x000002723363a000 ConcurrentGCThread "G1 Young RemSet Sampling" [stack: 0x0000007ed3200000,0x0000007ed3300000] [id=9332]

Threads with active compile tasks:
C2 CompilerThread0  11464 3360   !   4       jdk.internal.loader.URLClassPath$JarLoader::getResource (353 bytes)
C1 CompilerThread0  11464 3445       3       groovy.lang.MetaClassImpl::establishStaticMetaProperty (262 bytes)
C2 CompilerThread1  11464 3233       4       jdk.internal.util.jar.JarIndex::get (49 bytes)

VM state:at safepoint (normal execution)

VM Mutex/Monitor currently owned by a thread:  ([mutex/lock_event])
[0x000002723355a520] Threads_lock - owner thread: 0x000002724f072800
[0x000002723355b690] Heap_lock - owner thread: 0x0000027250bf5800

Heap address: 0x0000000080000000, size: 2048 MB, Compressed Oops mode: 32-bit
Narrow klass base: 0x0000000000000000, Narrow klass shift: 3
Compressed class space size: 1073741824 Address: 0x0000000100000000

Heap:
 garbage-first heap   total 157696K, used 27643K [0x0000000080000000, 0x0000000100000000)
  region size 1024K, 7 young (7168K), 7 survivors (7168K)
 Metaspace       used 38813K, capacity 39675K, committed 39888K, reserved 1083392K
  class space    used 4950K, capacity 5280K, committed 5376K, reserved 1048576K
Heap Regions: E=young(eden), S=young(survivor), O=old, HS=humongous(starts), HC=humongous(continues), CS=collection set, F=free, A=archive, TAMS=top-at-mark-start (previous, next)
|   0|0x0000000080000000, 0x0000000080100000, 0x0000000080100000|100%| O|  |TAMS 0x0000000080100000, 0x0000000080000000| Untracked 
|   1|0x0000000080100000, 0x0000000080200000, 0x0000000080200000|100%| O|  |TAMS 0x0000000080200000, 0x0000000080100000| Untracked 
|   2|0x0000000080200000, 0x0000000080300000, 0x0000000080300000|100%| O|  |TAMS 0x0000000080300000, 0x0000000080200000| Untracked 
|   3|0x0000000080300000, 0x0000000080400000, 0x0000000080400000|100%|HS|  |TAMS 0x0000000080400000, 0x0000000080300000| Complete 
|   4|0x0000000080400000, 0x0000000080500000, 0x0000000080500000|100%|HC|  |TAMS 0x0000000080500000, 0x0000000080400000| Complete 
|   5|0x0000000080500000, 0x0000000080600000, 0x0000000080600000|100%|HC|  |TAMS 0x0000000080600000, 0x0000000080500000| Complete 
|   6|0x0000000080600000, 0x0000000080700000, 0x0000000080700000|100%| O|  |TAMS 0x0000000080700000, 0x0000000080600000| Untracked 
|   7|0x0000000080700000, 0x0000000080800000, 0x0000000080800000|100%| O|  |TAMS 0x0000000080800000, 0x0000000080700000| Untracked 
|   8|0x0000000080800000, 0x0000000080900000, 0x0000000080900000|100%| O|  |TAMS 0x0000000080900000, 0x0000000080800000| Untracked 
|   9|0x0000000080900000, 0x0000000080a00000, 0x0000000080a00000|100%| O|  |TAMS 0x0000000080a00000, 0x0000000080900000| Untracked 
|  10|0x0000000080a00000, 0x0000000080b00000, 0x0000000080b00000|100%| O|  |TAMS 0x0000000080b00000, 0x0000000080a00000| Untracked 
|  11|0x0000000080b00000, 0x0000000080c00000, 0x0000000080c00000|100%| O|  |TAMS 0x0000000080c00000, 0x0000000080b00000| Untracked 
|  12|0x0000000080c00000, 0x0000000080d00000, 0x0000000080d00000|100%| O|  |TAMS 0x0000000080d00000, 0x0000000080c00000| Untracked 
|  13|0x0000000080d00000, 0x0000000080e00000, 0x0000000080e00000|100%| O|  |TAMS 0x0000000080e00000, 0x0000000080d00000| Untracked 
|  14|0x0000000080e00000, 0x0000000080f00000, 0x0000000080f00000|100%| O|  |TAMS 0x0000000080f00000, 0x0000000080e00000| Untracked 
|  15|0x0000000080f00000, 0x0000000081000000, 0x0000000081000000|100%| O|  |TAMS 0x0000000081000000, 0x0000000080f00000| Untracked 
|  16|0x0000000081000000, 0x0000000081100000, 0x0000000081100000|100%| O|  |TAMS 0x00000000810b1800, 0x0000000081000000| Untracked 
|  17|0x0000000081100000, 0x0000000081100000, 0x0000000081200000|  0%| F|  |TAMS 0x0000000081100000, 0x0000000081100000| Untracked 
|  18|0x0000000081200000, 0x0000000081200000, 0x0000000081300000|  0%| F|  |TAMS 0x0000000081200000, 0x0000000081200000| Untracked 
|  19|0x0000000081300000, 0x0000000081300000, 0x0000000081400000|  0%| F|  |TAMS 0x0000000081300000, 0x0000000081300000| Untracked 
|  20|0x0000000081400000, 0x0000000081500000, 0x0000000081500000|100%| O|  |TAMS 0x0000000081400000, 0x0000000081400000| Untracked 
|  21|0x0000000081500000, 0x0000000081600000, 0x0000000081600000|100%| O|  |TAMS 0x0000000081500000, 0x0000000081500000| Untracked 
|  22|0x0000000081600000, 0x0000000081700000, 0x0000000081700000|100%| O|  |TAMS 0x0000000081600000, 0x0000000081600000| Untracked 
|  23|0x0000000081700000, 0x0000000081789400, 0x0000000081800000| 53%| O|  |TAMS 0x0000000081700000, 0x0000000081700000| Untracked 
|  24|0x0000000081800000, 0x0000000081800000, 0x0000000081900000|  0%| F|  |TAMS 0x0000000081800000, 0x0000000081800000| Untracked 
|  25|0x0000000081900000, 0x0000000081900000, 0x0000000081a00000|  0%| F|  |TAMS 0x0000000081900000, 0x0000000081900000| Untracked 
|  26|0x0000000081a00000, 0x0000000081a00000, 0x0000000081b00000|  0%| F|  |TAMS 0x0000000081a00000, 0x0000000081a00000| Untracked 
|  27|0x0000000081b00000, 0x0000000081b00000, 0x0000000081c00000|  0%| F|  |TAMS 0x0000000081b00000, 0x0000000081b00000| Untracked 
|  28|0x0000000081c00000, 0x0000000081c00000, 0x0000000081d00000|  0%| F|  |TAMS 0x0000000081c00000, 0x0000000081c00000| Untracked 
|  29|0x0000000081d00000, 0x0000000081d00000, 0x0000000081e00000|  0%| F|  |TAMS 0x0000000081d00000, 0x0000000081d00000| Untracked 
|  30|0x0000000081e00000, 0x0000000081e00000, 0x0000000081f00000|  0%| F|  |TAMS 0x0000000081e00000, 0x0000000081e00000| Untracked 
|  31|0x0000000081f00000, 0x0000000081f00000, 0x0000000082000000|  0%| F|  |TAMS 0x0000000081f00000, 0x0000000081f00000| Untracked 
|  32|0x0000000082000000, 0x0000000082000000, 0x0000000082100000|  0%| F|  |TAMS 0x0000000082000000, 0x0000000082000000| Untracked 
|  33|0x0000000082100000, 0x0000000082100000, 0x0000000082200000|  0%| F|  |TAMS 0x0000000082100000, 0x0000000082100000| Untracked 
|  34|0x0000000082200000, 0x0000000082200000, 0x0000000082300000|  0%| F|  |TAMS 0x0000000082200000, 0x0000000082200000| Untracked 
|  35|0x0000000082300000, 0x0000000082300000, 0x0000000082400000|  0%| F|  |TAMS 0x0000000082300000, 0x0000000082300000| Untracked 
|  36|0x0000000082400000, 0x0000000082400000, 0x0000000082500000|  0%| F|  |TAMS 0x0000000082400000, 0x0000000082400000| Untracked 
|  37|0x0000000082500000, 0x0000000082500000, 0x0000000082600000|  0%| F|  |TAMS 0x0000000082500000, 0x0000000082500000| Untracked 
|  38|0x0000000082600000, 0x0000000082600000, 0x0000000082700000|  0%| F|  |TAMS 0x0000000082600000, 0x0000000082600000| Untracked 
|  39|0x0000000082700000, 0x0000000082700000, 0x0000000082800000|  0%| F|  |TAMS 0x0000000082700000, 0x0000000082700000| Untracked 
|  40|0x0000000082800000, 0x0000000082800000, 0x0000000082900000|  0%| F|  |TAMS 0x0000000082800000, 0x0000000082800000| Untracked 
|  41|0x0000000082900000, 0x0000000082900000, 0x0000000082a00000|  0%| F|  |TAMS 0x0000000082900000, 0x0000000082900000| Untracked 
|  42|0x0000000082a00000, 0x0000000082a00000, 0x0000000082b00000|  0%| F|  |TAMS 0x0000000082a00000, 0x0000000082a00000| Untracked 
|  43|0x0000000082b00000, 0x0000000082b00000, 0x0000000082c00000|  0%| F|  |TAMS 0x0000000082b00000, 0x0000000082b00000| Untracked 
|  44|0x0000000082c00000, 0x0000000082c00000, 0x0000000082d00000|  0%| F|  |TAMS 0x0000000082c00000, 0x0000000082c00000| Untracked 
|  45|0x0000000082d00000, 0x0000000082d00000, 0x0000000082e00000|  0%| F|  |TAMS 0x0000000082d00000, 0x0000000082d00000| Untracked 
|  46|0x0000000082e00000, 0x0000000082e00000, 0x0000000082f00000|  0%| F|  |TAMS 0x0000000082e00000, 0x0000000082e00000| Untracked 
|  47|0x0000000082f00000, 0x0000000082f00000, 0x0000000083000000|  0%| F|  |TAMS 0x0000000082f00000, 0x0000000082f00000| Untracked 
|  48|0x0000000083000000, 0x0000000083000000, 0x0000000083100000|  0%| F|  |TAMS 0x0000000083000000, 0x0000000083000000| Untracked 
|  49|0x0000000083100000, 0x0000000083100000, 0x0000000083200000|  0%| F|  |TAMS 0x0000000083100000, 0x0000000083100000| Untracked 
|  50|0x0000000083200000, 0x0000000083200000, 0x0000000083300000|  0%| F|  |TAMS 0x0000000083200000, 0x0000000083200000| Untracked 
|  51|0x0000000083300000, 0x0000000083300000, 0x0000000083400000|  0%| F|  |TAMS 0x0000000083300000, 0x0000000083300000| Untracked 
|  52|0x0000000083400000, 0x0000000083400000, 0x0000000083500000|  0%| F|  |TAMS 0x0000000083400000, 0x0000000083400000| Untracked 
|  53|0x0000000083500000, 0x0000000083500000, 0x0000000083600000|  0%| F|  |TAMS 0x0000000083500000, 0x0000000083500000| Untracked 
|  54|0x0000000083600000, 0x0000000083600000, 0x0000000083700000|  0%| F|  |TAMS 0x0000000083600000, 0x0000000083600000| Untracked 
|  55|0x0000000083700000, 0x0000000083700000, 0x0000000083800000|  0%| F|  |TAMS 0x0000000083700000, 0x0000000083700000| Untracked 
|  56|0x0000000083800000, 0x0000000083800000, 0x0000000083900000|  0%| F|  |TAMS 0x0000000083800000, 0x0000000083800000| Untracked 
|  57|0x0000000083900000, 0x0000000083900000, 0x0000000083a00000|  0%| F|  |TAMS 0x0000000083900000, 0x0000000083900000| Untracked 
|  58|0x0000000083a00000, 0x0000000083a00000, 0x0000000083b00000|  0%| F|  |TAMS 0x0000000083a00000, 0x0000000083a00000| Untracked 
|  59|0x0000000083b00000, 0x0000000083b00000, 0x0000000083c00000|  0%| F|  |TAMS 0x0000000083b00000, 0x0000000083b00000| Untracked 
|  60|0x0000000083c00000, 0x0000000083c00000, 0x0000000083d00000|  0%| F|  |TAMS 0x0000000083c00000, 0x0000000083c00000| Untracked 
|  61|0x0000000083d00000, 0x0000000083d00000, 0x0000000083e00000|  0%| F|  |TAMS 0x0000000083d00000, 0x0000000083d00000| Untracked 
|  62|0x0000000083e00000, 0x0000000083e00000, 0x0000000083f00000|  0%| F|  |TAMS 0x0000000083e00000, 0x0000000083e00000| Untracked 
|  63|0x0000000083f00000, 0x0000000083f00000, 0x0000000084000000|  0%| F|  |TAMS 0x0000000083f00000, 0x0000000083f00000| Untracked 
|  64|0x0000000084000000, 0x0000000084000000, 0x0000000084100000|  0%| F|  |TAMS 0x0000000084000000, 0x0000000084000000| Untracked 
|  65|0x0000000084100000, 0x0000000084175ae8, 0x0000000084200000| 45%| S|CS|TAMS 0x0000000084100000, 0x0000000084100000| Complete 
|  66|0x0000000084200000, 0x0000000084300000, 0x0000000084300000|100%| S|CS|TAMS 0x0000000084200000, 0x0000000084200000| Complete 
|  67|0x0000000084300000, 0x0000000084400000, 0x0000000084400000|100%| S|CS|TAMS 0x0000000084300000, 0x0000000084300000| Complete 
|  68|0x0000000084400000, 0x0000000084500000, 0x0000000084500000|100%| S|CS|TAMS 0x0000000084400000, 0x0000000084400000| Complete 
|  69|0x0000000084500000, 0x0000000084600000, 0x0000000084600000|100%| S|CS|TAMS 0x0000000084500000, 0x0000000084500000| Complete 
|  70|0x0000000084600000, 0x0000000084700000, 0x0000000084700000|100%| S|CS|TAMS 0x0000000084600000, 0x0000000084600000| Complete 
|  71|0x0000000084700000, 0x0000000084800000, 0x0000000084800000|100%| S|CS|TAMS 0x0000000084700000, 0x0000000084700000| Complete 
|  72|0x0000000084800000, 0x0000000084800000, 0x0000000084900000|  0%| F|  |TAMS 0x0000000084800000, 0x0000000084800000| Untracked 
|  73|0x0000000084900000, 0x0000000084900000, 0x0000000084a00000|  0%| F|  |TAMS 0x0000000084900000, 0x0000000084900000| Untracked 
|  74|0x0000000084a00000, 0x0000000084a00000, 0x0000000084b00000|  0%| F|  |TAMS 0x0000000084a00000, 0x0000000084a00000| Untracked 
|  75|0x0000000084b00000, 0x0000000084b00000, 0x0000000084c00000|  0%| F|  |TAMS 0x0000000084b00000, 0x0000000084b00000| Untracked 
|  76|0x0000000084c00000, 0x0000000084c00000, 0x0000000084d00000|  0%| F|  |TAMS 0x0000000084c00000, 0x0000000084c00000| Untracked 
|  77|0x0000000084d00000, 0x0000000084d00000, 0x0000000084e00000|  0%| F|  |TAMS 0x0000000084d00000, 0x0000000084d00000| Untracked 
|  78|0x0000000084e00000, 0x0000000084e00000, 0x0000000084f00000|  0%| F|  |TAMS 0x0000000084e00000, 0x0000000084e00000| Untracked 
|  79|0x0000000084f00000, 0x0000000084f00000, 0x0000000085000000|  0%| F|  |TAMS 0x0000000084f00000, 0x0000000084f00000| Untracked 
|  80|0x0000000085000000, 0x0000000085000000, 0x0000000085100000|  0%| F|  |TAMS 0x0000000085000000, 0x0000000085000000| Untracked 
|  81|0x0000000085100000, 0x0000000085100000, 0x0000000085200000|  0%| F|  |TAMS 0x0000000085100000, 0x0000000085100000| Untracked 
|  82|0x0000000085200000, 0x0000000085200000, 0x0000000085300000|  0%| F|  |TAMS 0x0000000085200000, 0x0000000085200000| Untracked 
|  83|0x0000000085300000, 0x0000000085300000, 0x0000000085400000|  0%| F|  |TAMS 0x0000000085300000, 0x0000000085300000| Untracked 
|  84|0x0000000085400000, 0x0000000085400000, 0x0000000085500000|  0%| F|  |TAMS 0x0000000085400000, 0x0000000085400000| Untracked 
|  85|0x0000000085500000, 0x0000000085500000, 0x0000000085600000|  0%| F|  |TAMS 0x0000000085500000, 0x0000000085500000| Untracked 
|  86|0x0000000085600000, 0x0000000085600000, 0x0000000085700000|  0%| F|  |TAMS 0x0000000085600000, 0x0000000085600000| Untracked 
|  87|0x0000000085700000, 0x0000000085700000, 0x0000000085800000|  0%| F|  |TAMS 0x0000000085700000, 0x0000000085700000| Untracked 
|  88|0x0000000085800000, 0x0000000085800000, 0x0000000085900000|  0%| F|  |TAMS 0x0000000085800000, 0x0000000085800000| Untracked 
|  89|0x0000000085900000, 0x0000000085900000, 0x0000000085a00000|  0%| F|  |TAMS 0x0000000085900000, 0x0000000085900000| Untracked 
|  90|0x0000000085a00000, 0x0000000085a00000, 0x0000000085b00000|  0%| F|  |TAMS 0x0000000085a00000, 0x0000000085a00000| Untracked 
|  91|0x0000000085b00000, 0x0000000085b00000, 0x0000000085c00000|  0%| F|  |TAMS 0x0000000085b00000, 0x0000000085b00000| Untracked 
|  92|0x0000000085c00000, 0x0000000085c00000, 0x0000000085d00000|  0%| F|  |TAMS 0x0000000085c00000, 0x0000000085c00000| Untracked 
|  93|0x0000000085d00000, 0x0000000085d00000, 0x0000000085e00000|  0%| F|  |TAMS 0x0000000085d00000, 0x0000000085d00000| Untracked 
|  94|0x0000000085e00000, 0x0000000085e00000, 0x0000000085f00000|  0%| F|  |TAMS 0x0000000085e00000, 0x0000000085e00000| Untracked 
|  95|0x0000000085f00000, 0x0000000085f00000, 0x0000000086000000|  0%| F|  |TAMS 0x0000000085f00000, 0x0000000085f00000| Untracked 
|  96|0x0000000086000000, 0x0000000086000000, 0x0000000086100000|  0%| F|  |TAMS 0x0000000086000000, 0x0000000086000000| Untracked 
|  97|0x0000000086100000, 0x0000000086100000, 0x0000000086200000|  0%| F|  |TAMS 0x0000000086100000, 0x0000000086100000| Untracked 
|  98|0x0000000086200000, 0x0000000086200000, 0x0000000086300000|  0%| F|  |TAMS 0x0000000086200000, 0x0000000086200000| Untracked 
|  99|0x0000000086300000, 0x0000000086300000, 0x0000000086400000|  0%| F|  |TAMS 0x0000000086300000, 0x0000000086300000| Untracked 
| 100|0x0000000086400000, 0x0000000086400000, 0x0000000086500000|  0%| F|  |TAMS 0x0000000086400000, 0x0000000086400000| Untracked 
| 101|0x0000000086500000, 0x0000000086500000, 0x0000000086600000|  0%| F|  |TAMS 0x0000000086500000, 0x0000000086500000| Untracked 
| 102|0x0000000086600000, 0x0000000086600000, 0x0000000086700000|  0%| F|  |TAMS 0x0000000086600000, 0x0000000086600000| Untracked 
| 103|0x0000000086700000, 0x0000000086700000, 0x0000000086800000|  0%| F|  |TAMS 0x0000000086700000, 0x0000000086700000| Untracked 
| 104|0x0000000086800000, 0x0000000086800000, 0x0000000086900000|  0%| F|  |TAMS 0x0000000086800000, 0x0000000086800000| Untracked 
| 105|0x0000000086900000, 0x0000000086900000, 0x0000000086a00000|  0%| F|  |TAMS 0x0000000086900000, 0x0000000086900000| Untracked 
| 106|0x0000000086a00000, 0x0000000086a00000, 0x0000000086b00000|  0%| F|  |TAMS 0x0000000086a00000, 0x0000000086a00000| Untracked 
| 107|0x0000000086b00000, 0x0000000086b00000, 0x0000000086c00000|  0%| F|  |TAMS 0x0000000086b00000, 0x0000000086b00000| Untracked 
| 108|0x0000000086c00000, 0x0000000086c00000, 0x0000000086d00000|  0%| F|  |TAMS 0x0000000086c00000, 0x0000000086c00000| Untracked 
| 109|0x0000000086d00000, 0x0000000086d00000, 0x0000000086e00000|  0%| F|  |TAMS 0x0000000086d00000, 0x0000000086d00000| Untracked 
| 110|0x0000000086e00000, 0x0000000086e00000, 0x0000000086f00000|  0%| F|  |TAMS 0x0000000086e00000, 0x0000000086e00000| Untracked 
| 111|0x0000000086f00000, 0x0000000086f00000, 0x0000000087000000|  0%| F|  |TAMS 0x0000000086f00000, 0x0000000086f00000| Untracked 
| 112|0x0000000087000000, 0x0000000087000000, 0x0000000087100000|  0%| F|  |TAMS 0x0000000087000000, 0x0000000087000000| Untracked 
| 113|0x0000000087100000, 0x0000000087100000, 0x0000000087200000|  0%| F|  |TAMS 0x0000000087100000, 0x0000000087100000| Untracked 
| 114|0x0000000087200000, 0x0000000087200000, 0x0000000087300000|  0%| F|  |TAMS 0x0000000087200000, 0x0000000087200000| Untracked 
| 115|0x0000000087300000, 0x0000000087300000, 0x0000000087400000|  0%| F|  |TAMS 0x0000000087300000, 0x0000000087300000| Untracked 
| 116|0x0000000087400000, 0x0000000087400000, 0x0000000087500000|  0%| F|  |TAMS 0x0000000087400000, 0x0000000087400000| Untracked 
| 117|0x0000000087500000, 0x0000000087500000, 0x0000000087600000|  0%| F|  |TAMS 0x0000000087500000, 0x0000000087500000| Untracked 
| 118|0x0000000087600000, 0x0000000087600000, 0x0000000087700000|  0%| F|  |TAMS 0x0000000087600000, 0x0000000087600000| Untracked 
| 119|0x0000000087700000, 0x0000000087700000, 0x0000000087800000|  0%| F|  |TAMS 0x0000000087700000, 0x0000000087700000| Untracked 
| 120|0x0000000087800000, 0x0000000087800000, 0x0000000087900000|  0%| F|  |TAMS 0x0000000087800000, 0x0000000087800000| Untracked 
| 121|0x0000000087900000, 0x0000000087900000, 0x0000000087a00000|  0%| F|  |TAMS 0x0000000087900000, 0x0000000087900000| Untracked 
| 122|0x0000000087a00000, 0x0000000087a00000, 0x0000000087b00000|  0%| F|  |TAMS 0x0000000087a00000, 0x0000000087a00000| Untracked 
| 123|0x0000000087b00000, 0x0000000087b00000, 0x0000000087c00000|  0%| F|  |TAMS 0x0000000087b00000, 0x0000000087b00000| Untracked 
| 124|0x0000000087c00000, 0x0000000087c00000, 0x0000000087d00000|  0%| F|  |TAMS 0x0000000087c00000, 0x0000000087c00000| Untracked 
| 125|0x0000000087d00000, 0x0000000087d00000, 0x0000000087e00000|  0%| F|  |TAMS 0x0000000087d00000, 0x0000000087d00000| Untracked 
| 126|0x0000000087e00000, 0x0000000087e00000, 0x0000000087f00000|  0%| F|  |TAMS 0x0000000087e00000, 0x0000000087e00000| Untracked 
| 127|0x0000000087f00000, 0x0000000087f00000, 0x0000000088000000|  0%| F|  |TAMS 0x0000000087f00000, 0x0000000087f00000| Untracked 

Card table byte_map: [0x0000027248270000,0x0000027248670000] _byte_map_base: 0x0000027247e70000

Marking Bits (Prev, Next): (CMBitMap*) 0x00000272335a0d68, (CMBitMap*) 0x00000272335a0da0
 Prev Bits: [0x0000027248a70000, 0x000002724aa70000)
 Next Bits: [0x000002724aa70000, 0x000002724ca70000)

Polling page: 0x0000027233640000

Metaspace:

Usage:
  Non-class:     33.59 MB capacity,    33.07 MB ( 98%) used,   443.03 KB (  1%) free+waste,    89.06 KB ( <1%) overhead. 
      Class:      5.16 MB capacity,     4.83 MB ( 94%) used,   287.02 KB (  5%) free+waste,    42.81 KB ( <1%) overhead. 
       Both:     38.75 MB capacity,    37.90 MB ( 98%) used,   730.05 KB (  2%) free+waste,   131.88 KB ( <1%) overhead. 

Virtual space:
  Non-class space:       34.00 MB reserved,      33.70 MB (>99%) committed 
      Class space:        1.00 GB reserved,       5.25 MB ( <1%) committed 
             Both:        1.03 GB reserved,      38.95 MB (  4%) committed 

Chunk freelists:
   Non-Class:  53.00 KB
       Class:  0 bytes
        Both:  53.00 KB

MaxMetaspaceSize: 17179869184.00 GB
CompressedClassSpaceSize: 1.00 GB

CodeHeap 'non-profiled nmethods': size=120064Kb used=1762Kb max_used=1762Kb free=118302Kb
 bounds [0x0000027240300000, 0x0000027240570000, 0x0000027247840000]
CodeHeap 'profiled nmethods': size=120000Kb used=7296Kb max_used=7296Kb free=112704Kb
 bounds [0x0000027238dd0000, 0x00000272394f0000, 0x0000027240300000]
CodeHeap 'non-nmethods': size=5696Kb used=2198Kb max_used=2235Kb free=3497Kb
 bounds [0x0000027238840000, 0x0000027238ab0000, 0x0000027238dd0000]
 total_blobs=4190 nmethods=3430 adapters=671
 compilation: enabled
              stopped_count=0, restarted_count=0
 full_count=0

Compilation events (20 events):
Event: 11.420 Thread 0x000002724f0dc800 nmethod 3436 0x00000272394e9810 code [0x00000272394e9aa0, 0x00000272394ea508]
Event: 11.421 Thread 0x000002724f0dc800 3437       3       com.sun.beans.TypeResolver::erase (32 bytes)
Event: 11.421 Thread 0x000002724f0dc800 nmethod 3437 0x00000272394ea990 code [0x00000272394eab60, 0x00000272394eaf68]
Event: 11.421 Thread 0x000002724f0dc800 3438       3       java.lang.reflect.Method::isSynthetic (5 bytes)
Event: 11.421 Thread 0x000002724f0dc800 nmethod 3438 0x00000272394eb110 code [0x00000272394eb2e0, 0x00000272394eb518]
Event: 11.421 Thread 0x000002724f0dc800 3439       3       com.sun.beans.TypeResolver::resolveInClass (9 bytes)
Event: 11.423 Thread 0x000002724f0dc800 nmethod 3439 0x00000272394eb610 code [0x00000272394eb860, 0x00000272394ec078]
Event: 11.423 Thread 0x000002724f0dc800 3440       3       java.util.Collections$UnmodifiableMap$UnmodifiableEntrySet$1::next (5 bytes)
Event: 11.423 Thread 0x000002724f0dc800 nmethod 3440 0x00000272394ec310 code [0x00000272394ec520, 0x00000272394ecc18]
Event: 11.423 Thread 0x000002724f0dc800 3443       3       groovy.lang.MetaClassImpl$Index::getNotNull (32 bytes)
Event: 11.424 Thread 0x000002724f0dc800 nmethod 3443 0x00000272394ece10 code [0x00000272394ed000, 0x00000272394ed688]
Event: 11.424 Thread 0x000002724f0dc800 3441       3       java.util.Collections$UnmodifiableMap$UnmodifiableEntrySet$1::next (20 bytes)
Event: 11.424 Thread 0x000002724f0dc800 nmethod 3441 0x00000272394ed890 code [0x00000272394edaa0, 0x00000272394ee138]
Event: 11.424 Thread 0x000002724f0dc800 3442       3       java.beans.PropertyDescriptor::setPropertyType (9 bytes)
Event: 11.424 Thread 0x000002724f0dc800 nmethod 3442 0x00000272394ee310 code [0x00000272394ee500, 0x00000272394ee888]
Event: 11.425 Thread 0x000002724f0dc800 3444       3       java.beans.PropertyDescriptor::getPropertyType0 (22 bytes)
Event: 11.425 Thread 0x000002724f0dc800 nmethod 3444 0x00000272394eea10 code [0x00000272394eebe0, 0x00000272394eeee8]
Event: 11.425 Thread 0x000002724f0dc800 3446  s!   3       java.beans.PropertyDescriptor::getPropertyType (33 bytes)
Event: 11.426 Thread 0x000002724f0dc800 nmethod 3446 0x00000272394ef010 code [0x00000272394ef260, 0x00000272394efcc8]
Event: 11.426 Thread 0x000002724f0dc800 3445       3       groovy.lang.MetaClassImpl::establishStaticMetaProperty (262 bytes)

GC Heap History (17 events):
Event: 1.243 GC heap before
{Heap before GC invocations=0 (full 0):
 garbage-first heap   total 131072K, used 20480K [0x0000000080000000, 0x0000000100000000)
  region size 1024K, 14 young (14336K), 0 survivors (0K)
 Metaspace       used 6733K, capacity 6925K, committed 7168K, reserved 1056768K
  class space    used 582K, capacity 650K, committed 768K, reserved 1048576K
}
Event: 1.277 GC heap after
{Heap after GC invocations=1 (full 0):
 garbage-first heap   total 131072K, used 7888K [0x0000000080000000, 0x0000000100000000)
  region size 1024K, 2 young (2048K), 2 survivors (2048K)
 Metaspace       used 6733K, capacity 6925K, committed 7168K, reserved 1056768K
  class space    used 582K, capacity 650K, committed 768K, reserved 1048576K
}
Event: 1.906 GC heap before
{Heap before GC invocations=1 (full 0):
 garbage-first heap   total 131072K, used 19152K [0x0000000080000000, 0x0000000100000000)
  region size 1024K, 13 young (13312K), 2 survivors (2048K)
 Metaspace       used 9879K, capacity 10118K, committed 10368K, reserved 1058816K
  class space    used 1028K, capacity 1102K, committed 1152K, reserved 1048576K
}
Event: 1.910 GC heap after
{Heap after GC invocations=2 (full 0):
 garbage-first heap   total 131072K, used 9490K [0x0000000080000000, 0x0000000100000000)
  region size 1024K, 2 young (2048K), 2 survivors (2048K)
 Metaspace       used 9879K, capacity 10118K, committed 10368K, reserved 1058816K
  class space    used 1028K, capacity 1102K, committed 1152K, reserved 1048576K
}
Event: 3.028 GC heap before
{Heap before GC invocations=2 (full 0):
 garbage-first heap   total 131072K, used 37138K [0x0000000080000000, 0x0000000100000000)
  region size 1024K, 29 young (29696K), 2 survivors (2048K)
 Metaspace       used 10843K, capacity 11073K, committed 11264K, reserved 1058816K
  class space    used 1131K, capacity 1207K, committed 1280K, reserved 1048576K
}
Event: 3.032 GC heap after
{Heap after GC invocations=3 (full 0):
 garbage-first heap   total 131072K, used 11963K [0x0000000080000000, 0x0000000100000000)
  region size 1024K, 3 young (3072K), 3 survivors (3072K)
 Metaspace       used 10843K, capacity 11073K, committed 11264K, reserved 1058816K
  class space    used 1131K, capacity 1207K, committed 1280K, reserved 1048576K
}
Event: 5.831 GC heap before
{Heap before GC invocations=3 (full 0):
 garbage-first heap   total 131072K, used 55995K [0x0000000080000000, 0x0000000100000000)
  region size 1024K, 47 young (48128K), 3 survivors (3072K)
 Metaspace       used 17631K, capacity 17990K, committed 18176K, reserved 1064960K
  class space    used 2076K, capacity 2217K, committed 2304K, reserved 1048576K
}
Event: 5.845 GC heap after
{Heap after GC invocations=4 (full 0):
 garbage-first heap   total 131072K, used 16542K [0x0000000080000000, 0x0000000100000000)
  region size 1024K, 6 young (6144K), 6 survivors (6144K)
 Metaspace       used 17631K, capacity 17990K, committed 18176K, reserved 1064960K
  class space    used 2076K, capacity 2217K, committed 2304K, reserved 1048576K
}
Event: 6.431 GC heap before
{Heap before GC invocations=4 (full 0):
 garbage-first heap   total 131072K, used 42142K [0x0000000080000000, 0x0000000100000000)
  region size 1024K, 32 young (32768K), 6 survivors (6144K)
 Metaspace       used 20682K, capacity 21102K, committed 21296K, reserved 1069056K
  class space    used 2529K, capacity 2658K, committed 2688K, reserved 1048576K
}
Event: 6.444 GC heap after
{Heap after GC invocations=5 (full 0):
 garbage-first heap   total 131072K, used 17237K [0x0000000080000000, 0x0000000100000000)
  region size 1024K, 5 young (5120K), 5 survivors (5120K)
 Metaspace       used 20682K, capacity 21102K, committed 21296K, reserved 1069056K
  class space    used 2529K, capacity 2658K, committed 2688K, reserved 1048576K
}
Event: 7.628 GC heap before
{Heap before GC invocations=6 (full 0):
 garbage-first heap   total 131072K, used 66389K [0x0000000080000000, 0x0000000100000000)
  region size 1024K, 53 young (54272K), 5 survivors (5120K)
 Metaspace       used 25653K, capacity 26266K, committed 26368K, reserved 1073152K
  class space    used 3332K, capacity 3534K, committed 3584K, reserved 1048576K
}
Event: 7.639 GC heap after
{Heap after GC invocations=7 (full 0):
 garbage-first heap   total 131072K, used 19240K [0x0000000080000000, 0x0000000100000000)
  region size 1024K, 3 young (3072K), 3 survivors (3072K)
 Metaspace       used 25653K, capacity 26266K, committed 26368K, reserved 1073152K
  class space    used 3332K, capacity 3534K, committed 3584K, reserved 1048576K
}
Event: 9.426 GC heap before
{Heap before GC invocations=7 (full 0):
 garbage-first heap   total 131072K, used 75560K [0x0000000080000000, 0x0000000100000000)
  region size 1024K, 58 young (59392K), 3 survivors (3072K)
 Metaspace       used 31534K, capacity 32274K, committed 32512K, reserved 1077248K
  class space    used 4210K, capacity 4500K, committed 4608K, reserved 1048576K
}
Event: 9.437 GC heap after
{Heap after GC invocations=8 (full 0):
 garbage-first heap   total 131072K, used 21374K [0x0000000080000000, 0x0000000100000000)
  region size 1024K, 5 young (5120K), 5 survivors (5120K)
 Metaspace       used 31534K, capacity 32274K, committed 32512K, reserved 1077248K
  class space    used 4210K, capacity 4500K, committed 4608K, reserved 1048576K
}
Event: 9.939 GC heap before
{Heap before GC invocations=8 (full 0):
 garbage-first heap   total 131072K, used 30590K [0x0000000080000000, 0x0000000100000000)
  region size 1024K, 15 young (15360K), 5 survivors (5120K)
 Metaspace       used 35101K, capacity 35918K, committed 36048K, reserved 1081344K
  class space    used 4555K, capacity 4863K, committed 4864K, reserved 1048576K
}
Event: 9.956 GC heap after
{Heap after GC invocations=9 (full 0):
 garbage-first heap   total 131072K, used 23048K [0x0000000080000000, 0x0000000100000000)
  region size 1024K, 6 young (6144K), 6 survivors (6144K)
 Metaspace       used 35101K, capacity 35918K, committed 36048K, reserved 1081344K
  class space    used 4555K, capacity 4863K, committed 4864K, reserved 1048576K
}
Event: 11.427 GC heap before
{Heap before GC invocations=10 (full 0):
 garbage-first heap   total 131072K, used 76296K [0x0000000080000000, 0x0000000100000000)
  region size 1024K, 56 young (57344K), 6 survivors (6144K)
 Metaspace       used 38813K, capacity 39675K, committed 39888K, reserved 1083392K
  class space    used 4950K, capacity 5280K, committed 5376K, reserved 1048576K
}

Deoptimization events (20 events):
Event: 10.991 Thread 0x0000027250bf5800 Uncommon trap: trap_request=0xffffffde fr.pc=0x0000027240493390 relative=0x0000000000000470
Event: 10.991 Thread 0x0000027250bf5800 Uncommon trap: reason=class_check action=maybe_recompile pc=0x0000027240493390 method=java.util.regex.Pattern$Start.match(Ljava/util/regex/Matcher;ILjava/lang/CharSequence;)Z @ 44 c2
Event: 10.991 Thread 0x0000027250bf5800 DEOPT PACKING pc=0x0000027240493390 sp=0x0000007ed46f7960
Event: 10.991 Thread 0x0000027250bf5800 DEOPT UNPACKING pc=0x000002723886662f sp=0x0000007ed46f7828 mode 2
Event: 10.992 Thread 0x0000027250bf5800 Uncommon trap: trap_request=0xffffffde fr.pc=0x0000027240493390 relative=0x0000000000000470
Event: 10.992 Thread 0x0000027250bf5800 Uncommon trap: reason=class_check action=maybe_recompile pc=0x0000027240493390 method=java.util.regex.Pattern$Start.match(Ljava/util/regex/Matcher;ILjava/lang/CharSequence;)Z @ 44 c2
Event: 10.992 Thread 0x0000027250bf5800 DEOPT PACKING pc=0x0000027240493390 sp=0x0000007ed46f7960
Event: 10.992 Thread 0x0000027250bf5800 DEOPT UNPACKING pc=0x000002723886662f sp=0x0000007ed46f7828 mode 2
Event: 10.997 Thread 0x0000027250bf5800 Uncommon trap: trap_request=0xffffffde fr.pc=0x000002724048104c relative=0x000000000000044c
Event: 10.997 Thread 0x0000027250bf5800 Uncommon trap: reason=class_check action=maybe_recompile pc=0x000002724048104c method=java.util.regex.Pattern$Start.match(Ljava/util/regex/Matcher;ILjava/lang/CharSequence;)Z @ 44 c2
Event: 10.997 Thread 0x0000027250bf5800 DEOPT PACKING pc=0x000002724048104c sp=0x0000007ed46f78e0
Event: 10.997 Thread 0x0000027250bf5800 DEOPT UNPACKING pc=0x000002723886662f sp=0x0000007ed46f7820 mode 2
Event: 11.016 Thread 0x0000027250bf5800 Uncommon trap: trap_request=0xffffffbe fr.pc=0x000002724047684c relative=0x0000000000003cac
Event: 11.016 Thread 0x0000027250bf5800 Uncommon trap: reason=profile_predicate action=maybe_recompile pc=0x000002724047684c method=java.util.AbstractCollection.addAll(Ljava/util/Collection;)Z @ 15 c2
Event: 11.016 Thread 0x0000027250bf5800 DEOPT PACKING pc=0x000002724047684c sp=0x0000007ed46f9860
Event: 11.016 Thread 0x0000027250bf5800 DEOPT UNPACKING pc=0x000002723886662f sp=0x0000007ed46f9878 mode 2
Event: 11.196 Thread 0x0000027250bf5800 Uncommon trap: trap_request=0xffffff6e fr.pc=0x0000027240442acc relative=0x000000000000078c
Event: 11.197 Thread 0x0000027250bf5800 Uncommon trap: reason=speculate_class_check action=maybe_recompile pc=0x0000027240442acc method=java.lang.reflect.Executable.declaredAnnotations()Ljava/util/Map; @ 23 c2
Event: 11.197 Thread 0x0000027250bf5800 DEOPT PACKING pc=0x0000027240442acc sp=0x0000007ed46f8300
Event: 11.197 Thread 0x0000027250bf5800 DEOPT UNPACKING pc=0x000002723886662f sp=0x0000007ed46f8240 mode 2

Classes redefined (0 events):
No events

Internal exceptions (20 events):
Event: 11.212 Thread 0x0000027250bf5800 Exception <a 'java/lang/ClassNotFoundException'{0x000000008519f148}: org/gradle/internal/metaobject/ConfigureDelegateBeanInfo> (0x000000008519f148) thrown at [./src/hotspot/share/classfile/systemDictionary.cpp, line 231]
Event: 11.213 Thread 0x0000027250bf5800 Exception <a 'java/lang/ClassNotFoundException'{0x00000000851cac48}: org/gradle/internal/metaobject/ConfigureDelegateCustomizer> (0x00000000851cac48) thrown at [./src/hotspot/share/classfile/systemDictionary.cpp, line 231]
Event: 11.269 Thread 0x0000027250bf5800 Exception <a 'java/lang/ClassNotFoundException'{0x0000000085057b88}: org/gradle/plugin/management/internal/DefaultPluginManagementSpec_DecoratedBeanInfo> (0x0000000085057b88) thrown at [./src/hotspot/share/classfile/systemDictionary.cpp, line 231]
Event: 11.273 Thread 0x0000027250bf5800 Exception <a 'java/lang/ClassNotFoundException'{0x000000008508f0c8}: org/gradle/plugin/management/internal/DefaultPluginManagementSpecBeanInfo> (0x000000008508f0c8) thrown at [./src/hotspot/share/classfile/systemDictionary.cpp, line 231]
Event: 11.275 Thread 0x0000027250bf5800 Exception <a 'java/lang/ClassNotFoundException'{0x00000000850c84d0}: org/gradle/plugin/management/internal/DefaultPluginManagementSpecCustomizer> (0x00000000850c84d0) thrown at [./src/hotspot/share/classfile/systemDictionary.cpp, line 231]
Event: 11.278 Thread 0x0000027250bf5800 Exception <a 'java/lang/ClassNotFoundException'{0x0000000084f14f58}: org/gradle/plugin/management/internal/DefaultPluginManagementSpec_DecoratedCustomizer> (0x0000000084f14f58) thrown at [./src/hotspot/share/classfile/systemDictionary.cpp, line 231]
Event: 11.330 Thread 0x0000027250bf5800 Exception <a 'java/lang/ClassNotFoundException'{0x0000000084ba9fb8}: org/gradle/api/internal/artifacts/dsl/DefaultRepositoryHandler_DecoratedBeanInfo> (0x0000000084ba9fb8) thrown at [./src/hotspot/share/classfile/systemDictionary.cpp, line 231]
Event: 11.332 Thread 0x0000027250bf5800 Exception <a 'java/lang/ClassNotFoundException'{0x0000000084be3870}: org/gradle/api/internal/artifacts/dsl/DefaultRepositoryHandlerBeanInfo> (0x0000000084be3870) thrown at [./src/hotspot/share/classfile/systemDictionary.cpp, line 231]
Event: 11.333 Thread 0x0000027250bf5800 Exception <a 'java/lang/ClassNotFoundException'{0x0000000084a20968}: org/gradle/api/internal/artifacts/DefaultArtifactRepositoryContainerBeanInfo> (0x0000000084a20968) thrown at [./src/hotspot/share/classfile/systemDictionary.cpp, line 231]
Event: 11.335 Thread 0x0000027250bf5800 Exception <a 'java/lang/ClassNotFoundException'{0x0000000084a4bb68}: org/gradle/api/internal/DefaultNamedDomainObjectListBeanInfo> (0x0000000084a4bb68) thrown at [./src/hotspot/share/classfile/systemDictionary.cpp, line 231]
Event: 11.336 Thread 0x0000027250bf5800 Exception <a 'java/lang/ClassNotFoundException'{0x0000000084a78028}: org/gradle/api/internal/DefaultNamedDomainObjectCollectionBeanInfo> (0x0000000084a78028) thrown at [./src/hotspot/share/classfile/systemDictionary.cpp, line 231]
Event: 11.338 Thread 0x0000027250bf5800 Exception <a 'java/lang/ClassNotFoundException'{0x0000000084aa3870}: org/gradle/api/internal/DefaultDomainObjectCollectionBeanInfo> (0x0000000084aa3870) thrown at [./src/hotspot/share/classfile/systemDictionary.cpp, line 231]
Event: 11.339 Thread 0x0000027250bf5800 Exception <a 'java/lang/ClassNotFoundException'{0x0000000084aa9f18}: java/util/AbstractCollectionBeanInfo> (0x0000000084aa9f18) thrown at [./src/hotspot/share/classfile/systemDictionary.cpp, line 231]
Event: 11.339 Thread 0x0000027250bf5800 Exception <a 'java/lang/ClassNotFoundException'{0x0000000084ab0568}: java/util/AbstractCollectionCustomizer> (0x0000000084ab0568) thrown at [./src/hotspot/share/classfile/systemDictionary.cpp, line 231]
Event: 11.343 Thread 0x0000027250bf5800 Exception <a 'java/lang/ClassNotFoundException'{0x0000000084ae4e00}: org/gradle/api/internal/DefaultDomainObjectCollectionCustomizer> (0x0000000084ae4e00) thrown at [./src/hotspot/share/classfile/systemDictionary.cpp, line 231]
Event: 11.394 Thread 0x0000027250bf5800 Exception <a 'java/lang/ClassNotFoundException'{0x000000008492f028}: org/gradle/api/internal/DefaultNamedDomainObjectCollectionCustomizer> (0x000000008492f028) thrown at [./src/hotspot/share/classfile/systemDictionary.cpp, line 231]
Event: 11.406 Thread 0x0000027250bf5800 Exception <a 'java/lang/ClassNotFoundException'{0x00000000849a9060}: org/gradle/api/internal/DefaultNamedDomainObjectListCustomizer> (0x00000000849a9060) thrown at [./src/hotspot/share/classfile/systemDictionary.cpp, line 231]
Event: 11.411 Thread 0x0000027250bf5800 Exception <a 'java/lang/ClassNotFoundException'{0x00000000849fee58}: org/gradle/api/internal/artifacts/DefaultArtifactRepositoryContainerCustomizer> (0x00000000849fee58) thrown at [./src/hotspot/share/classfile/systemDictionary.cpp, line 231]
Event: 11.415 Thread 0x0000027250bf5800 Exception <a 'java/lang/ClassNotFoundException'{0x0000000084849c30}: org/gradle/api/internal/artifacts/dsl/DefaultRepositoryHandlerCustomizer> (0x0000000084849c30) thrown at [./src/hotspot/share/classfile/systemDictionary.cpp, line 231]
Event: 11.419 Thread 0x0000027250bf5800 Exception <a 'java/lang/ClassNotFoundException'{0x00000000848a70e0}: org/gradle/api/internal/artifacts/dsl/DefaultRepositoryHandler_DecoratedCustomizer> (0x00000000848a70e0) thrown at [./src/hotspot/share/classfile/systemDictionary.cpp, line 231]

Events (20 events):
Event: 11.414 loading class org/gradle/api/internal/artifacts/dsl/DefaultRepositoryHandlerCustomizer done
Event: 11.414 loading class org/gradle/api/internal/artifacts/dsl/DefaultRepositoryHandlerCustomizer
Event: 11.414 loading class org/gradle/api/internal/artifacts/dsl/DefaultRepositoryHandlerCustomizer done
Event: 11.415 loading class org/gradle/api/internal/artifacts/dsl/DefaultRepositoryHandlerCustomizer
Event: 11.415 loading class org/gradle/api/internal/artifacts/dsl/DefaultRepositoryHandlerCustomizer done
Event: 11.415 loading class org/gradle/api/artifacts/repositories/ExclusiveContentRepository
Event: 11.415 loading class org/gradle/api/artifacts/repositories/ExclusiveContentRepository done
Event: 11.417 loading class org/gradle/api/internal/artifacts/dsl/DefaultRepositoryHandler_DecoratedCustomizer
Event: 11.417 loading class org/gradle/api/internal/artifacts/dsl/DefaultRepositoryHandler_DecoratedCustomizer done
Event: 11.418 loading class org/gradle/api/internal/artifacts/dsl/DefaultRepositoryHandler_DecoratedCustomizer
Event: 11.418 loading class org/gradle/api/internal/artifacts/dsl/DefaultRepositoryHandler_DecoratedCustomizer done
Event: 11.418 loading class org/gradle/api/internal/artifacts/dsl/DefaultRepositoryHandler_DecoratedCustomizer
Event: 11.418 loading class org/gradle/api/internal/artifacts/dsl/DefaultRepositoryHandler_DecoratedCustomizer done
Event: 11.419 loading class org/gradle/api/internal/artifacts/dsl/DefaultRepositoryHandler_DecoratedCustomizer
Event: 11.419 loading class org/gradle/api/internal/artifacts/dsl/DefaultRepositoryHandler_DecoratedCustomizer done
Event: 11.426 loading class org/gradle/api/internal/artifacts/repositories/DefaultBaseRepositoryFactory$NamedMavenRepositoryDescriber
Event: 11.426 loading class org/gradle/api/internal/artifacts/repositories/DefaultBaseRepositoryFactory$NamedMavenRepositoryDescriber done
Event: 11.427 loading class org/gradle/api/internal/artifacts/repositories/DefaultMavenArtifactRepository
Event: 11.427 loading class org/gradle/api/internal/artifacts/repositories/DefaultMavenArtifactRepository done
Event: 11.427 Executing VM operation: G1CollectForAllocation


Dynamic libraries:
0x00007ff753430000 - 0x00007ff75343a000 	D:\Android\jre\bin\java.exe
0x00007ffb64530000 - 0x00007ffb64725000 	C:\WINDOWS\SYSTEM32\ntdll.dll
0x00007ffb62b50000 - 0x00007ffb62c0e000 	C:\WINDOWS\System32\KERNEL32.DLL
0x00007ffb61d80000 - 0x00007ffb62048000 	C:\WINDOWS\System32\KERNELBASE.dll
0x00007ffb62490000 - 0x00007ffb62590000 	C:\WINDOWS\System32\ucrtbase.dll
0x00007ffb53790000 - 0x00007ffb537a7000 	D:\Android\jre\bin\VCRUNTIME140.dll
0x00007ffb53770000 - 0x00007ffb53789000 	D:\Android\jre\bin\jli.dll
0x00007ffb63c10000 - 0x00007ffb63db0000 	C:\WINDOWS\System32\USER32.dll
0x00007ffb62050000 - 0x00007ffb62072000 	C:\WINDOWS\System32\win32u.dll
0x00007ffb53a40000 - 0x00007ffb53cda000 	C:\WINDOWS\WinSxS\amd64_microsoft.windows.common-controls_6595b64144ccf1df_6.0.19041.1110_none_60b5254171f9507e\COMCTL32.dll
0x00007ffb62590000 - 0x00007ffb625ba000 	C:\WINDOWS\System32\GDI32.dll
0x00007ffb63db0000 - 0x00007ffb63e4e000 	C:\WINDOWS\System32\msvcrt.dll
0x00007ffb62280000 - 0x00007ffb6238b000 	C:\WINDOWS\System32\gdi32full.dll
0x00007ffb61ce0000 - 0x00007ffb61d7d000 	C:\WINDOWS\System32\msvcp_win.dll
0x00007ffb62700000 - 0x00007ffb62730000 	C:\WINDOWS\System32\IMM32.DLL
0x00007ffb41730000 - 0x00007ffb417cd000 	D:\Android\jre\bin\msvcp140.dll
0x00007ffb136e0000 - 0x00007ffb141b5000 	D:\Android\jre\bin\server\jvm.dll
0x00007ffb62ed0000 - 0x00007ffb62f7e000 	C:\WINDOWS\System32\ADVAPI32.dll
0x00007ffb62810000 - 0x00007ffb628ac000 	C:\WINDOWS\System32\sechost.dll
0x00007ffb62c10000 - 0x00007ffb62d35000 	C:\WINDOWS\System32\RPCRT4.dll
0x00007ffb625e0000 - 0x00007ffb625e8000 	C:\WINDOWS\System32\PSAPI.DLL
0x00007ffb41b60000 - 0x00007ffb41b69000 	C:\WINDOWS\SYSTEM32\WSOCK32.dll
0x00007ffb64480000 - 0x00007ffb644eb000 	C:\WINDOWS\System32\WS2_32.dll
0x00007ffb53d60000 - 0x00007ffb53d87000 	C:\WINDOWS\SYSTEM32\WINMM.dll
0x00007ffb50c50000 - 0x00007ffb50c5a000 	C:\WINDOWS\SYSTEM32\VERSION.dll
0x00007ffb5fb70000 - 0x00007ffb5fb82000 	C:\WINDOWS\SYSTEM32\kernel.appcore.dll
0x00007ffb5c760000 - 0x00007ffb5c771000 	D:\Android\jre\bin\verify.dll
0x00007ffb50010000 - 0x00007ffb501f4000 	C:\WINDOWS\SYSTEM32\DBGHELP.DLL
0x00007ffb4fdb0000 - 0x00007ffb4fddc000 	C:\WINDOWS\SYSTEM32\dbgcore.DLL
0x00007ffb61c50000 - 0x00007ffb61cd2000 	C:\WINDOWS\System32\bcryptPrimitives.dll
0x00007ffb57a50000 - 0x00007ffb57a79000 	D:\Android\jre\bin\java.dll
0x00007ffb5b480000 - 0x00007ffb5b48b000 	D:\Android\jre\bin\jimage.dll
0x00007ffb5b430000 - 0x00007ffb5b448000 	D:\Android\jre\bin\zip.dll
0x00007ffb633a0000 - 0x00007ffb63ae4000 	C:\WINDOWS\System32\SHELL32.dll
0x00007ffb5fd70000 - 0x00007ffb60504000 	C:\WINDOWS\SYSTEM32\windows.storage.dll
0x00007ffb63040000 - 0x00007ffb63394000 	C:\WINDOWS\System32\combase.dll
0x00007ffb616c0000 - 0x00007ffb616ec000 	C:\WINDOWS\SYSTEM32\Wldp.dll
0x00007ffb62d40000 - 0x00007ffb62ded000 	C:\WINDOWS\System32\SHCORE.dll
0x00007ffb626a0000 - 0x00007ffb626f5000 	C:\WINDOWS\System32\shlwapi.dll
0x00007ffb61b90000 - 0x00007ffb61baf000 	C:\WINDOWS\SYSTEM32\profapi.dll
0x00007ffb5b3f0000 - 0x00007ffb5b40a000 	D:\Android\jre\bin\net.dll
0x00007ffb53210000 - 0x00007ffb5331a000 	C:\WINDOWS\SYSTEM32\WINHTTP.dll
0x00007ffb61420000 - 0x00007ffb6148a000 	C:\WINDOWS\system32\mswsock.dll
0x00007ffb57a00000 - 0x00007ffb57a14000 	D:\Android\jre\bin\nio.dll
0x00007ffb5b620000 - 0x00007ffb5b647000 	C:\Users\Administrator\.gradle\native\e1d6ef7f7dcc3fd88c89a11ec53ec762bb8ba0a96d01ffa2cd45eb1d1d8dd5c5\windows-amd64\native-platform.dll
0x00007ffb30050000 - 0x00007ffb30194000 	C:\Users\Administrator\.gradle\native\5664cfc778a61ccfe75a443a1ab52a65af34e5dc3c78e0209fed803814484fcb\windows-amd64\native-platform-file-events.dll
0x00007ffb55570000 - 0x00007ffb5557a000 	D:\Android\jre\bin\management.dll
0x00007ffb536b0000 - 0x00007ffb536bd000 	D:\Android\jre\bin\management_ext.dll
0x00007ffb61610000 - 0x00007ffb61628000 	C:\WINDOWS\SYSTEM32\CRYPTSP.dll
0x00007ffb60d30000 - 0x00007ffb60d64000 	C:\WINDOWS\system32\rsaenh.dll
0x00007ffb621e0000 - 0x00007ffb62207000 	C:\WINDOWS\System32\bcrypt.dll
0x00007ffb61b50000 - 0x00007ffb61b7e000 	C:\WINDOWS\SYSTEM32\USERENV.dll
0x00007ffb61630000 - 0x00007ffb6163c000 	C:\WINDOWS\SYSTEM32\CRYPTBASE.dll
0x00007ffb610c0000 - 0x00007ffb610fb000 	C:\WINDOWS\SYSTEM32\IPHLPAPI.DLL
0x00007ffb625c0000 - 0x00007ffb625c8000 	C:\WINDOWS\System32\NSI.dll
0x00007ffb58e30000 - 0x00007ffb58e47000 	C:\WINDOWS\SYSTEM32\dhcpcsvc6.DLL
0x00007ffb59650000 - 0x00007ffb5966d000 	C:\WINDOWS\SYSTEM32\dhcpcsvc.DLL
0x00007ffb61110000 - 0x00007ffb611db000 	C:\WINDOWS\SYSTEM32\DNSAPI.dll

dbghelp: loaded successfully - version: 4.0.5 - missing functions: none
symbol engine: initialized successfully - sym options: 0x614 - pdb path: .;D:\Android\jre\bin;C:\WINDOWS\SYSTEM32;C:\WINDOWS\WinSxS\amd64_microsoft.windows.common-controls_6595b64144ccf1df_6.0.19041.1110_none_60b5254171f9507e;D:\Android\jre\bin\server;C:\Users\Administrator\.gradle\native\e1d6ef7f7dcc3fd88c89a11ec53ec762bb8ba0a96d01ffa2cd45eb1d1d8dd5c5\windows-amd64;C:\Users\Administrator\.gradle\native\5664cfc778a61ccfe75a443a1ab52a65af34e5dc3c78e0209fed803814484fcb\windows-amd64

VM Arguments:
jvm_args: --add-opens=java.base/java.util=ALL-UNNAMED --add-opens=java.base/java.lang=ALL-UNNAMED --add-opens=java.base/java.lang.invoke=ALL-UNNAMED --add-opens=java.base/java.util=ALL-UNNAMED --add-opens=java.prefs/java.util.prefs=ALL-UNNAMED --add-opens=java.prefs/java.util.prefs=ALL-UNNAMED --add-opens=java.base/java.nio.charset=ALL-UNNAMED --add-opens=java.base/java.net=ALL-UNNAMED --add-opens=java.base/java.util.concurrent.atomic=ALL-UNNAMED -Xmx2048m -Dfile.encoding=UTF-8 -Duser.country=US -Duser.language=en -Duser.variant 
java_command: org.gradle.launcher.daemon.bootstrap.GradleDaemon 7.2
java_class_path (initial): C:\Users\Administrator\.gradle\wrapper\dists\gradle-7.2-bin\2dnblmf4td7x66yl1d74lt32g\gradle-7.2\lib\gradle-launcher-7.2.jar
Launcher Type: SUN_STANDARD

[Global flags]
     intx CICompilerCount                          = 3                                         {product} {ergonomic}
     uint ConcGCThreads                            = 1                                         {product} {ergonomic}
     uint G1ConcRefinementThreads                  = 4                                         {product} {ergonomic}
   size_t G1HeapRegionSize                         = 1048576                                   {product} {ergonomic}
    uintx GCDrainStackTargetSize                   = 64                                        {product} {ergonomic}
   size_t InitialHeapSize                          = 134217728                                 {product} {ergonomic}
   size_t MarkStackSize                            = 4194304                                   {product} {ergonomic}
   size_t MaxHeapSize                              = 2147483648                                {product} {command line}
   size_t MaxNewSize                               = 1287651328                                {product} {ergonomic}
   size_t MinHeapDeltaBytes                        = 1048576                                   {product} {ergonomic}
    uintx NonNMethodCodeHeapSize                   = 5830732                                {pd product} {ergonomic}
    uintx NonProfiledCodeHeapSize                  = 122913754                              {pd product} {ergonomic}
    uintx ProfiledCodeHeapSize                     = 122913754                              {pd product} {ergonomic}
    uintx ReservedCodeCacheSize                    = 251658240                              {pd product} {ergonomic}
     bool SegmentedCodeCache                       = true                                      {product} {ergonomic}
     bool UseCompressedClassPointers               = true                                 {lp64_product} {ergonomic}
     bool UseCompressedOops                        = true                                 {lp64_product} {ergonomic}
     bool UseG1GC                                  = true                                      {product} {ergonomic}
     bool UseLargePagesIndividualAllocation        = false                                  {pd product} {ergonomic}

Logging:
Log output configuration:
 #0: stdout all=warning uptime,level,tags
 #1: stderr all=off uptime,level,tags

Environment Variables:
PATH=C:\Python310\Scripts\;C:\Python310\;D:\VMWare\bin\;C:\Users\Administrator\AppData\Local\Programs\Python\Python39\Scripts\;C:\Users\Administrator\AppData\Local\Programs\Python\Python39\;C:\Program Files\Common Files\Oracle\Java\javapath;C:\Program Files\Microsoft MPI\Bin\;C:\Program Files (x86)\Common Files\Oracle\Java\javapath;C:\ProgramData\Oracle\Java\javapath;C:\WINDOWS\system32;C:\WINDOWS;C:\WINDOWS\System32\Wbem;C:\WINDOWS\System32\WindowsPowerShell\v1.0\;C:\WINDOWS\System32\OpenSSH\;C:\Program Files (x86)\VietPN;C:\Program Files\Microsoft SQL Server\Client SDK\ODBC\170\Tools\Binn\;C:\Program Files (x86)\Microsoft SQL Server\150\Tools\Binn\;C:\Program Files\Microsoft SQL Server\150\Tools\Binn\;C:\Program Files\Microsoft SQL Server\150\DTS\Binn\;C:\Program Files\Git\cmd;C:\ProgramData\chocolatey\bin;C:\Program Files (x86)\GNU Tools ARM Embedded\4.8 2013q4\bin;C:\Program Files (x86)\Common Files\Acronis\SnapAPI\;C:\Program Files (x86)\Microsoft SQL Server\150\DTS\Binn\;C:\Program Files\Azure Data Studio\bin;D:\Lua;C:\Program Files\dotnet\;C:\Program Files\nodejs\;C:\Program Files (x86)\dotnet\;C:\Program Files (x86)\Nmap;C:\tools\neovim\Neovim\bin;C:\Users\Administrator\AppData\Local\Microsoft\WindowsApps;;C:\Program Files\Azure Data Studio\bin;C:\Users\Administrator\.dotnet\tools;C:\Users\Administrator\AppData\Roaming\npm
USERNAME=Administrator
OS=Windows_NT
PROCESSOR_IDENTIFIER=Intel64 Family 6 Model 69 Stepping 1, GenuineIntel



---------------  S Y S T E M  ---------------

OS: Windows 10 , 64 bit Build 19041 (10.0.19041.1645)
OS uptime: 0 days 0:38 hours

CPU:total 4 (initial active 4) (2 cores per cpu, 2 threads per core) family 6 model 69 stepping 1 microcode 0x25, cmov, cx8, fxsr, mmx, sse, sse2, sse3, ssse3, sse4.1, sse4.2, popcnt, avx, avx2, aes, clmul, erms, lzcnt, ht, tsc, tscinvbit, bmi1, bmi2, fma

Memory: 4k page, system-wide physical 8097M (563M free)
TotalPageFile size 8097M (AvailPageFile size 28M)
current process WorkingSet (physical memory assigned to process): 244M, peak: 245M
current process commit charge ("private bytes"): 314M, peak: 340M

vm_info: OpenJDK 64-Bit Server VM (11.0.11+9-b60-7590822) for windows-amd64 JRE (11.0.11+9-b60-7590822), built on Jul 29 2021 21:43:44 by "builder" with MS VC++ 14.0 (VS2015)

END.
