#
# There is insufficient memory for the Java Runtime Environment to continue.
# Native memory allocation (malloc) failed to allocate 32784 bytes for Chunk::new
# Possible reasons:
#   The system is out of physical RAM or swap space
#   The process is running with CompressedOops enabled, and the Java Heap may be blocking the growth of the native heap
# Possible solutions:
#   Reduce memory load on the system
#   Increase physical memory or swap space
#   Check if swap backing store is full
#   Decrease Java heap size (-Xmx/-Xms)
#   Decrease number of Java threads
#   Decrease Java thread stack sizes (-Xss)
#   Set larger code cache with -XX:ReservedCodeCacheSize=
#   JVM is running with Unscaled Compressed Oops mode in which the Java heap is
#     placed in the first 4GB address space. The Java Heap base address is the
#     maximum limit for the native heap growth. Please use -XX:HeapBaseMinAddress
#     to set the Java Heap base and to place the Java Heap above 4GB virtual address.
# This output file may be truncated or incomplete.
#
#  Out of Memory Error (./src/hotspot/share/memory/arena.cpp:197), pid=9104, tid=10912
#
# JRE version: OpenJDK Runtime Environment (11.0.11+9) (build 11.0.11+9-b60-7590822)
# Java VM: OpenJDK 64-Bit Server VM (11.0.11+9-b60-7590822, mixed mode, tiered, compressed oops, g1 gc, windows-amd64)
# No core dump will be written. Minidumps are not enabled by default on client versions of Windows
#

---------------  S U M M A R Y ------------

Command Line: --add-opens=java.base/java.util=ALL-UNNAMED --add-opens=java.base/java.lang=ALL-UNNAMED --add-opens=java.base/java.lang.invoke=ALL-UNNAMED --add-opens=java.base/java.util=ALL-UNNAMED --add-opens=java.prefs/java.util.prefs=ALL-UNNAMED --add-opens=java.prefs/java.util.prefs=ALL-UNNAMED --add-opens=java.base/java.nio.charset=ALL-UNNAMED --add-opens=java.base/java.net=ALL-UNNAMED --add-opens=java.base/java.util.concurrent.atomic=ALL-UNNAMED -Xmx2048m -Dfile.encoding=UTF-8 -Duser.country=US -Duser.language=en -Duser.variant org.gradle.launcher.daemon.bootstrap.GradleDaemon 7.2

Host: Intel(R) Core(TM) i5-4200U CPU @ 1.60GHz, 4 cores, 7G,  Windows 10 , 64 bit Build 19041 (10.0.19041.1645)
Time: Fri Apr 29 07:11:24 2022 SE Asia Standard Time elapsed time: 11.296805 seconds (0d 0h 0m 11s)

---------------  T H R E A D  ---------------

Current thread (0x000001f14c4d3800):  JavaThread "C2 CompilerThread1" daemon [_thread_in_native, id=10912, stack(0x0000003250000000,0x0000003250100000)]


Current CompileTask:
C2:  11296 3851       4       java.net.URLClassLoader::getAndVerifyPackage (109 bytes)

Stack: [0x0000003250000000,0x0000003250100000]
Native frames: (J=compiled Java code, j=interpreted, Vv=VM code, C=native code)
V  [jvm.dll+0x5f214a]
V  [jvm.dll+0x726fb5]
V  [jvm.dll+0x7285cd]
V  [jvm.dll+0x728c83]
V  [jvm.dll+0x243278]
V  [jvm.dll+0xbc53c]
V  [jvm.dll+0xbca3c]
V  [jvm.dll+0xbc638]
V  [jvm.dll+0x5d14e0]
V  [jvm.dll+0x4f8e39]
V  [jvm.dll+0x4f8c5f]
V  [jvm.dll+0x4f844b]
V  [jvm.dll+0x4f7c1f]
V  [jvm.dll+0x4f7be6]
V  [jvm.dll+0x5089e6]
V  [jvm.dll+0x1fd826]
V  [jvm.dll+0x1fb35f]
V  [jvm.dll+0x183d6c]
V  [jvm.dll+0x209a57]
V  [jvm.dll+0x2082a1]
V  [jvm.dll+0x6ef58f]
V  [jvm.dll+0x6e80b5]
V  [jvm.dll+0x5f1036]
C  [ucrtbase.dll+0x21bb2]
C  [KERNEL32.DLL+0x17034]
C  [ntdll.dll+0x52651]


---------------  P R O C E S S  ---------------

Threads class SMR info:
_java_thread_list=0x000001f1510ebc60, length=36, elements={
0x000001f12fc3b800, 0x000001f149823800, 0x000001f149825000, 0x000001f14983d800,
0x000001f14983e000, 0x000001f149840800, 0x000001f149844800, 0x000001f14984f800,
0x000001f14985e800, 0x000001f14a2fd000, 0x000001f14b017800, 0x000001f14a3a3800,
0x000001f14b547000, 0x000001f14ba25800, 0x000001f14c2dd800, 0x000001f14bd02800,
0x000001f14c9cf000, 0x000001f14c9f6000, 0x000001f14c301000, 0x000001f14c932000,
0x000001f14c931800, 0x000001f14c934800, 0x000001f14c934000, 0x000001f14c4d3800,
0x000001f14c935800, 0x000001f14c936000, 0x000001f14c937000, 0x000001f14c938000,
0x000001f14c933000, 0x000001f14dc0c800, 0x000001f14dc0a000, 0x000001f14dc08800,
0x000001f14dc0b000, 0x000001f14dc07800, 0x000001f14dc0e000, 0x000001f14dc09000
}

Java Threads: ( => current thread )
  0x000001f12fc3b800 JavaThread "main" [_thread_blocked, id=10068, stack(0x000000324df00000,0x000000324e000000)]
  0x000001f149823800 JavaThread "Reference Handler" daemon [_thread_blocked, id=6440, stack(0x000000324e600000,0x000000324e700000)]
  0x000001f149825000 JavaThread "Finalizer" daemon [_thread_blocked, id=11468, stack(0x000000324e700000,0x000000324e800000)]
  0x000001f14983d800 JavaThread "Signal Dispatcher" daemon [_thread_blocked, id=6356, stack(0x000000324e800000,0x000000324e900000)]
  0x000001f14983e000 JavaThread "Attach Listener" daemon [_thread_blocked, id=5624, stack(0x000000324e900000,0x000000324ea00000)]
  0x000001f149840800 JavaThread "Service Thread" daemon [_thread_blocked, id=6240, stack(0x000000324ea00000,0x000000324eb00000)]
  0x000001f149844800 JavaThread "C2 CompilerThread0" daemon [_thread_blocked, id=10632, stack(0x000000324eb00000,0x000000324ec00000)]
  0x000001f14984f800 JavaThread "C1 CompilerThread0" daemon [_thread_blocked, id=10424, stack(0x000000324ec00000,0x000000324ed00000)]
  0x000001f14985e800 JavaThread "Sweeper thread" daemon [_thread_blocked, id=2132, stack(0x000000324ed00000,0x000000324ee00000)]
  0x000001f14a2fd000 JavaThread "Common-Cleaner" daemon [_thread_blocked, id=8856, stack(0x000000324ee00000,0x000000324ef00000)]
  0x000001f14b017800 JavaThread "Daemon health stats" [_thread_blocked, id=11420, stack(0x000000324f300000,0x000000324f400000)]
  0x000001f14a3a3800 JavaThread "Incoming local TCP Connector on port 21943" [_thread_in_native, id=10928, stack(0x000000324f000000,0x000000324f100000)]
  0x000001f14b547000 JavaThread "Daemon periodic checks" [_thread_blocked, id=11088, stack(0x000000324f400000,0x000000324f500000)]
  0x000001f14ba25800 JavaThread "Daemon" [_thread_blocked, id=6324, stack(0x000000324f500000,0x000000324f600000)]
  0x000001f14c2dd800 JavaThread "Handler for socket connection from /127.0.0.1:21943 to /127.0.0.1:21944" [_thread_in_native, id=6532, stack(0x000000324f600000,0x000000324f700000)]
  0x000001f14bd02800 JavaThread "Cancel handler" [_thread_blocked, id=8996, stack(0x000000324f700000,0x000000324f800000)]
  0x000001f14c9cf000 JavaThread "Daemon worker" [_thread_in_Java, id=10988, stack(0x000000324f800000,0x000000324f900000)]
  0x000001f14c9f6000 JavaThread "Asynchronous log dispatcher for DefaultDaemonConnection: socket connection from /127.0.0.1:21943 to /127.0.0.1:21944" [_thread_blocked, id=11560, stack(0x000000324f900000,0x000000324fa00000)]
  0x000001f14c301000 JavaThread "Stdin handler" [_thread_blocked, id=8804, stack(0x000000324fa00000,0x000000324fb00000)]
  0x000001f14c932000 JavaThread "Daemon client event forwarder" [_thread_blocked, id=10936, stack(0x000000324fb00000,0x000000324fc00000)]
  0x000001f14c931800 JavaThread "Cache worker for journal cache (C:\Users\Administrator\.gradle\caches\journal-1)" [_thread_blocked, id=9832, stack(0x000000324fd00000,0x000000324fe00000)]
  0x000001f14c934800 JavaThread "File lock request listener" [_thread_in_native, id=6060, stack(0x000000324fe00000,0x000000324ff00000)]
  0x000001f14c934000 JavaThread "Cache worker for file hash cache (C:\Users\Administrator\.gradle\caches\7.2\fileHashes)" [_thread_blocked, id=11416, stack(0x000000324ff00000,0x0000003250000000)]
=>0x000001f14c4d3800 JavaThread "C2 CompilerThread1" daemon [_thread_in_native, id=10912, stack(0x0000003250000000,0x0000003250100000)]
  0x000001f14c935800 JavaThread "Cache worker for file hash cache (D:\BaiTapTuan\QTBai2\.gradle\7.2\fileHashes)" [_thread_blocked, id=10528, stack(0x0000003250100000,0x0000003250200000)]
  0x000001f14c936000 JavaThread "File watcher server" daemon [_thread_in_native, id=12244, stack(0x0000003250200000,0x0000003250300000)]
  0x000001f14c937000 JavaThread "File watcher consumer" daemon [_thread_blocked, id=7436, stack(0x0000003250300000,0x0000003250400000)]
  0x000001f14c938000 JavaThread "Cache worker for checksums cache (D:\BaiTapTuan\QTBai2\.gradle\checksums)" [_thread_blocked, id=5736, stack(0x0000003250400000,0x0000003250500000)]
  0x000001f14c933000 JavaThread "Cache worker for cache directory md-supplier (C:\Users\Administrator\.gradle\caches\7.2\md-supplier)" [_thread_blocked, id=11808, stack(0x0000003250500000,0x0000003250600000)]
  0x000001f14dc0c800 JavaThread "Cache worker for cache directory md-rule (C:\Users\Administrator\.gradle\caches\7.2\md-rule)" [_thread_blocked, id=11260, stack(0x0000003250600000,0x0000003250700000)]
  0x000001f14dc0a000 JavaThread "Cache worker for execution history cache (C:\Users\Administrator\.gradle\caches\7.2\executionHistory)" [_thread_blocked, id=9336, stack(0x0000003250700000,0x0000003250800000)]
  0x000001f14dc08800 JavaThread "jar transforms" [_thread_blocked, id=5788, stack(0x0000003250800000,0x0000003250900000)]
  0x000001f14dc0b000 JavaThread "Cache worker for file content cache (C:\Users\Administrator\.gradle\caches\7.2\fileContent)" [_thread_blocked, id=5972, stack(0x0000003250900000,0x0000003250a00000)]
  0x000001f14dc07800 JavaThread "jar transforms Thread 2" [_thread_blocked, id=2160, stack(0x0000003250a00000,0x0000003250b00000)]
  0x000001f14dc0e000 JavaThread "Cache worker for dependencies-accessors (D:\BaiTapTuan\QTBai2\.gradle\7.2\dependencies-accessors)" [_thread_blocked, id=11432, stack(0x0000003250b00000,0x0000003250c00000)]
  0x000001f14dc09000 JavaThread "jar transforms Thread 3" [_thread_blocked, id=11712, stack(0x0000003250c00000,0x0000003250d00000)]

Other Threads:
  0x000001f14981c000 VMThread "VM Thread" [stack: 0x000000324e500000,0x000000324e600000] [id=10788]
  0x000001f14a312000 WatcherThread [stack: 0x000000324ef00000,0x000000324f000000] [id=6180]
  0x000001f12fc55800 GCTaskThread "GC Thread#0" [stack: 0x000000324e000000,0x000000324e100000] [id=12056]
  0x000001f14a8ad000 GCTaskThread "GC Thread#1" [stack: 0x000000324f100000,0x000000324f200000] [id=8124]
  0x000001f14a8d1000 GCTaskThread "GC Thread#2" [stack: 0x000000324f200000,0x000000324f300000] [id=6692]
  0x000001f14cedd000 GCTaskThread "GC Thread#3" [stack: 0x000000324fc00000,0x000000324fd00000] [id=10572]
  0x000001f12fc88800 ConcurrentGCThread "G1 Main Marker" [stack: 0x000000324e100000,0x000000324e200000] [id=11660]
  0x000001f12fc8a000 ConcurrentGCThread "G1 Conc#0" [stack: 0x000000324e200000,0x000000324e300000] [id=6196]
  0x000001f12fd1b000 ConcurrentGCThread "G1 Refine#0" [stack: 0x000000324e300000,0x000000324e400000] [id=4628]
  0x000001f12fd1c000 ConcurrentGCThread "G1 Young RemSet Sampling" [stack: 0x000000324e400000,0x000000324e500000] [id=11880]

Threads with active compile tasks:
C2 CompilerThread1  11325 3851       4       java.net.URLClassLoader::getAndVerifyPackage (109 bytes)

VM state:not at safepoint (normal execution)

VM Mutex/Monitor currently owned by a thread: None

Heap address: 0x0000000080000000, size: 2048 MB, Compressed Oops mode: 32-bit
Narrow klass base: 0x0000000000000000, Narrow klass shift: 3
Compressed class space size: 1073741824 Address: 0x0000000100000000

Heap:
 garbage-first heap   total 157696K, used 38436K [0x0000000080000000, 0x0000000100000000)
  region size 1024K, 12 young (12288K), 3 survivors (3072K)
 Metaspace       used 45792K, capacity 46809K, committed 47004K, reserved 1089536K
  class space    used 5870K, capacity 6282K, committed 6400K, reserved 1048576K
Heap Regions: E=young(eden), S=young(survivor), O=old, HS=humongous(starts), HC=humongous(continues), CS=collection set, F=free, A=archive, TAMS=top-at-mark-start (previous, next)
|   0|0x0000000080000000, 0x0000000080100000, 0x0000000080100000|100%| O|  |TAMS 0x0000000080100000, 0x0000000080000000| Untracked 
|   1|0x0000000080100000, 0x0000000080200000, 0x0000000080200000|100%| O|  |TAMS 0x0000000080200000, 0x0000000080100000| Untracked 
|   2|0x0000000080200000, 0x0000000080300000, 0x0000000080300000|100%| O|  |TAMS 0x0000000080300000, 0x0000000080200000| Untracked 
|   3|0x0000000080300000, 0x0000000080400000, 0x0000000080400000|100%|HS|  |TAMS 0x0000000080400000, 0x0000000080300000| Complete 
|   4|0x0000000080400000, 0x0000000080500000, 0x0000000080500000|100%|HC|  |TAMS 0x0000000080500000, 0x0000000080400000| Complete 
|   5|0x0000000080500000, 0x0000000080600000, 0x0000000080600000|100%|HC|  |TAMS 0x0000000080600000, 0x0000000080500000| Complete 
|   6|0x0000000080600000, 0x0000000080700000, 0x0000000080700000|100%| O|  |TAMS 0x0000000080700000, 0x0000000080600000| Untracked 
|   7|0x0000000080700000, 0x0000000080800000, 0x0000000080800000|100%| O|  |TAMS 0x0000000080800000, 0x0000000080700000| Untracked 
|   8|0x0000000080800000, 0x0000000080900000, 0x0000000080900000|100%| O|  |TAMS 0x0000000080900000, 0x0000000080800000| Untracked 
|   9|0x0000000080900000, 0x0000000080a00000, 0x0000000080a00000|100%| O|  |TAMS 0x0000000080a00000, 0x0000000080900000| Untracked 
|  10|0x0000000080a00000, 0x0000000080b00000, 0x0000000080b00000|100%| O|  |TAMS 0x0000000080b00000, 0x0000000080a00000| Untracked 
|  11|0x0000000080b00000, 0x0000000080c00000, 0x0000000080c00000|100%| O|  |TAMS 0x0000000080c00000, 0x0000000080b00000| Untracked 
|  12|0x0000000080c00000, 0x0000000080d00000, 0x0000000080d00000|100%| O|  |TAMS 0x0000000080d00000, 0x0000000080c00000| Untracked 
|  13|0x0000000080d00000, 0x0000000080e00000, 0x0000000080e00000|100%| O|  |TAMS 0x0000000080e00000, 0x0000000080d00000| Untracked 
|  14|0x0000000080e00000, 0x0000000080f00000, 0x0000000080f00000|100%| O|  |TAMS 0x0000000080f00000, 0x0000000080e00000| Untracked 
|  15|0x0000000080f00000, 0x0000000081000000, 0x0000000081000000|100%| O|  |TAMS 0x0000000081000000, 0x0000000080f00000| Untracked 
|  16|0x0000000081000000, 0x0000000081100000, 0x0000000081100000|100%| O|  |TAMS 0x00000000810c7800, 0x0000000081000000| Untracked 
|  17|0x0000000081100000, 0x0000000081100000, 0x0000000081200000|  0%| F|  |TAMS 0x0000000081100000, 0x0000000081100000| Untracked 
|  18|0x0000000081200000, 0x0000000081300000, 0x0000000081300000|100%| O|  |TAMS 0x0000000081200000, 0x0000000081200000| Untracked 
|  19|0x0000000081300000, 0x0000000081400000, 0x0000000081400000|100%| O|  |TAMS 0x0000000081300000, 0x0000000081300000| Untracked 
|  20|0x0000000081400000, 0x0000000081500000, 0x0000000081500000|100%| O|  |TAMS 0x0000000081400000, 0x0000000081400000| Untracked 
|  21|0x0000000081500000, 0x0000000081600000, 0x0000000081600000|100%| O|  |TAMS 0x0000000081500000, 0x0000000081500000| Untracked 
|  22|0x0000000081600000, 0x0000000081700000, 0x0000000081700000|100%| O|  |TAMS 0x0000000081600000, 0x0000000081600000| Untracked 
|  23|0x0000000081700000, 0x0000000081800000, 0x0000000081800000|100%| O|  |TAMS 0x0000000081700000, 0x0000000081700000| Untracked 
|  24|0x0000000081800000, 0x0000000081900000, 0x0000000081900000|100%| O|  |TAMS 0x0000000081800000, 0x0000000081800000| Untracked 
|  25|0x0000000081900000, 0x0000000081a00000, 0x0000000081a00000|100%| O|  |TAMS 0x0000000081900000, 0x0000000081900000| Untracked 
|  26|0x0000000081a00000, 0x0000000081b00000, 0x0000000081b00000|100%| O|  |TAMS 0x0000000081a00000, 0x0000000081a00000| Untracked 
|  27|0x0000000081b00000, 0x0000000081b89200, 0x0000000081c00000| 53%| O|  |TAMS 0x0000000081b00000, 0x0000000081b00000| Untracked 
|  28|0x0000000081c00000, 0x0000000081c00000, 0x0000000081d00000|  0%| F|  |TAMS 0x0000000081c00000, 0x0000000081c00000| Untracked 
|  29|0x0000000081d00000, 0x0000000081d00000, 0x0000000081e00000|  0%| F|  |TAMS 0x0000000081d00000, 0x0000000081d00000| Untracked 
|  30|0x0000000081e00000, 0x0000000081e00000, 0x0000000081f00000|  0%| F|  |TAMS 0x0000000081e00000, 0x0000000081e00000| Untracked 
|  31|0x0000000081f00000, 0x0000000081f00000, 0x0000000082000000|  0%| F|  |TAMS 0x0000000081f00000, 0x0000000081f00000| Untracked 
|  32|0x0000000082000000, 0x0000000082000000, 0x0000000082100000|  0%| F|  |TAMS 0x0000000082000000, 0x0000000082000000| Untracked 
|  33|0x0000000082100000, 0x0000000082100000, 0x0000000082200000|  0%| F|  |TAMS 0x0000000082100000, 0x0000000082100000| Untracked 
|  34|0x0000000082200000, 0x0000000082200000, 0x0000000082300000|  0%| F|  |TAMS 0x0000000082200000, 0x0000000082200000| Untracked 
|  35|0x0000000082300000, 0x0000000082300000, 0x0000000082400000|  0%| F|  |TAMS 0x0000000082300000, 0x0000000082300000| Untracked 
|  36|0x0000000082400000, 0x0000000082400000, 0x0000000082500000|  0%| F|  |TAMS 0x0000000082400000, 0x0000000082400000| Untracked 
|  37|0x0000000082500000, 0x0000000082500000, 0x0000000082600000|  0%| F|  |TAMS 0x0000000082500000, 0x0000000082500000| Untracked 
|  38|0x0000000082600000, 0x0000000082600000, 0x0000000082700000|  0%| F|  |TAMS 0x0000000082600000, 0x0000000082600000| Untracked 
|  39|0x0000000082700000, 0x0000000082700000, 0x0000000082800000|  0%| F|  |TAMS 0x0000000082700000, 0x0000000082700000| Untracked 
|  40|0x0000000082800000, 0x0000000082800000, 0x0000000082900000|  0%| F|  |TAMS 0x0000000082800000, 0x0000000082800000| Untracked 
|  41|0x0000000082900000, 0x0000000082900000, 0x0000000082a00000|  0%| F|  |TAMS 0x0000000082900000, 0x0000000082900000| Untracked 
|  42|0x0000000082a00000, 0x0000000082a00000, 0x0000000082b00000|  0%| F|  |TAMS 0x0000000082a00000, 0x0000000082a00000| Untracked 
|  43|0x0000000082b00000, 0x0000000082b00000, 0x0000000082c00000|  0%| F|  |TAMS 0x0000000082b00000, 0x0000000082b00000| Untracked 
|  44|0x0000000082c00000, 0x0000000082c00000, 0x0000000082d00000|  0%| F|  |TAMS 0x0000000082c00000, 0x0000000082c00000| Untracked 
|  45|0x0000000082d00000, 0x0000000082d00000, 0x0000000082e00000|  0%| F|  |TAMS 0x0000000082d00000, 0x0000000082d00000| Untracked 
|  46|0x0000000082e00000, 0x0000000082e00000, 0x0000000082f00000|  0%| F|  |TAMS 0x0000000082e00000, 0x0000000082e00000| Untracked 
|  47|0x0000000082f00000, 0x0000000082f00000, 0x0000000083000000|  0%| F|  |TAMS 0x0000000082f00000, 0x0000000082f00000| Untracked 
|  48|0x0000000083000000, 0x0000000083000000, 0x0000000083100000|  0%| F|  |TAMS 0x0000000083000000, 0x0000000083000000| Untracked 
|  49|0x0000000083100000, 0x0000000083100000, 0x0000000083200000|  0%| F|  |TAMS 0x0000000083100000, 0x0000000083100000| Untracked 
|  50|0x0000000083200000, 0x0000000083200000, 0x0000000083300000|  0%| F|  |TAMS 0x0000000083200000, 0x0000000083200000| Untracked 
|  51|0x0000000083300000, 0x0000000083300000, 0x0000000083400000|  0%| F|  |TAMS 0x0000000083300000, 0x0000000083300000| Untracked 
|  52|0x0000000083400000, 0x0000000083400000, 0x0000000083500000|  0%| F|  |TAMS 0x0000000083400000, 0x0000000083400000| Untracked 
|  53|0x0000000083500000, 0x0000000083500000, 0x0000000083600000|  0%| F|  |TAMS 0x0000000083500000, 0x0000000083500000| Untracked 
|  54|0x0000000083600000, 0x0000000083600000, 0x0000000083700000|  0%| F|  |TAMS 0x0000000083600000, 0x0000000083600000| Untracked 
|  55|0x0000000083700000, 0x0000000083700000, 0x0000000083800000|  0%| F|  |TAMS 0x0000000083700000, 0x0000000083700000| Untracked 
|  56|0x0000000083800000, 0x0000000083800000, 0x0000000083900000|  0%| F|  |TAMS 0x0000000083800000, 0x0000000083800000| Untracked 
|  57|0x0000000083900000, 0x0000000083900000, 0x0000000083a00000|  0%| F|  |TAMS 0x0000000083900000, 0x0000000083900000| Untracked 
|  58|0x0000000083a00000, 0x0000000083a00000, 0x0000000083b00000|  0%| F|  |TAMS 0x0000000083a00000, 0x0000000083a00000| Untracked 
|  59|0x0000000083b00000, 0x0000000083b00000, 0x0000000083c00000|  0%| F|  |TAMS 0x0000000083b00000, 0x0000000083b00000| Untracked 
|  60|0x0000000083c00000, 0x0000000083c00000, 0x0000000083d00000|  0%| F|  |TAMS 0x0000000083c00000, 0x0000000083c00000| Untracked 
|  61|0x0000000083d00000, 0x0000000083d00000, 0x0000000083e00000|  0%| F|  |TAMS 0x0000000083d00000, 0x0000000083d00000| Untracked 
|  62|0x0000000083e00000, 0x0000000083e00000, 0x0000000083f00000|  0%| F|  |TAMS 0x0000000083e00000, 0x0000000083e00000| Untracked 
|  63|0x0000000083f00000, 0x0000000083f00000, 0x0000000084000000|  0%| F|  |TAMS 0x0000000083f00000, 0x0000000083f00000| Untracked 
|  64|0x0000000084000000, 0x0000000084000000, 0x0000000084100000|  0%| F|  |TAMS 0x0000000084000000, 0x0000000084000000| Untracked 
|  65|0x0000000084100000, 0x0000000084100000, 0x0000000084200000|  0%| F|  |TAMS 0x0000000084100000, 0x0000000084100000| Untracked 
|  66|0x0000000084200000, 0x0000000084300000, 0x0000000084300000|100%| S|CS|TAMS 0x0000000084200000, 0x0000000084200000| Complete 
|  67|0x0000000084300000, 0x0000000084400000, 0x0000000084400000|100%| S|CS|TAMS 0x0000000084300000, 0x0000000084300000| Complete 
|  68|0x0000000084400000, 0x0000000084500000, 0x0000000084500000|100%| S|CS|TAMS 0x0000000084400000, 0x0000000084400000| Complete 
|  69|0x0000000084500000, 0x0000000084500000, 0x0000000084600000|  0%| F|  |TAMS 0x0000000084500000, 0x0000000084500000| Untracked 
|  70|0x0000000084600000, 0x0000000084600000, 0x0000000084700000|  0%| F|  |TAMS 0x0000000084600000, 0x0000000084600000| Untracked 
|  71|0x0000000084700000, 0x0000000084700000, 0x0000000084800000|  0%| F|  |TAMS 0x0000000084700000, 0x0000000084700000| Untracked 
|  72|0x0000000084800000, 0x0000000084800000, 0x0000000084900000|  0%| F|  |TAMS 0x0000000084800000, 0x0000000084800000| Untracked 
|  73|0x0000000084900000, 0x0000000084900000, 0x0000000084a00000|  0%| F|  |TAMS 0x0000000084900000, 0x0000000084900000| Untracked 
|  74|0x0000000084a00000, 0x0000000084a00000, 0x0000000084b00000|  0%| F|  |TAMS 0x0000000084a00000, 0x0000000084a00000| Untracked 
|  75|0x0000000084b00000, 0x0000000084b00000, 0x0000000084c00000|  0%| F|  |TAMS 0x0000000084b00000, 0x0000000084b00000| Untracked 
|  76|0x0000000084c00000, 0x0000000084c00000, 0x0000000084d00000|  0%| F|  |TAMS 0x0000000084c00000, 0x0000000084c00000| Untracked 
|  77|0x0000000084d00000, 0x0000000084d00000, 0x0000000084e00000|  0%| F|  |TAMS 0x0000000084d00000, 0x0000000084d00000| Untracked 
|  78|0x0000000084e00000, 0x0000000084e00000, 0x0000000084f00000|  0%| F|  |TAMS 0x0000000084e00000, 0x0000000084e00000| Untracked 
|  79|0x0000000084f00000, 0x0000000084f00000, 0x0000000085000000|  0%| F|  |TAMS 0x0000000084f00000, 0x0000000084f00000| Untracked 
|  80|0x0000000085000000, 0x0000000085000000, 0x0000000085100000|  0%| F|  |TAMS 0x0000000085000000, 0x0000000085000000| Untracked 
|  81|0x0000000085100000, 0x0000000085100000, 0x0000000085200000|  0%| F|  |TAMS 0x0000000085100000, 0x0000000085100000| Untracked 
|  82|0x0000000085200000, 0x0000000085200000, 0x0000000085300000|  0%| F|  |TAMS 0x0000000085200000, 0x0000000085200000| Untracked 
|  83|0x0000000085300000, 0x0000000085300000, 0x0000000085400000|  0%| F|  |TAMS 0x0000000085300000, 0x0000000085300000| Untracked 
|  84|0x0000000085400000, 0x0000000085400000, 0x0000000085500000|  0%| F|  |TAMS 0x0000000085400000, 0x0000000085400000| Untracked 
|  85|0x0000000085500000, 0x0000000085500000, 0x0000000085600000|  0%| F|  |TAMS 0x0000000085500000, 0x0000000085500000| Untracked 
|  86|0x0000000085600000, 0x0000000085600000, 0x0000000085700000|  0%| F|  |TAMS 0x0000000085600000, 0x0000000085600000| Untracked 
|  87|0x0000000085700000, 0x0000000085700000, 0x0000000085800000|  0%| F|  |TAMS 0x0000000085700000, 0x0000000085700000| Untracked 
|  88|0x0000000085800000, 0x0000000085800000, 0x0000000085900000|  0%| F|  |TAMS 0x0000000085800000, 0x0000000085800000| Untracked 
|  89|0x0000000085900000, 0x0000000085900000, 0x0000000085a00000|  0%| F|  |TAMS 0x0000000085900000, 0x0000000085900000| Untracked 
|  90|0x0000000085a00000, 0x0000000085a00000, 0x0000000085b00000|  0%| F|  |TAMS 0x0000000085a00000, 0x0000000085a00000| Untracked 
|  91|0x0000000085b00000, 0x0000000085b00000, 0x0000000085c00000|  0%| F|  |TAMS 0x0000000085b00000, 0x0000000085b00000| Untracked 
|  92|0x0000000085c00000, 0x0000000085c00000, 0x0000000085d00000|  0%| F|  |TAMS 0x0000000085c00000, 0x0000000085c00000| Untracked 
|  93|0x0000000085d00000, 0x0000000085d00000, 0x0000000085e00000|  0%| F|  |TAMS 0x0000000085d00000, 0x0000000085d00000| Untracked 
|  94|0x0000000085e00000, 0x0000000085e00000, 0x0000000085f00000|  0%| F|  |TAMS 0x0000000085e00000, 0x0000000085e00000| Untracked 
|  95|0x0000000085f00000, 0x0000000085f00000, 0x0000000086000000|  0%| F|  |TAMS 0x0000000085f00000, 0x0000000085f00000| Untracked 
|  96|0x0000000086000000, 0x0000000086000000, 0x0000000086100000|  0%| F|  |TAMS 0x0000000086000000, 0x0000000086000000| Untracked 
|  97|0x0000000086100000, 0x0000000086100000, 0x0000000086200000|  0%| F|  |TAMS 0x0000000086100000, 0x0000000086100000| Untracked 
|  98|0x0000000086200000, 0x0000000086200000, 0x0000000086300000|  0%| F|  |TAMS 0x0000000086200000, 0x0000000086200000| Untracked 
|  99|0x0000000086300000, 0x0000000086300000, 0x0000000086400000|  0%| F|  |TAMS 0x0000000086300000, 0x0000000086300000| Untracked 
| 100|0x0000000086400000, 0x0000000086400000, 0x0000000086500000|  0%| F|  |TAMS 0x0000000086400000, 0x0000000086400000| Untracked 
| 101|0x0000000086500000, 0x0000000086500000, 0x0000000086600000|  0%| F|  |TAMS 0x0000000086500000, 0x0000000086500000| Untracked 
| 102|0x0000000086600000, 0x0000000086600000, 0x0000000086700000|  0%| F|  |TAMS 0x0000000086600000, 0x0000000086600000| Untracked 
| 103|0x0000000086700000, 0x0000000086700000, 0x0000000086800000|  0%| F|  |TAMS 0x0000000086700000, 0x0000000086700000| Untracked 
| 104|0x0000000086800000, 0x0000000086800000, 0x0000000086900000|  0%| F|  |TAMS 0x0000000086800000, 0x0000000086800000| Untracked 
| 105|0x0000000086900000, 0x0000000086900000, 0x0000000086a00000|  0%| F|  |TAMS 0x0000000086900000, 0x0000000086900000| Untracked 
| 106|0x0000000086a00000, 0x0000000086a00000, 0x0000000086b00000|  0%| F|  |TAMS 0x0000000086a00000, 0x0000000086a00000| Untracked 
| 107|0x0000000086b00000, 0x0000000086b00000, 0x0000000086c00000|  0%| F|  |TAMS 0x0000000086b00000, 0x0000000086b00000| Untracked 
| 108|0x0000000086c00000, 0x0000000086c00000, 0x0000000086d00000|  0%| F|  |TAMS 0x0000000086c00000, 0x0000000086c00000| Untracked 
| 109|0x0000000086d00000, 0x0000000086d00000, 0x0000000086e00000|  0%| F|  |TAMS 0x0000000086d00000, 0x0000000086d00000| Untracked 
| 110|0x0000000086e00000, 0x0000000086e00000, 0x0000000086f00000|  0%| F|  |TAMS 0x0000000086e00000, 0x0000000086e00000| Untracked 
| 111|0x0000000086f00000, 0x0000000086f00000, 0x0000000087000000|  0%| F|  |TAMS 0x0000000086f00000, 0x0000000086f00000| Untracked 
| 112|0x0000000087000000, 0x0000000087000000, 0x0000000087100000|  0%| F|  |TAMS 0x0000000087000000, 0x0000000087000000| Untracked 
| 113|0x0000000087100000, 0x0000000087100000, 0x0000000087200000|  0%| F|  |TAMS 0x0000000087100000, 0x0000000087100000| Untracked 
| 114|0x0000000087200000, 0x0000000087200000, 0x0000000087300000|  0%| F|  |TAMS 0x0000000087200000, 0x0000000087200000| Untracked 
| 115|0x0000000087300000, 0x0000000087300000, 0x0000000087400000|  0%| F|  |TAMS 0x0000000087300000, 0x0000000087300000| Untracked 
| 116|0x0000000087400000, 0x0000000087400000, 0x0000000087500000|  0%| F|  |TAMS 0x0000000087400000, 0x0000000087400000| Untracked 
| 117|0x0000000087500000, 0x0000000087500000, 0x0000000087600000|  0%| F|  |TAMS 0x0000000087500000, 0x0000000087500000| Untracked 
| 118|0x0000000087600000, 0x0000000087600000, 0x0000000087700000|  0%| F|  |TAMS 0x0000000087600000, 0x0000000087600000| Untracked 
| 119|0x0000000087700000, 0x0000000087700000, 0x0000000087800000|  0%| F|  |TAMS 0x0000000087700000, 0x0000000087700000| Untracked 
| 120|0x0000000087800000, 0x0000000087800000, 0x0000000087900000|  0%| F|  |TAMS 0x0000000087800000, 0x0000000087800000| Untracked 
| 121|0x0000000087900000, 0x0000000087900000, 0x0000000087a00000|  0%| F|  |TAMS 0x0000000087900000, 0x0000000087900000| Untracked 
| 122|0x0000000087a00000, 0x0000000087a00000, 0x0000000087b00000|  0%| F|  |TAMS 0x0000000087a00000, 0x0000000087a00000| Untracked 
| 123|0x0000000087b00000, 0x0000000087b00000, 0x0000000087c00000|  0%| F|  |TAMS 0x0000000087b00000, 0x0000000087b00000| Untracked 
| 124|0x0000000087c00000, 0x0000000087c00000, 0x0000000087d00000|  0%| F|  |TAMS 0x0000000087c00000, 0x0000000087c00000| Untracked 
| 125|0x0000000087d00000, 0x0000000087d00000, 0x0000000087e00000|  0%| F|  |TAMS 0x0000000087d00000, 0x0000000087d00000| Untracked 
| 126|0x0000000087e00000, 0x0000000087e00000, 0x0000000087f00000|  0%| F|  |TAMS 0x0000000087e00000, 0x0000000087e00000| Untracked 
| 127|0x0000000087f00000, 0x0000000087f00000, 0x0000000088000000|  0%| F|  |TAMS 0x0000000087f00000, 0x0000000087f00000| Untracked 
| 128|0x0000000088000000, 0x0000000088000000, 0x0000000088100000|  0%| F|  |TAMS 0x0000000088000000, 0x0000000088000000| Untracked 
| 129|0x0000000088100000, 0x0000000088100000, 0x0000000088200000|  0%| F|  |TAMS 0x0000000088100000, 0x0000000088100000| Untracked 
| 130|0x0000000088200000, 0x0000000088200000, 0x0000000088300000|  0%| F|  |TAMS 0x0000000088200000, 0x0000000088200000| Untracked 
| 131|0x0000000088300000, 0x0000000088300000, 0x0000000088400000|  0%| F|  |TAMS 0x0000000088300000, 0x0000000088300000| Untracked 
| 132|0x0000000088400000, 0x0000000088400000, 0x0000000088500000|  0%| F|  |TAMS 0x0000000088400000, 0x0000000088400000| Untracked 
| 133|0x0000000088500000, 0x0000000088500000, 0x0000000088600000|  0%| F|  |TAMS 0x0000000088500000, 0x0000000088500000| Untracked 
| 134|0x0000000088600000, 0x0000000088600000, 0x0000000088700000|  0%| F|  |TAMS 0x0000000088600000, 0x0000000088600000| Untracked 
| 135|0x0000000088700000, 0x0000000088700000, 0x0000000088800000|  0%| F|  |TAMS 0x0000000088700000, 0x0000000088700000| Untracked 
| 136|0x0000000088800000, 0x0000000088800000, 0x0000000088900000|  0%| F|  |TAMS 0x0000000088800000, 0x0000000088800000| Untracked 
| 137|0x0000000088900000, 0x0000000088900000, 0x0000000088a00000|  0%| F|  |TAMS 0x0000000088900000, 0x0000000088900000| Untracked 
| 138|0x0000000088a00000, 0x0000000088a00000, 0x0000000088b00000|  0%| F|  |TAMS 0x0000000088a00000, 0x0000000088a00000| Untracked 
| 139|0x0000000088b00000, 0x0000000088b00000, 0x0000000088c00000|  0%| F|  |TAMS 0x0000000088b00000, 0x0000000088b00000| Untracked 
| 140|0x0000000088c00000, 0x0000000088c00000, 0x0000000088d00000|  0%| F|  |TAMS 0x0000000088c00000, 0x0000000088c00000| Untracked 
| 141|0x0000000088d00000, 0x0000000088d00000, 0x0000000088e00000|  0%| F|  |TAMS 0x0000000088d00000, 0x0000000088d00000| Untracked 
| 142|0x0000000088e00000, 0x0000000088e00000, 0x0000000088f00000|  0%| F|  |TAMS 0x0000000088e00000, 0x0000000088e00000| Untracked 
| 143|0x0000000088f00000, 0x0000000088f00000, 0x0000000089000000|  0%| F|  |TAMS 0x0000000088f00000, 0x0000000088f00000| Untracked 
| 144|0x0000000089000000, 0x0000000089000000, 0x0000000089100000|  0%| F|  |TAMS 0x0000000089000000, 0x0000000089000000| Untracked 
| 145|0x0000000089100000, 0x0000000089200000, 0x0000000089200000|100%| E|  |TAMS 0x0000000089100000, 0x0000000089100000| Complete 
| 146|0x0000000089200000, 0x0000000089300000, 0x0000000089300000|100%| E|CS|TAMS 0x0000000089200000, 0x0000000089200000| Complete 
| 147|0x0000000089300000, 0x0000000089400000, 0x0000000089400000|100%| E|CS|TAMS 0x0000000089300000, 0x0000000089300000| Complete 
| 148|0x0000000089400000, 0x0000000089500000, 0x0000000089500000|100%| E|CS|TAMS 0x0000000089400000, 0x0000000089400000| Complete 
| 149|0x0000000089500000, 0x0000000089600000, 0x0000000089600000|100%| E|CS|TAMS 0x0000000089500000, 0x0000000089500000| Complete 
| 150|0x0000000089600000, 0x0000000089700000, 0x0000000089700000|100%| E|CS|TAMS 0x0000000089600000, 0x0000000089600000| Complete 
| 151|0x0000000089700000, 0x0000000089800000, 0x0000000089800000|100%| E|CS|TAMS 0x0000000089700000, 0x0000000089700000| Complete 
| 152|0x0000000089800000, 0x0000000089900000, 0x0000000089900000|100%| E|CS|TAMS 0x0000000089800000, 0x0000000089800000| Complete 
| 153|0x0000000089900000, 0x0000000089a00000, 0x0000000089a00000|100%| E|CS|TAMS 0x0000000089900000, 0x0000000089900000| Complete 

Card table byte_map: [0x000001f142b40000,0x000001f142f40000] _byte_map_base: 0x000001f142740000

Marking Bits (Prev, Next): (CMBitMap*) 0x000001f12fc7fb18, (CMBitMap*) 0x000001f12fc7fb50
 Prev Bits: [0x000001f143340000, 0x000001f145340000)
 Next Bits: [0x000001f145340000, 0x000001f147340000)

Polling page: 0x000001f12f420000

Metaspace:

Usage:
  Non-class:     39.58 MB capacity,    38.99 MB ( 99%) used,   495.86 KB (  1%) free+waste,   109.69 KB ( <1%) overhead. 
      Class:      6.13 MB capacity,     5.73 MB ( 93%) used,   358.56 KB (  6%) free+waste,    52.56 KB ( <1%) overhead. 
       Both:     45.71 MB capacity,    44.72 MB ( 98%) used,   854.42 KB (  2%) free+waste,   162.25 KB ( <1%) overhead. 

Virtual space:
  Non-class space:       40.00 MB reserved,      39.65 MB (>99%) committed 
      Class space:        1.00 GB reserved,       6.25 MB ( <1%) committed 
             Both:        1.04 GB reserved,      45.90 MB (  4%) committed 

Chunk freelists:
   Non-Class:  13.00 KB
       Class:  22.00 KB
        Both:  35.00 KB

MaxMetaspaceSize: 17179869184.00 GB
CompressedClassSpaceSize: 1.00 GB

CodeHeap 'non-profiled nmethods': size=120064Kb used=2027Kb max_used=2027Kb free=118036Kb
 bounds [0x000001f13b200000, 0x000001f13b470000, 0x000001f142740000]
CodeHeap 'profiled nmethods': size=120000Kb used=8118Kb max_used=8118Kb free=111881Kb
 bounds [0x000001f133cd0000, 0x000001f1344c0000, 0x000001f13b200000]
CodeHeap 'non-nmethods': size=5696Kb used=2213Kb max_used=2252Kb free=3482Kb
 bounds [0x000001f133740000, 0x000001f1339b0000, 0x000001f133cd0000]
 total_blobs=4618 nmethods=3836 adapters=693
 compilation: enabled
              stopped_count=0, restarted_count=0
 full_count=0

Compilation events (20 events):
Event: 11.150 Thread 0x000001f149844800 nmethod 3842 0x000001f13b3f8510 code [0x000001f13b3f86c0, 0x000001f13b3f8798]
Event: 11.211 Thread 0x000001f14984f800 3843       1       com.google.common.cache.LocalCache$2::peek (2 bytes)
Event: 11.211 Thread 0x000001f14984f800 nmethod 3843 0x000001f13b3f8890 code [0x000001f13b3f8a40, 0x000001f13b3f8af8]
Event: 11.214 Thread 0x000001f14984f800 3844       1       com.google.common.cache.CacheBuilder$3::read (2 bytes)
Event: 11.214 Thread 0x000001f14984f800 nmethod 3844 0x000001f13b3f8b90 code [0x000001f13b3f8d40, 0x000001f13b3f8df8]
Event: 11.214 Thread 0x000001f14c4d3800 3845       4       org.gradle.cache.internal.btree.BlockPointer::pos (56 bytes)
Event: 11.216 Thread 0x000001f14c4d3800 nmethod 3845 0x000001f13b3f8e90 code [0x000001f13b3f9040, 0x000001f13b3f9138]
Event: 11.216 Thread 0x000001f149844800 3846       4       java.io.RandomAccessFile::read (8 bytes)
Event: 11.216 Thread 0x000001f149844800 nmethod 3846 0x000001f13b3f9210 code [0x000001f13b3f93a0, 0x000001f13b3f9428]
Event: 11.220 Thread 0x000001f14c4d3800 3847       4       java.lang.ReflectiveOperationException::<init> (7 bytes)
Event: 11.229 Thread 0x000001f14c4d3800 nmethod 3847 0x000001f13b3f9510 code [0x000001f13b3f96c0, 0x000001f13b3f9e88]
Event: 11.247 Thread 0x000001f149844800 3848       4       com.google.common.collect.CollectPreconditions::checkEntryNotNull (100 bytes)
Event: 11.247 Thread 0x000001f14984f800 3849       3       com.esotericsoftware.kryo.io.Input::readUtf8Length (139 bytes)
Event: 11.248 Thread 0x000001f14984f800 nmethod 3849 0x000001f1344bca90 code [0x000001f1344bcc60, 0x000001f1344bcf78]
Event: 11.248 Thread 0x000001f149844800 nmethod 3848 0x000001f13b3fa010 code [0x000001f13b3fa1a0, 0x000001f13b3fa218]
Event: 11.249 Thread 0x000001f14984f800 3850       3       org.gradle.internal.serialize.kryo.KryoBackedDecoder::readString (5 bytes)
Event: 11.250 Thread 0x000001f14984f800 nmethod 3850 0x000001f1344bd090 code [0x000001f1344bd2c0, 0x000001f1344bd8c8]
Event: 11.260 Thread 0x000001f14c4d3800 3851       4       java.net.URLClassLoader::getAndVerifyPackage (109 bytes)
Event: 11.276 Thread 0x000001f149844800 3852       4       jdk.internal.loader.ClassLoaders$BootClassLoader::loadClassOrNull (11 bytes)
Event: 11.283 Thread 0x000001f149844800 nmethod 3852 0x000001f13b3fa310 code [0x000001f13b3fa4c0, 0x000001f13b3fa6e8]

GC Heap History (20 events):
Event: 1.010 GC heap before
{Heap before GC invocations=0 (full 0):
 garbage-first heap   total 131072K, used 19456K [0x0000000080000000, 0x0000000100000000)
  region size 1024K, 14 young (14336K), 0 survivors (0K)
 Metaspace       used 6728K, capacity 6925K, committed 7168K, reserved 1056768K
  class space    used 582K, capacity 650K, committed 768K, reserved 1048576K
}
Event: 1.017 GC heap after
{Heap after GC invocations=1 (full 0):
 garbage-first heap   total 131072K, used 7863K [0x0000000080000000, 0x0000000100000000)
  region size 1024K, 2 young (2048K), 2 survivors (2048K)
 Metaspace       used 6728K, capacity 6925K, committed 7168K, reserved 1056768K
  class space    used 582K, capacity 650K, committed 768K, reserved 1048576K
}
Event: 1.649 GC heap before
{Heap before GC invocations=1 (full 0):
 garbage-first heap   total 131072K, used 20151K [0x0000000080000000, 0x0000000100000000)
  region size 1024K, 14 young (14336K), 2 survivors (2048K)
 Metaspace       used 9885K, capacity 10118K, committed 10368K, reserved 1058816K
  class space    used 1028K, capacity 1102K, committed 1152K, reserved 1048576K
}
Event: 1.654 GC heap after
{Heap after GC invocations=2 (full 0):
 garbage-first heap   total 131072K, used 9227K [0x0000000080000000, 0x0000000100000000)
  region size 1024K, 2 young (2048K), 2 survivors (2048K)
 Metaspace       used 9885K, capacity 10118K, committed 10368K, reserved 1058816K
  class space    used 1028K, capacity 1102K, committed 1152K, reserved 1048576K
}
Event: 2.843 GC heap before
{Heap before GC invocations=2 (full 0):
 garbage-first heap   total 131072K, used 45067K [0x0000000080000000, 0x0000000100000000)
  region size 1024K, 37 young (37888K), 2 survivors (2048K)
 Metaspace       used 10924K, capacity 11137K, committed 11264K, reserved 1058816K
  class space    used 1132K, capacity 1207K, committed 1280K, reserved 1048576K
}
Event: 2.849 GC heap after
{Heap after GC invocations=3 (full 0):
 garbage-first heap   total 131072K, used 13535K [0x0000000080000000, 0x0000000100000000)
  region size 1024K, 5 young (5120K), 5 survivors (5120K)
 Metaspace       used 10924K, capacity 11137K, committed 11264K, reserved 1058816K
  class space    used 1132K, capacity 1207K, committed 1280K, reserved 1048576K
}
Event: 5.449 GC heap before
{Heap before GC invocations=3 (full 0):
 garbage-first heap   total 131072K, used 64735K [0x0000000080000000, 0x0000000100000000)
  region size 1024K, 55 young (56320K), 5 survivors (5120K)
 Metaspace       used 19355K, capacity 19648K, committed 19968K, reserved 1067008K
  class space    used 2349K, capacity 2450K, committed 2560K, reserved 1048576K
}
Event: 5.459 GC heap after
{Heap after GC invocations=4 (full 0):
 garbage-first heap   total 131072K, used 16850K [0x0000000080000000, 0x0000000100000000)
  region size 1024K, 3 young (3072K), 3 survivors (3072K)
 Metaspace       used 19355K, capacity 19648K, committed 19968K, reserved 1067008K
  class space    used 2349K, capacity 2450K, committed 2560K, reserved 1048576K
}
Event: 5.684 GC heap before
{Heap before GC invocations=4 (full 0):
 garbage-first heap   total 131072K, used 28114K [0x0000000080000000, 0x0000000100000000)
  region size 1024K, 15 young (15360K), 3 survivors (3072K)
 Metaspace       used 20696K, capacity 21102K, committed 21296K, reserved 1069056K
  class space    used 2530K, capacity 2658K, committed 2688K, reserved 1048576K
}
Event: 5.691 GC heap after
{Heap after GC invocations=5 (full 0):
 garbage-first heap   total 131072K, used 17364K [0x0000000080000000, 0x0000000100000000)
  region size 1024K, 4 young (4096K), 4 survivors (4096K)
 Metaspace       used 20696K, capacity 21102K, committed 21296K, reserved 1069056K
  class space    used 2530K, capacity 2658K, committed 2688K, reserved 1048576K
}
Event: 6.551 GC heap before
{Heap before GC invocations=6 (full 0):
 garbage-first heap   total 131072K, used 67540K [0x0000000080000000, 0x0000000100000000)
  region size 1024K, 53 young (54272K), 4 survivors (4096K)
 Metaspace       used 25788K, capacity 26331K, committed 26368K, reserved 1073152K
  class space    used 3359K, capacity 3578K, committed 3584K, reserved 1048576K
}
Event: 6.560 GC heap after
{Heap after GC invocations=7 (full 0):
 garbage-first heap   total 131072K, used 19369K [0x0000000080000000, 0x0000000100000000)
  region size 1024K, 6 young (6144K), 6 survivors (6144K)
 Metaspace       used 25788K, capacity 26331K, committed 26368K, reserved 1073152K
  class space    used 3359K, capacity 3578K, committed 3584K, reserved 1048576K
}
Event: 7.709 GC heap before
{Heap before GC invocations=7 (full 0):
 garbage-first heap   total 131072K, used 72617K [0x0000000080000000, 0x0000000100000000)
  region size 1024K, 58 young (59392K), 6 survivors (6144K)
 Metaspace       used 31123K, capacity 31823K, committed 31872K, reserved 1077248K
  class space    used 4176K, capacity 4478K, committed 4480K, reserved 1048576K
}
Event: 7.722 GC heap after
{Heap after GC invocations=8 (full 0):
 garbage-first heap   total 131072K, used 21142K [0x0000000080000000, 0x0000000100000000)
  region size 1024K, 5 young (5120K), 5 survivors (5120K)
 Metaspace       used 31123K, capacity 31823K, committed 31872K, reserved 1077248K
  class space    used 4176K, capacity 4478K, committed 4480K, reserved 1048576K
}
Event: 8.287 GC heap before
{Heap before GC invocations=8 (full 0):
 garbage-first heap   total 131072K, used 32406K [0x0000000080000000, 0x0000000100000000)
  region size 1024K, 17 young (17408K), 5 survivors (5120K)
 Metaspace       used 35109K, capacity 35918K, committed 36048K, reserved 1081344K
  class space    used 4559K, capacity 4863K, committed 4864K, reserved 1048576K
}
Event: 8.301 GC heap after
{Heap after GC invocations=9 (full 0):
 garbage-first heap   total 131072K, used 22974K [0x0000000080000000, 0x0000000100000000)
  region size 1024K, 6 young (6144K), 6 survivors (6144K)
 Metaspace       used 35109K, capacity 35918K, committed 36048K, reserved 1081344K
  class space    used 4559K, capacity 4863K, committed 4864K, reserved 1048576K
}
Event: 9.654 GC heap before
{Heap before GC invocations=10 (full 0):
 garbage-first heap   total 131072K, used 86462K [0x0000000080000000, 0x0000000100000000)
  region size 1024K, 66 young (67584K), 6 survivors (6144K)
 Metaspace       used 39359K, capacity 40276K, committed 40476K, reserved 1085440K
  class space    used 5041K, capacity 5393K, committed 5504K, reserved 1048576K
}
Event: 9.676 GC heap after
{Heap after GC invocations=11 (full 0):
 garbage-first heap   total 131072K, used 28090K [0x0000000080000000, 0x0000000100000000)
  region size 1024K, 9 young (9216K), 9 survivors (9216K)
 Metaspace       used 39359K, capacity 40276K, committed 40476K, reserved 1085440K
  class space    used 5041K, capacity 5393K, committed 5504K, reserved 1048576K
}
Event: 11.077 GC heap before
{Heap before GC invocations=11 (full 0):
 garbage-first heap   total 131072K, used 89530K [0x0000000080000000, 0x0000000100000000)
  region size 1024K, 68 young (69632K), 9 survivors (9216K)
 Metaspace       used 45081K, capacity 46187K, committed 46364K, reserved 1089536K
  class space    used 5781K, capacity 6203K, committed 6272K, reserved 1048576K
}
Event: 11.098 GC heap after
{Heap after GC invocations=12 (full 0):
 garbage-first heap   total 157696K, used 30244K [0x0000000080000000, 0x0000000100000000)
  region size 1024K, 3 young (3072K), 3 survivors (3072K)
 Metaspace       used 45081K, capacity 46187K, committed 46364K, reserved 1089536K
  class space    used 5781K, capacity 6203K, committed 6272K, reserved 1048576K
}

Deoptimization events (20 events):
Event: 10.677 Thread 0x000001f14c9cf000 Uncommon trap: trap_request=0xffffffc6 fr.pc=0x000001f13b30caf8 relative=0x0000000000000218
Event: 10.677 Thread 0x000001f14c9cf000 Uncommon trap: reason=bimorphic_or_optimized_type_check action=maybe_recompile pc=0x000001f13b30caf8 method=com.google.common.base.CharMatcher.indexIn(Ljava/lang/CharSequence;I)I @ 31 c2
Event: 10.677 Thread 0x000001f14c9cf000 DEOPT PACKING pc=0x000001f13b30caf8 sp=0x000000324f8f8330
Event: 10.677 Thread 0x000001f14c9cf000 DEOPT UNPACKING pc=0x000001f13376662f sp=0x000000324f8f82d8 mode 2
Event: 10.682 Thread 0x000001f14c9cf000 Uncommon trap: trap_request=0xffffffc6 fr.pc=0x000001f13b30caf8 relative=0x0000000000000218
Event: 10.682 Thread 0x000001f14c9cf000 Uncommon trap: reason=bimorphic_or_optimized_type_check action=maybe_recompile pc=0x000001f13b30caf8 method=com.google.common.base.CharMatcher.indexIn(Ljava/lang/CharSequence;I)I @ 31 c2
Event: 10.682 Thread 0x000001f14c9cf000 DEOPT PACKING pc=0x000001f13b30caf8 sp=0x000000324f8f9c20
Event: 10.682 Thread 0x000001f14c9cf000 DEOPT UNPACKING pc=0x000001f13376662f sp=0x000000324f8f9bc8 mode 2
Event: 10.798 Thread 0x000001f14c9cf000 Uncommon trap: trap_request=0xffffff4d fr.pc=0x000001f13b255490 relative=0x00000000000001d0
Event: 10.798 Thread 0x000001f14c9cf000 Uncommon trap: reason=unstable_if action=reinterpret pc=0x000001f13b255490 method=java.net.URI$Parser.scan(IILjava/lang/String;)I @ 26 c2
Event: 10.798 Thread 0x000001f14c9cf000 DEOPT PACKING pc=0x000001f13b255490 sp=0x000000324f8f8f90
Event: 10.798 Thread 0x000001f14c9cf000 DEOPT UNPACKING pc=0x000001f13376662f sp=0x000000324f8f8f20 mode 2
Event: 10.798 Thread 0x000001f14c9cf000 Uncommon trap: trap_request=0xffffff4d fr.pc=0x000001f13b24db54 relative=0x0000000000000114
Event: 10.798 Thread 0x000001f14c9cf000 Uncommon trap: reason=unstable_if action=reinterpret pc=0x000001f13b24db54 method=java.net.URI.match(CJJ)Z @ 45 c2
Event: 10.798 Thread 0x000001f14c9cf000 DEOPT PACKING pc=0x000001f13b24db54 sp=0x000000324f8f8d00
Event: 10.798 Thread 0x000001f14c9cf000 DEOPT UNPACKING pc=0x000001f13376662f sp=0x000000324f8f8c38 mode 2
Event: 10.798 Thread 0x000001f14c9cf000 Uncommon trap: trap_request=0xffffff4d fr.pc=0x000001f13b21dee8 relative=0x0000000000000048
Event: 10.798 Thread 0x000001f14c9cf000 Uncommon trap: reason=unstable_if action=reinterpret pc=0x000001f13b21dee8 method=java.net.URI.match(CJJ)Z @ 19 c2
Event: 10.798 Thread 0x000001f14c9cf000 DEOPT PACKING pc=0x000001f13b21dee8 sp=0x000000324f8f8d10
Event: 10.798 Thread 0x000001f14c9cf000 DEOPT UNPACKING pc=0x000001f13376662f sp=0x000000324f8f8cc0 mode 2

Classes redefined (0 events):
No events

Internal exceptions (20 events):
Event: 9.653 Thread 0x000001f14c9cf000 Exception <a 'java/lang/ClassNotFoundException'{0x0000000083ef1cb0}: org/gradle/api/internal/provider/DefaultPropertyCustomizer> (0x0000000083ef1cb0) thrown at [./src/hotspot/share/classfile/systemDictionary.cpp, line 231]
Event: 9.744 Thread 0x000001f14c9cf000 Exception <a 'java/lang/ClassNotFoundException'{0x0000000087ef99d8}: org/gradle/initialization/DefaultProjectDescriptorBeanInfo> (0x0000000087ef99d8) thrown at [./src/hotspot/share/classfile/systemDictionary.cpp, line 231]
Event: 9.745 Thread 0x000001f14c9cf000 Exception <a 'java/lang/ClassNotFoundException'{0x0000000087d20428}: org/gradle/initialization/DefaultProjectDescriptorCustomizer> (0x0000000087d20428) thrown at [./src/hotspot/share/classfile/systemDictionary.cpp, line 231]
Event: 9.752 Thread 0x000001f14c9cf000 Implicit null exception at 0x000001f13b3a3aef to 0x000001f13b3a3b98
Event: 10.247 Thread 0x000001f14c932000 Exception <a 'java/lang/NoSuchMethodError'{0x0000000087f0ef78}: <clinit>> (0x0000000087f0ef78) thrown at [./src/hotspot/share/prims/jni.cpp, line 1362]
Event: 10.248 Thread 0x000001f14c932000 Exception <a 'java/lang/NoSuchMethodError'{0x0000000087f10668}: <clinit>> (0x0000000087f10668) thrown at [./src/hotspot/share/prims/jni.cpp, line 1362]
Event: 10.251 Thread 0x000001f14c932000 Exception <a 'java/lang/NoSuchMethodError'{0x000000008720a348}: <clinit>> (0x000000008720a348) thrown at [./src/hotspot/share/prims/jni.cpp, line 1362]
Event: 10.251 Thread 0x000001f14c932000 Exception <a 'java/lang/NoSuchMethodError'{0x000000008720c198}: <clinit>> (0x000000008720c198) thrown at [./src/hotspot/share/prims/jni.cpp, line 1362]
Event: 10.255 Thread 0x000001f14c932000 Exception <a 'java/lang/NoSuchMethodError'{0x000000008729b648}: <clinit>> (0x000000008729b648) thrown at [./src/hotspot/share/prims/jni.cpp, line 1362]
Event: 10.406 Thread 0x000001f14c9cf000 Implicit null exception at 0x000001f13b2decf4 to 0x000001f13b2def04
Event: 10.406 Thread 0x000001f14c9cf000 Implicit null exception at 0x000001f13b254178 to 0x000001f13b25420a
Event: 10.644 Thread 0x000001f14c9cf000 Exception <a 'java/lang/ClassNotFoundException'{0x00000000860ea6d0}: build_4v4p3ao02rgfc956ksbt7lcgrBeanInfo> (0x00000000860ea6d0) thrown at [./src/hotspot/share/classfile/systemDictionary.cpp, line 231]
Event: 10.645 Thread 0x000001f14c9cf000 Exception <a 'java/lang/ClassNotFoundException'{0x0000000085f01168}: org/gradle/api/internal/project/ProjectScriptBeanInfo> (0x0000000085f01168) thrown at [./src/hotspot/share/classfile/systemDictionary.cpp, line 231]
Event: 10.645 Thread 0x000001f14c9cf000 Exception <a 'java/lang/ClassNotFoundException'{0x0000000085f172e0}: org/gradle/api/internal/project/ProjectScriptCustomizer> (0x0000000085f172e0) thrown at [./src/hotspot/share/classfile/systemDictionary.cpp, line 231]
Event: 10.648 Thread 0x000001f14c9cf000 Exception <a 'java/lang/ClassNotFoundException'{0x0000000085f32560}: build_4v4p3ao02rgfc956ksbt7lcgrCustomizer> (0x0000000085f32560) thrown at [./src/hotspot/share/classfile/systemDictionary.cpp, line 231]
Event: 10.662 Thread 0x000001f14c9cf000 Exception <a 'java/lang/ClassNotFoundException'{0x0000000085fbbb70}: org/gradle/plugin/use/internal/PluginRequestCollector$PluginDependenciesSpecImplBeanInfo> (0x0000000085fbbb70) thrown at [./src/hotspot/share/classfile/systemDictionary.cpp, line 231]
Event: 10.663 Thread 0x000001f14c9cf000 Exception <a 'java/lang/ClassNotFoundException'{0x0000000085fea9f8}: org/gradle/plugin/use/internal/PluginRequestCollector$PluginDependenciesSpecImplCustomizer> (0x0000000085fea9f8) thrown at [./src/hotspot/share/classfile/systemDictionary.cpp, line 231]
Event: 10.672 Thread 0x000001f14c9cf000 Exception <a 'java/lang/ClassNotFoundException'{0x0000000085e50c98}: org/gradle/plugin/use/internal/PluginRequestCollector$PluginDependencySpecImplBeanInfo> (0x0000000085e50c98) thrown at [./src/hotspot/share/classfile/systemDictionary.cpp, line 231]
Event: 10.673 Thread 0x000001f14c9cf000 Exception <a 'java/lang/ClassNotFoundException'{0x0000000085e7ed08}: org/gradle/plugin/use/internal/PluginRequestCollector$PluginDependencySpecImplCustomizer> (0x0000000085e7ed08) thrown at [./src/hotspot/share/classfile/systemDictionary.cpp, line 231]
Event: 11.073 Thread 0x000001f14c9cf000 Exception <a 'java/lang/IncompatibleClassChangeError'{0x00000000845d0518}: Found class java.lang.Object, but interface was expected> (0x00000000845d0518) thrown at [./src/hotspot/share/interpreter/linkResolver.cpp, line 839]

Events (20 events):
Event: 11.275 loading class org/gradle/api/internal/artifacts/ivyservice/ivyresolve/RepositoryChainModuleResolution
Event: 11.275 loading class org/gradle/api/internal/artifacts/ivyservice/ivyresolve/RepositoryChainModuleResolution done
Event: 11.275 loading class org/gradle/internal/resolve/ResolveExceptionAnalyzer
Event: 11.275 loading class org/gradle/internal/resolve/ResolveExceptionAnalyzer done
Event: 11.284 loading class org/gradle/api/internal/artifacts/ivyservice/ivyresolve/RepositoryChainModuleSource
Event: 11.284 loading class org/gradle/api/internal/artifacts/ivyservice/ivyresolve/RepositoryChainModuleSource done
Event: 11.285 loading class org/gradle/internal/component/external/model/DefaultModuleComponentArtifactMetadata
Event: 11.285 loading class org/gradle/internal/component/external/model/DefaultModuleComponentArtifactMetadata done
Event: 11.288 loading class org/gradle/api/artifacts/ArtifactIdentifier
Event: 11.288 loading class org/gradle/api/artifacts/ArtifactIdentifier done
Event: 11.288 loading class org/gradle/internal/component/model/DefaultIvyArtifactName
Event: 11.288 loading class org/gradle/internal/component/model/DefaultIvyArtifactName done
Event: 11.289 loading class org/gradle/internal/component/external/model/DefaultConfigurationMetadata
Event: 11.289 loading class org/gradle/internal/component/external/model/DefaultConfigurationMetadata done
Event: 11.290 loading class org/gradle/internal/component/external/model/AbstractConfigurationMetadata
Event: 11.290 loading class org/gradle/internal/component/external/model/AbstractConfigurationMetadata done
Event: 11.291 loading class org/gradle/internal/component/model/ModuleConfigurationMetadata
Event: 11.291 loading class org/gradle/internal/component/model/ModuleConfigurationMetadata done
Event: 11.295 loading class org/gradle/internal/component/external/model/DefaultConfigurationMetadata$DependencyFilter
Event: 11.295 loading class org/gradle/internal/component/external/model/DefaultConfigurationMetadata$DependencyFilter done


Dynamic libraries:
0x00007ff753430000 - 0x00007ff75343a000 	D:\Android\jre\bin\java.exe
0x00007ffb64530000 - 0x00007ffb64725000 	C:\WINDOWS\SYSTEM32\ntdll.dll
0x00007ffb62b50000 - 0x00007ffb62c0e000 	C:\WINDOWS\System32\KERNEL32.DLL
0x00007ffb61d80000 - 0x00007ffb62048000 	C:\WINDOWS\System32\KERNELBASE.dll
0x00007ffb62490000 - 0x00007ffb62590000 	C:\WINDOWS\System32\ucrtbase.dll
0x00007ffb539e0000 - 0x00007ffb539f7000 	D:\Android\jre\bin\VCRUNTIME140.dll
0x00007ffb539c0000 - 0x00007ffb539d9000 	D:\Android\jre\bin\jli.dll
0x00007ffb63c10000 - 0x00007ffb63db0000 	C:\WINDOWS\System32\USER32.dll
0x00007ffb62050000 - 0x00007ffb62072000 	C:\WINDOWS\System32\win32u.dll
0x00007ffb62590000 - 0x00007ffb625ba000 	C:\WINDOWS\System32\GDI32.dll
0x00007ffb62280000 - 0x00007ffb6238b000 	C:\WINDOWS\System32\gdi32full.dll
0x00007ffb61ce0000 - 0x00007ffb61d7d000 	C:\WINDOWS\System32\msvcp_win.dll
0x00007ffb53a40000 - 0x00007ffb53cda000 	C:\WINDOWS\WinSxS\amd64_microsoft.windows.common-controls_6595b64144ccf1df_6.0.19041.1110_none_60b5254171f9507e\COMCTL32.dll
0x00007ffb63db0000 - 0x00007ffb63e4e000 	C:\WINDOWS\System32\msvcrt.dll
0x00007ffb62700000 - 0x00007ffb62730000 	C:\WINDOWS\System32\IMM32.DLL
0x00007ffb41730000 - 0x00007ffb417cd000 	D:\Android\jre\bin\msvcp140.dll
0x00007ffb136e0000 - 0x00007ffb141b5000 	D:\Android\jre\bin\server\jvm.dll
0x00007ffb62ed0000 - 0x00007ffb62f7e000 	C:\WINDOWS\System32\ADVAPI32.dll
0x00007ffb62810000 - 0x00007ffb628ac000 	C:\WINDOWS\System32\sechost.dll
0x00007ffb62c10000 - 0x00007ffb62d35000 	C:\WINDOWS\System32\RPCRT4.dll
0x00007ffb625e0000 - 0x00007ffb625e8000 	C:\WINDOWS\System32\PSAPI.DLL
0x00007ffb41b60000 - 0x00007ffb41b69000 	C:\WINDOWS\SYSTEM32\WSOCK32.dll
0x00007ffb64480000 - 0x00007ffb644eb000 	C:\WINDOWS\System32\WS2_32.dll
0x00007ffb53d60000 - 0x00007ffb53d87000 	C:\WINDOWS\SYSTEM32\WINMM.dll
0x00007ffb50c50000 - 0x00007ffb50c5a000 	C:\WINDOWS\SYSTEM32\VERSION.dll
0x00007ffb5fb70000 - 0x00007ffb5fb82000 	C:\WINDOWS\SYSTEM32\kernel.appcore.dll
0x00007ffb5c760000 - 0x00007ffb5c771000 	D:\Android\jre\bin\verify.dll
0x00007ffb50010000 - 0x00007ffb501f4000 	C:\WINDOWS\SYSTEM32\DBGHELP.DLL
0x00007ffb4fdb0000 - 0x00007ffb4fddc000 	C:\WINDOWS\SYSTEM32\dbgcore.DLL
0x00007ffb61c50000 - 0x00007ffb61cd2000 	C:\WINDOWS\System32\bcryptPrimitives.dll
0x00007ffb57a50000 - 0x00007ffb57a79000 	D:\Android\jre\bin\java.dll
0x00007ffb5b480000 - 0x00007ffb5b48b000 	D:\Android\jre\bin\jimage.dll
0x00007ffb5b430000 - 0x00007ffb5b448000 	D:\Android\jre\bin\zip.dll
0x00007ffb633a0000 - 0x00007ffb63ae4000 	C:\WINDOWS\System32\SHELL32.dll
0x00007ffb5fd70000 - 0x00007ffb60504000 	C:\WINDOWS\SYSTEM32\windows.storage.dll
0x00007ffb63040000 - 0x00007ffb63394000 	C:\WINDOWS\System32\combase.dll
0x00007ffb616c0000 - 0x00007ffb616ec000 	C:\WINDOWS\SYSTEM32\Wldp.dll
0x00007ffb62d40000 - 0x00007ffb62ded000 	C:\WINDOWS\System32\SHCORE.dll
0x00007ffb626a0000 - 0x00007ffb626f5000 	C:\WINDOWS\System32\shlwapi.dll
0x00007ffb61b90000 - 0x00007ffb61baf000 	C:\WINDOWS\SYSTEM32\profapi.dll
0x00007ffb5b3f0000 - 0x00007ffb5b40a000 	D:\Android\jre\bin\net.dll
0x00007ffb53210000 - 0x00007ffb5331a000 	C:\WINDOWS\SYSTEM32\WINHTTP.dll
0x00007ffb61420000 - 0x00007ffb6148a000 	C:\WINDOWS\system32\mswsock.dll
0x00007ffb57a00000 - 0x00007ffb57a14000 	D:\Android\jre\bin\nio.dll
0x00007ffb5b620000 - 0x00007ffb5b647000 	C:\Users\Administrator\.gradle\native\e1d6ef7f7dcc3fd88c89a11ec53ec762bb8ba0a96d01ffa2cd45eb1d1d8dd5c5\windows-amd64\native-platform.dll
0x00007ffb30050000 - 0x00007ffb30194000 	C:\Users\Administrator\.gradle\native\5664cfc778a61ccfe75a443a1ab52a65af34e5dc3c78e0209fed803814484fcb\windows-amd64\native-platform-file-events.dll
0x00007ffb55570000 - 0x00007ffb5557a000 	D:\Android\jre\bin\management.dll
0x00007ffb536b0000 - 0x00007ffb536bd000 	D:\Android\jre\bin\management_ext.dll
0x00007ffb61610000 - 0x00007ffb61628000 	C:\WINDOWS\SYSTEM32\CRYPTSP.dll
0x00007ffb60d30000 - 0x00007ffb60d64000 	C:\WINDOWS\system32\rsaenh.dll
0x00007ffb621e0000 - 0x00007ffb62207000 	C:\WINDOWS\System32\bcrypt.dll
0x00007ffb61b50000 - 0x00007ffb61b7e000 	C:\WINDOWS\SYSTEM32\USERENV.dll
0x00007ffb61630000 - 0x00007ffb6163c000 	C:\WINDOWS\SYSTEM32\CRYPTBASE.dll
0x00007ffb610c0000 - 0x00007ffb610fb000 	C:\WINDOWS\SYSTEM32\IPHLPAPI.DLL
0x00007ffb625c0000 - 0x00007ffb625c8000 	C:\WINDOWS\System32\NSI.dll
0x00007ffb58e30000 - 0x00007ffb58e47000 	C:\WINDOWS\SYSTEM32\dhcpcsvc6.DLL
0x00007ffb59650000 - 0x00007ffb5966d000 	C:\WINDOWS\SYSTEM32\dhcpcsvc.DLL
0x00007ffb61110000 - 0x00007ffb611db000 	C:\WINDOWS\SYSTEM32\DNSAPI.dll

dbghelp: loaded successfully - version: 4.0.5 - missing functions: none
symbol engine: initialized successfully - sym options: 0x614 - pdb path: .;D:\Android\jre\bin;C:\WINDOWS\SYSTEM32;C:\WINDOWS\WinSxS\amd64_microsoft.windows.common-controls_6595b64144ccf1df_6.0.19041.1110_none_60b5254171f9507e;D:\Android\jre\bin\server;C:\Users\Administrator\.gradle\native\e1d6ef7f7dcc3fd88c89a11ec53ec762bb8ba0a96d01ffa2cd45eb1d1d8dd5c5\windows-amd64;C:\Users\Administrator\.gradle\native\5664cfc778a61ccfe75a443a1ab52a65af34e5dc3c78e0209fed803814484fcb\windows-amd64

VM Arguments:
jvm_args: --add-opens=java.base/java.util=ALL-UNNAMED --add-opens=java.base/java.lang=ALL-UNNAMED --add-opens=java.base/java.lang.invoke=ALL-UNNAMED --add-opens=java.base/java.util=ALL-UNNAMED --add-opens=java.prefs/java.util.prefs=ALL-UNNAMED --add-opens=java.prefs/java.util.prefs=ALL-UNNAMED --add-opens=java.base/java.nio.charset=ALL-UNNAMED --add-opens=java.base/java.net=ALL-UNNAMED --add-opens=java.base/java.util.concurrent.atomic=ALL-UNNAMED -Xmx2048m -Dfile.encoding=UTF-8 -Duser.country=US -Duser.language=en -Duser.variant 
java_command: org.gradle.launcher.daemon.bootstrap.GradleDaemon 7.2
java_class_path (initial): C:\Users\Administrator\.gradle\wrapper\dists\gradle-7.2-bin\2dnblmf4td7x66yl1d74lt32g\gradle-7.2\lib\gradle-launcher-7.2.jar
Launcher Type: SUN_STANDARD

[Global flags]
     intx CICompilerCount                          = 3                                         {product} {ergonomic}
     uint ConcGCThreads                            = 1                                         {product} {ergonomic}
     uint G1ConcRefinementThreads                  = 4                                         {product} {ergonomic}
   size_t G1HeapRegionSize                         = 1048576                                   {product} {ergonomic}
    uintx GCDrainStackTargetSize                   = 64                                        {product} {ergonomic}
   size_t InitialHeapSize                          = 134217728                                 {product} {ergonomic}
   size_t MarkStackSize                            = 4194304                                   {product} {ergonomic}
   size_t MaxHeapSize                              = 2147483648                                {product} {command line}
   size_t MaxNewSize                               = 1287651328                                {product} {ergonomic}
   size_t MinHeapDeltaBytes                        = 1048576                                   {product} {ergonomic}
    uintx NonNMethodCodeHeapSize                   = 5830732                                {pd product} {ergonomic}
    uintx NonProfiledCodeHeapSize                  = 122913754                              {pd product} {ergonomic}
    uintx ProfiledCodeHeapSize                     = 122913754                              {pd product} {ergonomic}
    uintx ReservedCodeCacheSize                    = 251658240                              {pd product} {ergonomic}
     bool SegmentedCodeCache                       = true                                      {product} {ergonomic}
     bool UseCompressedClassPointers               = true                                 {lp64_product} {ergonomic}
     bool UseCompressedOops                        = true                                 {lp64_product} {ergonomic}
     bool UseG1GC                                  = true                                      {product} {ergonomic}
     bool UseLargePagesIndividualAllocation        = false                                  {pd product} {ergonomic}

Logging:
Log output configuration:
 #0: stdout all=warning uptime,level,tags
 #1: stderr all=off uptime,level,tags

Environment Variables:
PATH=C:\Python310\Scripts\;C:\Python310\;D:\VMWare\bin\;C:\Users\Administrator\AppData\Local\Programs\Python\Python39\Scripts\;C:\Users\Administrator\AppData\Local\Programs\Python\Python39\;C:\Program Files\Common Files\Oracle\Java\javapath;C:\Program Files\Microsoft MPI\Bin\;C:\Program Files (x86)\Common Files\Oracle\Java\javapath;C:\ProgramData\Oracle\Java\javapath;C:\WINDOWS\system32;C:\WINDOWS;C:\WINDOWS\System32\Wbem;C:\WINDOWS\System32\WindowsPowerShell\v1.0\;C:\WINDOWS\System32\OpenSSH\;C:\Program Files (x86)\VietPN;C:\Program Files\Microsoft SQL Server\Client SDK\ODBC\170\Tools\Binn\;C:\Program Files (x86)\Microsoft SQL Server\150\Tools\Binn\;C:\Program Files\Microsoft SQL Server\150\Tools\Binn\;C:\Program Files\Microsoft SQL Server\150\DTS\Binn\;C:\Program Files\Git\cmd;C:\ProgramData\chocolatey\bin;C:\Program Files (x86)\GNU Tools ARM Embedded\4.8 2013q4\bin;C:\Program Files (x86)\Common Files\Acronis\SnapAPI\;C:\Program Files (x86)\Microsoft SQL Server\150\DTS\Binn\;C:\Program Files\Azure Data Studio\bin;D:\Lua;C:\Program Files\dotnet\;C:\Program Files\nodejs\;C:\Program Files (x86)\dotnet\;C:\Program Files (x86)\Nmap;C:\tools\neovim\Neovim\bin;C:\Users\Administrator\AppData\Local\Microsoft\WindowsApps;;C:\Program Files\Azure Data Studio\bin;C:\Users\Administrator\.dotnet\tools;C:\Users\Administrator\AppData\Roaming\npm
USERNAME=Administrator
OS=Windows_NT
PROCESSOR_IDENTIFIER=Intel64 Family 6 Model 69 Stepping 1, GenuineIntel



---------------  S Y S T E M  ---------------

OS: Windows 10 , 64 bit Build 19041 (10.0.19041.1645)
OS uptime: 0 days 0:38 hours

CPU:total 4 (initial active 4) (2 cores per cpu, 2 threads per core) family 6 model 69 stepping 1 microcode 0x25, cmov, cx8, fxsr, mmx, sse, sse2, sse3, ssse3, sse4.1, sse4.2, popcnt, avx, avx2, aes, clmul, erms, lzcnt, ht, tsc, tscinvbit, bmi1, bmi2, fma

Memory: 4k page, system-wide physical 8097M (548M free)
TotalPageFile size 8097M (AvailPageFile size 14M)
current process WorkingSet (physical memory assigned to process): 260M, peak: 261M
current process commit charge ("private bytes"): 331M, peak: 331M

vm_info: OpenJDK 64-Bit Server VM (11.0.11+9-b60-7590822) for windows-amd64 JRE (11.0.11+9-b60-7590822), built on Jul 29 2021 21:43:44 by "builder" with MS VC++ 14.0 (VS2015)

END.
