#
# There is insufficient memory for the Java Runtime Environment to continue.
# Native memory allocation (mmap) failed to map 27262976 bytes for Failed to commit area from 0x0000000088000000 to 0x0000000089a00000 of length 27262976.
# Possible reasons:
#   The system is out of physical RAM or swap space
#   The process is running with CompressedOops enabled, and the Java Heap may be blocking the growth of the native heap
# Possible solutions:
#   Reduce memory load on the system
#   Increase physical memory or swap space
#   Check if swap backing store is full
#   Decrease Java heap size (-Xmx/-Xms)
#   Decrease number of Java threads
#   Decrease Java thread stack sizes (-Xss)
#   Set larger code cache with -XX:ReservedCodeCacheSize=
#   JVM is running with Unscaled Compressed Oops mode in which the Java heap is
#     placed in the first 4GB address space. The Java Heap base address is the
#     maximum limit for the native heap growth. Please use -XX:HeapBaseMinAddress
#     to set the Java Heap base and to place the Java Heap above 4GB virtual address.
# This output file may be truncated or incomplete.
#
#  Out of Memory Error (./src/hotspot/os/windows/os_windows.cpp:3301), pid=8620, tid=11196
#
# JRE version: OpenJDK Runtime Environment (11.0.11+9) (build 11.0.11+9-b60-7590822)
# Java VM: OpenJDK 64-Bit Server VM (11.0.11+9-b60-7590822, mixed mode, tiered, compressed oops, g1 gc, windows-amd64)
# No core dump will be written. Minidumps are not enabled by default on client versions of Windows
#

---------------  S U M M A R Y ------------

Command Line: --add-opens=java.base/java.util=ALL-UNNAMED --add-opens=java.base/java.lang=ALL-UNNAMED --add-opens=java.base/java.lang.invoke=ALL-UNNAMED --add-opens=java.base/java.util=ALL-UNNAMED --add-opens=java.prefs/java.util.prefs=ALL-UNNAMED --add-opens=java.prefs/java.util.prefs=ALL-UNNAMED --add-opens=java.base/java.nio.charset=ALL-UNNAMED --add-opens=java.base/java.net=ALL-UNNAMED --add-opens=java.base/java.util.concurrent.atomic=ALL-UNNAMED -Xmx2048m -Dfile.encoding=UTF-8 -Duser.country=US -Duser.language=en -Duser.variant org.gradle.launcher.daemon.bootstrap.GradleDaemon 7.2

Host: Intel(R) Core(TM) i5-4200U CPU @ 1.60GHz, 4 cores, 7G,  Windows 10 , 64 bit Build 19041 (10.0.19041.1645)
Time: Thu Apr 21 20:59:21 2022 SE Asia Standard Time elapsed time: 19.348942 seconds (0d 0h 0m 19s)

---------------  T H R E A D  ---------------

Current thread (0x0000021d20d9b000):  VMThread "VM Thread" [stack: 0x0000003921a00000,0x0000003921b00000] [id=11196]

Stack: [0x0000003921a00000,0x0000003921b00000]
[error occurred during error reporting (printing stack bounds), id 0xc0000005, EXCEPTION_ACCESS_VIOLATION (0xc0000005) at pc=0x0000021d0a530f2d]

Native frames: (J=compiled Java code, j=interpreted, Vv=VM code, C=native code)
V  [jvm.dll+0x5f214a]
V  [jvm.dll+0x726fb5]
V  [jvm.dll+0x7285cd]
V  [jvm.dll+0x728be5]
V  [jvm.dll+0x728b9b]
V  [jvm.dll+0x5f14e8]
V  [jvm.dll+0x5f1c78]
C  [ntdll.dll+0xa20cf]
C  [ntdll.dll+0x51454]
C  [ntdll.dll+0xa0bfe]
C  0x0000021d0a530f2d

VM_Operation (0x0000003922df6770): G1CollectForAllocation, mode: safepoint, requested by thread 0x0000021d239c9000


---------------  P R O C E S S  ---------------

Threads class SMR info:
_java_thread_list=0x0000021d2405c640, length=36, elements={
0x0000021d06a28800, 0x0000021d20da1000, 0x0000021d20da2800, 0x0000021d20dbc000,
0x0000021d20dbd800, 0x0000021d20dbe800, 0x0000021d20dc2800, 0x0000021d20dc6800,
0x0000021d20dec000, 0x0000021d2188f800, 0x0000021d22ca4800, 0x0000021d23057000,
0x0000021d21800800, 0x0000021d22f88000, 0x0000021d22f89000, 0x0000021d22f55000,
0x0000021d239c9000, 0x0000021d22a1c000, 0x0000021d22dce800, 0x0000021d231ca800,
0x0000021d231c6800, 0x0000021d231cb800, 0x0000021d231c9000, 0x0000021d231c7800,
0x0000021d231ca000, 0x0000021d231c5800, 0x0000021d231cc800, 0x0000021d231c8000,
0x0000021d22200000, 0x0000021d22206800, 0x0000021d22203000, 0x0000021d22200800,
0x0000021d22204000, 0x0000021d22205000, 0x0000021d22205800, 0x0000021d27ad0800
}

Java Threads: ( => current thread )
  0x0000021d06a28800 JavaThread "main" [_thread_blocked, id=7544, stack(0x0000003921400000,0x0000003921500000)]
  0x0000021d20da1000 JavaThread "Reference Handler" daemon [_thread_blocked, id=2600, stack(0x0000003921b00000,0x0000003921c00000)]
  0x0000021d20da2800 JavaThread "Finalizer" daemon [_thread_blocked, id=5412, stack(0x0000003921c00000,0x0000003921d00000)]
  0x0000021d20dbc000 JavaThread "Signal Dispatcher" daemon [_thread_blocked, id=11084, stack(0x0000003921d00000,0x0000003921e00000)]
  0x0000021d20dbd800 JavaThread "Attach Listener" daemon [_thread_blocked, id=8196, stack(0x0000003921e00000,0x0000003921f00000)]
  0x0000021d20dbe800 JavaThread "Service Thread" daemon [_thread_blocked, id=4188, stack(0x0000003921f00000,0x0000003922000000)]
  0x0000021d20dc2800 JavaThread "C2 CompilerThread0" daemon [_thread_in_native, id=6016, stack(0x0000003922000000,0x0000003922100000)]
  0x0000021d20dc6800 JavaThread "C1 CompilerThread0" daemon [_thread_blocked, id=9276, stack(0x0000003922100000,0x0000003922200000)]
  0x0000021d20dec000 JavaThread "Sweeper thread" daemon [_thread_blocked, id=9784, stack(0x0000003922200000,0x0000003922300000)]
  0x0000021d2188f800 JavaThread "Common-Cleaner" daemon [_thread_blocked, id=8948, stack(0x0000003922300000,0x0000003922400000)]
  0x0000021d22ca4800 JavaThread "Daemon health stats" [_thread_blocked, id=8988, stack(0x0000003922800000,0x0000003922900000)]
  0x0000021d23057000 JavaThread "Incoming local TCP Connector on port 17981" [_thread_in_native, id=9732, stack(0x0000003922500000,0x0000003922600000)]
  0x0000021d21800800 JavaThread "Daemon periodic checks" [_thread_blocked, id=7464, stack(0x0000003922900000,0x0000003922a00000)]
  0x0000021d22f88000 JavaThread "Daemon" [_thread_blocked, id=4356, stack(0x0000003922a00000,0x0000003922b00000)]
  0x0000021d22f89000 JavaThread "Handler for socket connection from /127.0.0.1:17981 to /127.0.0.1:17982" [_thread_in_native, id=6736, stack(0x0000003922b00000,0x0000003922c00000)]
  0x0000021d22f55000 JavaThread "Cancel handler" [_thread_blocked, id=6432, stack(0x0000003922c00000,0x0000003922d00000)]
  0x0000021d239c9000 JavaThread "Daemon worker" [_thread_blocked, id=9976, stack(0x0000003922d00000,0x0000003922e00000)]
  0x0000021d22a1c000 JavaThread "Asynchronous log dispatcher for DefaultDaemonConnection: socket connection from /127.0.0.1:17981 to /127.0.0.1:17982" [_thread_blocked, id=7172, stack(0x0000003922e00000,0x0000003922f00000)]
  0x0000021d22dce800 JavaThread "Stdin handler" [_thread_blocked, id=10344, stack(0x0000003922f00000,0x0000003923000000)]
  0x0000021d231ca800 JavaThread "Daemon client event forwarder" [_thread_blocked, id=11004, stack(0x0000003923000000,0x0000003923100000)]
  0x0000021d231c6800 JavaThread "Cache worker for journal cache (C:\Users\Administrator\.gradle\caches\journal-1)" [_thread_blocked, id=2828, stack(0x0000003923200000,0x0000003923300000)]
  0x0000021d231cb800 JavaThread "File lock request listener" [_thread_in_native, id=1504, stack(0x0000003923300000,0x0000003923400000)]
  0x0000021d231c9000 JavaThread "Cache worker for file hash cache (C:\Users\Administrator\.gradle\caches\7.2\fileHashes)" [_thread_blocked, id=10728, stack(0x0000003923400000,0x0000003923500000)]
  0x0000021d231c7800 JavaThread "Cache worker for file hash cache (D:\BaiTapTuan\QTBai2\.gradle\7.2\fileHashes)" [_thread_blocked, id=8396, stack(0x0000003923600000,0x0000003923700000)]
  0x0000021d231ca000 JavaThread "File watcher server" daemon [_thread_in_native, id=10224, stack(0x0000003923700000,0x0000003923800000)]
  0x0000021d231c5800 JavaThread "File watcher consumer" daemon [_thread_blocked, id=3684, stack(0x0000003923800000,0x0000003923900000)]
  0x0000021d231cc800 JavaThread "jar transforms" [_thread_blocked, id=9196, stack(0x0000003923900000,0x0000003923a00000)]
  0x0000021d231c8000 JavaThread "jar transforms Thread 2" [_thread_blocked, id=3652, stack(0x0000003923a00000,0x0000003923b00000)]
  0x0000021d22200000 JavaThread "jar transforms Thread 3" [_thread_blocked, id=3004, stack(0x0000003923b00000,0x0000003923c00000)]
  0x0000021d22206800 JavaThread "jar transforms Thread 4" [_thread_blocked, id=5084, stack(0x0000003923c00000,0x0000003923d00000)]
  0x0000021d22203000 JavaThread "Cache worker for checksums cache (D:\BaiTapTuan\QTBai2\.gradle\checksums)" [_thread_blocked, id=2872, stack(0x0000003923500000,0x0000003923600000)]
  0x0000021d22200800 JavaThread "Cache worker for cache directory md-supplier (C:\Users\Administrator\.gradle\caches\7.2\md-supplier)" [_thread_blocked, id=1404, stack(0x0000003923d00000,0x0000003923e00000)]
  0x0000021d22204000 JavaThread "Cache worker for cache directory md-rule (C:\Users\Administrator\.gradle\caches\7.2\md-rule)" [_thread_blocked, id=8572, stack(0x0000003923f00000,0x0000003924000000)]
  0x0000021d22205000 JavaThread "Cache worker for execution history cache (C:\Users\Administrator\.gradle\caches\7.2\executionHistory)" [_thread_blocked, id=8896, stack(0x0000003924000000,0x0000003924100000)]
  0x0000021d22205800 JavaThread "Cache worker for file content cache (C:\Users\Administrator\.gradle\caches\7.2\fileContent)" [_thread_blocked, id=5648, stack(0x0000003924100000,0x0000003924200000)]
  0x0000021d27ad0800 JavaThread "C2 CompilerThread1" daemon [_thread_in_native, id=3640, stack(0x0000003923e00000,0x0000003923f00000)]

Other Threads:
=>0x0000021d20d9b000 VMThread "VM Thread" [stack: 0x0000003921a00000,0x0000003921b00000] [id=11196]
  0x0000021d218ac800 WatcherThread [stack: 0x0000003922400000,0x0000003922500000] [id=660]
  0x0000021d06a43000 GCTaskThread "GC Thread#0" [stack: 0x0000003921500000,0x0000003921600000] [id=3436]
  0x0000021d21951800 GCTaskThread "GC Thread#1" [stack: 0x0000003922600000,0x0000003922700000] [id=7176]
  0x0000021d2218e000 GCTaskThread "GC Thread#2" [stack: 0x0000003922700000,0x0000003922800000] [id=7084]
  0x0000021d21801800 GCTaskThread "GC Thread#3" [stack: 0x0000003923100000,0x0000003923200000] [id=1932]
  0x0000021d06a75800 ConcurrentGCThread "G1 Main Marker" [stack: 0x0000003921600000,0x0000003921700000] [id=9080]
  0x0000021d06a77000 ConcurrentGCThread "G1 Conc#0" [stack: 0x0000003921700000,0x0000003921800000] [id=9388]
  0x0000021d06b07000 ConcurrentGCThread "G1 Refine#0" [stack: 0x0000003921800000,0x0000003921900000] [id=6192]
  0x0000021d06b08000 ConcurrentGCThread "G1 Young RemSet Sampling" [stack: 0x0000003921900000,0x0000003921a00000] [id=7892]

Threads with active compile tasks:
C2 CompilerThread0  19362 3796       4       groovy.lang.MetaClassImpl$1MOPIter::methodNameAction (325 bytes)
C2 CompilerThread1  19362 3945       4       java.lang.ClassLoader::defineClass (43 bytes)

VM state:at safepoint (normal execution)

VM Mutex/Monitor currently owned by a thread:  ([mutex/lock_event])
[0x0000021d06a26cf0] Threads_lock - owner thread: 0x0000021d20d9b000
[0x0000021d06a282e0] Heap_lock - owner thread: 0x0000021d239c9000

Heap address: 0x0000000080000000, size: 2048 MB, Compressed Oops mode: 32-bit
Narrow klass base: 0x0000000000000000, Narrow klass shift: 3
Compressed class space size: 1073741824 Address: 0x0000000100000000

Heap:
 garbage-first heap   total 157696K, used 45821K [0x0000000080000000, 0x0000000100000000)
  region size 1024K, 7 young (7168K), 7 survivors (7168K)
 Metaspace       used 43174K, capacity 44469K, committed 44564K, reserved 1087488K
  class space    used 5548K, capacity 5998K, committed 6092K, reserved 1048576K
Heap Regions: E=young(eden), S=young(survivor), O=old, HS=humongous(starts), HC=humongous(continues), CS=collection set, F=free, A=archive, TAMS=top-at-mark-start (previous, next)
|   0|0x0000000080000000, 0x0000000080100000, 0x0000000080100000|100%| O|  |TAMS 0x0000000080100000, 0x0000000080000000| Untracked 
|   1|0x0000000080100000, 0x0000000080200000, 0x0000000080200000|100%| O|  |TAMS 0x0000000080200000, 0x0000000080100000| Untracked 
|   2|0x0000000080200000, 0x0000000080300000, 0x0000000080300000|100%| O|  |TAMS 0x0000000080300000, 0x0000000080200000| Untracked 
|   3|0x0000000080300000, 0x0000000080400000, 0x0000000080400000|100%|HS|  |TAMS 0x0000000080400000, 0x0000000080300000| Complete 
|   4|0x0000000080400000, 0x0000000080500000, 0x0000000080500000|100%|HC|  |TAMS 0x0000000080500000, 0x0000000080400000| Complete 
|   5|0x0000000080500000, 0x0000000080600000, 0x0000000080600000|100%|HC|  |TAMS 0x0000000080600000, 0x0000000080500000| Complete 
|   6|0x0000000080600000, 0x0000000080700000, 0x0000000080700000|100%| O|  |TAMS 0x0000000080700000, 0x0000000080600000| Untracked 
|   7|0x0000000080700000, 0x0000000080800000, 0x0000000080800000|100%| O|  |TAMS 0x0000000080800000, 0x0000000080700000| Untracked 
|   8|0x0000000080800000, 0x0000000080900000, 0x0000000080900000|100%| O|  |TAMS 0x0000000080900000, 0x0000000080800000| Untracked 
|   9|0x0000000080900000, 0x0000000080a00000, 0x0000000080a00000|100%| O|  |TAMS 0x0000000080a00000, 0x0000000080900000| Untracked 
|  10|0x0000000080a00000, 0x0000000080b00000, 0x0000000080b00000|100%| O|  |TAMS 0x0000000080b00000, 0x0000000080a00000| Untracked 
|  11|0x0000000080b00000, 0x0000000080c00000, 0x0000000080c00000|100%| O|  |TAMS 0x0000000080c00000, 0x0000000080b00000| Untracked 
|  12|0x0000000080c00000, 0x0000000080d00000, 0x0000000080d00000|100%| O|  |TAMS 0x0000000080d00000, 0x0000000080c00000| Untracked 
|  13|0x0000000080d00000, 0x0000000080e00000, 0x0000000080e00000|100%| O|  |TAMS 0x0000000080e00000, 0x0000000080d00000| Untracked 
|  14|0x0000000080e00000, 0x0000000080f00000, 0x0000000080f00000|100%| O|  |TAMS 0x0000000080f00000, 0x0000000080e00000| Untracked 
|  15|0x0000000080f00000, 0x0000000081000000, 0x0000000081000000|100%| O|  |TAMS 0x0000000081000000, 0x0000000080f00000| Untracked 
|  16|0x0000000081000000, 0x0000000081100000, 0x0000000081100000|100%|HS|  |TAMS 0x0000000081100000, 0x0000000081000000| Complete 
|  17|0x0000000081100000, 0x0000000081200000, 0x0000000081200000|100%|HC|  |TAMS 0x0000000081200000, 0x0000000081100000| Complete 
|  18|0x0000000081200000, 0x0000000081300000, 0x0000000081300000|100%|HS|  |TAMS 0x0000000081300000, 0x0000000081200000| Complete 
|  19|0x0000000081300000, 0x0000000081400000, 0x0000000081400000|100%|HC|  |TAMS 0x0000000081400000, 0x0000000081300000| Complete 
|  20|0x0000000081400000, 0x0000000081500000, 0x0000000081500000|100%|HC|  |TAMS 0x0000000081500000, 0x0000000081400000| Complete 
|  21|0x0000000081500000, 0x0000000081600000, 0x0000000081600000|100%|HS|  |TAMS 0x0000000081600000, 0x0000000081500000| Complete 
|  22|0x0000000081600000, 0x0000000081700000, 0x0000000081700000|100%|HC|  |TAMS 0x0000000081700000, 0x0000000081600000| Complete 
|  23|0x0000000081700000, 0x0000000081800000, 0x0000000081800000|100%|HC|  |TAMS 0x0000000081800000, 0x0000000081700000| Complete 
|  24|0x0000000081800000, 0x0000000081900000, 0x0000000081900000|100%|HC|  |TAMS 0x0000000081900000, 0x0000000081800000| Complete 
|  25|0x0000000081900000, 0x0000000081a00000, 0x0000000081a00000|100%| O|  |TAMS 0x0000000081a00000, 0x0000000081900000| Untracked 
|  26|0x0000000081a00000, 0x0000000081b00000, 0x0000000081b00000|100%| O|  |TAMS 0x0000000081b00000, 0x0000000081a00000| Untracked 
|  27|0x0000000081b00000, 0x0000000081c00000, 0x0000000081c00000|100%| O|  |TAMS 0x0000000081c00000, 0x0000000081b00000| Untracked 
|  28|0x0000000081c00000, 0x0000000081d00000, 0x0000000081d00000|100%| O|  |TAMS 0x0000000081d00000, 0x0000000081c00000| Untracked 
|  29|0x0000000081d00000, 0x0000000081e00000, 0x0000000081e00000|100%| O|  |TAMS 0x0000000081e00000, 0x0000000081d00000| Untracked 
|  30|0x0000000081e00000, 0x0000000081f00000, 0x0000000081f00000|100%| O|  |TAMS 0x0000000081f00000, 0x0000000081e00000| Untracked 
|  31|0x0000000081f00000, 0x0000000082000000, 0x0000000082000000|100%| O|  |TAMS 0x0000000082000000, 0x0000000081f00000| Untracked 
|  32|0x0000000082000000, 0x0000000082100000, 0x0000000082100000|100%| O|  |TAMS 0x00000000820cae00, 0x0000000082000000| Untracked 
|  33|0x0000000082100000, 0x0000000082200000, 0x0000000082200000|100%|HS|  |TAMS 0x0000000082100000, 0x0000000082100000| Complete 
|  34|0x0000000082200000, 0x0000000082300000, 0x0000000082300000|100%|HC|  |TAMS 0x0000000082200000, 0x0000000082200000| Complete 
|  35|0x0000000082300000, 0x0000000082400000, 0x0000000082400000|100%|HC|  |TAMS 0x0000000082300000, 0x0000000082300000| Complete 
|  36|0x0000000082400000, 0x0000000082500000, 0x0000000082500000|100%| O|  |TAMS 0x0000000082400000, 0x0000000082400000| Untracked 
|  37|0x0000000082500000, 0x00000000825bf600, 0x0000000082600000| 74%| O|  |TAMS 0x0000000082500000, 0x0000000082500000| Untracked 
|  38|0x0000000082600000, 0x0000000082600000, 0x0000000082700000|  0%| F|  |TAMS 0x0000000082600000, 0x0000000082600000| Untracked 
|  39|0x0000000082700000, 0x0000000082700000, 0x0000000082800000|  0%| F|  |TAMS 0x0000000082700000, 0x0000000082700000| Untracked 
|  40|0x0000000082800000, 0x0000000082800000, 0x0000000082900000|  0%| F|  |TAMS 0x0000000082800000, 0x0000000082800000| Untracked 
|  41|0x0000000082900000, 0x0000000082900000, 0x0000000082a00000|  0%| F|  |TAMS 0x0000000082900000, 0x0000000082900000| Untracked 
|  42|0x0000000082a00000, 0x0000000082a00000, 0x0000000082b00000|  0%| F|  |TAMS 0x0000000082a00000, 0x0000000082a00000| Untracked 
|  43|0x0000000082b00000, 0x0000000082b00000, 0x0000000082c00000|  0%| F|  |TAMS 0x0000000082b00000, 0x0000000082b00000| Untracked 
|  44|0x0000000082c00000, 0x0000000082c00000, 0x0000000082d00000|  0%| F|  |TAMS 0x0000000082c00000, 0x0000000082c00000| Untracked 
|  45|0x0000000082d00000, 0x0000000082d00000, 0x0000000082e00000|  0%| F|  |TAMS 0x0000000082d00000, 0x0000000082d00000| Untracked 
|  46|0x0000000082e00000, 0x0000000082e00000, 0x0000000082f00000|  0%| F|  |TAMS 0x0000000082e00000, 0x0000000082e00000| Untracked 
|  47|0x0000000082f00000, 0x0000000082f00000, 0x0000000083000000|  0%| F|  |TAMS 0x0000000082f00000, 0x0000000082f00000| Untracked 
|  48|0x0000000083000000, 0x0000000083000000, 0x0000000083100000|  0%| F|  |TAMS 0x0000000083000000, 0x0000000083000000| Untracked 
|  49|0x0000000083100000, 0x0000000083100000, 0x0000000083200000|  0%| F|  |TAMS 0x0000000083100000, 0x0000000083100000| Untracked 
|  50|0x0000000083200000, 0x0000000083200000, 0x0000000083300000|  0%| F|  |TAMS 0x0000000083200000, 0x0000000083200000| Untracked 
|  51|0x0000000083300000, 0x0000000083300000, 0x0000000083400000|  0%| F|  |TAMS 0x0000000083300000, 0x0000000083300000| Untracked 
|  52|0x0000000083400000, 0x0000000083400000, 0x0000000083500000|  0%| F|  |TAMS 0x0000000083400000, 0x0000000083400000| Untracked 
|  53|0x0000000083500000, 0x0000000083500000, 0x0000000083600000|  0%| F|  |TAMS 0x0000000083500000, 0x0000000083500000| Untracked 
|  54|0x0000000083600000, 0x0000000083600000, 0x0000000083700000|  0%| F|  |TAMS 0x0000000083600000, 0x0000000083600000| Untracked 
|  55|0x0000000083700000, 0x0000000083700000, 0x0000000083800000|  0%| F|  |TAMS 0x0000000083700000, 0x0000000083700000| Untracked 
|  56|0x0000000083800000, 0x0000000083800000, 0x0000000083900000|  0%| F|  |TAMS 0x0000000083800000, 0x0000000083800000| Untracked 
|  57|0x0000000083900000, 0x0000000083900000, 0x0000000083a00000|  0%| F|  |TAMS 0x0000000083900000, 0x0000000083900000| Untracked 
|  58|0x0000000083a00000, 0x0000000083a00000, 0x0000000083b00000|  0%| F|  |TAMS 0x0000000083a00000, 0x0000000083a00000| Untracked 
|  59|0x0000000083b00000, 0x0000000083b00000, 0x0000000083c00000|  0%| F|  |TAMS 0x0000000083b00000, 0x0000000083b00000| Untracked 
|  60|0x0000000083c00000, 0x0000000083c00000, 0x0000000083d00000|  0%| F|  |TAMS 0x0000000083c00000, 0x0000000083c00000| Untracked 
|  61|0x0000000083d00000, 0x0000000083d00000, 0x0000000083e00000|  0%| F|  |TAMS 0x0000000083d00000, 0x0000000083d00000| Untracked 
|  62|0x0000000083e00000, 0x0000000083e00000, 0x0000000083f00000|  0%| F|  |TAMS 0x0000000083e00000, 0x0000000083e00000| Untracked 
|  63|0x0000000083f00000, 0x0000000083f00000, 0x0000000084000000|  0%| F|  |TAMS 0x0000000083f00000, 0x0000000083f00000| Untracked 
|  64|0x0000000084000000, 0x0000000084000000, 0x0000000084100000|  0%| F|  |TAMS 0x0000000084000000, 0x0000000084000000| Untracked 
|  65|0x0000000084100000, 0x0000000084100000, 0x0000000084200000|  0%| F|  |TAMS 0x0000000084100000, 0x0000000084100000| Untracked 
|  66|0x0000000084200000, 0x0000000084200000, 0x0000000084300000|  0%| F|  |TAMS 0x0000000084200000, 0x0000000084200000| Untracked 
|  67|0x0000000084300000, 0x0000000084300000, 0x0000000084400000|  0%| F|  |TAMS 0x0000000084300000, 0x0000000084300000| Untracked 
|  68|0x0000000084400000, 0x0000000084400000, 0x0000000084500000|  0%| F|  |TAMS 0x0000000084400000, 0x0000000084400000| Untracked 
|  69|0x0000000084500000, 0x0000000084500000, 0x0000000084600000|  0%| F|  |TAMS 0x0000000084500000, 0x0000000084500000| Untracked 
|  70|0x0000000084600000, 0x0000000084600000, 0x0000000084700000|  0%| F|  |TAMS 0x0000000084600000, 0x0000000084600000| Untracked 
|  71|0x0000000084700000, 0x0000000084800000, 0x0000000084800000|100%| S|CS|TAMS 0x0000000084700000, 0x0000000084700000| Complete 
|  72|0x0000000084800000, 0x0000000084900000, 0x0000000084900000|100%| S|CS|TAMS 0x0000000084800000, 0x0000000084800000| Complete 
|  73|0x0000000084900000, 0x0000000084a00000, 0x0000000084a00000|100%| S|CS|TAMS 0x0000000084900000, 0x0000000084900000| Complete 
|  74|0x0000000084a00000, 0x0000000084b00000, 0x0000000084b00000|100%| S|CS|TAMS 0x0000000084a00000, 0x0000000084a00000| Complete 
|  75|0x0000000084b00000, 0x0000000084c00000, 0x0000000084c00000|100%| S|CS|TAMS 0x0000000084b00000, 0x0000000084b00000| Complete 
|  76|0x0000000084c00000, 0x0000000084c00000, 0x0000000084d00000|  0%| F|  |TAMS 0x0000000084c00000, 0x0000000084c00000| Untracked 
|  77|0x0000000084d00000, 0x0000000084d00000, 0x0000000084e00000|  0%| F|  |TAMS 0x0000000084d00000, 0x0000000084d00000| Untracked 
|  78|0x0000000084e00000, 0x0000000084e00000, 0x0000000084f00000|  0%| F|  |TAMS 0x0000000084e00000, 0x0000000084e00000| Untracked 
|  79|0x0000000084f00000, 0x0000000084f00000, 0x0000000085000000|  0%| F|  |TAMS 0x0000000084f00000, 0x0000000084f00000| Untracked 
|  80|0x0000000085000000, 0x0000000085000000, 0x0000000085100000|  0%| F|  |TAMS 0x0000000085000000, 0x0000000085000000| Untracked 
|  81|0x0000000085100000, 0x0000000085100000, 0x0000000085200000|  0%| F|  |TAMS 0x0000000085100000, 0x0000000085100000| Untracked 
|  82|0x0000000085200000, 0x0000000085300000, 0x0000000085300000|100%| S|CS|TAMS 0x0000000085200000, 0x0000000085200000| Complete 
|  83|0x0000000085300000, 0x0000000085400000, 0x0000000085400000|100%| S|CS|TAMS 0x0000000085300000, 0x0000000085300000| Complete 
|  84|0x0000000085400000, 0x0000000085400000, 0x0000000085500000|  0%| F|  |TAMS 0x0000000085400000, 0x0000000085400000| Untracked 
|  85|0x0000000085500000, 0x0000000085500000, 0x0000000085600000|  0%| F|  |TAMS 0x0000000085500000, 0x0000000085500000| Untracked 
|  86|0x0000000085600000, 0x0000000085600000, 0x0000000085700000|  0%| F|  |TAMS 0x0000000085600000, 0x0000000085600000| Untracked 
|  87|0x0000000085700000, 0x0000000085700000, 0x0000000085800000|  0%| F|  |TAMS 0x0000000085700000, 0x0000000085700000| Untracked 
|  88|0x0000000085800000, 0x0000000085800000, 0x0000000085900000|  0%| F|  |TAMS 0x0000000085800000, 0x0000000085800000| Untracked 
|  89|0x0000000085900000, 0x0000000085900000, 0x0000000085a00000|  0%| F|  |TAMS 0x0000000085900000, 0x0000000085900000| Untracked 
|  90|0x0000000085a00000, 0x0000000085a00000, 0x0000000085b00000|  0%| F|  |TAMS 0x0000000085a00000, 0x0000000085a00000| Untracked 
|  91|0x0000000085b00000, 0x0000000085b00000, 0x0000000085c00000|  0%| F|  |TAMS 0x0000000085b00000, 0x0000000085b00000| Untracked 
|  92|0x0000000085c00000, 0x0000000085c00000, 0x0000000085d00000|  0%| F|  |TAMS 0x0000000085c00000, 0x0000000085c00000| Untracked 
|  93|0x0000000085d00000, 0x0000000085d00000, 0x0000000085e00000|  0%| F|  |TAMS 0x0000000085d00000, 0x0000000085d00000| Untracked 
|  94|0x0000000085e00000, 0x0000000085e00000, 0x0000000085f00000|  0%| F|  |TAMS 0x0000000085e00000, 0x0000000085e00000| Untracked 
|  95|0x0000000085f00000, 0x0000000085f00000, 0x0000000086000000|  0%| F|  |TAMS 0x0000000085f00000, 0x0000000085f00000| Untracked 
|  96|0x0000000086000000, 0x0000000086000000, 0x0000000086100000|  0%| F|  |TAMS 0x0000000086000000, 0x0000000086000000| Untracked 
|  97|0x0000000086100000, 0x0000000086100000, 0x0000000086200000|  0%| F|  |TAMS 0x0000000086100000, 0x0000000086100000| Untracked 
|  98|0x0000000086200000, 0x0000000086200000, 0x0000000086300000|  0%| F|  |TAMS 0x0000000086200000, 0x0000000086200000| Untracked 
|  99|0x0000000086300000, 0x0000000086300000, 0x0000000086400000|  0%| F|  |TAMS 0x0000000086300000, 0x0000000086300000| Untracked 
| 100|0x0000000086400000, 0x0000000086400000, 0x0000000086500000|  0%| F|  |TAMS 0x0000000086400000, 0x0000000086400000| Untracked 
| 101|0x0000000086500000, 0x0000000086500000, 0x0000000086600000|  0%| F|  |TAMS 0x0000000086500000, 0x0000000086500000| Untracked 
| 102|0x0000000086600000, 0x0000000086600000, 0x0000000086700000|  0%| F|  |TAMS 0x0000000086600000, 0x0000000086600000| Untracked 
| 103|0x0000000086700000, 0x0000000086700000, 0x0000000086800000|  0%| F|  |TAMS 0x0000000086700000, 0x0000000086700000| Untracked 
| 104|0x0000000086800000, 0x0000000086800000, 0x0000000086900000|  0%| F|  |TAMS 0x0000000086800000, 0x0000000086800000| Untracked 
| 105|0x0000000086900000, 0x0000000086900000, 0x0000000086a00000|  0%| F|  |TAMS 0x0000000086900000, 0x0000000086900000| Untracked 
| 106|0x0000000086a00000, 0x0000000086a00000, 0x0000000086b00000|  0%| F|  |TAMS 0x0000000086a00000, 0x0000000086a00000| Untracked 
| 107|0x0000000086b00000, 0x0000000086b00000, 0x0000000086c00000|  0%| F|  |TAMS 0x0000000086b00000, 0x0000000086b00000| Untracked 
| 108|0x0000000086c00000, 0x0000000086c00000, 0x0000000086d00000|  0%| F|  |TAMS 0x0000000086c00000, 0x0000000086c00000| Untracked 
| 109|0x0000000086d00000, 0x0000000086d00000, 0x0000000086e00000|  0%| F|  |TAMS 0x0000000086d00000, 0x0000000086d00000| Untracked 
| 110|0x0000000086e00000, 0x0000000086e00000, 0x0000000086f00000|  0%| F|  |TAMS 0x0000000086e00000, 0x0000000086e00000| Untracked 
| 111|0x0000000086f00000, 0x0000000086f00000, 0x0000000087000000|  0%| F|  |TAMS 0x0000000086f00000, 0x0000000086f00000| Untracked 
| 112|0x0000000087000000, 0x0000000087000000, 0x0000000087100000|  0%| F|  |TAMS 0x0000000087000000, 0x0000000087000000| Untracked 
| 113|0x0000000087100000, 0x0000000087100000, 0x0000000087200000|  0%| F|  |TAMS 0x0000000087100000, 0x0000000087100000| Untracked 
| 114|0x0000000087200000, 0x0000000087200000, 0x0000000087300000|  0%| F|  |TAMS 0x0000000087200000, 0x0000000087200000| Untracked 
| 115|0x0000000087300000, 0x0000000087300000, 0x0000000087400000|  0%| F|  |TAMS 0x0000000087300000, 0x0000000087300000| Untracked 
| 116|0x0000000087400000, 0x0000000087400000, 0x0000000087500000|  0%| F|  |TAMS 0x0000000087400000, 0x0000000087400000| Untracked 
| 117|0x0000000087500000, 0x0000000087500000, 0x0000000087600000|  0%| F|  |TAMS 0x0000000087500000, 0x0000000087500000| Untracked 
| 118|0x0000000087600000, 0x0000000087600000, 0x0000000087700000|  0%| F|  |TAMS 0x0000000087600000, 0x0000000087600000| Untracked 
| 119|0x0000000087700000, 0x0000000087700000, 0x0000000087800000|  0%| F|  |TAMS 0x0000000087700000, 0x0000000087700000| Untracked 
| 120|0x0000000087800000, 0x0000000087800000, 0x0000000087900000|  0%| F|  |TAMS 0x0000000087800000, 0x0000000087800000| Untracked 
| 121|0x0000000087900000, 0x0000000087900000, 0x0000000087a00000|  0%| F|  |TAMS 0x0000000087900000, 0x0000000087900000| Untracked 
| 122|0x0000000087a00000, 0x0000000087a00000, 0x0000000087b00000|  0%| F|  |TAMS 0x0000000087a00000, 0x0000000087a00000| Untracked 
| 123|0x0000000087b00000, 0x0000000087b00000, 0x0000000087c00000|  0%| F|  |TAMS 0x0000000087b00000, 0x0000000087b00000| Untracked 
| 124|0x0000000087c00000, 0x0000000087c00000, 0x0000000087d00000|  0%| F|  |TAMS 0x0000000087c00000, 0x0000000087c00000| Untracked 
| 125|0x0000000087d00000, 0x0000000087d00000, 0x0000000087e00000|  0%| F|  |TAMS 0x0000000087d00000, 0x0000000087d00000| Untracked 
| 126|0x0000000087e00000, 0x0000000087e00000, 0x0000000087f00000|  0%| F|  |TAMS 0x0000000087e00000, 0x0000000087e00000| Untracked 
| 127|0x0000000087f00000, 0x0000000087f00000, 0x0000000088000000|  0%| F|  |TAMS 0x0000000087f00000, 0x0000000087f00000| Untracked 

Card table byte_map: [0x0000021d19f60000,0x0000021d1a360000] _byte_map_base: 0x0000021d19b60000

Marking Bits (Prev, Next): (CMBitMap*) 0x0000021d06a6cf00, (CMBitMap*) 0x0000021d06a6cec8
 Prev Bits: [0x0000021d1c760000, 0x0000021d1e760000)
 Next Bits: [0x0000021d1a760000, 0x0000021d1c760000)

Polling page: 0x0000021d05220000

Metaspace:

Usage:
  Non-class:     37.57 MB capacity,    36.74 MB ( 98%) used,   735.27 KB (  2%) free+waste,   109.81 KB ( <1%) overhead. 
      Class:      5.86 MB capacity,     5.42 MB ( 93%) used,   395.59 KB (  7%) free+waste,    53.44 KB ( <1%) overhead. 
       Both:     43.43 MB capacity,    42.16 MB ( 97%) used,     1.10 MB (  3%) free+waste,   163.25 KB ( <1%) overhead. 

Virtual space:
  Non-class space:       38.00 MB reserved,      37.57 MB ( 99%) committed 
      Class space:        1.00 GB reserved,       5.95 MB ( <1%) committed 
             Both:        1.04 GB reserved,      43.52 MB (  4%) committed 

Chunk freelists:
   Non-Class:  1.00 KB
       Class:  18.00 KB
        Both:  19.00 KB

MaxMetaspaceSize: 17179869184.00 GB
CompressedClassSpaceSize: 1.00 GB

CodeHeap 'non-profiled nmethods': size=120064Kb used=2253Kb max_used=2253Kb free=117810Kb
 bounds [0x0000021d11ff0000, 0x0000021d12260000, 0x0000021d19530000]
CodeHeap 'profiled nmethods': size=120000Kb used=8409Kb max_used=8409Kb free=111590Kb
 bounds [0x0000021d0aac0000, 0x0000021d0b300000, 0x0000021d11ff0000]
CodeHeap 'non-nmethods': size=5696Kb used=2205Kb max_used=2246Kb free=3490Kb
 bounds [0x0000021d0a530000, 0x0000021d0a7a0000, 0x0000021d0aac0000]
 total_blobs=4737 nmethods=3962 adapters=685
 compilation: enabled
              stopped_count=0, restarted_count=0
 full_count=0

Compilation events (20 events):
Event: 19.307 Thread 0x0000021d20dc6800 3973       1       sun.reflect.generics.tree.MethodTypeSignature::getExceptionTypes (5 bytes)
Event: 19.307 Thread 0x0000021d20dc6800 nmethod 3973 0x0000021d12223410 code [0x0000021d122235c0, 0x0000021d12223678]
Event: 19.308 Thread 0x0000021d20dc6800 3974       3       sun.reflect.generics.reflectiveObjects.WildcardTypeImpl::getLowerBounds (34 bytes)
Event: 19.308 Thread 0x0000021d20dc6800 nmethod 3974 0x0000021d0b2ead90 code [0x0000021d0b2eaf80, 0x0000021d0b2eb5b8]
Event: 19.308 Thread 0x0000021d20dc6800 3976       3       com.sun.beans.introspect.PropertyInfo::getInfo (61 bytes)
Event: 19.309 Thread 0x0000021d20dc6800 nmethod 3976 0x0000021d0b2eb710 code [0x0000021d0b2eb920, 0x0000021d0b2ebff8]
Event: 19.309 Thread 0x0000021d20dc6800 3975       3       sun.reflect.generics.tree.BottomSignature::make (4 bytes)
Event: 19.309 Thread 0x0000021d20dc6800 nmethod 3975 0x0000021d0b2ec210 code [0x0000021d0b2ec3c0, 0x0000021d0b2ec4b8]
Event: 19.317 Thread 0x0000021d20dc6800 3977   !   3       com.sun.beans.introspect.PropertyInfo::initialize (374 bytes)
Event: 19.323 Thread 0x0000021d20dc6800 nmethod 3977 0x0000021d0b2ec510 code [0x0000021d0b2ecba0, 0x0000021d0b2f03a8]
Event: 19.323 Thread 0x0000021d20dc6800 3978       3       java.lang.reflect.Proxy::newProxyInstance (35 bytes)
Event: 19.324 Thread 0x0000021d20dc6800 nmethod 3978 0x0000021d0b2f1c90 code [0x0000021d0b2f1ea0, 0x0000021d0b2f2238]
Event: 19.324 Thread 0x0000021d20dc6800 3979       3       java.lang.reflect.Proxy::getProxyConstructor (92 bytes)
Event: 19.326 Thread 0x0000021d20dc6800 nmethod 3979 0x0000021d0b2f2410 code [0x0000021d0b2f2720, 0x0000021d0b2f3cc8]
Event: 19.326 Thread 0x0000021d20dc6800 3980   !   3       java.lang.reflect.Proxy::newProxyInstance (75 bytes)
Event: 19.327 Thread 0x0000021d20dc6800 nmethod 3980 0x0000021d0b2f4290 code [0x0000021d0b2f4540, 0x0000021d0b2f52b8]
Event: 19.327 Thread 0x0000021d20dc6800 3981       3       java.lang.reflect.Proxy::<init> (15 bytes)
Event: 19.327 Thread 0x0000021d20dc6800 nmethod 3981 0x0000021d0b2f5990 code [0x0000021d0b2f5b60, 0x0000021d0b2f5e68]
Event: 19.327 Thread 0x0000021d20dc6800 3982       3       org.codehaus.groovy.reflection.CachedField::isStatic (8 bytes)
Event: 19.328 Thread 0x0000021d20dc6800 nmethod 3982 0x0000021d0b2f5f90 code [0x0000021d0b2f6160, 0x0000021d0b2f6398]

GC Heap History (19 events):
Event: 1.629 GC heap before
{Heap before GC invocations=0 (full 0):
 garbage-first heap   total 131072K, used 20480K [0x0000000080000000, 0x0000000100000000)
  region size 1024K, 14 young (14336K), 0 survivors (0K)
 Metaspace       used 6730K, capacity 6925K, committed 7168K, reserved 1056768K
  class space    used 582K, capacity 650K, committed 768K, reserved 1048576K
}
Event: 1.637 GC heap after
{Heap after GC invocations=1 (full 0):
 garbage-first heap   total 131072K, used 7588K [0x0000000080000000, 0x0000000100000000)
  region size 1024K, 2 young (2048K), 2 survivors (2048K)
 Metaspace       used 6730K, capacity 6925K, committed 7168K, reserved 1056768K
  class space    used 582K, capacity 650K, committed 768K, reserved 1048576K
}
Event: 2.473 GC heap before
{Heap before GC invocations=1 (full 0):
 garbage-first heap   total 131072K, used 19876K [0x0000000080000000, 0x0000000100000000)
  region size 1024K, 14 young (14336K), 2 survivors (2048K)
 Metaspace       used 9901K, capacity 10118K, committed 10368K, reserved 1058816K
  class space    used 1028K, capacity 1102K, committed 1152K, reserved 1048576K
}
Event: 2.479 GC heap after
{Heap after GC invocations=2 (full 0):
 garbage-first heap   total 131072K, used 9386K [0x0000000080000000, 0x0000000100000000)
  region size 1024K, 2 young (2048K), 2 survivors (2048K)
 Metaspace       used 9901K, capacity 10118K, committed 10368K, reserved 1058816K
  class space    used 1028K, capacity 1102K, committed 1152K, reserved 1048576K
}
Event: 3.600 GC heap before
{Heap before GC invocations=2 (full 0):
 garbage-first heap   total 131072K, used 39082K [0x0000000080000000, 0x0000000100000000)
  region size 1024K, 31 young (31744K), 2 survivors (2048K)
 Metaspace       used 10835K, capacity 11009K, committed 11264K, reserved 1058816K
  class space    used 1131K, capacity 1207K, committed 1280K, reserved 1048576K
}
Event: 3.605 GC heap after
{Heap after GC invocations=3 (full 0):
 garbage-first heap   total 131072K, used 11894K [0x0000000080000000, 0x0000000100000000)
  region size 1024K, 3 young (3072K), 3 survivors (3072K)
 Metaspace       used 10835K, capacity 11009K, committed 11264K, reserved 1058816K
  class space    used 1131K, capacity 1207K, committed 1280K, reserved 1048576K
}
Event: 7.664 GC heap before
{Heap before GC invocations=3 (full 0):
 garbage-first heap   total 131072K, used 58998K [0x0000000080000000, 0x0000000100000000)
  region size 1024K, 49 young (50176K), 3 survivors (3072K)
 Metaspace       used 18591K, capacity 19042K, committed 19328K, reserved 1067008K
  class space    used 2217K, capacity 2366K, committed 2432K, reserved 1048576K
}
Event: 7.682 GC heap after
{Heap after GC invocations=4 (full 0):
 garbage-first heap   total 131072K, used 16416K [0x0000000080000000, 0x0000000100000000)
  region size 1024K, 7 young (7168K), 7 survivors (7168K)
 Metaspace       used 18591K, capacity 19042K, committed 19328K, reserved 1067008K
  class space    used 2217K, capacity 2366K, committed 2432K, reserved 1048576K
}
Event: 8.378 GC heap before
{Heap before GC invocations=4 (full 0):
 garbage-first heap   total 131072K, used 33824K [0x0000000080000000, 0x0000000100000000)
  region size 1024K, 25 young (25600K), 7 survivors (7168K)
 Metaspace       used 20672K, capacity 21116K, committed 21296K, reserved 1069056K
  class space    used 2528K, capacity 2674K, committed 2688K, reserved 1048576K
}
Event: 8.406 GC heap after
{Heap after GC invocations=5 (full 0):
 garbage-first heap   total 131072K, used 17263K [0x0000000080000000, 0x0000000100000000)
  region size 1024K, 1 young (1024K), 1 survivors (1024K)
 Metaspace       used 20672K, capacity 21116K, committed 21296K, reserved 1069056K
  class space    used 2528K, capacity 2674K, committed 2688K, reserved 1048576K
}
Event: 10.168 GC heap before
{Heap before GC invocations=6 (full 0):
 garbage-first heap   total 131072K, used 65391K [0x0000000080000000, 0x0000000100000000)
  region size 1024K, 48 young (49152K), 1 survivors (1024K)
 Metaspace       used 25488K, capacity 26109K, committed 26288K, reserved 1073152K
  class space    used 3306K, capacity 3514K, committed 3584K, reserved 1048576K
}
Event: 10.178 GC heap after
{Heap after GC invocations=7 (full 0):
 garbage-first heap   total 131072K, used 18837K [0x0000000080000000, 0x0000000100000000)
  region size 1024K, 3 young (3072K), 3 survivors (3072K)
 Metaspace       used 25488K, capacity 26109K, committed 26288K, reserved 1073152K
  class space    used 3306K, capacity 3514K, committed 3584K, reserved 1048576K
}
Event: 13.029 GC heap before
{Heap before GC invocations=7 (full 0):
 garbage-first heap   total 131072K, used 79253K [0x0000000080000000, 0x0000000100000000)
  region size 1024K, 53 young (54272K), 3 survivors (3072K)
 Metaspace       used 29895K, capacity 30702K, committed 30896K, reserved 1075200K
  class space    used 4003K, capacity 4321K, committed 4352K, reserved 1048576K
}
Event: 13.039 GC heap after
{Heap after GC invocations=8 (full 0):
 garbage-first heap   total 131072K, used 32848K [0x0000000080000000, 0x0000000100000000)
  region size 1024K, 7 young (7168K), 7 survivors (7168K)
 Metaspace       used 29895K, capacity 30702K, committed 30896K, reserved 1075200K
  class space    used 4003K, capacity 4321K, committed 4352K, reserved 1048576K
}
Event: 14.607 GC heap before
{Heap before GC invocations=8 (full 0):
 garbage-first heap   total 131072K, used 58448K [0x0000000080000000, 0x0000000100000000)
  region size 1024K, 33 young (33792K), 7 survivors (7168K)
 Metaspace       used 34614K, capacity 35554K, committed 35632K, reserved 1079296K
  class space    used 4543K, capacity 4917K, committed 4992K, reserved 1048576K
}
Event: 14.636 GC heap after
{Heap after GC invocations=9 (full 0):
 garbage-first heap   total 131072K, used 35357K [0x0000000080000000, 0x0000000100000000)
  region size 1024K, 3 young (3072K), 3 survivors (3072K)
 Metaspace       used 34614K, capacity 35554K, committed 35632K, reserved 1079296K
  class space    used 4543K, capacity 4917K, committed 4992K, reserved 1048576K
}
Event: 16.816 GC heap before
{Heap before GC invocations=10 (full 0):
 garbage-first heap   total 131072K, used 81437K [0x0000000080000000, 0x0000000100000000)
  region size 1024K, 46 young (47104K), 3 survivors (3072K)
 Metaspace       used 40066K, capacity 41154K, committed 41492K, reserved 1085440K
  class space    used 5077K, capacity 5479K, committed 5580K, reserved 1048576K
}
Event: 16.842 GC heap after
{Heap after GC invocations=11 (full 0):
 garbage-first heap   total 131072K, used 39723K [0x0000000080000000, 0x0000000100000000)
  region size 1024K, 6 young (6144K), 6 survivors (6144K)
 Metaspace       used 40066K, capacity 41154K, committed 41492K, reserved 1085440K
  class space    used 5077K, capacity 5479K, committed 5580K, reserved 1048576K
}
Event: 19.330 GC heap before
{Heap before GC invocations=12 (full 0):
 garbage-first heap   total 131072K, used 86827K [0x0000000080000000, 0x0000000100000000)
  region size 1024K, 50 young (51200K), 6 survivors (6144K)
 Metaspace       used 43174K, capacity 44469K, committed 44564K, reserved 1087488K
  class space    used 5548K, capacity 5998K, committed 6092K, reserved 1048576K
}

Deoptimization events (20 events):
Event: 18.569 Thread 0x0000021d22ca4800 DEOPT PACKING pc=0x0000021d121abeb0 sp=0x00000039228fec20
Event: 18.569 Thread 0x0000021d22ca4800 DEOPT UNPACKING pc=0x0000021d0a55662f sp=0x00000039228feb60 mode 2
Event: 18.953 Thread 0x0000021d239c9000 DEOPT PACKING pc=0x0000021d0ab7ea9b sp=0x0000003922df9300
Event: 18.953 Thread 0x0000021d239c9000 DEOPT UNPACKING pc=0x0000021d0a556dde sp=0x0000003922df8840 mode 0
Event: 19.120 Thread 0x0000021d239c9000 DEOPT PACKING pc=0x0000021d0af92e2a sp=0x0000003922df4960
Event: 19.120 Thread 0x0000021d239c9000 DEOPT UNPACKING pc=0x0000021d0a556dde sp=0x0000003922df3f38 mode 0
Event: 19.132 Thread 0x0000021d239c9000 DEOPT PACKING pc=0x0000021d0af92e2a sp=0x0000003922df4960
Event: 19.132 Thread 0x0000021d239c9000 DEOPT UNPACKING pc=0x0000021d0a556dde sp=0x0000003922df3f38 mode 0
Event: 19.140 Thread 0x0000021d239c9000 Uncommon trap: trap_request=0xffffff4d fr.pc=0x0000021d12061d74 relative=0x0000000000001874
Event: 19.140 Thread 0x0000021d239c9000 Uncommon trap: reason=unstable_if action=reinterpret pc=0x0000021d12061d74 method=java.util.zip.ZipFile$Source.initCEN(ILjava/util/zip/ZipCoder;)V @ 582 c2
Event: 19.140 Thread 0x0000021d239c9000 DEOPT PACKING pc=0x0000021d12061d74 sp=0x0000003922df4a70
Event: 19.140 Thread 0x0000021d239c9000 DEOPT UNPACKING pc=0x0000021d0a55662f sp=0x0000003922df4a40 mode 2
Event: 19.142 Thread 0x0000021d239c9000 Uncommon trap: trap_request=0xffffff4d fr.pc=0x0000021d1211f79c relative=0x00000000000053bc
Event: 19.142 Thread 0x0000021d239c9000 Uncommon trap: reason=unstable_if action=reinterpret pc=0x0000021d1211f79c method=java.lang.StringLatin1.regionMatchesCI([BI[BII)Z @ 66 c2
Event: 19.142 Thread 0x0000021d239c9000 DEOPT PACKING pc=0x0000021d1211f79c sp=0x0000003922df86a0
Event: 19.142 Thread 0x0000021d239c9000 DEOPT UNPACKING pc=0x0000021d0a55662f sp=0x0000003922df8450 mode 2
Event: 19.276 Thread 0x0000021d239c9000 Uncommon trap: trap_request=0xffffff4d fr.pc=0x0000021d1203f2fc relative=0x000000000000059c
Event: 19.276 Thread 0x0000021d239c9000 Uncommon trap: reason=unstable_if action=reinterpret pc=0x0000021d1203f2fc method=java.util.jar.Manifest$FastInputStream.readLine([BII)I @ 130 c2
Event: 19.276 Thread 0x0000021d239c9000 DEOPT PACKING pc=0x0000021d1203f2fc sp=0x0000003922df6590
Event: 19.276 Thread 0x0000021d239c9000 DEOPT UNPACKING pc=0x0000021d0a55662f sp=0x0000003922df6520 mode 2

Classes redefined (0 events):
No events

Internal exceptions (20 events):
Event: 18.757 Thread 0x0000021d239c9000 Exception <a 'java/lang/ClassNotFoundException'{0x0000000085b922d8}: ijinit_7grc53zwmga0n3r5bn0i6v3bc$_run_closure1Customizer> (0x0000000085b922d8) thrown at [./src/hotspot/share/classfile/systemDictionary.cpp, line 231]
Event: 19.099 Thread 0x0000021d239c9000 Exception <a 'java/lang/ClassNotFoundException'{0x0000000085af5aa0}: ijinit_7grc53zwmga0n3r5bn0i6v3bcBeanInfo> (0x0000000085af5aa0) thrown at [./src/hotspot/share/classfile/systemDictionary.cpp, line 231]
Event: 19.100 Thread 0x0000021d239c9000 Exception <a 'java/lang/ClassNotFoundException'{0x00000000859012d0}: ijinit_7grc53zwmga0n3r5bn0i6v3bcCustomizer> (0x00000000859012d0) thrown at [./src/hotspot/share/classfile/systemDictionary.cpp, line 231]
Event: 19.140 Thread 0x0000021d239c9000 Implicit null exception at 0x0000021d12060ec1 to 0x0000021d12061d5c
Event: 19.174 Thread 0x0000021d239c9000 Exception <a 'java/lang/ClassNotFoundException'{0x000000008589d8a8}: org/gradle/api/internal/plugins/DefaultObjectConfigurationActionBeanInfo> (0x000000008589d8a8) thrown at [./src/hotspot/share/classfile/systemDictionary.cpp, line 231]
Event: 19.175 Thread 0x0000021d239c9000 Exception <a 'java/lang/ClassNotFoundException'{0x00000000858c8c18}: org/gradle/api/internal/plugins/DefaultObjectConfigurationActionCustomizer> (0x00000000858c8c18) thrown at [./src/hotspot/share/classfile/systemDictionary.cpp, line 231]
Event: 19.217 Thread 0x0000021d239c9000 Exception <a 'java/lang/ClassNotFoundException'{0x00000000857bc968}: JetGradlePluginBeanInfo> (0x00000000857bc968) thrown at [./src/hotspot/share/classfile/systemDictionary.cpp, line 231]
Event: 19.218 Thread 0x0000021d239c9000 Exception <a 'java/lang/ClassNotFoundException'{0x00000000857c8a20}: JetGradlePluginCustomizer> (0x00000000857c8a20) thrown at [./src/hotspot/share/classfile/systemDictionary.cpp, line 231]
Event: 19.223 Thread 0x0000021d239c9000 Exception <a 'java/lang/ClassNotFoundException'{0x000000008561fc48}: groovy/lang/ReferenceBeanInfo> (0x000000008561fc48) thrown at [./src/hotspot/share/classfile/systemDictionary.cpp, line 231]
Event: 19.225 Thread 0x0000021d239c9000 Exception <a 'java/lang/ClassNotFoundException'{0x0000000085656d40}: groovy/lang/ReferenceCustomizer> (0x0000000085656d40) thrown at [./src/hotspot/share/classfile/systemDictionary.cpp, line 231]
Event: 19.233 Thread 0x0000021d239c9000 Exception <a 'java/lang/ClassNotFoundException'{0x0000000085694898}: RegistryProcessorBeanInfo> (0x0000000085694898) thrown at [./src/hotspot/share/classfile/systemDictionary.cpp, line 231]
Event: 19.234 Thread 0x0000021d239c9000 Exception <a 'java/lang/ClassNotFoundException'{0x00000000856a06a0}: RegistryProcessorCustomizer> (0x00000000856a06a0) thrown at [./src/hotspot/share/classfile/systemDictionary.cpp, line 231]
Event: 19.240 Thread 0x0000021d239c9000 Exception <a 'java/lang/ClassNotFoundException'{0x00000000856fdfd0}: org/gradle/util/GradleVersionBeanInfo> (0x00000000856fdfd0) thrown at [./src/hotspot/share/classfile/systemDictionary.cpp, line 231]
Event: 19.242 Thread 0x0000021d239c9000 Exception <a 'java/lang/ClassNotFoundException'{0x00000000855237c8}: org/gradle/util/GradleVersionCustomizer> (0x00000000855237c8) thrown at [./src/hotspot/share/classfile/systemDictionary.cpp, line 231]
Event: 19.266 Thread 0x0000021d239c9000 Exception <a 'java/lang/ClassNotFoundException'{0x00000000855885f8}: org/gradle/util/internal/DefaultGradleVersionBeanInfo> (0x00000000855885f8) thrown at [./src/hotspot/share/classfile/systemDictionary.cpp, line 231]
Event: 19.267 Thread 0x0000021d239c9000 Exception <a 'java/lang/ClassNotFoundException'{0x00000000855b1f60}: org/gradle/util/internal/DefaultGradleVersionCustomizer> (0x00000000855b1f60) thrown at [./src/hotspot/share/classfile/systemDictionary.cpp, line 231]
Event: 19.292 Thread 0x0000021d239c9000 Exception <a 'java/lang/ClassNotFoundException'{0x000000008542aa08}: org/jetbrains/plugins/gradle/tooling/internal/ExtraModelBuilderBeanInfo> (0x000000008542aa08) thrown at [./src/hotspot/share/classfile/systemDictionary.cpp, line 231]
Event: 19.292 Thread 0x0000021d239c9000 Exception <a 'java/lang/ClassNotFoundException'{0x0000000085436cb8}: org/jetbrains/plugins/gradle/tooling/internal/ExtraModelBuilderCustomizer> (0x0000000085436cb8) thrown at [./src/hotspot/share/classfile/systemDictionary.cpp, line 231]
Event: 19.305 Thread 0x0000021d239c9000 Exception <a 'java/lang/ClassNotFoundException'{0x0000000085480950}: java/lang/ClassBeanInfo> (0x0000000085480950) thrown at [./src/hotspot/share/classfile/systemDictionary.cpp, line 231]
Event: 19.305 Thread 0x0000021d239c9000 Exception <a 'java/lang/ClassNotFoundException'{0x0000000085488988}: java/lang/ClassCustomizer> (0x0000000085488988) thrown at [./src/hotspot/share/classfile/systemDictionary.cpp, line 231]

Events (20 events):
Event: 19.296 loading class org/jetbrains/plugins/gradle/tooling/ErrorMessageBuilder done
Event: 19.297 loading class groovy/runtime/metaclass/java/lang/ClassMetaClass
Event: 19.297 loading class groovy/runtime/metaclass/java/lang/ClassMetaClass done
Event: 19.304 loading class java/lang/ClassBeanInfo
Event: 19.304 loading class java/lang/ClassBeanInfo done
Event: 19.305 loading class java/lang/ClassBeanInfo
Event: 19.305 loading class java/lang/ClassBeanInfo done
Event: 19.305 loading class java/lang/ClassCustomizer
Event: 19.305 loading class java/lang/ClassCustomizer done
Event: 19.305 loading class java/lang/ClassCustomizer
Event: 19.305 loading class java/lang/ClassCustomizer done
Event: 19.306 loading class sun/reflect/generics/tree/BooleanSignature
Event: 19.306 loading class sun/reflect/generics/tree/BooleanSignature done
Event: 19.306 loading class sun/reflect/generics/reflectiveObjects/GenericArrayTypeImpl
Event: 19.306 loading class sun/reflect/generics/reflectiveObjects/GenericArrayTypeImpl done
Event: 19.309 loading class jdk/internal/vm/annotation/ForceInline
Event: 19.315 loading class jdk/internal/vm/annotation/ForceInline done
Event: 19.330 loading class groovy/runtime/metaclass/java/lang/StringMetaClass
Event: 19.330 loading class groovy/runtime/metaclass/java/lang/StringMetaClass done
Event: 19.330 Executing VM operation: G1CollectForAllocation


Dynamic libraries:
0x00007ff6bef70000 - 0x00007ff6bef7a000 	D:\Android\jre\bin\java.exe
0x00007fff26f30000 - 0x00007fff27125000 	C:\WINDOWS\SYSTEM32\ntdll.dll
0x00007fff26110000 - 0x00007fff261ce000 	C:\WINDOWS\System32\KERNEL32.DLL
0x00007fff24870000 - 0x00007fff24b38000 	C:\WINDOWS\System32\KERNELBASE.dll
0x00007fff24db0000 - 0x00007fff24eb0000 	C:\WINDOWS\System32\ucrtbase.dll
0x00007fff1ddb0000 - 0x00007fff1ddc9000 	D:\Android\jre\bin\jli.dll
0x00007fff269c0000 - 0x00007fff26b60000 	C:\WINDOWS\System32\USER32.dll
0x00007fff24d80000 - 0x00007fff24da2000 	C:\WINDOWS\System32\win32u.dll
0x00007fff19c10000 - 0x00007fff19c27000 	D:\Android\jre\bin\VCRUNTIME140.dll
0x00007fff26b60000 - 0x00007fff26b8a000 	C:\WINDOWS\System32\GDI32.dll
0x00007fff246c0000 - 0x00007fff247cb000 	C:\WINDOWS\System32\gdi32full.dll
0x00007fff247d0000 - 0x00007fff2486d000 	C:\WINDOWS\System32\msvcp_win.dll
0x00007fff16450000 - 0x00007fff166ea000 	C:\WINDOWS\WinSxS\amd64_microsoft.windows.common-controls_6595b64144ccf1df_6.0.19041.1110_none_60b5254171f9507e\COMCTL32.dll
0x00007fff25790000 - 0x00007fff2582e000 	C:\WINDOWS\System32\msvcrt.dll
0x00007fff25830000 - 0x00007fff25860000 	C:\WINDOWS\System32\IMM32.DLL
0x00007ffef2140000 - 0x00007ffef21dd000 	D:\Android\jre\bin\msvcp140.dll
0x00007ffed55b0000 - 0x00007ffed6085000 	D:\Android\jre\bin\server\jvm.dll
0x00007fff26060000 - 0x00007fff2610e000 	C:\WINDOWS\System32\ADVAPI32.dll
0x00007fff26330000 - 0x00007fff263cc000 	C:\WINDOWS\System32\sechost.dll
0x00007fff26dc0000 - 0x00007fff26ee5000 	C:\WINDOWS\System32\RPCRT4.dll
0x00007fff264c0000 - 0x00007fff264c8000 	C:\WINDOWS\System32\PSAPI.DLL
0x00007fff167d0000 - 0x00007fff167f7000 	C:\WINDOWS\SYSTEM32\WINMM.dll
0x00007fff1f130000 - 0x00007fff1f139000 	C:\WINDOWS\SYSTEM32\WSOCK32.dll
0x00007fff26430000 - 0x00007fff2649b000 	C:\WINDOWS\System32\WS2_32.dll
0x00007fff12e30000 - 0x00007fff12e3a000 	C:\WINDOWS\SYSTEM32\VERSION.dll
0x00007fff22570000 - 0x00007fff22582000 	C:\WINDOWS\SYSTEM32\kernel.appcore.dll
0x00007fff1f5d0000 - 0x00007fff1f5e1000 	D:\Android\jre\bin\verify.dll
0x00007fff11fa0000 - 0x00007fff12184000 	C:\WINDOWS\SYSTEM32\DBGHELP.DLL
0x00007fff11f40000 - 0x00007fff11f6c000 	C:\WINDOWS\SYSTEM32\dbgcore.DLL
0x00007fff24f00000 - 0x00007fff24f82000 	C:\WINDOWS\System32\bcryptPrimitives.dll
0x00007fff1e3c0000 - 0x00007fff1e3e9000 	D:\Android\jre\bin\java.dll
0x00007fff21270000 - 0x00007fff2127b000 	D:\Android\jre\bin\jimage.dll
0x00007fff1e380000 - 0x00007fff1e398000 	D:\Android\jre\bin\zip.dll
0x00007fff24f90000 - 0x00007fff256d4000 	C:\WINDOWS\System32\SHELL32.dll
0x00007fff22770000 - 0x00007fff22f04000 	C:\WINDOWS\SYSTEM32\windows.storage.dll
0x00007fff264d0000 - 0x00007fff26824000 	C:\WINDOWS\System32\combase.dll
0x00007fff240c0000 - 0x00007fff240ec000 	C:\WINDOWS\SYSTEM32\Wldp.dll
0x00007fff25e90000 - 0x00007fff25f3d000 	C:\WINDOWS\System32\SHCORE.dll
0x00007fff26d40000 - 0x00007fff26d95000 	C:\WINDOWS\System32\shlwapi.dll
0x00007fff24590000 - 0x00007fff245af000 	C:\WINDOWS\SYSTEM32\profapi.dll
0x00007fff1e330000 - 0x00007fff1e34a000 	D:\Android\jre\bin\net.dll
0x00007fff15f70000 - 0x00007fff1607a000 	C:\WINDOWS\SYSTEM32\WINHTTP.dll
0x00007fff23e20000 - 0x00007fff23e8a000 	C:\WINDOWS\system32\mswsock.dll
0x00007fff1e310000 - 0x00007fff1e324000 	D:\Android\jre\bin\nio.dll
0x00007fff19c70000 - 0x00007fff19c97000 	C:\Users\Administrator\.gradle\native\e1d6ef7f7dcc3fd88c89a11ec53ec762bb8ba0a96d01ffa2cd45eb1d1d8dd5c5\windows-amd64\native-platform.dll
0x00007ffef1910000 - 0x00007ffef1a54000 	C:\Users\Administrator\.gradle\native\5664cfc778a61ccfe75a443a1ab52a65af34e5dc3c78e0209fed803814484fcb\windows-amd64\native-platform-file-events.dll
0x00007fff1f730000 - 0x00007fff1f73a000 	D:\Android\jre\bin\management.dll
0x00007fff1e370000 - 0x00007fff1e37d000 	D:\Android\jre\bin\management_ext.dll
0x00007fff24010000 - 0x00007fff24028000 	C:\WINDOWS\SYSTEM32\CRYPTSP.dll
0x00007fff23730000 - 0x00007fff23764000 	C:\WINDOWS\system32\rsaenh.dll
0x00007fff24b40000 - 0x00007fff24b67000 	C:\WINDOWS\System32\bcrypt.dll
0x00007fff24510000 - 0x00007fff2453e000 	C:\WINDOWS\SYSTEM32\USERENV.dll
0x00007fff24030000 - 0x00007fff2403c000 	C:\WINDOWS\SYSTEM32\CRYPTBASE.dll
0x00007fff23ac0000 - 0x00007fff23afb000 	C:\WINDOWS\SYSTEM32\IPHLPAPI.DLL
0x00007fff264b0000 - 0x00007fff264b8000 	C:\WINDOWS\System32\NSI.dll
0x00007fff1d140000 - 0x00007fff1d157000 	C:\WINDOWS\SYSTEM32\dhcpcsvc6.DLL
0x00007fff1d480000 - 0x00007fff1d49d000 	C:\WINDOWS\SYSTEM32\dhcpcsvc.DLL
0x00007fff23b00000 - 0x00007fff23bcb000 	C:\WINDOWS\SYSTEM32\DNSAPI.dll

dbghelp: loaded successfully - version: 4.0.5 - missing functions: none
symbol engine: initialized successfully - sym options: 0x614 - pdb path: .;D:\Android\jre\bin;C:\WINDOWS\SYSTEM32;C:\WINDOWS\WinSxS\amd64_microsoft.windows.common-controls_6595b64144ccf1df_6.0.19041.1110_none_60b5254171f9507e;D:\Android\jre\bin\server;C:\Users\Administrator\.gradle\native\e1d6ef7f7dcc3fd88c89a11ec53ec762bb8ba0a96d01ffa2cd45eb1d1d8dd5c5\windows-amd64;C:\Users\Administrator\.gradle\native\5664cfc778a61ccfe75a443a1ab52a65af34e5dc3c78e0209fed803814484fcb\windows-amd64

VM Arguments:
jvm_args: --add-opens=java.base/java.util=ALL-UNNAMED --add-opens=java.base/java.lang=ALL-UNNAMED --add-opens=java.base/java.lang.invoke=ALL-UNNAMED --add-opens=java.base/java.util=ALL-UNNAMED --add-opens=java.prefs/java.util.prefs=ALL-UNNAMED --add-opens=java.prefs/java.util.prefs=ALL-UNNAMED --add-opens=java.base/java.nio.charset=ALL-UNNAMED --add-opens=java.base/java.net=ALL-UNNAMED --add-opens=java.base/java.util.concurrent.atomic=ALL-UNNAMED -Xmx2048m -Dfile.encoding=UTF-8 -Duser.country=US -Duser.language=en -Duser.variant 
java_command: org.gradle.launcher.daemon.bootstrap.GradleDaemon 7.2
java_class_path (initial): C:\Users\Administrator\.gradle\wrapper\dists\gradle-7.2-bin\2dnblmf4td7x66yl1d74lt32g\gradle-7.2\lib\gradle-launcher-7.2.jar
Launcher Type: SUN_STANDARD

[Global flags]
     intx CICompilerCount                          = 3                                         {product} {ergonomic}
     uint ConcGCThreads                            = 1                                         {product} {ergonomic}
     uint G1ConcRefinementThreads                  = 4                                         {product} {ergonomic}
   size_t G1HeapRegionSize                         = 1048576                                   {product} {ergonomic}
    uintx GCDrainStackTargetSize                   = 64                                        {product} {ergonomic}
   size_t InitialHeapSize                          = 134217728                                 {product} {ergonomic}
   size_t MarkStackSize                            = 4194304                                   {product} {ergonomic}
   size_t MaxHeapSize                              = 2147483648                                {product} {command line}
   size_t MaxNewSize                               = 1287651328                                {product} {ergonomic}
   size_t MinHeapDeltaBytes                        = 1048576                                   {product} {ergonomic}
    uintx NonNMethodCodeHeapSize                   = 5830732                                {pd product} {ergonomic}
    uintx NonProfiledCodeHeapSize                  = 122913754                              {pd product} {ergonomic}
    uintx ProfiledCodeHeapSize                     = 122913754                              {pd product} {ergonomic}
    uintx ReservedCodeCacheSize                    = 251658240                              {pd product} {ergonomic}
     bool SegmentedCodeCache                       = true                                      {product} {ergonomic}
     bool UseCompressedClassPointers               = true                                 {lp64_product} {ergonomic}
     bool UseCompressedOops                        = true                                 {lp64_product} {ergonomic}
     bool UseG1GC                                  = true                                      {product} {ergonomic}
     bool UseLargePagesIndividualAllocation        = false                                  {pd product} {ergonomic}

Logging:
Log output configuration:
 #0: stdout all=warning uptime,level,tags
 #1: stderr all=off uptime,level,tags

Environment Variables:
PATH=C:\Python310\Scripts\;C:\Python310\;D:\VMWare\bin\;C:\Users\Administrator\AppData\Local\Programs\Python\Python39\Scripts\;C:\Users\Administrator\AppData\Local\Programs\Python\Python39\;C:\Program Files\Common Files\Oracle\Java\javapath;C:\Program Files\Microsoft MPI\Bin\;C:\Program Files (x86)\Common Files\Oracle\Java\javapath;C:\ProgramData\Oracle\Java\javapath;C:\WINDOWS\system32;C:\WINDOWS;C:\WINDOWS\System32\Wbem;C:\WINDOWS\System32\WindowsPowerShell\v1.0\;C:\WINDOWS\System32\OpenSSH\;C:\Program Files (x86)\VietPN;C:\Program Files\Microsoft SQL Server\Client SDK\ODBC\170\Tools\Binn\;C:\Program Files (x86)\Microsoft SQL Server\150\Tools\Binn\;C:\Program Files\Microsoft SQL Server\150\Tools\Binn\;C:\Program Files\Microsoft SQL Server\150\DTS\Binn\;C:\Program Files\Git\cmd;C:\ProgramData\chocolatey\bin;C:\Program Files (x86)\GNU Tools ARM Embedded\4.8 2013q4\bin;C:\Program Files (x86)\Common Files\Acronis\SnapAPI\;C:\Program Files (x86)\Microsoft SQL Server\150\DTS\Binn\;C:\Program Files\Azure Data Studio\bin;D:\Lua;C:\Program Files\dotnet\;C:\Program Files\nodejs\;C:\Program Files (x86)\dotnet\;C:\Program Files (x86)\Nmap;C:\tools\neovim\Neovim\bin;C:\Users\Administrator\AppData\Local\Microsoft\WindowsApps;;C:\Program Files\Azure Data Studio\bin;C:\Users\Administrator\.dotnet\tools;C:\Users\Administrator\AppData\Roaming\npm
USERNAME=Administrator
OS=Windows_NT
PROCESSOR_IDENTIFIER=Intel64 Family 6 Model 69 Stepping 1, GenuineIntel



---------------  S Y S T E M  ---------------

OS: Windows 10 , 64 bit Build 19041 (10.0.19041.1645)
OS uptime: 0 days 7:23 hours

CPU:total 4 (initial active 4) (2 cores per cpu, 2 threads per core) family 6 model 69 stepping 1 microcode 0x25, cmov, cx8, fxsr, mmx, sse, sse2, sse3, ssse3, sse4.1, sse4.2, popcnt, avx, avx2, aes, clmul, erms, lzcnt, ht, tsc, tscinvbit, bmi1, bmi2, fma

Memory: 4k page, system-wide physical 8097M (1594M free)
TotalPageFile size 8097M (AvailPageFile size 21M)
current process WorkingSet (physical memory assigned to process): 254M, peak: 254M
current process commit charge ("private bytes"): 313M, peak: 339M

vm_info: OpenJDK 64-Bit Server VM (11.0.11+9-b60-7590822) for windows-amd64 JRE (11.0.11+9-b60-7590822), built on Jul 29 2021 21:43:44 by "builder" with MS VC++ 14.0 (VS2015)

END.
