#
# There is insufficient memory for the Java Runtime Environment to continue.
# Native memory allocation (mmap) failed to map 28311552 bytes for Failed to commit area from 0x0000000088000000 to 0x0000000089b00000 of length 28311552.
# Possible reasons:
#   The system is out of physical RAM or swap space
#   The process is running with CompressedOops enabled, and the Java Heap may be blocking the growth of the native heap
# Possible solutions:
#   Reduce memory load on the system
#   Increase physical memory or swap space
#   Check if swap backing store is full
#   Decrease Java heap size (-Xmx/-Xms)
#   Decrease number of Java threads
#   Decrease Java thread stack sizes (-Xss)
#   Set larger code cache with -XX:ReservedCodeCacheSize=
#   JVM is running with Unscaled Compressed Oops mode in which the Java heap is
#     placed in the first 4GB address space. The Java Heap base address is the
#     maximum limit for the native heap growth. Please use -XX:HeapBaseMinAddress
#     to set the Java Heap base and to place the Java Heap above 4GB virtual address.
# This output file may be truncated or incomplete.
#
#  Out of Memory Error (./src/hotspot/os/windows/os_windows.cpp:3301), pid=9240, tid=10496
#
# JRE version: OpenJDK Runtime Environment (11.0.11+9) (build 11.0.11+9-b60-7590822)
# Java VM: OpenJDK 64-Bit Server VM (11.0.11+9-b60-7590822, mixed mode, tiered, compressed oops, g1 gc, windows-amd64)
# No core dump will be written. Minidumps are not enabled by default on client versions of Windows
#

---------------  S U M M A R Y ------------

Command Line: --add-opens=java.base/java.util=ALL-UNNAMED --add-opens=java.base/java.lang=ALL-UNNAMED --add-opens=java.base/java.lang.invoke=ALL-UNNAMED --add-opens=java.base/java.util=ALL-UNNAMED --add-opens=java.prefs/java.util.prefs=ALL-UNNAMED --add-opens=java.prefs/java.util.prefs=ALL-UNNAMED --add-opens=java.base/java.nio.charset=ALL-UNNAMED --add-opens=java.base/java.net=ALL-UNNAMED --add-opens=java.base/java.util.concurrent.atomic=ALL-UNNAMED -Xmx2048m -Dfile.encoding=UTF-8 -Duser.country=US -Duser.language=en -Duser.variant org.gradle.launcher.daemon.bootstrap.GradleDaemon 7.2

Host: Intel(R) Core(TM) i5-4200U CPU @ 1.60GHz, 4 cores, 7G,  Windows 10 , 64 bit Build 19041 (10.0.19041.1645)
Time: Thu Apr 21 20:58:07 2022 SE Asia Standard Time elapsed time: 18.760134 seconds (0d 0h 0m 18s)

---------------  T H R E A D  ---------------

Current thread (0x000001f9332fb800):  VMThread "VM Thread" [stack: 0x0000002a25700000,0x0000002a25800000] [id=10496]

Stack: [0x0000002a25700000,0x0000002a25800000]
[error occurred during error reporting (printing stack bounds), id 0xc0000005, EXCEPTION_ACCESS_VIOLATION (0xc0000005) at pc=0x000001f91d220f2d]

Native frames: (J=compiled Java code, j=interpreted, Vv=VM code, C=native code)
V  [jvm.dll+0x5f214a]
V  [jvm.dll+0x726fb5]
V  [jvm.dll+0x7285cd]
V  [jvm.dll+0x728be5]
V  [jvm.dll+0x728b9b]
V  [jvm.dll+0x5f14e8]
V  [jvm.dll+0x5f1c78]
C  [ntdll.dll+0xa20cf]
C  [ntdll.dll+0x51454]
C  [ntdll.dll+0xa0bfe]
C  0x000001f91d220f2d

VM_Operation (0x0000002a26af39c0): G1CollectForAllocation, mode: safepoint, requested by thread 0x000001f933f72000


---------------  P R O C E S S  ---------------

Threads class SMR info:
_java_thread_list=0x000001f937c4eaf0, length=36, elements={
0x000001f91971b000, 0x000001f933303000, 0x000001f93330d000, 0x000001f93331c800,
0x000001f933322800, 0x000001f933323000, 0x000001f933326000, 0x000001f933329800,
0x000001f93334a000, 0x000001f933dd7800, 0x000001f935bc0800, 0x000001f9355ac800,
0x000001f934c53000, 0x000001f93573b800, 0x000001f935d89800, 0x000001f93554e000,
0x000001f933f72000, 0x000001f934c07800, 0x000001f93569a800, 0x000001f9347d1800,
0x000001f9347d5000, 0x000001f9347d7000, 0x000001f9347d5800, 0x000001f9347d3000,
0x000001f9347d6800, 0x000001f9347d8000, 0x000001f9347d4000, 0x000001f9347d2800,
0x000001f936469800, 0x000001f936467000, 0x000001f936467800, 0x000001f936465000,
0x000001f936468800, 0x000001f936463800, 0x000001f936464800, 0x000001f9347c0800
}

Java Threads: ( => current thread )
  0x000001f91971b000 JavaThread "main" [_thread_blocked, id=10208, stack(0x0000002a25100000,0x0000002a25200000)]
  0x000001f933303000 JavaThread "Reference Handler" daemon [_thread_blocked, id=4960, stack(0x0000002a25800000,0x0000002a25900000)]
  0x000001f93330d000 JavaThread "Finalizer" daemon [_thread_blocked, id=2132, stack(0x0000002a25900000,0x0000002a25a00000)]
  0x000001f93331c800 JavaThread "Signal Dispatcher" daemon [_thread_blocked, id=8736, stack(0x0000002a25a00000,0x0000002a25b00000)]
  0x000001f933322800 JavaThread "Attach Listener" daemon [_thread_blocked, id=6348, stack(0x0000002a25b00000,0x0000002a25c00000)]
  0x000001f933323000 JavaThread "Service Thread" daemon [_thread_blocked, id=9808, stack(0x0000002a25c00000,0x0000002a25d00000)]
  0x000001f933326000 JavaThread "C2 CompilerThread0" daemon [_thread_blocked, id=5436, stack(0x0000002a25d00000,0x0000002a25e00000)]
  0x000001f933329800 JavaThread "C1 CompilerThread0" daemon [_thread_blocked, id=8840, stack(0x0000002a25e00000,0x0000002a25f00000)]
  0x000001f93334a000 JavaThread "Sweeper thread" daemon [_thread_blocked, id=11108, stack(0x0000002a25f00000,0x0000002a26000000)]
  0x000001f933dd7800 JavaThread "Common-Cleaner" daemon [_thread_blocked, id=11224, stack(0x0000002a26000000,0x0000002a26100000)]
  0x000001f935bc0800 JavaThread "Daemon health stats" [_thread_blocked, id=11228, stack(0x0000002a26500000,0x0000002a26600000)]
  0x000001f9355ac800 JavaThread "Incoming local TCP Connector on port 17973" [_thread_in_native, id=10416, stack(0x0000002a26200000,0x0000002a26300000)]
  0x000001f934c53000 JavaThread "Daemon periodic checks" [_thread_blocked, id=4136, stack(0x0000002a26600000,0x0000002a26700000)]
  0x000001f93573b800 JavaThread "Daemon" [_thread_blocked, id=10932, stack(0x0000002a26700000,0x0000002a26800000)]
  0x000001f935d89800 JavaThread "Handler for socket connection from /127.0.0.1:17973 to /127.0.0.1:17974" [_thread_in_native, id=9448, stack(0x0000002a26800000,0x0000002a26900000)]
  0x000001f93554e000 JavaThread "Cancel handler" [_thread_blocked, id=10024, stack(0x0000002a26900000,0x0000002a26a00000)]
  0x000001f933f72000 JavaThread "Daemon worker" [_thread_blocked, id=1212, stack(0x0000002a26a00000,0x0000002a26b00000)]
  0x000001f934c07800 JavaThread "Asynchronous log dispatcher for DefaultDaemonConnection: socket connection from /127.0.0.1:17973 to /127.0.0.1:17974" [_thread_blocked, id=4140, stack(0x0000002a26b00000,0x0000002a26c00000)]
  0x000001f93569a800 JavaThread "Stdin handler" [_thread_blocked, id=10528, stack(0x0000002a26c00000,0x0000002a26d00000)]
  0x000001f9347d1800 JavaThread "Daemon client event forwarder" [_thread_blocked, id=8076, stack(0x0000002a26d00000,0x0000002a26e00000)]
  0x000001f9347d5000 JavaThread "Cache worker for journal cache (C:\Users\Administrator\.gradle\caches\journal-1)" [_thread_blocked, id=10560, stack(0x0000002a26f00000,0x0000002a27000000)]
  0x000001f9347d7000 JavaThread "File lock request listener" [_thread_in_native, id=10144, stack(0x0000002a27000000,0x0000002a27100000)]
  0x000001f9347d5800 JavaThread "Cache worker for file hash cache (C:\Users\Administrator\.gradle\caches\7.2\fileHashes)" [_thread_blocked, id=7920, stack(0x0000002a27100000,0x0000002a27200000)]
  0x000001f9347d3000 JavaThread "Cache worker for file hash cache (D:\BaiTapTuan\QTBai2\.gradle\7.2\fileHashes)" [_thread_blocked, id=2012, stack(0x0000002a27200000,0x0000002a27300000)]
  0x000001f9347d6800 JavaThread "File watcher server" daemon [_thread_in_native, id=9908, stack(0x0000002a27400000,0x0000002a27500000)]
  0x000001f9347d8000 JavaThread "File watcher consumer" daemon [_thread_blocked, id=9272, stack(0x0000002a27500000,0x0000002a27600000)]
  0x000001f9347d4000 JavaThread "jar transforms" [_thread_blocked, id=10356, stack(0x0000002a27600000,0x0000002a27700000)]
  0x000001f9347d2800 JavaThread "jar transforms Thread 2" [_thread_blocked, id=2280, stack(0x0000002a27700000,0x0000002a27800000)]
  0x000001f936469800 JavaThread "jar transforms Thread 3" [_thread_blocked, id=7292, stack(0x0000002a27800000,0x0000002a27900000)]
  0x000001f936467000 JavaThread "jar transforms Thread 4" [_thread_blocked, id=1984, stack(0x0000002a27900000,0x0000002a27a00000)]
  0x000001f936467800 JavaThread "Cache worker for checksums cache (D:\BaiTapTuan\QTBai2\.gradle\checksums)" [_thread_blocked, id=9552, stack(0x0000002a27a00000,0x0000002a27b00000)]
  0x000001f936465000 JavaThread "Cache worker for cache directory md-supplier (C:\Users\Administrator\.gradle\caches\7.2\md-supplier)" [_thread_blocked, id=3908, stack(0x0000002a27b00000,0x0000002a27c00000)]
  0x000001f936468800 JavaThread "Cache worker for cache directory md-rule (C:\Users\Administrator\.gradle\caches\7.2\md-rule)" [_thread_blocked, id=368, stack(0x0000002a27c00000,0x0000002a27d00000)]
  0x000001f936463800 JavaThread "Cache worker for execution history cache (C:\Users\Administrator\.gradle\caches\7.2\executionHistory)" [_thread_blocked, id=9648, stack(0x0000002a27d00000,0x0000002a27e00000)]
  0x000001f936464800 JavaThread "Cache worker for file content cache (C:\Users\Administrator\.gradle\caches\7.2\fileContent)" [_thread_blocked, id=4388, stack(0x0000002a27e00000,0x0000002a27f00000)]
  0x000001f9347c0800 JavaThread "C2 CompilerThread1" daemon [_thread_blocked, id=8352, stack(0x0000002a27300000,0x0000002a27400000)]

Other Threads:
=>0x000001f9332fb800 VMThread "VM Thread" [stack: 0x0000002a25700000,0x0000002a25800000] [id=10496]
  0x000001f933dec800 WatcherThread [stack: 0x0000002a26100000,0x0000002a26200000] [id=7872]
  0x000001f919736000 GCTaskThread "GC Thread#0" [stack: 0x0000002a25200000,0x0000002a25300000] [id=6844]
  0x000001f93463f800 GCTaskThread "GC Thread#1" [stack: 0x0000002a26300000,0x0000002a26400000] [id=6128]
  0x000001f933f21800 GCTaskThread "GC Thread#2" [stack: 0x0000002a26400000,0x0000002a26500000] [id=8484]
  0x000001f935388000 GCTaskThread "GC Thread#3" [stack: 0x0000002a26e00000,0x0000002a26f00000] [id=8380]
  0x000001f919766000 ConcurrentGCThread "G1 Main Marker" [stack: 0x0000002a25300000,0x0000002a25400000] [id=6316]
  0x000001f919767800 ConcurrentGCThread "G1 Conc#0" [stack: 0x0000002a25400000,0x0000002a25500000] [id=3256]
  0x000001f9197f5800 ConcurrentGCThread "G1 Refine#0" [stack: 0x0000002a25500000,0x0000002a25600000] [id=2220]
  0x000001f9197f6800 ConcurrentGCThread "G1 Young RemSet Sampling" [stack: 0x0000002a25600000,0x0000002a25700000] [id=9820]

Threads with active compile tasks:
C2 CompilerThread1  18778 4244       4       org.codehaus.groovy.util.SingleKeyHashMap::getOrPut (137 bytes)

VM state:at safepoint (normal execution)

VM Mutex/Monitor currently owned by a thread:  ([mutex/lock_event])
[0x000001f919716e60] Threads_lock - owner thread: 0x000001f9332fb800
[0x000001f919718690] Heap_lock - owner thread: 0x000001f933f72000

Heap address: 0x0000000080000000, size: 2048 MB, Compressed Oops mode: 32-bit
Narrow klass base: 0x0000000000000000, Narrow klass shift: 3
Compressed class space size: 1073741824 Address: 0x0000000100000000

Heap:
 garbage-first heap   total 158720K, used 48263K [0x0000000080000000, 0x0000000100000000)
  region size 1024K, 9 young (9216K), 9 survivors (9216K)
 Metaspace       used 45571K, capacity 46802K, committed 46996K, reserved 1089536K
  class space    used 5744K, capacity 6155K, committed 6220K, reserved 1048576K
Heap Regions: E=young(eden), S=young(survivor), O=old, HS=humongous(starts), HC=humongous(continues), CS=collection set, F=free, A=archive, TAMS=top-at-mark-start (previous, next)
|   0|0x0000000080000000, 0x0000000080100000, 0x0000000080100000|100%| O|  |TAMS 0x0000000080100000, 0x0000000080000000| Untracked 
|   1|0x0000000080100000, 0x0000000080200000, 0x0000000080200000|100%| O|  |TAMS 0x0000000080200000, 0x0000000080100000| Untracked 
|   2|0x0000000080200000, 0x0000000080300000, 0x0000000080300000|100%| O|  |TAMS 0x0000000080300000, 0x0000000080200000| Untracked 
|   3|0x0000000080300000, 0x0000000080400000, 0x0000000080400000|100%|HS|  |TAMS 0x0000000080400000, 0x0000000080300000| Complete 
|   4|0x0000000080400000, 0x0000000080500000, 0x0000000080500000|100%|HC|  |TAMS 0x0000000080500000, 0x0000000080400000| Complete 
|   5|0x0000000080500000, 0x0000000080600000, 0x0000000080600000|100%|HC|  |TAMS 0x0000000080600000, 0x0000000080500000| Complete 
|   6|0x0000000080600000, 0x0000000080700000, 0x0000000080700000|100%| O|  |TAMS 0x0000000080700000, 0x0000000080600000| Untracked 
|   7|0x0000000080700000, 0x0000000080800000, 0x0000000080800000|100%| O|  |TAMS 0x0000000080800000, 0x0000000080700000| Untracked 
|   8|0x0000000080800000, 0x0000000080900000, 0x0000000080900000|100%| O|  |TAMS 0x0000000080900000, 0x0000000080800000| Untracked 
|   9|0x0000000080900000, 0x0000000080a00000, 0x0000000080a00000|100%| O|  |TAMS 0x0000000080a00000, 0x0000000080900000| Untracked 
|  10|0x0000000080a00000, 0x0000000080b00000, 0x0000000080b00000|100%| O|  |TAMS 0x0000000080b00000, 0x0000000080a00000| Untracked 
|  11|0x0000000080b00000, 0x0000000080c00000, 0x0000000080c00000|100%| O|  |TAMS 0x0000000080c00000, 0x0000000080b00000| Untracked 
|  12|0x0000000080c00000, 0x0000000080d00000, 0x0000000080d00000|100%| O|  |TAMS 0x0000000080d00000, 0x0000000080c00000| Untracked 
|  13|0x0000000080d00000, 0x0000000080e00000, 0x0000000080e00000|100%| O|  |TAMS 0x0000000080e00000, 0x0000000080d00000| Untracked 
|  14|0x0000000080e00000, 0x0000000080f00000, 0x0000000080f00000|100%|HS|  |TAMS 0x0000000080f00000, 0x0000000080e00000| Complete 
|  15|0x0000000080f00000, 0x0000000081000000, 0x0000000081000000|100%|HC|  |TAMS 0x0000000081000000, 0x0000000080f00000| Complete 
|  16|0x0000000081000000, 0x0000000081100000, 0x0000000081100000|100%|HS|  |TAMS 0x0000000081100000, 0x0000000081000000| Complete 
|  17|0x0000000081100000, 0x0000000081200000, 0x0000000081200000|100%|HC|  |TAMS 0x0000000081200000, 0x0000000081100000| Complete 
|  18|0x0000000081200000, 0x0000000081300000, 0x0000000081300000|100%|HC|  |TAMS 0x0000000081300000, 0x0000000081200000| Complete 
|  19|0x0000000081300000, 0x0000000081400000, 0x0000000081400000|100%|HS|  |TAMS 0x0000000081400000, 0x0000000081300000| Complete 
|  20|0x0000000081400000, 0x0000000081500000, 0x0000000081500000|100%|HC|  |TAMS 0x0000000081500000, 0x0000000081400000| Complete 
|  21|0x0000000081500000, 0x0000000081600000, 0x0000000081600000|100%|HC|  |TAMS 0x0000000081600000, 0x0000000081500000| Complete 
|  22|0x0000000081600000, 0x0000000081700000, 0x0000000081700000|100%|HC|  |TAMS 0x0000000081700000, 0x0000000081600000| Complete 
|  23|0x0000000081700000, 0x0000000081800000, 0x0000000081800000|100%| O|  |TAMS 0x0000000081800000, 0x0000000081700000| Untracked 
|  24|0x0000000081800000, 0x0000000081900000, 0x0000000081900000|100%| O|  |TAMS 0x0000000081900000, 0x0000000081800000| Untracked 
|  25|0x0000000081900000, 0x0000000081a00000, 0x0000000081a00000|100%| O|  |TAMS 0x0000000081a00000, 0x0000000081900000| Untracked 
|  26|0x0000000081a00000, 0x0000000081b00000, 0x0000000081b00000|100%|HS|  |TAMS 0x0000000081a00000, 0x0000000081a00000| Complete 
|  27|0x0000000081b00000, 0x0000000081c00000, 0x0000000081c00000|100%|HC|  |TAMS 0x0000000081b00000, 0x0000000081b00000| Complete 
|  28|0x0000000081c00000, 0x0000000081d00000, 0x0000000081d00000|100%|HC|  |TAMS 0x0000000081c00000, 0x0000000081c00000| Complete 
|  29|0x0000000081d00000, 0x0000000081e00000, 0x0000000081e00000|100%| O|  |TAMS 0x0000000081e00000, 0x0000000081d00000| Untracked 
|  30|0x0000000081e00000, 0x0000000081f00000, 0x0000000081f00000|100%| O|  |TAMS 0x0000000081f00000, 0x0000000081e00000| Untracked 
|  31|0x0000000081f00000, 0x0000000082000000, 0x0000000082000000|100%| O|  |TAMS 0x0000000082000000, 0x0000000081f00000| Untracked 
|  32|0x0000000082000000, 0x0000000082100000, 0x0000000082100000|100%| O|  |TAMS 0x0000000082100000, 0x0000000082000000| Untracked 
|  33|0x0000000082100000, 0x0000000082200000, 0x0000000082200000|100%| O|  |TAMS 0x0000000082175c00, 0x0000000082100000| Untracked 
|  34|0x0000000082200000, 0x0000000082200000, 0x0000000082300000|  0%| F|  |TAMS 0x0000000082200000, 0x0000000082200000| Untracked 
|  35|0x0000000082300000, 0x0000000082400000, 0x0000000082400000|100%| O|  |TAMS 0x0000000082300000, 0x0000000082300000| Untracked 
|  36|0x0000000082400000, 0x0000000082500000, 0x0000000082500000|100%| O|  |TAMS 0x0000000082400000, 0x0000000082400000| Untracked 
|  37|0x0000000082500000, 0x0000000082600000, 0x0000000082600000|100%| O|  |TAMS 0x0000000082500000, 0x0000000082500000| Untracked 
|  38|0x0000000082600000, 0x0000000082700000, 0x0000000082700000|100%| O|  |TAMS 0x0000000082600000, 0x0000000082600000| Untracked 
|  39|0x0000000082700000, 0x0000000082721c00, 0x0000000082800000| 13%| O|  |TAMS 0x0000000082700000, 0x0000000082700000| Untracked 
|  40|0x0000000082800000, 0x0000000082800000, 0x0000000082900000|  0%| F|  |TAMS 0x0000000082800000, 0x0000000082800000| Untracked 
|  41|0x0000000082900000, 0x0000000082900000, 0x0000000082a00000|  0%| F|  |TAMS 0x0000000082900000, 0x0000000082900000| Untracked 
|  42|0x0000000082a00000, 0x0000000082a00000, 0x0000000082b00000|  0%| F|  |TAMS 0x0000000082a00000, 0x0000000082a00000| Untracked 
|  43|0x0000000082b00000, 0x0000000082b00000, 0x0000000082c00000|  0%| F|  |TAMS 0x0000000082b00000, 0x0000000082b00000| Untracked 
|  44|0x0000000082c00000, 0x0000000082c00000, 0x0000000082d00000|  0%| F|  |TAMS 0x0000000082c00000, 0x0000000082c00000| Untracked 
|  45|0x0000000082d00000, 0x0000000082d00000, 0x0000000082e00000|  0%| F|  |TAMS 0x0000000082d00000, 0x0000000082d00000| Untracked 
|  46|0x0000000082e00000, 0x0000000082e00000, 0x0000000082f00000|  0%| F|  |TAMS 0x0000000082e00000, 0x0000000082e00000| Untracked 
|  47|0x0000000082f00000, 0x0000000082f00000, 0x0000000083000000|  0%| F|  |TAMS 0x0000000082f00000, 0x0000000082f00000| Untracked 
|  48|0x0000000083000000, 0x0000000083000000, 0x0000000083100000|  0%| F|  |TAMS 0x0000000083000000, 0x0000000083000000| Untracked 
|  49|0x0000000083100000, 0x0000000083200000, 0x0000000083200000|100%| S|CS|TAMS 0x0000000083100000, 0x0000000083100000| Complete 
|  50|0x0000000083200000, 0x0000000083300000, 0x0000000083300000|100%| S|CS|TAMS 0x0000000083200000, 0x0000000083200000| Complete 
|  51|0x0000000083300000, 0x0000000083400000, 0x0000000083400000|100%| S|CS|TAMS 0x0000000083300000, 0x0000000083300000| Complete 
|  52|0x0000000083400000, 0x0000000083500000, 0x0000000083500000|100%| S|CS|TAMS 0x0000000083400000, 0x0000000083400000| Complete 
|  53|0x0000000083500000, 0x0000000083600000, 0x0000000083600000|100%| S|CS|TAMS 0x0000000083500000, 0x0000000083500000| Complete 
|  54|0x0000000083600000, 0x0000000083700000, 0x0000000083700000|100%| S|CS|TAMS 0x0000000083600000, 0x0000000083600000| Complete 
|  55|0x0000000083700000, 0x0000000083800000, 0x0000000083800000|100%| S|CS|TAMS 0x0000000083700000, 0x0000000083700000| Complete 
|  56|0x0000000083800000, 0x0000000083900000, 0x0000000083900000|100%| S|CS|TAMS 0x0000000083800000, 0x0000000083800000| Complete 
|  57|0x0000000083900000, 0x0000000083900000, 0x0000000083a00000|  0%| F|  |TAMS 0x0000000083900000, 0x0000000083900000| Untracked 
|  58|0x0000000083a00000, 0x0000000083a00000, 0x0000000083b00000|  0%| F|  |TAMS 0x0000000083a00000, 0x0000000083a00000| Untracked 
|  59|0x0000000083b00000, 0x0000000083b00000, 0x0000000083c00000|  0%| F|  |TAMS 0x0000000083b00000, 0x0000000083b00000| Untracked 
|  60|0x0000000083c00000, 0x0000000083c00000, 0x0000000083d00000|  0%| F|  |TAMS 0x0000000083c00000, 0x0000000083c00000| Untracked 
|  61|0x0000000083d00000, 0x0000000083d00000, 0x0000000083e00000|  0%| F|  |TAMS 0x0000000083d00000, 0x0000000083d00000| Untracked 
|  62|0x0000000083e00000, 0x0000000083e00000, 0x0000000083f00000|  0%| F|  |TAMS 0x0000000083e00000, 0x0000000083e00000| Untracked 
|  63|0x0000000083f00000, 0x0000000083f00000, 0x0000000084000000|  0%| F|  |TAMS 0x0000000083f00000, 0x0000000083f00000| Untracked 
|  64|0x0000000084000000, 0x0000000084000000, 0x0000000084100000|  0%| F|  |TAMS 0x0000000084000000, 0x0000000084000000| Untracked 
|  65|0x0000000084100000, 0x0000000084100000, 0x0000000084200000|  0%| F|  |TAMS 0x0000000084100000, 0x0000000084100000| Untracked 
|  66|0x0000000084200000, 0x0000000084300000, 0x0000000084300000|100%| S|CS|TAMS 0x0000000084200000, 0x0000000084200000| Complete 
|  67|0x0000000084300000, 0x0000000084300000, 0x0000000084400000|  0%| F|  |TAMS 0x0000000084300000, 0x0000000084300000| Untracked 
|  68|0x0000000084400000, 0x0000000084400000, 0x0000000084500000|  0%| F|  |TAMS 0x0000000084400000, 0x0000000084400000| Untracked 
|  69|0x0000000084500000, 0x0000000084500000, 0x0000000084600000|  0%| F|  |TAMS 0x0000000084500000, 0x0000000084500000| Untracked 
|  70|0x0000000084600000, 0x0000000084600000, 0x0000000084700000|  0%| F|  |TAMS 0x0000000084600000, 0x0000000084600000| Untracked 
|  71|0x0000000084700000, 0x0000000084700000, 0x0000000084800000|  0%| F|  |TAMS 0x0000000084700000, 0x0000000084700000| Untracked 
|  72|0x0000000084800000, 0x0000000084800000, 0x0000000084900000|  0%| F|  |TAMS 0x0000000084800000, 0x0000000084800000| Untracked 
|  73|0x0000000084900000, 0x0000000084900000, 0x0000000084a00000|  0%| F|  |TAMS 0x0000000084900000, 0x0000000084900000| Untracked 
|  74|0x0000000084a00000, 0x0000000084a00000, 0x0000000084b00000|  0%| F|  |TAMS 0x0000000084a00000, 0x0000000084a00000| Untracked 
|  75|0x0000000084b00000, 0x0000000084b00000, 0x0000000084c00000|  0%| F|  |TAMS 0x0000000084b00000, 0x0000000084b00000| Untracked 
|  76|0x0000000084c00000, 0x0000000084c00000, 0x0000000084d00000|  0%| F|  |TAMS 0x0000000084c00000, 0x0000000084c00000| Untracked 
|  77|0x0000000084d00000, 0x0000000084d00000, 0x0000000084e00000|  0%| F|  |TAMS 0x0000000084d00000, 0x0000000084d00000| Untracked 
|  78|0x0000000084e00000, 0x0000000084e00000, 0x0000000084f00000|  0%| F|  |TAMS 0x0000000084e00000, 0x0000000084e00000| Untracked 
|  79|0x0000000084f00000, 0x0000000084f00000, 0x0000000085000000|  0%| F|  |TAMS 0x0000000084f00000, 0x0000000084f00000| Untracked 
|  80|0x0000000085000000, 0x0000000085000000, 0x0000000085100000|  0%| F|  |TAMS 0x0000000085000000, 0x0000000085000000| Untracked 
|  81|0x0000000085100000, 0x0000000085100000, 0x0000000085200000|  0%| F|  |TAMS 0x0000000085100000, 0x0000000085100000| Untracked 
|  82|0x0000000085200000, 0x0000000085200000, 0x0000000085300000|  0%| F|  |TAMS 0x0000000085200000, 0x0000000085200000| Untracked 
|  83|0x0000000085300000, 0x0000000085300000, 0x0000000085400000|  0%| F|  |TAMS 0x0000000085300000, 0x0000000085300000| Untracked 
|  84|0x0000000085400000, 0x0000000085400000, 0x0000000085500000|  0%| F|  |TAMS 0x0000000085400000, 0x0000000085400000| Untracked 
|  85|0x0000000085500000, 0x0000000085500000, 0x0000000085600000|  0%| F|  |TAMS 0x0000000085500000, 0x0000000085500000| Untracked 
|  86|0x0000000085600000, 0x0000000085600000, 0x0000000085700000|  0%| F|  |TAMS 0x0000000085600000, 0x0000000085600000| Untracked 
|  87|0x0000000085700000, 0x0000000085700000, 0x0000000085800000|  0%| F|  |TAMS 0x0000000085700000, 0x0000000085700000| Untracked 
|  88|0x0000000085800000, 0x0000000085800000, 0x0000000085900000|  0%| F|  |TAMS 0x0000000085800000, 0x0000000085800000| Untracked 
|  89|0x0000000085900000, 0x0000000085900000, 0x0000000085a00000|  0%| F|  |TAMS 0x0000000085900000, 0x0000000085900000| Untracked 
|  90|0x0000000085a00000, 0x0000000085a00000, 0x0000000085b00000|  0%| F|  |TAMS 0x0000000085a00000, 0x0000000085a00000| Untracked 
|  91|0x0000000085b00000, 0x0000000085b00000, 0x0000000085c00000|  0%| F|  |TAMS 0x0000000085b00000, 0x0000000085b00000| Untracked 
|  92|0x0000000085c00000, 0x0000000085c00000, 0x0000000085d00000|  0%| F|  |TAMS 0x0000000085c00000, 0x0000000085c00000| Untracked 
|  93|0x0000000085d00000, 0x0000000085d00000, 0x0000000085e00000|  0%| F|  |TAMS 0x0000000085d00000, 0x0000000085d00000| Untracked 
|  94|0x0000000085e00000, 0x0000000085e00000, 0x0000000085f00000|  0%| F|  |TAMS 0x0000000085e00000, 0x0000000085e00000| Untracked 
|  95|0x0000000085f00000, 0x0000000085f00000, 0x0000000086000000|  0%| F|  |TAMS 0x0000000085f00000, 0x0000000085f00000| Untracked 
|  96|0x0000000086000000, 0x0000000086000000, 0x0000000086100000|  0%| F|  |TAMS 0x0000000086000000, 0x0000000086000000| Untracked 
|  97|0x0000000086100000, 0x0000000086100000, 0x0000000086200000|  0%| F|  |TAMS 0x0000000086100000, 0x0000000086100000| Untracked 
|  98|0x0000000086200000, 0x0000000086200000, 0x0000000086300000|  0%| F|  |TAMS 0x0000000086200000, 0x0000000086200000| Untracked 
|  99|0x0000000086300000, 0x0000000086300000, 0x0000000086400000|  0%| F|  |TAMS 0x0000000086300000, 0x0000000086300000| Untracked 
| 100|0x0000000086400000, 0x0000000086400000, 0x0000000086500000|  0%| F|  |TAMS 0x0000000086400000, 0x0000000086400000| Untracked 
| 101|0x0000000086500000, 0x0000000086500000, 0x0000000086600000|  0%| F|  |TAMS 0x0000000086500000, 0x0000000086500000| Untracked 
| 102|0x0000000086600000, 0x0000000086600000, 0x0000000086700000|  0%| F|  |TAMS 0x0000000086600000, 0x0000000086600000| Untracked 
| 103|0x0000000086700000, 0x0000000086700000, 0x0000000086800000|  0%| F|  |TAMS 0x0000000086700000, 0x0000000086700000| Untracked 
| 104|0x0000000086800000, 0x0000000086800000, 0x0000000086900000|  0%| F|  |TAMS 0x0000000086800000, 0x0000000086800000| Untracked 
| 105|0x0000000086900000, 0x0000000086900000, 0x0000000086a00000|  0%| F|  |TAMS 0x0000000086900000, 0x0000000086900000| Untracked 
| 106|0x0000000086a00000, 0x0000000086a00000, 0x0000000086b00000|  0%| F|  |TAMS 0x0000000086a00000, 0x0000000086a00000| Untracked 
| 107|0x0000000086b00000, 0x0000000086b00000, 0x0000000086c00000|  0%| F|  |TAMS 0x0000000086b00000, 0x0000000086b00000| Untracked 
| 108|0x0000000086c00000, 0x0000000086c00000, 0x0000000086d00000|  0%| F|  |TAMS 0x0000000086c00000, 0x0000000086c00000| Untracked 
| 109|0x0000000086d00000, 0x0000000086d00000, 0x0000000086e00000|  0%| F|  |TAMS 0x0000000086d00000, 0x0000000086d00000| Untracked 
| 110|0x0000000086e00000, 0x0000000086e00000, 0x0000000086f00000|  0%| F|  |TAMS 0x0000000086e00000, 0x0000000086e00000| Untracked 
| 111|0x0000000086f00000, 0x0000000086f00000, 0x0000000087000000|  0%| F|  |TAMS 0x0000000086f00000, 0x0000000086f00000| Untracked 
| 112|0x0000000087000000, 0x0000000087000000, 0x0000000087100000|  0%| F|  |TAMS 0x0000000087000000, 0x0000000087000000| Untracked 
| 113|0x0000000087100000, 0x0000000087100000, 0x0000000087200000|  0%| F|  |TAMS 0x0000000087100000, 0x0000000087100000| Untracked 
| 114|0x0000000087200000, 0x0000000087200000, 0x0000000087300000|  0%| F|  |TAMS 0x0000000087200000, 0x0000000087200000| Untracked 
| 115|0x0000000087300000, 0x0000000087300000, 0x0000000087400000|  0%| F|  |TAMS 0x0000000087300000, 0x0000000087300000| Untracked 
| 116|0x0000000087400000, 0x0000000087400000, 0x0000000087500000|  0%| F|  |TAMS 0x0000000087400000, 0x0000000087400000| Untracked 
| 117|0x0000000087500000, 0x0000000087500000, 0x0000000087600000|  0%| F|  |TAMS 0x0000000087500000, 0x0000000087500000| Untracked 
| 118|0x0000000087600000, 0x0000000087600000, 0x0000000087700000|  0%| F|  |TAMS 0x0000000087600000, 0x0000000087600000| Untracked 
| 119|0x0000000087700000, 0x0000000087700000, 0x0000000087800000|  0%| F|  |TAMS 0x0000000087700000, 0x0000000087700000| Untracked 
| 120|0x0000000087800000, 0x0000000087800000, 0x0000000087900000|  0%| F|  |TAMS 0x0000000087800000, 0x0000000087800000| Untracked 
| 121|0x0000000087900000, 0x0000000087900000, 0x0000000087a00000|  0%| F|  |TAMS 0x0000000087900000, 0x0000000087900000| Untracked 
| 122|0x0000000087a00000, 0x0000000087a00000, 0x0000000087b00000|  0%| F|  |TAMS 0x0000000087a00000, 0x0000000087a00000| Untracked 
| 123|0x0000000087b00000, 0x0000000087b00000, 0x0000000087c00000|  0%| F|  |TAMS 0x0000000087b00000, 0x0000000087b00000| Untracked 
| 124|0x0000000087c00000, 0x0000000087c00000, 0x0000000087d00000|  0%| F|  |TAMS 0x0000000087c00000, 0x0000000087c00000| Untracked 
| 125|0x0000000087d00000, 0x0000000087d00000, 0x0000000087e00000|  0%| F|  |TAMS 0x0000000087d00000, 0x0000000087d00000| Untracked 
| 126|0x0000000087e00000, 0x0000000087e00000, 0x0000000087f00000|  0%| F|  |TAMS 0x0000000087e00000, 0x0000000087e00000| Untracked 
| 127|0x0000000087f00000, 0x0000000087f00000, 0x0000000088000000|  0%| F|  |TAMS 0x0000000087f00000, 0x0000000087f00000| Untracked 

Card table byte_map: [0x000001f92c620000,0x000001f92ca20000] _byte_map_base: 0x000001f92c220000

Marking Bits (Prev, Next): (CMBitMap*) 0x000001f91975d2c0, (CMBitMap*) 0x000001f91975d288
 Prev Bits: [0x000001f92ee20000, 0x000001f930e20000)
 Next Bits: [0x000001f92ce20000, 0x000001f92ee20000)

Polling page: 0x000001f9175c0000

Metaspace:

Usage:
  Non-class:     39.69 MB capacity,    38.89 MB ( 98%) used,   705.47 KB (  2%) free+waste,   114.00 KB ( <1%) overhead. 
      Class:      6.01 MB capacity,     5.61 MB ( 93%) used,   355.62 KB (  6%) free+waste,    54.94 KB ( <1%) overhead. 
       Both:     45.71 MB capacity,    44.50 MB ( 97%) used,     1.04 MB (  2%) free+waste,   168.94 KB ( <1%) overhead. 

Virtual space:
  Non-class space:       40.00 MB reserved,      39.82 MB (>99%) committed 
      Class space:        1.00 GB reserved,       6.07 MB ( <1%) committed 
             Both:        1.04 GB reserved,      45.89 MB (  4%) committed 

Chunk freelists:
   Non-Class:  1.00 KB
       Class:  21.00 KB
        Both:  22.00 KB

MaxMetaspaceSize: 17179869184.00 GB
CompressedClassSpaceSize: 1.00 GB

CodeHeap 'non-profiled nmethods': size=120064Kb used=2422Kb max_used=2422Kb free=117641Kb
 bounds [0x000001f924ce0000, 0x000001f924f50000, 0x000001f92c220000]
CodeHeap 'profiled nmethods': size=120000Kb used=9134Kb max_used=9134Kb free=110865Kb
 bounds [0x000001f91d7b0000, 0x000001f91e0a0000, 0x000001f924ce0000]
CodeHeap 'non-nmethods': size=5696Kb used=2212Kb max_used=2254Kb free=3483Kb
 bounds [0x000001f91d220000, 0x000001f91d490000, 0x000001f91d7b0000]
 total_blobs=5015 nmethods=4234 adapters=692
 compilation: enabled
              stopped_count=0, restarted_count=0
 full_count=0

Compilation events (20 events):
Event: 18.695 Thread 0x000001f933326000 nmethod 4233 0x000001f924f3c790 code [0x000001f924f3c940, 0x000001f924f3cae8]
Event: 18.695 Thread 0x000001f9347c0800 4235       4       org.objectweb.asm.Symbol::<init> (38 bytes)
Event: 18.698 Thread 0x000001f933329800 4238       3       sun.security.provider.MD5::implDigest (96 bytes)
Event: 18.698 Thread 0x000001f933329800 nmethod 4238 0x000001f91e099510 code [0x000001f91e099700, 0x000001f91e0999e8]
Event: 18.698 Thread 0x000001f933329800 4239       3       sun.security.provider.ByteArrayAccess::i2bLittle (204 bytes)
Event: 18.699 Thread 0x000001f933329800 nmethod 4239 0x000001f91e099b10 code [0x000001f91e099ce0, 0x000001f91e09a0a8]
Event: 18.699 Thread 0x000001f933329800 4240       3       sun.nio.fs.WindowsPath::isEmpty (8 bytes)
Event: 18.699 Thread 0x000001f933329800 nmethod 4240 0x000001f91e09a290 code [0x000001f91e09a440, 0x000001f91e09a618]
Event: 18.700 Thread 0x000001f9347c0800 nmethod 4235 0x000001f924f3cc90 code [0x000001f924f3ce20, 0x000001f924f3d0f8]
Event: 18.704 Thread 0x000001f933329800 4241       3       com.google.common.collect.ImmutableCollection$Builder::<init> (5 bytes)
Event: 18.704 Thread 0x000001f933329800 nmethod 4241 0x000001f91e09a710 code [0x000001f91e09a8c0, 0x000001f91e09aa18]
Event: 18.705 Thread 0x000001f933329800 4242       1       org.codehaus.groovy.runtime.metaclass.NewInstanceMetaMethod::getModifiers (2 bytes)
Event: 18.705 Thread 0x000001f933329800 nmethod 4242 0x000001f924f3d190 code [0x000001f924f3d340, 0x000001f924f3d3f8]
Event: 18.708 Thread 0x000001f933326000 4243   !   4       java.net.URLClassLoader::findClass (47 bytes)
Event: 18.712 Thread 0x000001f9347c0800 4244       4       org.codehaus.groovy.util.SingleKeyHashMap::getOrPut (137 bytes)
Event: 18.715 Thread 0x000001f933326000 nmethod 4243 0x000001f924f3d490 code [0x000001f924f3d660, 0x000001f924f3d878]
Event: 18.726 Thread 0x000001f933329800 4245       3       org.codehaus.groovy.util.ReferenceManager$1::afterReferenceCreation (57 bytes)
Event: 18.727 Thread 0x000001f933329800 nmethod 4245 0x000001f91e09ab10 code [0x000001f91e09ad00, 0x000001f91e09b118]
Event: 18.728 Thread 0x000001f933329800 4246       3       java.util.Arrays::sort (47 bytes)
Event: 18.729 Thread 0x000001f933329800 nmethod 4246 0x000001f91e09b290 code [0x000001f91e09b480, 0x000001f91e09b7b8]

GC Heap History (17 events):
Event: 1.382 GC heap before
{Heap before GC invocations=0 (full 0):
 garbage-first heap   total 131072K, used 20480K [0x0000000080000000, 0x0000000100000000)
  region size 1024K, 14 young (14336K), 0 survivors (0K)
 Metaspace       used 6728K, capacity 6925K, committed 7168K, reserved 1056768K
  class space    used 582K, capacity 650K, committed 768K, reserved 1048576K
}
Event: 1.392 GC heap after
{Heap after GC invocations=1 (full 0):
 garbage-first heap   total 131072K, used 7821K [0x0000000080000000, 0x0000000100000000)
  region size 1024K, 2 young (2048K), 2 survivors (2048K)
 Metaspace       used 6728K, capacity 6925K, committed 7168K, reserved 1056768K
  class space    used 582K, capacity 650K, committed 768K, reserved 1048576K
}
Event: 2.144 GC heap before
{Heap before GC invocations=1 (full 0):
 garbage-first heap   total 131072K, used 20109K [0x0000000080000000, 0x0000000100000000)
  region size 1024K, 14 young (14336K), 2 survivors (2048K)
 Metaspace       used 9900K, capacity 10118K, committed 10368K, reserved 1058816K
  class space    used 1028K, capacity 1102K, committed 1152K, reserved 1048576K
}
Event: 2.149 GC heap after
{Heap after GC invocations=2 (full 0):
 garbage-first heap   total 131072K, used 9367K [0x0000000080000000, 0x0000000100000000)
  region size 1024K, 2 young (2048K), 2 survivors (2048K)
 Metaspace       used 9900K, capacity 10118K, committed 10368K, reserved 1058816K
  class space    used 1028K, capacity 1102K, committed 1152K, reserved 1048576K
}
Event: 3.490 GC heap before
{Heap before GC invocations=2 (full 0):
 garbage-first heap   total 131072K, used 45207K [0x0000000080000000, 0x0000000100000000)
  region size 1024K, 37 young (37888K), 2 survivors (2048K)
 Metaspace       used 10925K, capacity 11137K, committed 11264K, reserved 1058816K
  class space    used 1133K, capacity 1207K, committed 1280K, reserved 1048576K
}
Event: 3.495 GC heap after
{Heap after GC invocations=3 (full 0):
 garbage-first heap   total 131072K, used 13545K [0x0000000080000000, 0x0000000100000000)
  region size 1024K, 5 young (5120K), 5 survivors (5120K)
 Metaspace       used 10925K, capacity 11137K, committed 11264K, reserved 1058816K
  class space    used 1133K, capacity 1207K, committed 1280K, reserved 1048576K
}
Event: 7.230 GC heap before
{Heap before GC invocations=3 (full 0):
 garbage-first heap   total 131072K, used 63721K [0x0000000080000000, 0x0000000100000000)
  region size 1024K, 54 young (55296K), 5 survivors (5120K)
 Metaspace       used 19612K, capacity 20017K, committed 20224K, reserved 1067008K
  class space    used 2378K, capacity 2499K, committed 2560K, reserved 1048576K
}
Event: 7.309 GC heap after
{Heap after GC invocations=4 (full 0):
 garbage-first heap   total 131072K, used 16671K [0x0000000080000000, 0x0000000100000000)
  region size 1024K, 4 young (4096K), 4 survivors (4096K)
 Metaspace       used 19612K, capacity 20017K, committed 20224K, reserved 1067008K
  class space    used 2378K, capacity 2499K, committed 2560K, reserved 1048576K
}
Event: 7.682 GC heap before
{Heap before GC invocations=4 (full 0):
 garbage-first heap   total 131072K, used 26911K [0x0000000080000000, 0x0000000100000000)
  region size 1024K, 15 young (15360K), 4 survivors (4096K)
 Metaspace       used 20687K, capacity 21180K, committed 21296K, reserved 1069056K
  class space    used 2528K, capacity 2674K, committed 2688K, reserved 1048576K
}
Event: 7.693 GC heap after
{Heap after GC invocations=5 (full 0):
 garbage-first heap   total 131072K, used 17141K [0x0000000080000000, 0x0000000100000000)
  region size 1024K, 4 young (4096K), 4 survivors (4096K)
 Metaspace       used 20687K, capacity 21180K, committed 21296K, reserved 1069056K
  class space    used 2528K, capacity 2674K, committed 2688K, reserved 1048576K
}
Event: 9.880 GC heap before
{Heap before GC invocations=6 (full 0):
 garbage-first heap   total 131072K, used 85749K [0x0000000080000000, 0x0000000100000000)
  region size 1024K, 63 young (64512K), 4 survivors (4096K)
 Metaspace       used 26758K, capacity 27442K, committed 27568K, reserved 1073152K
  class space    used 3504K, capacity 3759K, committed 3840K, reserved 1048576K
}
Event: 9.894 GC heap after
{Heap after GC invocations=7 (full 0):
 garbage-first heap   total 131072K, used 30531K [0x0000000080000000, 0x0000000100000000)
  region size 1024K, 8 young (8192K), 8 survivors (8192K)
 Metaspace       used 26758K, capacity 27442K, committed 27568K, reserved 1073152K
  class space    used 3504K, capacity 3759K, committed 3840K, reserved 1048576K
}
Event: 12.819 GC heap before
{Heap before GC invocations=7 (full 0):
 garbage-first heap   total 131072K, used 94019K [0x0000000080000000, 0x0000000100000000)
  region size 1024K, 72 young (73728K), 8 survivors (8192K)
 Metaspace       used 34629K, capacity 35557K, committed 35632K, reserved 1079296K
  class space    used 4540K, capacity 4918K, committed 4992K, reserved 1048576K
}
Event: 12.848 GC heap after
{Heap after GC invocations=8 (full 0):
 garbage-first heap   total 131072K, used 35017K [0x0000000080000000, 0x0000000100000000)
  region size 1024K, 9 young (9216K), 9 survivors (9216K)
 Metaspace       used 34629K, capacity 35557K, committed 35632K, reserved 1079296K
  class space    used 4540K, capacity 4918K, committed 4992K, reserved 1048576K
}
Event: 15.576 GC heap before
{Heap before GC invocations=9 (full 0):
 garbage-first heap   total 131072K, used 100553K [0x0000000080000000, 0x0000000100000000)
  region size 1024K, 71 young (72704K), 9 survivors (9216K)
 Metaspace       used 41284K, capacity 42443K, committed 42644K, reserved 1087488K
  class space    used 5289K, capacity 5695K, committed 5708K, reserved 1048576K
}
Event: 15.608 GC heap after
{Heap after GC invocations=10 (full 0):
 garbage-first heap   total 131072K, used 40407K [0x0000000080000000, 0x0000000100000000)
  region size 1024K, 9 young (9216K), 9 survivors (9216K)
 Metaspace       used 41284K, capacity 42443K, committed 42644K, reserved 1087488K
  class space    used 5289K, capacity 5695K, committed 5708K, reserved 1048576K
}
Event: 18.731 GC heap before
{Heap before GC invocations=11 (full 0):
 garbage-first heap   total 131072K, used 105943K [0x0000000080000000, 0x0000000100000000)
  region size 1024K, 70 young (71680K), 9 survivors (9216K)
 Metaspace       used 45571K, capacity 46802K, committed 46996K, reserved 1089536K
  class space    used 5744K, capacity 6155K, committed 6220K, reserved 1048576K
}

Deoptimization events (20 events):
Event: 17.797 Thread 0x000001f933f72000 Uncommon trap: trap_request=0xffffffde fr.pc=0x000001f924ea9ee8 relative=0x0000000000001148
Event: 17.797 Thread 0x000001f933f72000 Uncommon trap: reason=class_check action=maybe_recompile pc=0x000001f924ea9ee8 method=org.codehaus.groovy.reflection.ParameterTypes.getParametersTypes0()V @ 16 c2
Event: 17.797 Thread 0x000001f933f72000 DEOPT PACKING pc=0x000001f924ea9ee8 sp=0x0000002a26af8bc0
Event: 17.797 Thread 0x000001f933f72000 DEOPT UNPACKING pc=0x000001f91d24662f sp=0x0000002a26af8b88 mode 2
Event: 17.889 Thread 0x000001f933f72000 Uncommon trap: trap_request=0xffffff7e fr.pc=0x000001f924f15e1c relative=0x0000000000000ebc
Event: 17.889 Thread 0x000001f933f72000 Uncommon trap: reason=predicate action=maybe_recompile pc=0x000001f924f15e1c method=java.util.Arrays.binarySearch0([Ljava/lang/Object;IILjava/lang/Object;Ljava/util/Comparator;)I @ 25 c2
Event: 17.889 Thread 0x000001f933f72000 DEOPT PACKING pc=0x000001f924f15e1c sp=0x0000002a26af7250
Event: 17.889 Thread 0x000001f933f72000 DEOPT UNPACKING pc=0x000001f91d24662f sp=0x0000002a26af7208 mode 2
Event: 18.289 Thread 0x000001f933f72000 Uncommon trap: trap_request=0xffffffde fr.pc=0x000001f924ea9ee8 relative=0x0000000000001148
Event: 18.290 Thread 0x000001f933f72000 Uncommon trap: reason=class_check action=maybe_recompile pc=0x000001f924ea9ee8 method=org.codehaus.groovy.reflection.ParameterTypes.getParametersTypes0()V @ 16 c2
Event: 18.290 Thread 0x000001f933f72000 DEOPT PACKING pc=0x000001f924ea9ee8 sp=0x0000002a26af8dd0
Event: 18.290 Thread 0x000001f933f72000 DEOPT UNPACKING pc=0x000001f91d24662f sp=0x0000002a26af8d98 mode 2
Event: 18.290 Thread 0x000001f933f72000 Uncommon trap: trap_request=0xffffffde fr.pc=0x000001f924ea9ee8 relative=0x0000000000001148
Event: 18.290 Thread 0x000001f933f72000 Uncommon trap: reason=class_check action=maybe_recompile pc=0x000001f924ea9ee8 method=org.codehaus.groovy.reflection.ParameterTypes.getParametersTypes0()V @ 16 c2
Event: 18.290 Thread 0x000001f933f72000 DEOPT PACKING pc=0x000001f924ea9ee8 sp=0x0000002a26af8dd0
Event: 18.290 Thread 0x000001f933f72000 DEOPT UNPACKING pc=0x000001f91d24662f sp=0x0000002a26af8d98 mode 2
Event: 18.323 Thread 0x000001f933f72000 Uncommon trap: trap_request=0xffffff4d fr.pc=0x000001f924dd56d0 relative=0x00000000000001f0
Event: 18.323 Thread 0x000001f933f72000 Uncommon trap: reason=unstable_if action=reinterpret pc=0x000001f924dd56d0 method=java.util.HashMap.putVal(ILjava/lang/Object;Ljava/lang/Object;ZZ)Ljava/lang/Object; @ 162 c2
Event: 18.323 Thread 0x000001f933f72000 DEOPT PACKING pc=0x000001f924dd56d0 sp=0x0000002a26afaa20
Event: 18.323 Thread 0x000001f933f72000 DEOPT UNPACKING pc=0x000001f91d24662f sp=0x0000002a26afa9a0 mode 2

Classes redefined (0 events):
No events

Internal exceptions (20 events):
Event: 18.476 Thread 0x000001f933f72000 Exception <a 'java/lang/ClassNotFoundException'{0x0000000084f152e0}: org/gradle/plugin/management/internal/DefaultPluginManagementSpecCustomizer> (0x0000000084f152e0) thrown at [./src/hotspot/share/classfile/systemDictionary.cpp, line 231]
Event: 18.478 Thread 0x000001f933f72000 Exception <a 'java/lang/ClassNotFoundException'{0x0000000084f61cb0}: org/gradle/plugin/management/internal/DefaultPluginManagementSpec_DecoratedCustomizer> (0x0000000084f61cb0) thrown at [./src/hotspot/share/classfile/systemDictionary.cpp, line 231]
Event: 18.516 Thread 0x000001f933f72000 Exception <a 'java/lang/ClassNotFoundException'{0x0000000084bd8ad0}: org/gradle/api/internal/artifacts/dsl/DefaultRepositoryHandler_DecoratedBeanInfo> (0x0000000084bd8ad0) thrown at [./src/hotspot/share/classfile/systemDictionary.cpp, line 231]
Event: 18.520 Thread 0x000001f933f72000 Exception <a 'java/lang/ClassNotFoundException'{0x0000000084a12dc8}: org/gradle/api/internal/artifacts/dsl/DefaultRepositoryHandlerBeanInfo> (0x0000000084a12dc8) thrown at [./src/hotspot/share/classfile/systemDictionary.cpp, line 231]
Event: 18.522 Thread 0x000001f933f72000 Exception <a 'java/lang/ClassNotFoundException'{0x0000000084a4ff10}: org/gradle/api/internal/artifacts/DefaultArtifactRepositoryContainerBeanInfo> (0x0000000084a4ff10) thrown at [./src/hotspot/share/classfile/systemDictionary.cpp, line 231]
Event: 18.524 Thread 0x000001f933f72000 Exception <a 'java/lang/ClassNotFoundException'{0x0000000084a7b110}: org/gradle/api/internal/DefaultNamedDomainObjectListBeanInfo> (0x0000000084a7b110) thrown at [./src/hotspot/share/classfile/systemDictionary.cpp, line 231]
Event: 18.526 Thread 0x000001f933f72000 Exception <a 'java/lang/ClassNotFoundException'{0x0000000084aa7b00}: org/gradle/api/internal/DefaultNamedDomainObjectCollectionBeanInfo> (0x0000000084aa7b00) thrown at [./src/hotspot/share/classfile/systemDictionary.cpp, line 231]
Event: 18.528 Thread 0x000001f933f72000 Exception <a 'java/lang/ClassNotFoundException'{0x0000000084ad30d8}: org/gradle/api/internal/DefaultDomainObjectCollectionBeanInfo> (0x0000000084ad30d8) thrown at [./src/hotspot/share/classfile/systemDictionary.cpp, line 231]
Event: 18.528 Thread 0x000001f933f72000 Exception <a 'java/lang/ClassNotFoundException'{0x0000000084ad95b8}: java/util/AbstractCollectionBeanInfo> (0x0000000084ad95b8) thrown at [./src/hotspot/share/classfile/systemDictionary.cpp, line 231]
Event: 18.530 Thread 0x000001f933f72000 Exception <a 'java/lang/ClassNotFoundException'{0x0000000084adfa68}: java/util/AbstractCollectionCustomizer> (0x0000000084adfa68) thrown at [./src/hotspot/share/classfile/systemDictionary.cpp, line 231]
Event: 18.532 Thread 0x000001f933f72000 Exception <a 'java/lang/ClassNotFoundException'{0x0000000084914660}: org/gradle/api/internal/DefaultDomainObjectCollectionCustomizer> (0x0000000084914660) thrown at [./src/hotspot/share/classfile/systemDictionary.cpp, line 231]
Event: 18.538 Thread 0x000001f933f72000 Exception <a 'java/lang/ClassNotFoundException'{0x000000008495e380}: org/gradle/api/internal/DefaultNamedDomainObjectCollectionCustomizer> (0x000000008495e380) thrown at [./src/hotspot/share/classfile/systemDictionary.cpp, line 231]
Event: 18.548 Thread 0x000001f933f72000 Exception <a 'java/lang/ClassNotFoundException'{0x00000000849cef58}: org/gradle/api/internal/DefaultNamedDomainObjectListCustomizer> (0x00000000849cef58) thrown at [./src/hotspot/share/classfile/systemDictionary.cpp, line 231]
Event: 18.553 Thread 0x000001f933f72000 Exception <a 'java/lang/ClassNotFoundException'{0x0000000084825418}: org/gradle/api/internal/artifacts/DefaultArtifactRepositoryContainerCustomizer> (0x0000000084825418) thrown at [./src/hotspot/share/classfile/systemDictionary.cpp, line 231]
Event: 18.556 Thread 0x000001f933f72000 Exception <a 'java/lang/ClassNotFoundException'{0x00000000848702e0}: org/gradle/api/internal/artifacts/dsl/DefaultRepositoryHandlerCustomizer> (0x00000000848702e0) thrown at [./src/hotspot/share/classfile/systemDictionary.cpp, line 231]
Event: 18.561 Thread 0x000001f933f72000 Exception <a 'java/lang/ClassNotFoundException'{0x00000000848cdb38}: org/gradle/api/internal/artifacts/dsl/DefaultRepositoryHandler_DecoratedCustomizer> (0x00000000848cdb38) thrown at [./src/hotspot/share/classfile/systemDictionary.cpp, line 231]
Event: 18.688 Thread 0x000001f933f72000 Exception <a 'java/lang/NoSuchMethodError'{0x00000000844e64d8}: 'void java.lang.invoke.DirectMethodHandle$Holder.invokeInterface(java.lang.Object, java.lang.Object)'> (0x00000000844e64d8) thrown at [./src/hotspot/share/interpreter/linkResolver.cpp, line 773]
Event: 18.708 Thread 0x000001f933f72000 Exception <a 'java/lang/ClassNotFoundException'{0x000000008435fc98}: settings_bevtkhk82mavagd30mndo4mlhBeanInfo> (0x000000008435fc98) thrown at [./src/hotspot/share/classfile/systemDictionary.cpp, line 231]
Event: 18.709 Thread 0x000001f933f72000 Exception <a 'java/lang/ClassNotFoundException'{0x000000008436b408}: settings_bevtkhk82mavagd30mndo4mlhCustomizer> (0x000000008436b408) thrown at [./src/hotspot/share/classfile/systemDictionary.cpp, line 231]
Event: 18.731 Thread 0x000001f933f72000 Exception <a 'java/lang/ClassNotFoundException'{0x00000000843fe1c0}: org/gradle/internal/management/DefaultDependencyResolutionManagement_DecoratedBeanInfo> (0x00000000843fe1c0) thrown at [./src/hotspot/share/classfile/systemDictionary.cpp, line 231]

Events (20 events):
Event: 18.708 loading class settings_bevtkhk82mavagd30mndo4mlhBeanInfo done
Event: 18.708 loading class settings_bevtkhk82mavagd30mndo4mlhCustomizer
Event: 18.708 loading class settings_bevtkhk82mavagd30mndo4mlhCustomizer done
Event: 18.709 loading class settings_bevtkhk82mavagd30mndo4mlhCustomizer
Event: 18.709 loading class settings_bevtkhk82mavagd30mndo4mlhCustomizer done
Event: 18.716 loading class groovy/runtime/metaclass/settings_bevtkhk82mavagd30mndo4mlh$_run_closure1MetaClass
Event: 18.717 loading class groovy/runtime/metaclass/settings_bevtkhk82mavagd30mndo4mlh$_run_closure1MetaClass done
Event: 18.721 loading class groovy/runtime/metaclass/org/gradle/internal/management/DefaultDependencyResolutionManagement_DecoratedMetaClass
Event: 18.721 loading class groovy/runtime/metaclass/org/gradle/internal/management/DefaultDependencyResolutionManagement_DecoratedMetaClass done
Event: 18.728 loading class org/gradle/internal/management/DefaultDependencyResolutionManagement_DecoratedBeanInfo
Event: 18.728 loading class org/gradle/internal/management/DefaultDependencyResolutionManagement_DecoratedBeanInfo done
Event: 18.730 loading class org/gradle/internal/management/DefaultDependencyResolutionManagement_DecoratedBeanInfo
Event: 18.730 loading class org/gradle/internal/management/DefaultDependencyResolutionManagement_DecoratedBeanInfo done
Event: 18.730 loading class org/gradle/internal/management/DefaultDependencyResolutionManagement_DecoratedBeanInfo
Event: 18.730 loading class org/gradle/internal/management/DefaultDependencyResolutionManagement_DecoratedBeanInfo done
Event: 18.731 loading class org/gradle/internal/management/DefaultDependencyResolutionManagement_DecoratedBeanInfo
Event: 18.731 loading class org/gradle/internal/management/DefaultDependencyResolutionManagement_DecoratedBeanInfo done
Event: 18.731 loading class org/gradle/internal/management/DefaultDependencyResolutionManagementBeanInfo
Event: 18.731 loading class org/gradle/internal/management/DefaultDependencyResolutionManagementBeanInfo done
Event: 18.731 Executing VM operation: G1CollectForAllocation


Dynamic libraries:
0x00007ff6bef70000 - 0x00007ff6bef7a000 	D:\Android\jre\bin\java.exe
0x00007fff26f30000 - 0x00007fff27125000 	C:\WINDOWS\SYSTEM32\ntdll.dll
0x00007fff26110000 - 0x00007fff261ce000 	C:\WINDOWS\System32\KERNEL32.DLL
0x00007fff24870000 - 0x00007fff24b38000 	C:\WINDOWS\System32\KERNELBASE.dll
0x00007fff24db0000 - 0x00007fff24eb0000 	C:\WINDOWS\System32\ucrtbase.dll
0x00007fff1ddb0000 - 0x00007fff1ddc9000 	D:\Android\jre\bin\jli.dll
0x00007fff269c0000 - 0x00007fff26b60000 	C:\WINDOWS\System32\USER32.dll
0x00007fff24d80000 - 0x00007fff24da2000 	C:\WINDOWS\System32\win32u.dll
0x00007fff19c10000 - 0x00007fff19c27000 	D:\Android\jre\bin\VCRUNTIME140.dll
0x00007fff26b60000 - 0x00007fff26b8a000 	C:\WINDOWS\System32\GDI32.dll
0x00007fff246c0000 - 0x00007fff247cb000 	C:\WINDOWS\System32\gdi32full.dll
0x00007fff247d0000 - 0x00007fff2486d000 	C:\WINDOWS\System32\msvcp_win.dll
0x00007fff16450000 - 0x00007fff166ea000 	C:\WINDOWS\WinSxS\amd64_microsoft.windows.common-controls_6595b64144ccf1df_6.0.19041.1110_none_60b5254171f9507e\COMCTL32.dll
0x00007fff25790000 - 0x00007fff2582e000 	C:\WINDOWS\System32\msvcrt.dll
0x00007fff25830000 - 0x00007fff25860000 	C:\WINDOWS\System32\IMM32.DLL
0x00007ffef2140000 - 0x00007ffef21dd000 	D:\Android\jre\bin\msvcp140.dll
0x00007ffed55b0000 - 0x00007ffed6085000 	D:\Android\jre\bin\server\jvm.dll
0x00007fff26060000 - 0x00007fff2610e000 	C:\WINDOWS\System32\ADVAPI32.dll
0x00007fff26330000 - 0x00007fff263cc000 	C:\WINDOWS\System32\sechost.dll
0x00007fff26dc0000 - 0x00007fff26ee5000 	C:\WINDOWS\System32\RPCRT4.dll
0x00007fff264c0000 - 0x00007fff264c8000 	C:\WINDOWS\System32\PSAPI.DLL
0x00007fff167d0000 - 0x00007fff167f7000 	C:\WINDOWS\SYSTEM32\WINMM.dll
0x00007fff1f130000 - 0x00007fff1f139000 	C:\WINDOWS\SYSTEM32\WSOCK32.dll
0x00007fff12e30000 - 0x00007fff12e3a000 	C:\WINDOWS\SYSTEM32\VERSION.dll
0x00007fff26430000 - 0x00007fff2649b000 	C:\WINDOWS\System32\ws2_32.DLL
0x00007fff22570000 - 0x00007fff22582000 	C:\WINDOWS\SYSTEM32\kernel.appcore.dll
0x00007fff1f5d0000 - 0x00007fff1f5e1000 	D:\Android\jre\bin\verify.dll
0x00007fff11fa0000 - 0x00007fff12184000 	C:\WINDOWS\SYSTEM32\DBGHELP.DLL
0x00007fff11f40000 - 0x00007fff11f6c000 	C:\WINDOWS\SYSTEM32\dbgcore.DLL
0x00007fff24f00000 - 0x00007fff24f82000 	C:\WINDOWS\System32\bcryptPrimitives.dll
0x00007fff1e3c0000 - 0x00007fff1e3e9000 	D:\Android\jre\bin\java.dll
0x00007fff21270000 - 0x00007fff2127b000 	D:\Android\jre\bin\jimage.dll
0x00007fff1e380000 - 0x00007fff1e398000 	D:\Android\jre\bin\zip.dll
0x00007fff24f90000 - 0x00007fff256d4000 	C:\WINDOWS\System32\SHELL32.dll
0x00007fff22770000 - 0x00007fff22f04000 	C:\WINDOWS\SYSTEM32\windows.storage.dll
0x00007fff264d0000 - 0x00007fff26824000 	C:\WINDOWS\System32\combase.dll
0x00007fff240c0000 - 0x00007fff240ec000 	C:\WINDOWS\SYSTEM32\Wldp.dll
0x00007fff25e90000 - 0x00007fff25f3d000 	C:\WINDOWS\System32\SHCORE.dll
0x00007fff26d40000 - 0x00007fff26d95000 	C:\WINDOWS\System32\shlwapi.dll
0x00007fff24590000 - 0x00007fff245af000 	C:\WINDOWS\SYSTEM32\profapi.dll
0x00007fff1e330000 - 0x00007fff1e34a000 	D:\Android\jre\bin\net.dll
0x00007fff15f70000 - 0x00007fff1607a000 	C:\WINDOWS\SYSTEM32\WINHTTP.dll
0x00007fff23e20000 - 0x00007fff23e8a000 	C:\WINDOWS\system32\mswsock.dll
0x00007fff1e310000 - 0x00007fff1e324000 	D:\Android\jre\bin\nio.dll
0x00007fff19c70000 - 0x00007fff19c97000 	C:\Users\Administrator\.gradle\native\e1d6ef7f7dcc3fd88c89a11ec53ec762bb8ba0a96d01ffa2cd45eb1d1d8dd5c5\windows-amd64\native-platform.dll
0x00007ffef1910000 - 0x00007ffef1a54000 	C:\Users\Administrator\.gradle\native\5664cfc778a61ccfe75a443a1ab52a65af34e5dc3c78e0209fed803814484fcb\windows-amd64\native-platform-file-events.dll
0x00007fff1f730000 - 0x00007fff1f73a000 	D:\Android\jre\bin\management.dll
0x00007fff1e370000 - 0x00007fff1e37d000 	D:\Android\jre\bin\management_ext.dll
0x00007fff24010000 - 0x00007fff24028000 	C:\WINDOWS\SYSTEM32\CRYPTSP.dll
0x00007fff23730000 - 0x00007fff23764000 	C:\WINDOWS\system32\rsaenh.dll
0x00007fff24b40000 - 0x00007fff24b67000 	C:\WINDOWS\System32\bcrypt.dll
0x00007fff24510000 - 0x00007fff2453e000 	C:\WINDOWS\SYSTEM32\USERENV.dll
0x00007fff24030000 - 0x00007fff2403c000 	C:\WINDOWS\SYSTEM32\CRYPTBASE.dll
0x00007fff23ac0000 - 0x00007fff23afb000 	C:\WINDOWS\SYSTEM32\IPHLPAPI.DLL
0x00007fff264b0000 - 0x00007fff264b8000 	C:\WINDOWS\System32\NSI.dll
0x00007fff1d140000 - 0x00007fff1d157000 	C:\WINDOWS\SYSTEM32\dhcpcsvc6.DLL
0x00007fff1d480000 - 0x00007fff1d49d000 	C:\WINDOWS\SYSTEM32\dhcpcsvc.DLL
0x00007fff23b00000 - 0x00007fff23bcb000 	C:\WINDOWS\SYSTEM32\DNSAPI.dll

dbghelp: loaded successfully - version: 4.0.5 - missing functions: none
symbol engine: initialized successfully - sym options: 0x614 - pdb path: .;D:\Android\jre\bin;C:\WINDOWS\SYSTEM32;C:\WINDOWS\WinSxS\amd64_microsoft.windows.common-controls_6595b64144ccf1df_6.0.19041.1110_none_60b5254171f9507e;D:\Android\jre\bin\server;C:\Users\Administrator\.gradle\native\e1d6ef7f7dcc3fd88c89a11ec53ec762bb8ba0a96d01ffa2cd45eb1d1d8dd5c5\windows-amd64;C:\Users\Administrator\.gradle\native\5664cfc778a61ccfe75a443a1ab52a65af34e5dc3c78e0209fed803814484fcb\windows-amd64

VM Arguments:
jvm_args: --add-opens=java.base/java.util=ALL-UNNAMED --add-opens=java.base/java.lang=ALL-UNNAMED --add-opens=java.base/java.lang.invoke=ALL-UNNAMED --add-opens=java.base/java.util=ALL-UNNAMED --add-opens=java.prefs/java.util.prefs=ALL-UNNAMED --add-opens=java.prefs/java.util.prefs=ALL-UNNAMED --add-opens=java.base/java.nio.charset=ALL-UNNAMED --add-opens=java.base/java.net=ALL-UNNAMED --add-opens=java.base/java.util.concurrent.atomic=ALL-UNNAMED -Xmx2048m -Dfile.encoding=UTF-8 -Duser.country=US -Duser.language=en -Duser.variant 
java_command: org.gradle.launcher.daemon.bootstrap.GradleDaemon 7.2
java_class_path (initial): C:\Users\Administrator\.gradle\wrapper\dists\gradle-7.2-bin\2dnblmf4td7x66yl1d74lt32g\gradle-7.2\lib\gradle-launcher-7.2.jar
Launcher Type: SUN_STANDARD

[Global flags]
     intx CICompilerCount                          = 3                                         {product} {ergonomic}
     uint ConcGCThreads                            = 1                                         {product} {ergonomic}
     uint G1ConcRefinementThreads                  = 4                                         {product} {ergonomic}
   size_t G1HeapRegionSize                         = 1048576                                   {product} {ergonomic}
    uintx GCDrainStackTargetSize                   = 64                                        {product} {ergonomic}
   size_t InitialHeapSize                          = 134217728                                 {product} {ergonomic}
   size_t MarkStackSize                            = 4194304                                   {product} {ergonomic}
   size_t MaxHeapSize                              = 2147483648                                {product} {command line}
   size_t MaxNewSize                               = 1287651328                                {product} {ergonomic}
   size_t MinHeapDeltaBytes                        = 1048576                                   {product} {ergonomic}
    uintx NonNMethodCodeHeapSize                   = 5830732                                {pd product} {ergonomic}
    uintx NonProfiledCodeHeapSize                  = 122913754                              {pd product} {ergonomic}
    uintx ProfiledCodeHeapSize                     = 122913754                              {pd product} {ergonomic}
    uintx ReservedCodeCacheSize                    = 251658240                              {pd product} {ergonomic}
     bool SegmentedCodeCache                       = true                                      {product} {ergonomic}
     bool UseCompressedClassPointers               = true                                 {lp64_product} {ergonomic}
     bool UseCompressedOops                        = true                                 {lp64_product} {ergonomic}
     bool UseG1GC                                  = true                                      {product} {ergonomic}
     bool UseLargePagesIndividualAllocation        = false                                  {pd product} {ergonomic}

Logging:
Log output configuration:
 #0: stdout all=warning uptime,level,tags
 #1: stderr all=off uptime,level,tags

Environment Variables:
PATH=C:\Python310\Scripts\;C:\Python310\;D:\VMWare\bin\;C:\Users\Administrator\AppData\Local\Programs\Python\Python39\Scripts\;C:\Users\Administrator\AppData\Local\Programs\Python\Python39\;C:\Program Files\Common Files\Oracle\Java\javapath;C:\Program Files\Microsoft MPI\Bin\;C:\Program Files (x86)\Common Files\Oracle\Java\javapath;C:\ProgramData\Oracle\Java\javapath;C:\WINDOWS\system32;C:\WINDOWS;C:\WINDOWS\System32\Wbem;C:\WINDOWS\System32\WindowsPowerShell\v1.0\;C:\WINDOWS\System32\OpenSSH\;C:\Program Files (x86)\VietPN;C:\Program Files\Microsoft SQL Server\Client SDK\ODBC\170\Tools\Binn\;C:\Program Files (x86)\Microsoft SQL Server\150\Tools\Binn\;C:\Program Files\Microsoft SQL Server\150\Tools\Binn\;C:\Program Files\Microsoft SQL Server\150\DTS\Binn\;C:\Program Files\Git\cmd;C:\ProgramData\chocolatey\bin;C:\Program Files (x86)\GNU Tools ARM Embedded\4.8 2013q4\bin;C:\Program Files (x86)\Common Files\Acronis\SnapAPI\;C:\Program Files (x86)\Microsoft SQL Server\150\DTS\Binn\;C:\Program Files\Azure Data Studio\bin;D:\Lua;C:\Program Files\dotnet\;C:\Program Files\nodejs\;C:\Program Files (x86)\dotnet\;C:\Program Files (x86)\Nmap;C:\tools\neovim\Neovim\bin;C:\Users\Administrator\AppData\Local\Microsoft\WindowsApps;;C:\Program Files\Azure Data Studio\bin;C:\Users\Administrator\.dotnet\tools;C:\Users\Administrator\AppData\Roaming\npm
USERNAME=Administrator
OS=Windows_NT
PROCESSOR_IDENTIFIER=Intel64 Family 6 Model 69 Stepping 1, GenuineIntel



---------------  S Y S T E M  ---------------

OS: Windows 10 , 64 bit Build 19041 (10.0.19041.1645)
OS uptime: 0 days 7:21 hours

CPU:total 4 (initial active 4) (2 cores per cpu, 2 threads per core) family 6 model 69 stepping 1 microcode 0x25, cmov, cx8, fxsr, mmx, sse, sse2, sse3, ssse3, sse4.1, sse4.2, popcnt, avx, avx2, aes, clmul, erms, lzcnt, ht, tsc, tscinvbit, bmi1, bmi2, fma

Memory: 4k page, system-wide physical 8097M (1571M free)
TotalPageFile size 8097M (AvailPageFile size 21M)
current process WorkingSet (physical memory assigned to process): 268M, peak: 272M
current process commit charge ("private bytes"): 304M, peak: 331M

vm_info: OpenJDK 64-Bit Server VM (11.0.11+9-b60-7590822) for windows-amd64 JRE (11.0.11+9-b60-7590822), built on Jul 29 2021 21:43:44 by "builder" with MS VC++ 14.0 (VS2015)

END.
