#
# There is insufficient memory for the Java Runtime Environment to continue.
# Native memory allocation (malloc) failed to allocate 1028816 bytes for Chunk::new
# Possible reasons:
#   The system is out of physical RAM or swap space
#   The process is running with CompressedOops enabled, and the Java Heap may be blocking the growth of the native heap
# Possible solutions:
#   Reduce memory load on the system
#   Increase physical memory or swap space
#   Check if swap backing store is full
#   Decrease Java heap size (-Xmx/-Xms)
#   Decrease number of Java threads
#   Decrease Java thread stack sizes (-Xss)
#   Set larger code cache with -XX:ReservedCodeCacheSize=
#   JVM is running with Unscaled Compressed Oops mode in which the Java heap is
#     placed in the first 4GB address space. The Java Heap base address is the
#     maximum limit for the native heap growth. Please use -XX:HeapBaseMinAddress
#     to set the Java Heap base and to place the Java Heap above 4GB virtual address.
# This output file may be truncated or incomplete.
#
#  Out of Memory Error (./src/hotspot/share/memory/arena.cpp:197), pid=5536, tid=11720
#
# JRE version: OpenJDK Runtime Environment (11.0.11+9) (build 11.0.11+9-b60-7590822)
# Java VM: OpenJDK 64-Bit Server VM (11.0.11+9-b60-7590822, mixed mode, tiered, compressed oops, g1 gc, windows-amd64)
# No core dump will be written. Minidumps are not enabled by default on client versions of Windows
#

---------------  S U M M A R Y ------------

Command Line: --add-opens=java.base/java.util=ALL-UNNAMED --add-opens=java.base/java.lang=ALL-UNNAMED --add-opens=java.base/java.lang.invoke=ALL-UNNAMED --add-opens=java.base/java.util=ALL-UNNAMED --add-opens=java.prefs/java.util.prefs=ALL-UNNAMED --add-opens=java.prefs/java.util.prefs=ALL-UNNAMED --add-opens=java.base/java.nio.charset=ALL-UNNAMED --add-opens=java.base/java.net=ALL-UNNAMED --add-opens=java.base/java.util.concurrent.atomic=ALL-UNNAMED -Xmx2048m -Dfile.encoding=UTF-8 -Duser.country=US -Duser.language=en -Duser.variant org.gradle.launcher.daemon.bootstrap.GradleDaemon 7.2

Host: Intel(R) Core(TM) i5-4200U CPU @ 1.60GHz, 4 cores, 7G,  Windows 10 , 64 bit Build 19041 (10.0.19041.1645)
Time: Fri Apr 29 07:10:43 2022 SE Asia Standard Time elapsed time: 24.420007 seconds (0d 0h 0m 24s)

---------------  T H R E A D  ---------------

Current thread (0x000001cfc73bf800):  JavaThread "C2 CompilerThread1" daemon [_thread_in_native, id=11720, stack(0x00000070f4f00000,0x00000070f5000000)]


Current CompileTask:
C2:  24420 5859       4       org.objectweb.asm.Frame::execute (2318 bytes)

Stack: [0x00000070f4f00000,0x00000070f5000000]
Native frames: (J=compiled Java code, j=interpreted, Vv=VM code, C=native code)
V  [jvm.dll+0x5f214a]
V  [jvm.dll+0x726fb5]
V  [jvm.dll+0x7285cd]
V  [jvm.dll+0x728c83]
V  [jvm.dll+0x243278]
V  [jvm.dll+0xbc53c]
V  [jvm.dll+0xbca3c]
V  [jvm.dll+0x2b5c34]
V  [jvm.dll+0x508488]
V  [jvm.dll+0x203d53]
V  [jvm.dll+0x1fdbac]
V  [jvm.dll+0x1fb35f]
V  [jvm.dll+0x183d6c]
V  [jvm.dll+0x209a57]
V  [jvm.dll+0x2082a1]
V  [jvm.dll+0x6ef58f]
V  [jvm.dll+0x6e80b5]
V  [jvm.dll+0x5f1036]
C  [ucrtbase.dll+0x21bb2]
C  [KERNEL32.DLL+0x17034]
C  [ntdll.dll+0x52651]


---------------  P R O C E S S  ---------------

Threads class SMR info:
_java_thread_list=0x000001cfc9c81e70, length=78, elements={
0x000001cfa7bcb000, 0x000001cfc17b1800, 0x000001cfc17b3000, 0x000001cfc17cb800,
0x000001cfc17cd800, 0x000001cfc17ce800, 0x000001cfc17d1800, 0x000001cfc17d4800,
0x000001cfc216c000, 0x000001cfc2295800, 0x000001cfc396e800, 0x000001cfc4a5a000,
0x000001cfc3153800, 0x000001cfc3bd5000, 0x000001cfc2f51800, 0x000001cfc3bdf800,
0x000001cfc46b9000, 0x000001cfc3cc1000, 0x000001cfc4375000, 0x000001cfc3c5d000,
0x000001cfc3c60800, 0x000001cfc3c61000, 0x000001cfc3c5e800, 0x000001cfc3c5b800,
0x000001cfc3c5e000, 0x000001cfc3c62000, 0x000001cfc3c5f800, 0x000001cfc3c5c800,
0x000001cfc4e42800, 0x000001cfc4e43800, 0x000001cfc4e45000, 0x000001cfc4e41800,
0x000001cfc4e46000, 0x000001cfc4e41000, 0x000001cfc4e4c800, 0x000001cfc4e49000,
0x000001cfc4e48000, 0x000001cfc4e4a000, 0x000001cfc4e4a800, 0x000001cfc4e47800,
0x000001cfc4e4b800, 0x000001cfc4e46800, 0x000001cfc4e4d000, 0x000001cfc4e4e000,
0x000001cfc7b49000, 0x000001cfc7b44800, 0x000001cfc7b43800, 0x000001cfc7b4a000,
0x000001cfc7b45000, 0x000001cfc7b4b000, 0x000001cfc7b4b800, 0x000001cfc7b48800,
0x000001cfc7b46000, 0x000001cfc7b4c800, 0x000001cfc7b47000, 0x000001cfc7b4d800,
0x000001cfc7b47800, 0x000001cfc7b51800, 0x000001cfc7b50000, 0x000001cfc7b4e000,
0x000001cfc7b50800, 0x000001cfc7b4f000, 0x000001cfc7b52000, 0x000001cfc915d000,
0x000001cfc915e800, 0x000001cfc9160000, 0x000001cfc915a800, 0x000001cfc915d800,
0x000001cfc915f000, 0x000001cfc9161000, 0x000001cfc915c000, 0x000001cfc915b000,
0x000001cfc9165000, 0x000001cfc9165800, 0x000001cfc9166800, 0x000001cfc9167800,
0x000001cfc9161800, 0x000001cfc73bf800
}

Java Threads: ( => current thread )
  0x000001cfa7bcb000 JavaThread "main" [_thread_blocked, id=5560, stack(0x00000070f2700000,0x00000070f2800000)]
  0x000001cfc17b1800 JavaThread "Reference Handler" daemon [_thread_blocked, id=5960, stack(0x00000070f2f00000,0x00000070f3000000)]
  0x000001cfc17b3000 JavaThread "Finalizer" daemon [_thread_blocked, id=8124, stack(0x00000070f3000000,0x00000070f3100000)]
  0x000001cfc17cb800 JavaThread "Signal Dispatcher" daemon [_thread_blocked, id=6692, stack(0x00000070f3100000,0x00000070f3200000)]
  0x000001cfc17cd800 JavaThread "Attach Listener" daemon [_thread_blocked, id=10304, stack(0x00000070f3200000,0x00000070f3300000)]
  0x000001cfc17ce800 JavaThread "Service Thread" daemon [_thread_blocked, id=9372, stack(0x00000070f3300000,0x00000070f3400000)]
  0x000001cfc17d1800 JavaThread "C2 CompilerThread0" daemon [_thread_in_native, id=4236, stack(0x00000070f3400000,0x00000070f3500000)]
  0x000001cfc17d4800 JavaThread "C1 CompilerThread0" daemon [_thread_blocked, id=11960, stack(0x00000070f3500000,0x00000070f3600000)]
  0x000001cfc216c000 JavaThread "Sweeper thread" daemon [_thread_blocked, id=12180, stack(0x00000070f3600000,0x00000070f3700000)]
  0x000001cfc2295800 JavaThread "Common-Cleaner" daemon [_thread_blocked, id=11420, stack(0x00000070f3700000,0x00000070f3800000)]
  0x000001cfc396e800 JavaThread "Daemon health stats" [_thread_blocked, id=8200, stack(0x00000070f3c00000,0x00000070f3d00000)]
  0x000001cfc4a5a000 JavaThread "Incoming local TCP Connector on port 21925" [_thread_in_native, id=11088, stack(0x00000070f3b00000,0x00000070f3c00000)]
  0x000001cfc3153800 JavaThread "Daemon periodic checks" [_thread_blocked, id=6324, stack(0x00000070f3e00000,0x00000070f3f00000)]
  0x000001cfc3bd5000 JavaThread "Daemon" [_thread_blocked, id=6532, stack(0x00000070f3f00000,0x00000070f4000000)]
  0x000001cfc2f51800 JavaThread "Handler for socket connection from /127.0.0.1:21925 to /127.0.0.1:21926" [_thread_in_native, id=8996, stack(0x00000070f4000000,0x00000070f4100000)]
  0x000001cfc3bdf800 JavaThread "Cancel handler" [_thread_blocked, id=10928, stack(0x00000070f3d00000,0x00000070f3e00000)]
  0x000001cfc46b9000 JavaThread "Daemon worker" [_thread_in_Java, id=10988, stack(0x00000070f4100000,0x00000070f4200000)]
  0x000001cfc3cc1000 JavaThread "Asynchronous log dispatcher for DefaultDaemonConnection: socket connection from /127.0.0.1:21925 to /127.0.0.1:21926" [_thread_blocked, id=10704, stack(0x00000070f4200000,0x00000070f4300000)]
  0x000001cfc4375000 JavaThread "Stdin handler" [_thread_blocked, id=10372, stack(0x00000070f4300000,0x00000070f4400000)]
  0x000001cfc3c5d000 JavaThread "Daemon client event forwarder" [_thread_blocked, id=12244, stack(0x00000070f4400000,0x00000070f4500000)]
  0x000001cfc3c60800 JavaThread "Cache worker for journal cache (C:\Users\Administrator\.gradle\caches\journal-1)" [_thread_blocked, id=11832, stack(0x00000070f4600000,0x00000070f4700000)]
  0x000001cfc3c61000 JavaThread "File lock request listener" [_thread_in_native, id=11892, stack(0x00000070f4700000,0x00000070f4800000)]
  0x000001cfc3c5e800 JavaThread "Cache worker for file hash cache (C:\Users\Administrator\.gradle\caches\7.2\fileHashes)" [_thread_blocked, id=10428, stack(0x00000070f4800000,0x00000070f4900000)]
  0x000001cfc3c5b800 JavaThread "Cache worker for file hash cache (D:\BaiTapTuan\QTBai2\.gradle\7.2\fileHashes)" [_thread_blocked, id=11560, stack(0x00000070f4a00000,0x00000070f4b00000)]
  0x000001cfc3c5e000 JavaThread "File watcher server" daemon [_thread_in_native, id=8804, stack(0x00000070f4b00000,0x00000070f4c00000)]
  0x000001cfc3c62000 JavaThread "File watcher consumer" daemon [_thread_blocked, id=10936, stack(0x00000070f4c00000,0x00000070f4d00000)]
  0x000001cfc3c5f800 JavaThread "Cache worker for checksums cache (D:\BaiTapTuan\QTBai2\.gradle\checksums)" [_thread_blocked, id=10572, stack(0x00000070f4d00000,0x00000070f4e00000)]
  0x000001cfc3c5c800 JavaThread "Cache worker for cache directory md-supplier (C:\Users\Administrator\.gradle\caches\7.2\md-supplier)" [_thread_blocked, id=9832, stack(0x00000070f4900000,0x00000070f4a00000)]
  0x000001cfc4e42800 JavaThread "Cache worker for cache directory md-rule (C:\Users\Administrator\.gradle\caches\7.2\md-rule)" [_thread_blocked, id=6060, stack(0x00000070f4e00000,0x00000070f4f00000)]
  0x000001cfc4e43800 JavaThread "Cache worker for execution history cache (C:\Users\Administrator\.gradle\caches\7.2\executionHistory)" [_thread_blocked, id=11416, stack(0x00000070f5000000,0x00000070f5100000)]
  0x000001cfc4e45000 JavaThread "jar transforms" [_thread_blocked, id=1336, stack(0x00000070f5100000,0x00000070f5200000)]
  0x000001cfc4e41800 JavaThread "Cache worker for file content cache (C:\Users\Administrator\.gradle\caches\7.2\fileContent)" [_thread_blocked, id=10912, stack(0x00000070f5200000,0x00000070f5300000)]
  0x000001cfc4e46000 JavaThread "jar transforms Thread 2" [_thread_blocked, id=10528, stack(0x00000070f5300000,0x00000070f5400000)]
  0x000001cfc4e41000 JavaThread "Cache worker for dependencies-accessors (D:\BaiTapTuan\QTBai2\.gradle\7.2\dependencies-accessors)" [_thread_blocked, id=1256, stack(0x00000070f5400000,0x00000070f5500000)]
  0x000001cfc4e4c800 JavaThread "jar transforms Thread 3" [_thread_blocked, id=7436, stack(0x00000070f5500000,0x00000070f5600000)]
  0x000001cfc4e49000 JavaThread "Cache worker for Build Output Cleanup Cache (D:\BaiTapTuan\QTBai2\.gradle\buildOutputCleanup)" [_thread_blocked, id=5736, stack(0x00000070f5600000,0x00000070f5700000)]
  0x000001cfc4e48000 JavaThread "Unconstrained build operations" [_thread_blocked, id=11808, stack(0x00000070f5700000,0x00000070f5800000)]
  0x000001cfc4e4a000 JavaThread "Unconstrained build operations Thread 2" [_thread_blocked, id=11260, stack(0x00000070f5800000,0x00000070f5900000)]
  0x000001cfc4e4a800 JavaThread "Unconstrained build operations Thread 3" [_thread_blocked, id=9336, stack(0x00000070f5900000,0x00000070f5a00000)]
  0x000001cfc4e47800 JavaThread "Unconstrained build operations Thread 4" [_thread_blocked, id=9572, stack(0x00000070f5a00000,0x00000070f5b00000)]
  0x000001cfc4e4b800 JavaThread "Unconstrained build operations Thread 5" [_thread_blocked, id=10440, stack(0x00000070f5b00000,0x00000070f5c00000)]
  0x000001cfc4e46800 JavaThread "Unconstrained build operations Thread 6" [_thread_blocked, id=11816, stack(0x00000070f5c00000,0x00000070f5d00000)]
  0x000001cfc4e4d000 JavaThread "Unconstrained build operations Thread 7" [_thread_blocked, id=11876, stack(0x00000070f5d00000,0x00000070f5e00000)]
  0x000001cfc4e4e000 JavaThread "Unconstrained build operations Thread 8" [_thread_blocked, id=5788, stack(0x00000070f5e00000,0x00000070f5f00000)]
  0x000001cfc7b49000 JavaThread "Unconstrained build operations Thread 9" [_thread_blocked, id=5972, stack(0x00000070f5f00000,0x00000070f6000000)]
  0x000001cfc7b44800 JavaThread "Unconstrained build operations Thread 10" [_thread_blocked, id=10384, stack(0x00000070f6000000,0x00000070f6100000)]
  0x000001cfc7b43800 JavaThread "Unconstrained build operations Thread 11" [_thread_blocked, id=11864, stack(0x00000070f6100000,0x00000070f6200000)]
  0x000001cfc7b4a000 JavaThread "Unconstrained build operations Thread 12" [_thread_blocked, id=1444, stack(0x00000070f6200000,0x00000070f6300000)]
  0x000001cfc7b45000 JavaThread "Unconstrained build operations Thread 13" [_thread_blocked, id=9488, stack(0x00000070f6300000,0x00000070f6400000)]
  0x000001cfc7b4b000 JavaThread "Unconstrained build operations Thread 14" [_thread_blocked, id=8588, stack(0x00000070f6400000,0x00000070f6500000)]
  0x000001cfc7b4b800 JavaThread "Unconstrained build operations Thread 15" [_thread_blocked, id=2720, stack(0x00000070f6500000,0x00000070f6600000)]
  0x000001cfc7b48800 JavaThread "Unconstrained build operations Thread 16" [_thread_blocked, id=2160, stack(0x00000070f6600000,0x00000070f6700000)]
  0x000001cfc7b46000 JavaThread "Unconstrained build operations Thread 17" [_thread_blocked, id=11432, stack(0x00000070f6700000,0x00000070f6800000)]
  0x000001cfc7b4c800 JavaThread "Unconstrained build operations Thread 18" [_thread_blocked, id=11612, stack(0x00000070f6800000,0x00000070f6900000)]
  0x000001cfc7b47000 JavaThread "Unconstrained build operations Thread 19" [_thread_blocked, id=11708, stack(0x00000070f6900000,0x00000070f6a00000)]
  0x000001cfc7b4d800 JavaThread "Unconstrained build operations Thread 20" [_thread_blocked, id=11712, stack(0x00000070f6a00000,0x00000070f6b00000)]
  0x000001cfc7b47800 JavaThread "Unconstrained build operations Thread 21" [_thread_blocked, id=9048, stack(0x00000070f6b00000,0x00000070f6c00000)]
  0x000001cfc7b51800 JavaThread "Unconstrained build operations Thread 22" [_thread_blocked, id=5388, stack(0x00000070f6c00000,0x00000070f6d00000)]
  0x000001cfc7b50000 JavaThread "Unconstrained build operations Thread 23" [_thread_blocked, id=9548, stack(0x00000070f6d00000,0x00000070f6e00000)]
  0x000001cfc7b4e000 JavaThread "Unconstrained build operations Thread 24" [_thread_blocked, id=9148, stack(0x00000070f6e00000,0x00000070f6f00000)]
  0x000001cfc7b50800 JavaThread "Unconstrained build operations Thread 25" [_thread_blocked, id=12192, stack(0x00000070f6f00000,0x00000070f7000000)]
  0x000001cfc7b4f000 JavaThread "Unconstrained build operations Thread 26" [_thread_blocked, id=9052, stack(0x00000070f7000000,0x00000070f7100000)]
  0x000001cfc7b52000 JavaThread "Unconstrained build operations Thread 27" [_thread_blocked, id=11848, stack(0x00000070f7100000,0x00000070f7200000)]
  0x000001cfc915d000 JavaThread "Unconstrained build operations Thread 28" [_thread_blocked, id=11696, stack(0x00000070f7200000,0x00000070f7300000)]
  0x000001cfc915e800 JavaThread "Unconstrained build operations Thread 29" [_thread_blocked, id=6556, stack(0x00000070f7300000,0x00000070f7400000)]
  0x000001cfc9160000 JavaThread "Unconstrained build operations Thread 30" [_thread_blocked, id=11644, stack(0x00000070f7400000,0x00000070f7500000)]
  0x000001cfc915a800 JavaThread "Unconstrained build operations Thread 31" [_thread_blocked, id=6536, stack(0x00000070f7500000,0x00000070f7600000)]
  0x000001cfc915d800 JavaThread "Unconstrained build operations Thread 32" [_thread_blocked, id=10548, stack(0x00000070f7600000,0x00000070f7700000)]
  0x000001cfc915f000 JavaThread "Unconstrained build operations Thread 33" [_thread_blocked, id=6512, stack(0x00000070f7700000,0x00000070f7800000)]
  0x000001cfc9161000 JavaThread "Unconstrained build operations Thread 34" [_thread_blocked, id=10844, stack(0x00000070f7800000,0x00000070f7900000)]
  0x000001cfc915c000 JavaThread "Unconstrained build operations Thread 35" [_thread_blocked, id=3312, stack(0x00000070f7900000,0x00000070f7a00000)]
  0x000001cfc915b000 JavaThread "Unconstrained build operations Thread 36" [_thread_blocked, id=10100, stack(0x00000070f7a00000,0x00000070f7b00000)]
  0x000001cfc9165000 JavaThread "Unconstrained build operations Thread 37" [_thread_blocked, id=12092, stack(0x00000070f7b00000,0x00000070f7c00000)]
  0x000001cfc9165800 JavaThread "Unconstrained build operations Thread 38" [_thread_blocked, id=6912, stack(0x00000070f7c00000,0x00000070f7d00000)]
  0x000001cfc9166800 JavaThread "Unconstrained build operations Thread 39" [_thread_blocked, id=11900, stack(0x00000070f7d00000,0x00000070f7e00000)]
  0x000001cfc9167800 JavaThread "Unconstrained build operations Thread 40" [_thread_blocked, id=9528, stack(0x00000070f7e00000,0x00000070f7f00000)]
  0x000001cfc9161800 JavaThread "jar transforms Thread 4" [_thread_blocked, id=11872, stack(0x00000070f7f00000,0x00000070f8000000)]
=>0x000001cfc73bf800 JavaThread "C2 CompilerThread1" daemon [_thread_in_native, id=11720, stack(0x00000070f4f00000,0x00000070f5000000)]

Other Threads:
  0x000001cfc17aa800 VMThread "VM Thread" [stack: 0x00000070f2e00000,0x00000070f2f00000] [id=12264]
  0x000001cfc22aa800 WatcherThread [stack: 0x00000070f3800000,0x00000070f3900000] [id=6768]
  0x000001cfa7be5000 GCTaskThread "GC Thread#0" [stack: 0x00000070f2900000,0x00000070f2a00000] [id=10632]
  0x000001cfc255c000 GCTaskThread "GC Thread#1" [stack: 0x00000070f3900000,0x00000070f3a00000] [id=8512]
  0x000001cfc255c800 GCTaskThread "GC Thread#2" [stack: 0x00000070f3a00000,0x00000070f3b00000] [id=8932]
  0x000001cfc3980800 GCTaskThread "GC Thread#3" [stack: 0x00000070f4500000,0x00000070f4600000] [id=6936]
  0x000001cfa7c15800 ConcurrentGCThread "G1 Main Marker" [stack: 0x00000070f2a00000,0x00000070f2b00000] [id=10424]
  0x000001cfa7c16800 ConcurrentGCThread "G1 Conc#0" [stack: 0x00000070f2b00000,0x00000070f2c00000] [id=2132]
  0x000001cfa7ca5800 ConcurrentGCThread "G1 Refine#0" [stack: 0x00000070f2c00000,0x00000070f2d00000] [id=8856]
  0x000001cfa7ca6800 ConcurrentGCThread "G1 Young RemSet Sampling" [stack: 0x00000070f2d00000,0x00000070f2e00000] [id=6180]

Threads with active compile tasks:
C2 CompilerThread0  24443 5808   !   4       com.google.common.reflect.TypeVisitor::visit (244 bytes)
C2 CompilerThread1  24443 5859       4       org.objectweb.asm.Frame::execute (2318 bytes)

VM state:not at safepoint (normal execution)

VM Mutex/Monitor currently owned by a thread: None

Heap address: 0x0000000080000000, size: 2048 MB, Compressed Oops mode: 32-bit
Narrow klass base: 0x0000000000000000, Narrow klass shift: 3
Compressed class space size: 1073741824 Address: 0x0000000100000000

Heap:
 garbage-first heap   total 131072K, used 65703K [0x0000000080000000, 0x0000000100000000)
  region size 1024K, 30 young (30720K), 9 survivors (9216K)
 Metaspace       used 57631K, capacity 59010K, committed 59136K, reserved 1099776K
  class space    used 7323K, capacity 7813K, committed 7936K, reserved 1048576K
Heap Regions: E=young(eden), S=young(survivor), O=old, HS=humongous(starts), HC=humongous(continues), CS=collection set, F=free, A=archive, TAMS=top-at-mark-start (previous, next)
|   0|0x0000000080000000, 0x0000000080100000, 0x0000000080100000|100%| O|  |TAMS 0x0000000080100000, 0x0000000080000000| Untracked 
|   1|0x0000000080100000, 0x0000000080200000, 0x0000000080200000|100%| O|  |TAMS 0x0000000080200000, 0x0000000080100000| Untracked 
|   2|0x0000000080200000, 0x0000000080300000, 0x0000000080300000|100%| O|  |TAMS 0x0000000080300000, 0x0000000080200000| Untracked 
|   3|0x0000000080300000, 0x0000000080400000, 0x0000000080400000|100%|HS|  |TAMS 0x0000000080400000, 0x0000000080300000| Complete 
|   4|0x0000000080400000, 0x0000000080500000, 0x0000000080500000|100%|HC|  |TAMS 0x0000000080500000, 0x0000000080400000| Complete 
|   5|0x0000000080500000, 0x0000000080600000, 0x0000000080600000|100%|HC|  |TAMS 0x0000000080600000, 0x0000000080500000| Complete 
|   6|0x0000000080600000, 0x0000000080700000, 0x0000000080700000|100%| O|  |TAMS 0x0000000080700000, 0x0000000080600000| Untracked 
|   7|0x0000000080700000, 0x0000000080800000, 0x0000000080800000|100%| O|  |TAMS 0x0000000080800000, 0x0000000080700000| Untracked 
|   8|0x0000000080800000, 0x0000000080900000, 0x0000000080900000|100%| O|  |TAMS 0x0000000080900000, 0x0000000080800000| Untracked 
|   9|0x0000000080900000, 0x0000000080a00000, 0x0000000080a00000|100%| O|  |TAMS 0x0000000080a00000, 0x0000000080900000| Untracked 
|  10|0x0000000080a00000, 0x0000000080b00000, 0x0000000080b00000|100%| O|  |TAMS 0x0000000080b00000, 0x0000000080a00000| Untracked 
|  11|0x0000000080b00000, 0x0000000080c00000, 0x0000000080c00000|100%| O|  |TAMS 0x0000000080c00000, 0x0000000080b00000| Untracked 
|  12|0x0000000080c00000, 0x0000000080d00000, 0x0000000080d00000|100%| O|  |TAMS 0x0000000080d00000, 0x0000000080c00000| Untracked 
|  13|0x0000000080d00000, 0x0000000080e00000, 0x0000000080e00000|100%| O|  |TAMS 0x0000000080e00000, 0x0000000080d00000| Untracked 
|  14|0x0000000080e00000, 0x0000000080f00000, 0x0000000080f00000|100%| O|  |TAMS 0x0000000080f00000, 0x0000000080e00000| Untracked 
|  15|0x0000000080f00000, 0x0000000081000000, 0x0000000081000000|100%| O|  |TAMS 0x0000000081000000, 0x0000000080f00000| Untracked 
|  16|0x0000000081000000, 0x0000000081100000, 0x0000000081100000|100%|HS|  |TAMS 0x0000000081000000, 0x0000000081000000| Complete 
|  17|0x0000000081100000, 0x0000000081200000, 0x0000000081200000|100%| O|  |TAMS 0x0000000081200000, 0x0000000081100000| Untracked 
|  18|0x0000000081200000, 0x0000000081300000, 0x0000000081300000|100%| O|  |TAMS 0x0000000081300000, 0x0000000081200000| Untracked 
|  19|0x0000000081300000, 0x0000000081400000, 0x0000000081400000|100%| O|  |TAMS 0x0000000081400000, 0x0000000081300000| Untracked 
|  20|0x0000000081400000, 0x0000000081500000, 0x0000000081500000|100%| O|  |TAMS 0x0000000081500000, 0x0000000081400000| Untracked 
|  21|0x0000000081500000, 0x0000000081600000, 0x0000000081600000|100%| O|  |TAMS 0x0000000081600000, 0x0000000081500000| Untracked 
|  22|0x0000000081600000, 0x0000000081700000, 0x0000000081700000|100%| O|  |TAMS 0x0000000081700000, 0x0000000081600000| Untracked 
|  23|0x0000000081700000, 0x0000000081800000, 0x0000000081800000|100%| O|  |TAMS 0x0000000081800000, 0x0000000081700000| Untracked 
|  24|0x0000000081800000, 0x0000000081900000, 0x0000000081900000|100%| O|  |TAMS 0x0000000081900000, 0x0000000081800000| Untracked 
|  25|0x0000000081900000, 0x0000000081a00000, 0x0000000081a00000|100%| O|  |TAMS 0x0000000081a00000, 0x0000000081900000| Untracked 
|  26|0x0000000081a00000, 0x0000000081b00000, 0x0000000081b00000|100%| O|  |TAMS 0x0000000081b00000, 0x0000000081a00000| Untracked 
|  27|0x0000000081b00000, 0x0000000081c00000, 0x0000000081c00000|100%| O|  |TAMS 0x0000000081c00000, 0x0000000081b00000| Untracked 
|  28|0x0000000081c00000, 0x0000000081d00000, 0x0000000081d00000|100%| O|  |TAMS 0x0000000081c37800, 0x0000000081c00000| Untracked 
|  29|0x0000000081d00000, 0x0000000081e00000, 0x0000000081e00000|100%|HS|  |TAMS 0x0000000081d00000, 0x0000000081d00000| Complete 
|  30|0x0000000081e00000, 0x0000000081f00000, 0x0000000081f00000|100%|HS|  |TAMS 0x0000000081e00000, 0x0000000081e00000| Complete 
|  31|0x0000000081f00000, 0x0000000082000000, 0x0000000082000000|100%|HS|  |TAMS 0x0000000081f00000, 0x0000000081f00000| Complete 
|  32|0x0000000082000000, 0x0000000082100000, 0x0000000082100000|100%|HC|  |TAMS 0x0000000082000000, 0x0000000082000000| Complete 
|  33|0x0000000082100000, 0x0000000082200000, 0x0000000082200000|100%| O|  |TAMS 0x0000000082100000, 0x0000000082100000| Untracked 
|  34|0x0000000082200000, 0x0000000082300000, 0x0000000082300000|100%| O|  |TAMS 0x0000000082200000, 0x0000000082200000| Untracked 
|  35|0x0000000082300000, 0x0000000082329c00, 0x0000000082400000| 16%| O|  |TAMS 0x0000000082300000, 0x0000000082300000| Untracked 
|  36|0x0000000082400000, 0x0000000082400000, 0x0000000082500000|  0%| F|  |TAMS 0x0000000082400000, 0x0000000082400000| Untracked 
|  37|0x0000000082500000, 0x0000000082500000, 0x0000000082600000|  0%| F|  |TAMS 0x0000000082500000, 0x0000000082500000| Untracked 
|  38|0x0000000082600000, 0x0000000082600000, 0x0000000082700000|  0%| F|  |TAMS 0x0000000082600000, 0x0000000082600000| Untracked 
|  39|0x0000000082700000, 0x0000000082700000, 0x0000000082800000|  0%| F|  |TAMS 0x0000000082700000, 0x0000000082700000| Untracked 
|  40|0x0000000082800000, 0x0000000082800000, 0x0000000082900000|  0%| F|  |TAMS 0x0000000082800000, 0x0000000082800000| Untracked 
|  41|0x0000000082900000, 0x0000000082900000, 0x0000000082a00000|  0%| F|  |TAMS 0x0000000082900000, 0x0000000082900000| Untracked 
|  42|0x0000000082a00000, 0x0000000082a00000, 0x0000000082b00000|  0%| F|  |TAMS 0x0000000082a00000, 0x0000000082a00000| Untracked 
|  43|0x0000000082b00000, 0x0000000082b00000, 0x0000000082c00000|  0%| F|  |TAMS 0x0000000082b00000, 0x0000000082b00000| Untracked 
|  44|0x0000000082c00000, 0x0000000082c00000, 0x0000000082d00000|  0%| F|  |TAMS 0x0000000082c00000, 0x0000000082c00000| Untracked 
|  45|0x0000000082d00000, 0x0000000082d00000, 0x0000000082e00000|  0%| F|  |TAMS 0x0000000082d00000, 0x0000000082d00000| Untracked 
|  46|0x0000000082e00000, 0x0000000082e00000, 0x0000000082f00000|  0%| F|  |TAMS 0x0000000082e00000, 0x0000000082e00000| Untracked 
|  47|0x0000000082f00000, 0x0000000082f00000, 0x0000000083000000|  0%| F|  |TAMS 0x0000000082f00000, 0x0000000082f00000| Untracked 
|  48|0x0000000083000000, 0x0000000083100000, 0x0000000083100000|100%| S|CS|TAMS 0x0000000083000000, 0x0000000083000000| Complete 
|  49|0x0000000083100000, 0x0000000083200000, 0x0000000083200000|100%| S|CS|TAMS 0x0000000083100000, 0x0000000083100000| Complete 
|  50|0x0000000083200000, 0x0000000083300000, 0x0000000083300000|100%| S|CS|TAMS 0x0000000083200000, 0x0000000083200000| Complete 
|  51|0x0000000083300000, 0x0000000083400000, 0x0000000083400000|100%| S|CS|TAMS 0x0000000083300000, 0x0000000083300000| Complete 
|  52|0x0000000083400000, 0x0000000083500000, 0x0000000083500000|100%| S|CS|TAMS 0x0000000083400000, 0x0000000083400000| Complete 
|  53|0x0000000083500000, 0x0000000083600000, 0x0000000083600000|100%| S|CS|TAMS 0x0000000083500000, 0x0000000083500000| Complete 
|  54|0x0000000083600000, 0x0000000083700000, 0x0000000083700000|100%| S|CS|TAMS 0x0000000083600000, 0x0000000083600000| Complete 
|  55|0x0000000083700000, 0x0000000083800000, 0x0000000083800000|100%| S|CS|TAMS 0x0000000083700000, 0x0000000083700000| Complete 
|  56|0x0000000083800000, 0x0000000083800000, 0x0000000083900000|  0%| F|  |TAMS 0x0000000083800000, 0x0000000083800000| Untracked 
|  57|0x0000000083900000, 0x0000000083900000, 0x0000000083a00000|  0%| F|  |TAMS 0x0000000083900000, 0x0000000083900000| Untracked 
|  58|0x0000000083a00000, 0x0000000083a00000, 0x0000000083b00000|  0%| F|  |TAMS 0x0000000083a00000, 0x0000000083a00000| Untracked 
|  59|0x0000000083b00000, 0x0000000083b00000, 0x0000000083c00000|  0%| F|  |TAMS 0x0000000083b00000, 0x0000000083b00000| Untracked 
|  60|0x0000000083c00000, 0x0000000083d00000, 0x0000000083d00000|100%| S|CS|TAMS 0x0000000083c00000, 0x0000000083c00000| Complete 
|  61|0x0000000083d00000, 0x0000000083d00000, 0x0000000083e00000|  0%| F|  |TAMS 0x0000000083d00000, 0x0000000083d00000| Untracked 
|  62|0x0000000083e00000, 0x0000000083e00000, 0x0000000083f00000|  0%| F|  |TAMS 0x0000000083e00000, 0x0000000083e00000| Untracked 
|  63|0x0000000083f00000, 0x0000000083f00000, 0x0000000084000000|  0%| F|  |TAMS 0x0000000083f00000, 0x0000000083f00000| Untracked 
|  64|0x0000000084000000, 0x0000000084000000, 0x0000000084100000|  0%| F|  |TAMS 0x0000000084000000, 0x0000000084000000| Untracked 
|  65|0x0000000084100000, 0x0000000084100000, 0x0000000084200000|  0%| F|  |TAMS 0x0000000084100000, 0x0000000084100000| Untracked 
|  66|0x0000000084200000, 0x0000000084200000, 0x0000000084300000|  0%| F|  |TAMS 0x0000000084200000, 0x0000000084200000| Untracked 
|  67|0x0000000084300000, 0x0000000084300000, 0x0000000084400000|  0%| F|  |TAMS 0x0000000084300000, 0x0000000084300000| Untracked 
|  68|0x0000000084400000, 0x0000000084400000, 0x0000000084500000|  0%| F|  |TAMS 0x0000000084400000, 0x0000000084400000| Untracked 
|  69|0x0000000084500000, 0x0000000084500000, 0x0000000084600000|  0%| F|  |TAMS 0x0000000084500000, 0x0000000084500000| Untracked 
|  70|0x0000000084600000, 0x0000000084600000, 0x0000000084700000|  0%| F|  |TAMS 0x0000000084600000, 0x0000000084600000| Untracked 
|  71|0x0000000084700000, 0x0000000084700000, 0x0000000084800000|  0%| F|  |TAMS 0x0000000084700000, 0x0000000084700000| Untracked 
|  72|0x0000000084800000, 0x0000000084800000, 0x0000000084900000|  0%| F|  |TAMS 0x0000000084800000, 0x0000000084800000| Untracked 
|  73|0x0000000084900000, 0x0000000084900000, 0x0000000084a00000|  0%| F|  |TAMS 0x0000000084900000, 0x0000000084900000| Untracked 
|  74|0x0000000084a00000, 0x0000000084a00000, 0x0000000084b00000|  0%| F|  |TAMS 0x0000000084a00000, 0x0000000084a00000| Untracked 
|  75|0x0000000084b00000, 0x0000000084b00000, 0x0000000084c00000|  0%| F|  |TAMS 0x0000000084b00000, 0x0000000084b00000| Untracked 
|  76|0x0000000084c00000, 0x0000000084c00000, 0x0000000084d00000|  0%| F|  |TAMS 0x0000000084c00000, 0x0000000084c00000| Untracked 
|  77|0x0000000084d00000, 0x0000000084d00000, 0x0000000084e00000|  0%| F|  |TAMS 0x0000000084d00000, 0x0000000084d00000| Untracked 
|  78|0x0000000084e00000, 0x0000000084e00000, 0x0000000084f00000|  0%| F|  |TAMS 0x0000000084e00000, 0x0000000084e00000| Untracked 
|  79|0x0000000084f00000, 0x0000000084f00000, 0x0000000085000000|  0%| F|  |TAMS 0x0000000084f00000, 0x0000000084f00000| Untracked 
|  80|0x0000000085000000, 0x0000000085000000, 0x0000000085100000|  0%| F|  |TAMS 0x0000000085000000, 0x0000000085000000| Untracked 
|  81|0x0000000085100000, 0x0000000085100000, 0x0000000085200000|  0%| F|  |TAMS 0x0000000085100000, 0x0000000085100000| Untracked 
|  82|0x0000000085200000, 0x0000000085200000, 0x0000000085300000|  0%| F|  |TAMS 0x0000000085200000, 0x0000000085200000| Untracked 
|  83|0x0000000085300000, 0x0000000085300000, 0x0000000085400000|  0%| F|  |TAMS 0x0000000085300000, 0x0000000085300000| Untracked 
|  84|0x0000000085400000, 0x0000000085400000, 0x0000000085500000|  0%| F|  |TAMS 0x0000000085400000, 0x0000000085400000| Untracked 
|  85|0x0000000085500000, 0x0000000085500000, 0x0000000085600000|  0%| F|  |TAMS 0x0000000085500000, 0x0000000085500000| Untracked 
|  86|0x0000000085600000, 0x0000000085600000, 0x0000000085700000|  0%| F|  |TAMS 0x0000000085600000, 0x0000000085600000| Untracked 
|  87|0x0000000085700000, 0x0000000085700000, 0x0000000085800000|  0%| F|  |TAMS 0x0000000085700000, 0x0000000085700000| Untracked 
|  88|0x0000000085800000, 0x0000000085800000, 0x0000000085900000|  0%| F|  |TAMS 0x0000000085800000, 0x0000000085800000| Untracked 
|  89|0x0000000085900000, 0x0000000085900000, 0x0000000085a00000|  0%| F|  |TAMS 0x0000000085900000, 0x0000000085900000| Untracked 
|  90|0x0000000085a00000, 0x0000000085a00000, 0x0000000085b00000|  0%| F|  |TAMS 0x0000000085a00000, 0x0000000085a00000| Untracked 
|  91|0x0000000085b00000, 0x0000000085b00000, 0x0000000085c00000|  0%| F|  |TAMS 0x0000000085b00000, 0x0000000085b00000| Untracked 
|  92|0x0000000085c00000, 0x0000000085c00000, 0x0000000085d00000|  0%| F|  |TAMS 0x0000000085c00000, 0x0000000085c00000| Untracked 
|  93|0x0000000085d00000, 0x0000000085d00000, 0x0000000085e00000|  0%| F|  |TAMS 0x0000000085d00000, 0x0000000085d00000| Untracked 
|  94|0x0000000085e00000, 0x0000000085e00000, 0x0000000085f00000|  0%| F|  |TAMS 0x0000000085e00000, 0x0000000085e00000| Untracked 
|  95|0x0000000085f00000, 0x0000000085f00000, 0x0000000086000000|  0%| F|  |TAMS 0x0000000085f00000, 0x0000000085f00000| Untracked 
|  96|0x0000000086000000, 0x0000000086000000, 0x0000000086100000|  0%| F|  |TAMS 0x0000000086000000, 0x0000000086000000| Untracked 
|  97|0x0000000086100000, 0x0000000086100000, 0x0000000086200000|  0%| F|  |TAMS 0x0000000086100000, 0x0000000086100000| Untracked 
|  98|0x0000000086200000, 0x0000000086200000, 0x0000000086300000|  0%| F|  |TAMS 0x0000000086200000, 0x0000000086200000| Untracked 
|  99|0x0000000086300000, 0x0000000086300000, 0x0000000086400000|  0%| F|  |TAMS 0x0000000086300000, 0x0000000086300000| Untracked 
| 100|0x0000000086400000, 0x0000000086400000, 0x0000000086500000|  0%| F|  |TAMS 0x0000000086400000, 0x0000000086400000| Untracked 
| 101|0x0000000086500000, 0x0000000086500000, 0x0000000086600000|  0%| F|  |TAMS 0x0000000086500000, 0x0000000086500000| Untracked 
| 102|0x0000000086600000, 0x0000000086600000, 0x0000000086700000|  0%| F|  |TAMS 0x0000000086600000, 0x0000000086600000| Untracked 
| 103|0x0000000086700000, 0x0000000086700000, 0x0000000086800000|  0%| F|  |TAMS 0x0000000086700000, 0x0000000086700000| Untracked 
| 104|0x0000000086800000, 0x0000000086800000, 0x0000000086900000|  0%| F|  |TAMS 0x0000000086800000, 0x0000000086800000| Untracked 
| 105|0x0000000086900000, 0x0000000086900000, 0x0000000086a00000|  0%| F|  |TAMS 0x0000000086900000, 0x0000000086900000| Untracked 
| 106|0x0000000086a00000, 0x0000000086a00000, 0x0000000086b00000|  0%| F|  |TAMS 0x0000000086a00000, 0x0000000086a00000| Untracked 
| 107|0x0000000086b00000, 0x0000000086c00000, 0x0000000086c00000|100%| E|  |TAMS 0x0000000086b00000, 0x0000000086b00000| Complete 
| 108|0x0000000086c00000, 0x0000000086d00000, 0x0000000086d00000|100%| E|CS|TAMS 0x0000000086c00000, 0x0000000086c00000| Complete 
| 109|0x0000000086d00000, 0x0000000086e00000, 0x0000000086e00000|100%| E|CS|TAMS 0x0000000086d00000, 0x0000000086d00000| Complete 
| 110|0x0000000086e00000, 0x0000000086f00000, 0x0000000086f00000|100%| E|CS|TAMS 0x0000000086e00000, 0x0000000086e00000| Complete 
| 111|0x0000000086f00000, 0x0000000087000000, 0x0000000087000000|100%| E|CS|TAMS 0x0000000086f00000, 0x0000000086f00000| Complete 
| 112|0x0000000087000000, 0x0000000087100000, 0x0000000087100000|100%| E|CS|TAMS 0x0000000087000000, 0x0000000087000000| Complete 
| 113|0x0000000087100000, 0x0000000087200000, 0x0000000087200000|100%| E|CS|TAMS 0x0000000087100000, 0x0000000087100000| Complete 
| 114|0x0000000087200000, 0x0000000087300000, 0x0000000087300000|100%| E|CS|TAMS 0x0000000087200000, 0x0000000087200000| Complete 
| 115|0x0000000087300000, 0x0000000087400000, 0x0000000087400000|100%| E|CS|TAMS 0x0000000087300000, 0x0000000087300000| Complete 
| 116|0x0000000087400000, 0x0000000087500000, 0x0000000087500000|100%| E|CS|TAMS 0x0000000087400000, 0x0000000087400000| Complete 
| 117|0x0000000087500000, 0x0000000087600000, 0x0000000087600000|100%| E|CS|TAMS 0x0000000087500000, 0x0000000087500000| Complete 
| 118|0x0000000087600000, 0x0000000087700000, 0x0000000087700000|100%| E|CS|TAMS 0x0000000087600000, 0x0000000087600000| Complete 
| 119|0x0000000087700000, 0x0000000087800000, 0x0000000087800000|100%| E|CS|TAMS 0x0000000087700000, 0x0000000087700000| Complete 
| 120|0x0000000087800000, 0x0000000087900000, 0x0000000087900000|100%| E|CS|TAMS 0x0000000087800000, 0x0000000087800000| Complete 
| 121|0x0000000087900000, 0x0000000087a00000, 0x0000000087a00000|100%| E|CS|TAMS 0x0000000087900000, 0x0000000087900000| Complete 
| 122|0x0000000087a00000, 0x0000000087b00000, 0x0000000087b00000|100%| E|CS|TAMS 0x0000000087a00000, 0x0000000087a00000| Complete 
| 123|0x0000000087b00000, 0x0000000087c00000, 0x0000000087c00000|100%| E|CS|TAMS 0x0000000087b00000, 0x0000000087b00000| Complete 
| 124|0x0000000087c00000, 0x0000000087d00000, 0x0000000087d00000|100%| E|CS|TAMS 0x0000000087c00000, 0x0000000087c00000| Complete 
| 125|0x0000000087d00000, 0x0000000087e00000, 0x0000000087e00000|100%| E|CS|TAMS 0x0000000087d00000, 0x0000000087d00000| Complete 
| 126|0x0000000087e00000, 0x0000000087f00000, 0x0000000087f00000|100%| E|CS|TAMS 0x0000000087e00000, 0x0000000087e00000| Complete 
| 127|0x0000000087f00000, 0x0000000088000000, 0x0000000088000000|100%| E|CS|TAMS 0x0000000087f00000, 0x0000000087f00000| Complete 

Card table byte_map: [0x000001cfbaad0000,0x000001cfbaed0000] _byte_map_base: 0x000001cfba6d0000

Marking Bits (Prev, Next): (CMBitMap*) 0x000001cfa7c0c7e0, (CMBitMap*) 0x000001cfa7c0c7a8
 Prev Bits: [0x000001cfbd2d0000, 0x000001cfbf2d0000)
 Next Bits: [0x000001cfbb2d0000, 0x000001cfbd2d0000)

Polling page: 0x000001cfa5bd0000

Metaspace:

Usage:
  Non-class:     50.00 MB capacity,    49.16 MB ( 98%) used,   715.34 KB (  1%) free+waste,   148.94 KB ( <1%) overhead. 
      Class:      7.63 MB capacity,     7.16 MB ( 94%) used,   413.95 KB (  5%) free+waste,    70.44 KB ( <1%) overhead. 
       Both:     57.63 MB capacity,    56.32 MB ( 98%) used,     1.10 MB (  2%) free+waste,   219.38 KB ( <1%) overhead. 

Virtual space:
  Non-class space:       52.00 MB reserved,      50.25 MB ( 97%) committed 
      Class space:        1.00 GB reserved,       7.75 MB ( <1%) committed 
             Both:        1.05 GB reserved,      58.00 MB (  5%) committed 

Chunk freelists:
   Non-Class:  0 bytes
       Class:  24.00 KB
        Both:  24.00 KB

MaxMetaspaceSize: 17179869184.00 GB
CompressedClassSpaceSize: 1.00 GB

CodeHeap 'non-profiled nmethods': size=120064Kb used=3231Kb max_used=3231Kb free=116832Kb
 bounds [0x000001cfb3190000, 0x000001cfb34c0000, 0x000001cfba6d0000]
CodeHeap 'profiled nmethods': size=120000Kb used=12364Kb max_used=12364Kb free=107635Kb
 bounds [0x000001cfabc60000, 0x000001cfac880000, 0x000001cfb3190000]
CodeHeap 'non-nmethods': size=5696Kb used=2240Kb max_used=2274Kb free=3455Kb
 bounds [0x000001cfab6d0000, 0x000001cfab940000, 0x000001cfabc60000]
 total_blobs=6689 nmethods=5868 adapters=732
 compilation: enabled
              stopped_count=0, restarted_count=0
 full_count=0

Compilation events (20 events):
Event: 24.276 Thread 0x000001cfc17d4800 5873       3       com.google.common.reflect.TypeToken::someRawTypeIsSubclassOf (42 bytes)
Event: 24.277 Thread 0x000001cfc17d4800 nmethod 5873 0x000001cfac85ff90 code [0x000001cfac8602a0, 0x000001cfac8616f8]
Event: 24.278 Thread 0x000001cfc17d4800 5876       3       com.google.common.collect.AbstractMapBasedMultimap::put (92 bytes)
Event: 24.278 Thread 0x000001cfc73bf800 5859       4       org.objectweb.asm.Frame::execute (2318 bytes)
Event: 24.279 Thread 0x000001cfc17d4800 nmethod 5876 0x000001cfac861d10 code [0x000001cfac861f40, 0x000001cfac8626f8]
Event: 24.279 Thread 0x000001cfc17d4800 5874       3       com.google.common.reflect.TypeResolver$TypeTable$1::resolveInternal (33 bytes)
Event: 24.280 Thread 0x000001cfc17d4800 nmethod 5874 0x000001cfac862910 code [0x000001cfac862b00, 0x000001cfac862f78]
Event: 24.292 Thread 0x000001cfc17d4800 5877       3       org.gradle.internal.instantiation.generator.AbstractClassGenerator::inspectType (560 bytes)
Event: 24.298 Thread 0x000001cfc17d4800 nmethod 5877 0x000001cfac863110 code [0x000001cfac863920, 0x000001cfac868b48]
Event: 24.303 Thread 0x000001cfc17d4800 5878       3       org.objectweb.asm.Frame::addInitializedType (77 bytes)
Event: 24.304 Thread 0x000001cfc17d4800 nmethod 5878 0x000001cfac86a490 code [0x000001cfac86a680, 0x000001cfac86aba8]
Event: 24.357 Thread 0x000001cfc17d4800 5880       3       java.lang.invoke.BoundMethodHandle$Species_L::make (11 bytes)
Event: 24.357 Thread 0x000001cfc17d4800 nmethod 5880 0x000001cfac86ad90 code [0x000001cfac86af60, 0x000001cfac86b1a8]
Event: 24.369 Thread 0x000001cfc17d4800 5881       3       sun.net.www.protocol.jar.JarURLConnection::getUseCaches (8 bytes)
Event: 24.369 Thread 0x000001cfc17d4800 nmethod 5881 0x000001cfac86b290 code [0x000001cfac86b440, 0x000001cfac86b608]
Event: 24.372 Thread 0x000001cfc17d4800 5882       3       com.google.common.reflect.TypeResolver::resolveTypes (32 bytes)
Event: 24.373 Thread 0x000001cfc17d4800 nmethod 5882 0x000001cfac86b710 code [0x000001cfac86b8e0, 0x000001cfac86bd28]
Event: 24.384 Thread 0x000001cfc17d4800 5883       3       org.gradle.api.internal.provider.DefaultValueSourceProviderFactory$NonConfigurationTimeProvider::forUseAtConfigurationTime (12 bytes)
Event: 24.385 Thread 0x000001cfc17d4800 nmethod 5883 0x000001cfac86be90 code [0x000001cfac86c060, 0x000001cfac86c398]
Event: 24.412 Thread 0x000001cfc17d4800 5884       3       javax.management.ObjectName::construct (1135 bytes)

GC Heap History (20 events):
Event: 7.306 GC heap before
{Heap before GC invocations=1 (full 0):
 garbage-first heap   total 131072K, used 19153K [0x0000000080000000, 0x0000000100000000)
  region size 1024K, 13 young (13312K), 2 survivors (2048K)
 Metaspace       used 9906K, capacity 10118K, committed 10368K, reserved 1058816K
  class space    used 1028K, capacity 1102K, committed 1152K, reserved 1048576K
}
Event: 7.313 GC heap after
{Heap after GC invocations=2 (full 0):
 garbage-first heap   total 131072K, used 9647K [0x0000000080000000, 0x0000000100000000)
  region size 1024K, 2 young (2048K), 2 survivors (2048K)
 Metaspace       used 9906K, capacity 10118K, committed 10368K, reserved 1058816K
  class space    used 1028K, capacity 1102K, committed 1152K, reserved 1048576K
}
Event: 8.836 GC heap before
{Heap before GC invocations=2 (full 0):
 garbage-first heap   total 131072K, used 38319K [0x0000000080000000, 0x0000000100000000)
  region size 1024K, 29 young (29696K), 2 survivors (2048K)
 Metaspace       used 10842K, capacity 11073K, committed 11264K, reserved 1058816K
  class space    used 1131K, capacity 1207K, committed 1280K, reserved 1048576K
}
Event: 8.841 GC heap after
{Heap after GC invocations=3 (full 0):
 garbage-first heap   total 131072K, used 12083K [0x0000000080000000, 0x0000000100000000)
  region size 1024K, 3 young (3072K), 3 survivors (3072K)
 Metaspace       used 10842K, capacity 11073K, committed 11264K, reserved 1058816K
  class space    used 1131K, capacity 1207K, committed 1280K, reserved 1048576K
}
Event: 11.547 GC heap before
{Heap before GC invocations=3 (full 0):
 garbage-first heap   total 131072K, used 50995K [0x0000000080000000, 0x0000000100000000)
  region size 1024K, 42 young (43008K), 3 survivors (3072K)
 Metaspace       used 17349K, capacity 17670K, committed 17792K, reserved 1064960K
  class space    used 2027K, capacity 2153K, committed 2176K, reserved 1048576K
}
Event: 11.560 GC heap after
{Heap after GC invocations=4 (full 0):
 garbage-first heap   total 131072K, used 16563K [0x0000000080000000, 0x0000000100000000)
  region size 1024K, 6 young (6144K), 6 survivors (6144K)
 Metaspace       used 17349K, capacity 17670K, committed 17792K, reserved 1064960K
  class space    used 2027K, capacity 2153K, committed 2176K, reserved 1048576K
}
Event: 12.370 GC heap before
{Heap before GC invocations=4 (full 0):
 garbage-first heap   total 131072K, used 46259K [0x0000000080000000, 0x0000000100000000)
  region size 1024K, 36 young (36864K), 6 survivors (6144K)
 Metaspace       used 20720K, capacity 21079K, committed 21248K, reserved 1067008K
  class space    used 2541K, capacity 2693K, committed 2816K, reserved 1048576K
}
Event: 12.382 GC heap after
{Heap after GC invocations=5 (full 0):
 garbage-first heap   total 131072K, used 17597K [0x0000000080000000, 0x0000000100000000)
  region size 1024K, 5 young (5120K), 5 survivors (5120K)
 Metaspace       used 20720K, capacity 21079K, committed 21248K, reserved 1067008K
  class space    used 2541K, capacity 2693K, committed 2816K, reserved 1048576K
}
Event: 13.878 GC heap before
{Heap before GC invocations=6 (full 0):
 garbage-first heap   total 131072K, used 70845K [0x0000000080000000, 0x0000000100000000)
  region size 1024K, 57 young (58368K), 5 survivors (5120K)
 Metaspace       used 26156K, capacity 26701K, committed 27008K, reserved 1073152K
  class space    used 3418K, capacity 3616K, committed 3712K, reserved 1048576K
}
Event: 13.896 GC heap after
{Heap after GC invocations=7 (full 0):
 garbage-first heap   total 131072K, used 19715K [0x0000000080000000, 0x0000000100000000)
  region size 1024K, 4 young (4096K), 4 survivors (4096K)
 Metaspace       used 26156K, capacity 26701K, committed 27008K, reserved 1073152K
  class space    used 3418K, capacity 3616K, committed 3712K, reserved 1048576K
}
Event: 15.850 GC heap before
{Heap before GC invocations=8 (full 0):
 garbage-first heap   total 131072K, used 78083K [0x0000000080000000, 0x0000000100000000)
  region size 1024K, 61 young (62464K), 4 survivors (4096K)
 Metaspace       used 35189K, capacity 35982K, committed 36224K, reserved 1081344K
  class space    used 4592K, capacity 4927K, committed 4992K, reserved 1048576K
}
Event: 15.865 GC heap after
{Heap after GC invocations=9 (full 0):
 garbage-first heap   total 131072K, used 23265K [0x0000000080000000, 0x0000000100000000)
  region size 1024K, 7 young (7168K), 7 survivors (7168K)
 Metaspace       used 35189K, capacity 35982K, committed 36224K, reserved 1081344K
  class space    used 4592K, capacity 4927K, committed 4992K, reserved 1048576K
}
Event: 18.016 GC heap before
{Heap before GC invocations=9 (full 0):
 garbage-first heap   total 131072K, used 94945K [0x0000000080000000, 0x0000000100000000)
  region size 1024K, 75 young (76800K), 7 survivors (7168K)
 Metaspace       used 40403K, capacity 41344K, committed 41472K, reserved 1085440K
  class space    used 5165K, capacity 5536K, committed 5632K, reserved 1048576K
}
Event: 18.039 GC heap after
{Heap after GC invocations=10 (full 0):
 garbage-first heap   total 131072K, used 29131K [0x0000000080000000, 0x0000000100000000)
  region size 1024K, 10 young (10240K), 10 survivors (10240K)
 Metaspace       used 40403K, capacity 41344K, committed 41472K, reserved 1085440K
  class space    used 5165K, capacity 5536K, committed 5632K, reserved 1048576K
}
Event: 19.491 GC heap before
{Heap before GC invocations=10 (full 0):
 garbage-first heap   total 131072K, used 61899K [0x0000000080000000, 0x0000000100000000)
  region size 1024K, 42 young (43008K), 10 survivors (10240K)
 Metaspace       used 43843K, capacity 44891K, committed 44928K, reserved 1087488K
  class space    used 5588K, capacity 5983K, committed 6016K, reserved 1048576K
}
Event: 19.523 GC heap after
{Heap after GC invocations=11 (full 0):
 garbage-first heap   total 131072K, used 29615K [0x0000000080000000, 0x0000000100000000)
  region size 1024K, 2 young (2048K), 2 survivors (2048K)
 Metaspace       used 43843K, capacity 44891K, committed 44928K, reserved 1087488K
  class space    used 5588K, capacity 5983K, committed 6016K, reserved 1048576K
}
Event: 21.563 GC heap before
{Heap before GC invocations=12 (full 0):
 garbage-first heap   total 131072K, used 97199K [0x0000000080000000, 0x0000000100000000)
  region size 1024K, 68 young (69632K), 2 survivors (2048K)
 Metaspace       used 47667K, capacity 48845K, committed 49152K, reserved 1091584K
  class space    used 6088K, capacity 6533K, committed 6656K, reserved 1048576K
}
Event: 21.574 GC heap after
{Heap after GC invocations=13 (full 0):
 garbage-first heap   total 131072K, used 31958K [0x0000000080000000, 0x0000000100000000)
  region size 1024K, 4 young (4096K), 4 survivors (4096K)
 Metaspace       used 47667K, capacity 48845K, committed 49152K, reserved 1091584K
  class space    used 6088K, capacity 6533K, committed 6656K, reserved 1048576K
}
Event: 23.670 GC heap before
{Heap before GC invocations=13 (full 0):
 garbage-first heap   total 131072K, used 104662K [0x0000000080000000, 0x0000000100000000)
  region size 1024K, 71 young (72704K), 4 survivors (4096K)
 Metaspace       used 54527K, capacity 55898K, committed 56064K, reserved 1097728K
  class space    used 6937K, capacity 7419K, committed 7424K, reserved 1048576K
}
Event: 23.687 GC heap after
{Heap after GC invocations=14 (full 0):
 garbage-first heap   total 131072K, used 45223K [0x0000000080000000, 0x0000000100000000)
  region size 1024K, 9 young (9216K), 9 survivors (9216K)
 Metaspace       used 54527K, capacity 55898K, committed 56064K, reserved 1097728K
  class space    used 6937K, capacity 7419K, committed 7424K, reserved 1048576K
}

Deoptimization events (20 events):
Event: 23.335 Thread 0x000001cfc46b9000 DEOPT PACKING pc=0x000001cfabeb4d17 sp=0x00000070f41f66c0
Event: 23.335 Thread 0x000001cfc46b9000 DEOPT UNPACKING pc=0x000001cfab6f6dde sp=0x00000070f41f5c48 mode 0
Event: 23.347 Thread 0x000001cfc46b9000 DEOPT PACKING pc=0x000001cfabeb4d17 sp=0x00000070f41f66c0
Event: 23.347 Thread 0x000001cfc46b9000 DEOPT UNPACKING pc=0x000001cfab6f6dde sp=0x00000070f41f5c48 mode 0
Event: 23.365 Thread 0x000001cfc46b9000 DEOPT PACKING pc=0x000001cfabeb4d17 sp=0x00000070f41f65b0
Event: 23.365 Thread 0x000001cfc46b9000 DEOPT UNPACKING pc=0x000001cfab6f6dde sp=0x00000070f41f5b38 mode 0
Event: 23.401 Thread 0x000001cfc46b9000 Uncommon trap: trap_request=0xffffff4d fr.pc=0x000001cfb3499e58 relative=0x0000000000000498
Event: 23.401 Thread 0x000001cfc46b9000 Uncommon trap: reason=unstable_if action=reinterpret pc=0x000001cfb3499e58 method=org.apache.xerces.util.SymbolTable.addSymbol([CII)Ljava/lang/String; @ 36 c2
Event: 23.401 Thread 0x000001cfc46b9000 DEOPT PACKING pc=0x000001cfb3499e58 sp=0x00000070f41f6d80
Event: 23.401 Thread 0x000001cfc46b9000 DEOPT UNPACKING pc=0x000001cfab6f662f sp=0x00000070f41f6cf8 mode 2
Event: 23.401 Thread 0x000001cfc46b9000 Uncommon trap: trap_request=0xffffff4d fr.pc=0x000001cfb3499464 relative=0x0000000000000204
Event: 23.401 Thread 0x000001cfc46b9000 Uncommon trap: reason=unstable_if action=reinterpret pc=0x000001cfb3499464 method=org.apache.xerces.impl.XMLEntityScanner.skipSpaces()Z @ 60 c2
Event: 23.401 Thread 0x000001cfc46b9000 DEOPT PACKING pc=0x000001cfb3499464 sp=0x00000070f41f6f20
Event: 23.401 Thread 0x000001cfc46b9000 DEOPT UNPACKING pc=0x000001cfab6f662f sp=0x00000070f41f6ea0 mode 2
Event: 23.687 Thread 0x000001cfc2295800 Uncommon trap: trap_request=0xffffffde fr.pc=0x000001cfb32c806c relative=0x000000000000052c
Event: 23.687 Thread 0x000001cfc2295800 Uncommon trap: reason=class_check action=maybe_recompile pc=0x000001cfb32c806c method=jdk.internal.ref.PhantomCleanable.clean()V @ 12 c2
Event: 23.687 Thread 0x000001cfc2295800 DEOPT PACKING pc=0x000001cfb32c806c sp=0x00000070f37feda0
Event: 23.687 Thread 0x000001cfc2295800 DEOPT UNPACKING pc=0x000001cfab6f662f sp=0x00000070f37fed80 mode 2
Event: 24.370 Thread 0x000001cfc46b9000 DEOPT PACKING pc=0x000001cfac459df1 sp=0x00000070f41f3a50
Event: 24.370 Thread 0x000001cfc46b9000 DEOPT UNPACKING pc=0x000001cfab6f6dde sp=0x00000070f41f2f48 mode 0

Classes redefined (0 events):
No events

Internal exceptions (20 events):
Event: 22.118 Thread 0x000001cfc46b9000 Exception <a 'java/lang/NoSuchMethodError'{0x0000000086948780}: 'long java.lang.invoke.DirectMethodHandle$Holder.invokeVirtual(java.lang.Object, java.lang.Object)'> (0x0000000086948780) thrown at [./src/hotspot/share/interpreter/linkResolver.cpp, line 773]
Event: 22.125 Thread 0x000001cfc3c5d000 Exception <a 'java/lang/NoSuchMethodError'{0x0000000087f24358}: <clinit>> (0x0000000087f24358) thrown at [./src/hotspot/share/prims/jni.cpp, line 1362]
Event: 22.131 Thread 0x000001cfc3c5d000 Exception <a 'java/lang/NoSuchMethodError'{0x00000000869baf80}: <clinit>> (0x00000000869baf80) thrown at [./src/hotspot/share/prims/jni.cpp, line 1362]
Event: 22.131 Thread 0x000001cfc3c5d000 Exception <a 'java/lang/NoSuchMethodError'{0x00000000869bc090}: <clinit>> (0x00000000869bc090) thrown at [./src/hotspot/share/prims/jni.cpp, line 1362]
Event: 22.131 Thread 0x000001cfc3c5d000 Exception <a 'java/lang/NoSuchMethodError'{0x00000000869bd398}: <clinit>> (0x00000000869bd398) thrown at [./src/hotspot/share/prims/jni.cpp, line 1362]
Event: 22.132 Thread 0x000001cfc3c5d000 Exception <a 'java/lang/NoSuchMethodError'{0x00000000869be3b8}: <clinit>> (0x00000000869be3b8) thrown at [./src/hotspot/share/prims/jni.cpp, line 1362]
Event: 22.135 Thread 0x000001cfc3c5d000 Exception <a 'java/lang/NoSuchMethodError'{0x000000008680cd18}: <clinit>> (0x000000008680cd18) thrown at [./src/hotspot/share/prims/jni.cpp, line 1362]
Event: 22.136 Thread 0x000001cfc3c5d000 Exception <a 'java/lang/NoSuchMethodError'{0x0000000086817278}: <clinit>> (0x0000000086817278) thrown at [./src/hotspot/share/prims/jni.cpp, line 1362]
Event: 22.142 Thread 0x000001cfc3c5d000 Exception <a 'java/lang/NoSuchMethodError'{0x000000008682ac18}: <clinit>> (0x000000008682ac18) thrown at [./src/hotspot/share/prims/jni.cpp, line 1362]
Event: 22.168 Thread 0x000001cfc46b9000 Exception <a 'java/lang/ClassNotFoundException'{0x000000008689e560}: build_bk37634qlo562syj44p40lbi9BeanInfo> (0x000000008689e560) thrown at [./src/hotspot/share/classfile/systemDictionary.cpp, line 231]
Event: 22.169 Thread 0x000001cfc46b9000 Exception <a 'java/lang/ClassNotFoundException'{0x00000000868a9518}: build_bk37634qlo562syj44p40lbi9Customizer> (0x00000000868a9518) thrown at [./src/hotspot/share/classfile/systemDictionary.cpp, line 231]
Event: 22.214 Thread 0x000001cfc46b9000 Exception <a 'java/lang/ClassNotFoundException'{0x000000008662d7b0}: org/gradle/api/internal/plugins/DefaultObjectConfigurationActionBeanInfo> (0x000000008662d7b0) thrown at [./src/hotspot/share/classfile/systemDictionary.cpp, line 231]
Event: 22.217 Thread 0x000001cfc46b9000 Exception <a 'java/lang/ClassNotFoundException'{0x00000000866628a0}: org/gradle/api/internal/plugins/DefaultObjectConfigurationActionCustomizer> (0x00000000866628a0) thrown at [./src/hotspot/share/classfile/systemDictionary.cpp, line 231]
Event: 22.538 Thread 0x000001cfc46b9000 Exception <a 'java/lang/NoSuchMethodError'{0x0000000085cb1968}: 'java.lang.Object java.lang.invoke.DirectMethodHandle$Holder.invokeStatic(java.lang.Object, java.lang.Object, java.lang.Object, java.lang.Object, int)'> (0x0000000085cb1968) thrown at [./src/hotspot/share/interpreter/linkResolver.cpp, line 773]
Event: 22.540 Thread 0x000001cfc46b9000 Exception <a 'java/lang/NoSuchMethodError'{0x0000000085cb6360}: 'java.lang.Object java.lang.invoke.DirectMethodHandle$Holder.invokeSpecial(java.lang.Object, java.lang.Object, java.lang.Object, java.lang.Object, java.lang.Object, int)'> (0x0000000085cb6360) thrown at [./src/hotspot/share/interpreter/linkResolver.cpp, line 773]
Event: 22.541 Thread 0x000001cfc46b9000 Exception <a 'java/lang/NoSuchMethodError'{0x0000000085cba9a0}: 'java.lang.Object java.lang.invoke.Invokers$Holder.linkToTargetMethod(java.lang.Object, java.lang.Object, java.lang.Object, int, java.lang.Object)'> (0x0000000085cba9a0) thrown at [./src/hotspot/share/interpreter/linkResolver.cpp, line 773]
Event: 23.034 Thread 0x000001cfc46b9000 Exception <a 'java/lang/NoSuchMethodError'{0x0000000084d93270}: 'java.lang.Object java.lang.invoke.DirectMethodHandle$Holder.invokeSpecial(java.lang.Object, java.lang.Object, int, int, java.lang.Object, java.lang.Object, java.lang.Object)'> (0x0000000084d93270) thrown at [./src/hotspot/share/interpreter/linkResolver.cpp, line 773]
Event: 23.034 Thread 0x000001cfc46b9000 Exception <a 'java/lang/NoSuchMethodError'{0x0000000084d977f0}: 'java.lang.Object java.lang.invoke.DelegatingMethodHandle$Holder.reinvoke_L(java.lang.Object, int, int, java.lang.Object, java.lang.Object, java.lang.Object)'> (0x0000000084d977f0) thrown at [./src/hotspot/share/interpreter/linkResolver.cpp, line 773]
Event: 23.559 Thread 0x000001cfc46b9000 Exception <a 'java/lang/NoSuchMethodError'{0x00000000841faea0}: 'int java.lang.invoke.DirectMethodHandle$Holder.invokeInterface(java.lang.Object, java.lang.Object, java.lang.Object, java.lang.Object)'> (0x00000000841faea0) thrown at [./src/hotspot/share/interpreter/linkResolver.cpp, line 773]
Event: 24.116 Thread 0x000001cfc46b9000 Exception <a 'java/lang/NoSuchMethodError'{0x00000000874ebac8}: 'void java.lang.invoke.DirectMethodHandle$Holder.invokeInterface(java.lang.Object, java.lang.Object, java.lang.Object, java.lang.Object)'> (0x00000000874ebac8) thrown at [./src/hotspot/share/interpreter/linkResolver.cpp, line 773]

Events (20 events):
Event: 24.414 loading class javax/management/MBeanServerConnection done
Event: 24.414 loading class javax/management/MBeanServer done
Event: 24.414 loading class com/sun/jmx/mbeanserver/SunJmxMBeanServer done
Event: 24.414 loading class com/sun/jmx/mbeanserver/JmxMBeanServer done
Event: 24.414 loading class com/sun/jmx/mbeanserver/MBeanServerDelegateImpl
Event: 24.416 loading class javax/management/MBeanRegistration
Event: 24.416 loading class javax/management/MBeanRegistration done
Event: 24.416 loading class javax/management/MBeanServerDelegate
Event: 24.416 loading class javax/management/MBeanServerDelegateMBean
Event: 24.416 loading class javax/management/MBeanServerDelegateMBean done
Event: 24.416 loading class javax/management/MBeanServerDelegate done
Event: 24.416 loading class com/sun/jmx/mbeanserver/MBeanServerDelegateImpl done
Event: 24.417 loading class javax/management/MBeanNotificationInfo
Event: 24.417 loading class javax/management/MBeanFeatureInfo
Event: 24.417 loading class javax/management/DescriptorRead
Event: 24.417 loading class javax/management/DescriptorRead done
Event: 24.417 loading class javax/management/MBeanFeatureInfo done
Event: 24.417 loading class javax/management/MBeanNotificationInfo done
Event: 24.417 loading class javax/management/MBeanInfo
Event: 24.418 loading class javax/management/MBeanInfo done


Dynamic libraries:
0x00007ff753430000 - 0x00007ff75343a000 	D:\Android\jre\bin\java.exe
0x00007ffb64530000 - 0x00007ffb64725000 	C:\WINDOWS\SYSTEM32\ntdll.dll
0x00007ffb62b50000 - 0x00007ffb62c0e000 	C:\WINDOWS\System32\KERNEL32.DLL
0x00007ffb61d80000 - 0x00007ffb62048000 	C:\WINDOWS\System32\KERNELBASE.dll
0x00007ffb62490000 - 0x00007ffb62590000 	C:\WINDOWS\System32\ucrtbase.dll
0x00007ffb536d0000 - 0x00007ffb536e9000 	D:\Android\jre\bin\jli.dll
0x00007ffb63c10000 - 0x00007ffb63db0000 	C:\WINDOWS\System32\USER32.dll
0x00007ffb62050000 - 0x00007ffb62072000 	C:\WINDOWS\System32\win32u.dll
0x00007ffb62590000 - 0x00007ffb625ba000 	C:\WINDOWS\System32\GDI32.dll
0x00007ffb62280000 - 0x00007ffb6238b000 	C:\WINDOWS\System32\gdi32full.dll
0x00007ffb61ce0000 - 0x00007ffb61d7d000 	C:\WINDOWS\System32\msvcp_win.dll
0x00007ffb41c90000 - 0x00007ffb41ca7000 	D:\Android\jre\bin\VCRUNTIME140.dll
0x00007ffb53a40000 - 0x00007ffb53cda000 	C:\WINDOWS\WinSxS\amd64_microsoft.windows.common-controls_6595b64144ccf1df_6.0.19041.1110_none_60b5254171f9507e\COMCTL32.dll
0x00007ffb63db0000 - 0x00007ffb63e4e000 	C:\WINDOWS\System32\msvcrt.dll
0x00007ffb62700000 - 0x00007ffb62730000 	C:\WINDOWS\System32\IMM32.DLL
0x00007ffb41590000 - 0x00007ffb4162d000 	D:\Android\jre\bin\msvcp140.dll
0x00007ffb136e0000 - 0x00007ffb141b5000 	D:\Android\jre\bin\server\jvm.dll
0x00007ffb62ed0000 - 0x00007ffb62f7e000 	C:\WINDOWS\System32\ADVAPI32.dll
0x00007ffb62810000 - 0x00007ffb628ac000 	C:\WINDOWS\System32\sechost.dll
0x00007ffb62c10000 - 0x00007ffb62d35000 	C:\WINDOWS\System32\RPCRT4.dll
0x00007ffb625e0000 - 0x00007ffb625e8000 	C:\WINDOWS\System32\PSAPI.DLL
0x00007ffb41b60000 - 0x00007ffb41b69000 	C:\WINDOWS\SYSTEM32\WSOCK32.dll
0x00007ffb64480000 - 0x00007ffb644eb000 	C:\WINDOWS\System32\WS2_32.dll
0x00007ffb53d60000 - 0x00007ffb53d87000 	C:\WINDOWS\SYSTEM32\WINMM.dll
0x00007ffb50c50000 - 0x00007ffb50c5a000 	C:\WINDOWS\SYSTEM32\VERSION.dll
0x00007ffb5fb70000 - 0x00007ffb5fb82000 	C:\WINDOWS\SYSTEM32\kernel.appcore.dll
0x00007ffb5c760000 - 0x00007ffb5c771000 	D:\Android\jre\bin\verify.dll
0x00007ffb50010000 - 0x00007ffb501f4000 	C:\WINDOWS\SYSTEM32\DBGHELP.DLL
0x00007ffb4fdb0000 - 0x00007ffb4fddc000 	C:\WINDOWS\SYSTEM32\dbgcore.DLL
0x00007ffb61c50000 - 0x00007ffb61cd2000 	C:\WINDOWS\System32\bcryptPrimitives.dll
0x00007ffb57a50000 - 0x00007ffb57a79000 	D:\Android\jre\bin\java.dll
0x00007ffb5b480000 - 0x00007ffb5b48b000 	D:\Android\jre\bin\jimage.dll
0x00007ffb5b430000 - 0x00007ffb5b448000 	D:\Android\jre\bin\zip.dll
0x00007ffb633a0000 - 0x00007ffb63ae4000 	C:\WINDOWS\System32\SHELL32.dll
0x00007ffb5fd70000 - 0x00007ffb60504000 	C:\WINDOWS\SYSTEM32\windows.storage.dll
0x00007ffb63040000 - 0x00007ffb63394000 	C:\WINDOWS\System32\combase.dll
0x00007ffb616c0000 - 0x00007ffb616ec000 	C:\WINDOWS\SYSTEM32\Wldp.dll
0x00007ffb62d40000 - 0x00007ffb62ded000 	C:\WINDOWS\System32\SHCORE.dll
0x00007ffb626a0000 - 0x00007ffb626f5000 	C:\WINDOWS\System32\shlwapi.dll
0x00007ffb61b90000 - 0x00007ffb61baf000 	C:\WINDOWS\SYSTEM32\profapi.dll
0x00007ffb5b3f0000 - 0x00007ffb5b40a000 	D:\Android\jre\bin\net.dll
0x00007ffb53210000 - 0x00007ffb5331a000 	C:\WINDOWS\SYSTEM32\WINHTTP.dll
0x00007ffb61420000 - 0x00007ffb6148a000 	C:\WINDOWS\system32\mswsock.dll
0x00007ffb57a00000 - 0x00007ffb57a14000 	D:\Android\jre\bin\nio.dll
0x00007ffb5b620000 - 0x00007ffb5b647000 	C:\Users\Administrator\.gradle\native\e1d6ef7f7dcc3fd88c89a11ec53ec762bb8ba0a96d01ffa2cd45eb1d1d8dd5c5\windows-amd64\native-platform.dll
0x00007ffb30050000 - 0x00007ffb30194000 	C:\Users\Administrator\.gradle\native\5664cfc778a61ccfe75a443a1ab52a65af34e5dc3c78e0209fed803814484fcb\windows-amd64\native-platform-file-events.dll
0x00007ffb55570000 - 0x00007ffb5557a000 	D:\Android\jre\bin\management.dll
0x00007ffb536b0000 - 0x00007ffb536bd000 	D:\Android\jre\bin\management_ext.dll
0x00007ffb61610000 - 0x00007ffb61628000 	C:\WINDOWS\SYSTEM32\CRYPTSP.dll
0x00007ffb60d30000 - 0x00007ffb60d64000 	C:\WINDOWS\system32\rsaenh.dll
0x00007ffb621e0000 - 0x00007ffb62207000 	C:\WINDOWS\System32\bcrypt.dll
0x00007ffb61b50000 - 0x00007ffb61b7e000 	C:\WINDOWS\SYSTEM32\USERENV.dll
0x00007ffb61630000 - 0x00007ffb6163c000 	C:\WINDOWS\SYSTEM32\CRYPTBASE.dll
0x00007ffb610c0000 - 0x00007ffb610fb000 	C:\WINDOWS\SYSTEM32\IPHLPAPI.DLL
0x00007ffb625c0000 - 0x00007ffb625c8000 	C:\WINDOWS\System32\NSI.dll
0x00007ffb58e30000 - 0x00007ffb58e47000 	C:\WINDOWS\SYSTEM32\dhcpcsvc6.DLL
0x00007ffb59650000 - 0x00007ffb5966d000 	C:\WINDOWS\SYSTEM32\dhcpcsvc.DLL
0x00007ffb61110000 - 0x00007ffb611db000 	C:\WINDOWS\SYSTEM32\DNSAPI.dll

dbghelp: loaded successfully - version: 4.0.5 - missing functions: none
symbol engine: initialized successfully - sym options: 0x614 - pdb path: .;D:\Android\jre\bin;C:\WINDOWS\SYSTEM32;C:\WINDOWS\WinSxS\amd64_microsoft.windows.common-controls_6595b64144ccf1df_6.0.19041.1110_none_60b5254171f9507e;D:\Android\jre\bin\server;C:\Users\Administrator\.gradle\native\e1d6ef7f7dcc3fd88c89a11ec53ec762bb8ba0a96d01ffa2cd45eb1d1d8dd5c5\windows-amd64;C:\Users\Administrator\.gradle\native\5664cfc778a61ccfe75a443a1ab52a65af34e5dc3c78e0209fed803814484fcb\windows-amd64

VM Arguments:
jvm_args: --add-opens=java.base/java.util=ALL-UNNAMED --add-opens=java.base/java.lang=ALL-UNNAMED --add-opens=java.base/java.lang.invoke=ALL-UNNAMED --add-opens=java.base/java.util=ALL-UNNAMED --add-opens=java.prefs/java.util.prefs=ALL-UNNAMED --add-opens=java.prefs/java.util.prefs=ALL-UNNAMED --add-opens=java.base/java.nio.charset=ALL-UNNAMED --add-opens=java.base/java.net=ALL-UNNAMED --add-opens=java.base/java.util.concurrent.atomic=ALL-UNNAMED -Xmx2048m -Dfile.encoding=UTF-8 -Duser.country=US -Duser.language=en -Duser.variant 
java_command: org.gradle.launcher.daemon.bootstrap.GradleDaemon 7.2
java_class_path (initial): C:\Users\Administrator\.gradle\wrapper\dists\gradle-7.2-bin\2dnblmf4td7x66yl1d74lt32g\gradle-7.2\lib\gradle-launcher-7.2.jar
Launcher Type: SUN_STANDARD

[Global flags]
     intx CICompilerCount                          = 3                                         {product} {ergonomic}
     uint ConcGCThreads                            = 1                                         {product} {ergonomic}
     uint G1ConcRefinementThreads                  = 4                                         {product} {ergonomic}
   size_t G1HeapRegionSize                         = 1048576                                   {product} {ergonomic}
    uintx GCDrainStackTargetSize                   = 64                                        {product} {ergonomic}
   size_t InitialHeapSize                          = 134217728                                 {product} {ergonomic}
   size_t MarkStackSize                            = 4194304                                   {product} {ergonomic}
   size_t MaxHeapSize                              = 2147483648                                {product} {command line}
   size_t MaxNewSize                               = 1287651328                                {product} {ergonomic}
   size_t MinHeapDeltaBytes                        = 1048576                                   {product} {ergonomic}
    uintx NonNMethodCodeHeapSize                   = 5830732                                {pd product} {ergonomic}
    uintx NonProfiledCodeHeapSize                  = 122913754                              {pd product} {ergonomic}
    uintx ProfiledCodeHeapSize                     = 122913754                              {pd product} {ergonomic}
    uintx ReservedCodeCacheSize                    = 251658240                              {pd product} {ergonomic}
     bool SegmentedCodeCache                       = true                                      {product} {ergonomic}
     bool UseCompressedClassPointers               = true                                 {lp64_product} {ergonomic}
     bool UseCompressedOops                        = true                                 {lp64_product} {ergonomic}
     bool UseG1GC                                  = true                                      {product} {ergonomic}
     bool UseLargePagesIndividualAllocation        = false                                  {pd product} {ergonomic}

Logging:
Log output configuration:
 #0: stdout all=warning uptime,level,tags
 #1: stderr all=off uptime,level,tags

Environment Variables:
PATH=C:\Python310\Scripts\;C:\Python310\;D:\VMWare\bin\;C:\Users\Administrator\AppData\Local\Programs\Python\Python39\Scripts\;C:\Users\Administrator\AppData\Local\Programs\Python\Python39\;C:\Program Files\Common Files\Oracle\Java\javapath;C:\Program Files\Microsoft MPI\Bin\;C:\Program Files (x86)\Common Files\Oracle\Java\javapath;C:\ProgramData\Oracle\Java\javapath;C:\WINDOWS\system32;C:\WINDOWS;C:\WINDOWS\System32\Wbem;C:\WINDOWS\System32\WindowsPowerShell\v1.0\;C:\WINDOWS\System32\OpenSSH\;C:\Program Files (x86)\VietPN;C:\Program Files\Microsoft SQL Server\Client SDK\ODBC\170\Tools\Binn\;C:\Program Files (x86)\Microsoft SQL Server\150\Tools\Binn\;C:\Program Files\Microsoft SQL Server\150\Tools\Binn\;C:\Program Files\Microsoft SQL Server\150\DTS\Binn\;C:\Program Files\Git\cmd;C:\ProgramData\chocolatey\bin;C:\Program Files (x86)\GNU Tools ARM Embedded\4.8 2013q4\bin;C:\Program Files (x86)\Common Files\Acronis\SnapAPI\;C:\Program Files (x86)\Microsoft SQL Server\150\DTS\Binn\;C:\Program Files\Azure Data Studio\bin;D:\Lua;C:\Program Files\dotnet\;C:\Program Files\nodejs\;C:\Program Files (x86)\dotnet\;C:\Program Files (x86)\Nmap;C:\tools\neovim\Neovim\bin;C:\Users\Administrator\AppData\Local\Microsoft\WindowsApps;;C:\Program Files\Azure Data Studio\bin;C:\Users\Administrator\.dotnet\tools;C:\Users\Administrator\AppData\Roaming\npm
USERNAME=Administrator
OS=Windows_NT
PROCESSOR_IDENTIFIER=Intel64 Family 6 Model 69 Stepping 1, GenuineIntel



---------------  S Y S T E M  ---------------

OS: Windows 10 , 64 bit Build 19041 (10.0.19041.1645)
OS uptime: 0 days 0:38 hours

CPU:total 4 (initial active 4) (2 cores per cpu, 2 threads per core) family 6 model 69 stepping 1 microcode 0x25, cmov, cx8, fxsr, mmx, sse, sse2, sse3, ssse3, sse4.1, sse4.2, popcnt, avx, avx2, aes, clmul, erms, lzcnt, ht, tsc, tscinvbit, bmi1, bmi2, fma

Memory: 4k page, system-wide physical 8097M (512M free)
TotalPageFile size 8097M (AvailPageFile size 7M)
current process WorkingSet (physical memory assigned to process): 308M, peak: 310M
current process commit charge ("private bytes"): 349M, peak: 353M

vm_info: OpenJDK 64-Bit Server VM (11.0.11+9-b60-7590822) for windows-amd64 JRE (11.0.11+9-b60-7590822), built on Jul 29 2021 21:43:44 by "builder" with MS VC++ 14.0 (VS2015)

END.
