#
# There is insufficient memory for the Java Runtime Environment to continue.
# Native memory allocation (malloc) failed to allocate 1345536 bytes for Chunk::new
# Possible reasons:
#   The system is out of physical RAM or swap space
#   The process is running with CompressedOops enabled, and the Java Heap may be blocking the growth of the native heap
# Possible solutions:
#   Reduce memory load on the system
#   Increase physical memory or swap space
#   Check if swap backing store is full
#   Decrease Java heap size (-Xmx/-Xms)
#   Decrease number of Java threads
#   Decrease Java thread stack sizes (-Xss)
#   Set larger code cache with -XX:ReservedCodeCacheSize=
#   JVM is running with Unscaled Compressed Oops mode in which the Java heap is
#     placed in the first 4GB address space. The Java Heap base address is the
#     maximum limit for the native heap growth. Please use -XX:HeapBaseMinAddress
#     to set the Java Heap base and to place the Java Heap above 4GB virtual address.
# This output file may be truncated or incomplete.
#
#  Out of Memory Error (./src/hotspot/share/memory/arena.cpp:197), pid=4048, tid=10856
#
# JRE version: OpenJDK Runtime Environment (11.0.11+9) (build 11.0.11+9-b60-7590822)
# Java VM: OpenJDK 64-Bit Server VM (11.0.11+9-b60-7590822, mixed mode, tiered, compressed oops, g1 gc, windows-amd64)
# No core dump will be written. Minidumps are not enabled by default on client versions of Windows
#

---------------  S U M M A R Y ------------

Command Line: --add-opens=java.base/java.util=ALL-UNNAMED --add-opens=java.base/java.lang=ALL-UNNAMED --add-opens=java.base/java.lang.invoke=ALL-UNNAMED --add-opens=java.base/java.util=ALL-UNNAMED --add-opens=java.prefs/java.util.prefs=ALL-UNNAMED --add-opens=java.prefs/java.util.prefs=ALL-UNNAMED --add-opens=java.base/java.nio.charset=ALL-UNNAMED --add-opens=java.base/java.net=ALL-UNNAMED --add-opens=java.base/java.util.concurrent.atomic=ALL-UNNAMED -Xmx2048m -Dfile.encoding=UTF-8 -Duser.country=US -Duser.language=en -Duser.variant org.gradle.launcher.daemon.bootstrap.GradleDaemon 7.2

Host: Intel(R) Core(TM) i5-4200U CPU @ 1.60GHz, 4 cores, 7G,  Windows 10 , 64 bit Build 19041 (10.0.19041.1645)
Time: Fri Apr 29 07:09:12 2022 SE Asia Standard Time elapsed time: 59.677050 seconds (0d 0h 0m 59s)

---------------  T H R E A D  ---------------

Current thread (0x000002c0cbdbc800):  JavaThread "C2 CompilerThread0" daemon [_thread_in_native, id=10856, stack(0x000000cabc700000,0x000000cabc800000)]


Current CompileTask:
C2:  59677 15139 %     4       com.android.tools.r8.dex.r::a @ 315 (1038 bytes)

Stack: [0x000000cabc700000,0x000000cabc800000]
Native frames: (J=compiled Java code, j=interpreted, Vv=VM code, C=native code)
V  [jvm.dll+0x5f214a]
V  [jvm.dll+0x726fb5]
V  [jvm.dll+0x7285cd]
V  [jvm.dll+0x728c83]
V  [jvm.dll+0x243278]
V  [jvm.dll+0xbc53c]
V  [jvm.dll+0xbca3c]
V  [jvm.dll+0x2b5c34]
V  [jvm.dll+0x508488]
V  [jvm.dll+0x203d53]
V  [jvm.dll+0x1fdbac]
V  [jvm.dll+0x1fb35f]
V  [jvm.dll+0x183d6c]
V  [jvm.dll+0x209a57]
V  [jvm.dll+0x2082a1]
V  [jvm.dll+0x6ef58f]
V  [jvm.dll+0x6e80b5]
V  [jvm.dll+0x5f1036]
C  [ucrtbase.dll+0x21bb2]
C  [KERNEL32.DLL+0x17034]
C  [ntdll.dll+0x52651]


---------------  P R O C E S S  ---------------

Threads class SMR info:
_java_thread_list=0x000002c0d48b35d0, length=95, elements={
0x000002c0b219c800, 0x000002c0cbd94800, 0x000002c0cbd96000, 0x000002c0cbdb0000,
0x000002c0cbdb3000, 0x000002c0cbdb5800, 0x000002c0cbdbc800, 0x000002c0cbdc0000,
0x000002c0cbdc4000, 0x000002c0cc86f000, 0x000002c0cec7e800, 0x000002c0cdbed800,
0x000002c0cea70000, 0x000002c0cdee8000, 0x000002c0cf01a800, 0x000002c0ced38800,
0x000002c0cdf21000, 0x000002c0cdf22000, 0x000002c0ce04f800, 0x000002c0cd246800,
0x000002c0cd247800, 0x000002c0cd248000, 0x000002c0cd243800, 0x000002c0cd249000,
0x000002c0cd24a000, 0x000002c0cd244000, 0x000002c0cd245000, 0x000002c0cd246000,
0x000002c0cfb2a800, 0x000002c0cfb26800, 0x000002c0cfb29800, 0x000002c0cfb27000,
0x000002c0cfb28000, 0x000002c0cfb32800, 0x000002c0cfb2f000, 0x000002c0cfb2b000,
0x000002c0cfb33800, 0x000002c0cfb2e800, 0x000002c0cfb34000, 0x000002c0cfb31800,
0x000002c0cfb35000, 0x000002c0cfb30000, 0x000002c0ce935800, 0x000002c0ce931800,
0x000002c0ce933000, 0x000002c0ce934800, 0x000002c0ce930000, 0x000002c0ce930800,
0x000002c0ce936800, 0x000002c0ce937000, 0x000002c0ce932800, 0x000002c0ce938000,
0x000002c0ce934000, 0x000002c0ce93a800, 0x000002c0ce939800, 0x000002c0ce93b000,
0x000002c0ce93e800, 0x000002c0ce93d000, 0x000002c0ce93d800, 0x000002c0ce93c000,
0x000002c0ce939000, 0x000002c0cd34e000, 0x000002c0cd34c000, 0x000002c0cd349800,
0x000002c0cd34d000, 0x000002c0cd34b800, 0x000002c0cd34e800, 0x000002c0cd349000,
0x000002c0cd34f800, 0x000002c0cd350800, 0x000002c0cd34a800, 0x000002c0cd357000,
0x000002c0cd352000, 0x000002c0cd356000, 0x000002c0cd354800, 0x000002c0cd353800,
0x000002c0cd355000, 0x000002c0cd351000, 0x000002c0cd352800, 0x000002c0ceebc000,
0x000002c0ceeba800, 0x000002c0ceeb9000, 0x000002c0ceebd000, 0x000002c0ceebe000,
0x000002c0ceebf800, 0x000002c0ceebb800, 0x000002c0ceec2800, 0x000002c0ceec6000,
0x000002c0ceec1000, 0x000002c0ceec2000, 0x000002c0ceec4800, 0x000002c0ceec0800,
0x000002c0ceebe800, 0x000002c0ceec5000, 0x000002c0ceec7000
}

Java Threads: ( => current thread )
  0x000002c0b219c800 JavaThread "main" [_thread_blocked, id=10244, stack(0x000000cabbb00000,0x000000cabbc00000)]
  0x000002c0cbd94800 JavaThread "Reference Handler" daemon [_thread_blocked, id=8144, stack(0x000000cabc200000,0x000000cabc300000)]
  0x000002c0cbd96000 JavaThread "Finalizer" daemon [_thread_blocked, id=10824, stack(0x000000cabc300000,0x000000cabc400000)]
  0x000002c0cbdb0000 JavaThread "Signal Dispatcher" daemon [_thread_blocked, id=5812, stack(0x000000cabc400000,0x000000cabc500000)]
  0x000002c0cbdb3000 JavaThread "Attach Listener" daemon [_thread_blocked, id=8124, stack(0x000000cabc500000,0x000000cabc600000)]
  0x000002c0cbdb5800 JavaThread "Service Thread" daemon [_thread_blocked, id=9372, stack(0x000000cabc600000,0x000000cabc700000)]
=>0x000002c0cbdbc800 JavaThread "C2 CompilerThread0" daemon [_thread_in_native, id=10856, stack(0x000000cabc700000,0x000000cabc800000)]
  0x000002c0cbdc0000 JavaThread "C1 CompilerThread0" daemon [_thread_blocked, id=5960, stack(0x000000cabc800000,0x000000cabc900000)]
  0x000002c0cbdc4000 JavaThread "Sweeper thread" daemon [_thread_blocked, id=10284, stack(0x000000cabc900000,0x000000cabca00000)]
  0x000002c0cc86f000 JavaThread "Common-Cleaner" daemon [_thread_blocked, id=6692, stack(0x000000cabca00000,0x000000cabcb00000)]
  0x000002c0cec7e800 JavaThread "Daemon health stats" [_thread_blocked, id=10864, stack(0x000000cabcf00000,0x000000cabd000000)]
  0x000002c0cdbed800 JavaThread "Incoming local TCP Connector on port 1642" [_thread_in_native, id=5284, stack(0x000000cabcc00000,0x000000cabcd00000)]
  0x000002c0cea70000 JavaThread "Daemon" [_thread_blocked, id=11064, stack(0x000000cabd100000,0x000000cabd200000)]
  0x000002c0cdee8000 JavaThread "Daemon periodic checks" [_thread_blocked, id=10952, stack(0x000000cabd200000,0x000000cabd300000)]
  0x000002c0cf01a800 JavaThread "Handler for socket connection from /127.0.0.1:1642 to /127.0.0.1:1643" [_thread_in_native, id=9912, stack(0x000000cabd300000,0x000000cabd400000)]
  0x000002c0ced38800 JavaThread "Cancel handler" [_thread_blocked, id=9036, stack(0x000000cabd400000,0x000000cabd500000)]
  0x000002c0cdf21000 JavaThread "Daemon worker" [_thread_blocked, id=8520, stack(0x000000cabd500000,0x000000cabd600000)]
  0x000002c0cdf22000 JavaThread "Asynchronous log dispatcher for DefaultDaemonConnection: socket connection from /127.0.0.1:1642 to /127.0.0.1:1643" [_thread_blocked, id=9748, stack(0x000000cabd600000,0x000000cabd700000)]
  0x000002c0ce04f800 JavaThread "Stdin handler" [_thread_blocked, id=9836, stack(0x000000cabd700000,0x000000cabd800000)]
  0x000002c0cd246800 JavaThread "Daemon client event forwarder" [_thread_blocked, id=2372, stack(0x000000cabd800000,0x000000cabd900000)]
  0x000002c0cd247800 JavaThread "Cache worker for journal cache (C:\Users\Administrator\.gradle\caches\journal-1)" [_thread_blocked, id=8268, stack(0x000000cabd000000,0x000000cabd100000)]
  0x000002c0cd248000 JavaThread "File lock request listener" [_thread_in_native, id=10820, stack(0x000000cabda00000,0x000000cabdb00000)]
  0x000002c0cd243800 JavaThread "Cache worker for file hash cache (C:\Users\Administrator\.gradle\caches\7.2\fileHashes)" [_thread_blocked, id=7288, stack(0x000000cabdb00000,0x000000cabdc00000)]
  0x000002c0cd249000 JavaThread "Cache worker for file hash cache (D:\BaiTapTuan\QTBai4\.gradle\7.2\fileHashes)" [_thread_blocked, id=9104, stack(0x000000cabdd00000,0x000000cabde00000)]
  0x000002c0cd24a000 JavaThread "File watcher server" daemon [_thread_in_native, id=8484, stack(0x000000cabde00000,0x000000cabdf00000)]
  0x000002c0cd244000 JavaThread "File watcher consumer" daemon [_thread_blocked, id=8660, stack(0x000000cabdf00000,0x000000cabe000000)]
  0x000002c0cd245000 JavaThread "Cache worker for checksums cache (D:\BaiTapTuan\QTBai4\.gradle\checksums)" [_thread_blocked, id=8592, stack(0x000000cabdc00000,0x000000cabdd00000)]
  0x000002c0cd246000 JavaThread "Cache worker for cache directory md-supplier (C:\Users\Administrator\.gradle\caches\7.2\md-supplier)" [_thread_blocked, id=10620, stack(0x000000cabe000000,0x000000cabe100000)]
  0x000002c0cfb2a800 JavaThread "Cache worker for cache directory md-rule (C:\Users\Administrator\.gradle\caches\7.2\md-rule)" [_thread_blocked, id=8604, stack(0x000000cabe200000,0x000000cabe300000)]
  0x000002c0cfb26800 JavaThread "Cache worker for execution history cache (C:\Users\Administrator\.gradle\caches\7.2\executionHistory)" [_thread_blocked, id=10716, stack(0x000000cabe300000,0x000000cabe400000)]
  0x000002c0cfb29800 JavaThread "jar transforms" [_thread_blocked, id=6504, stack(0x000000cabe400000,0x000000cabe500000)]
  0x000002c0cfb27000 JavaThread "Cache worker for file content cache (C:\Users\Administrator\.gradle\caches\7.2\fileContent)" [_thread_blocked, id=10020, stack(0x000000cabe500000,0x000000cabe600000)]
  0x000002c0cfb28000 JavaThread "jar transforms Thread 2" [_thread_blocked, id=8488, stack(0x000000cabe600000,0x000000cabe700000)]
  0x000002c0cfb32800 JavaThread "Cache worker for dependencies-accessors (D:\BaiTapTuan\QTBai4\.gradle\7.2\dependencies-accessors)" [_thread_blocked, id=10772, stack(0x000000cabe700000,0x000000cabe800000)]
  0x000002c0cfb2f000 JavaThread "jar transforms Thread 3" [_thread_blocked, id=6956, stack(0x000000cabe100000,0x000000cabe200000)]
  0x000002c0cfb2b000 JavaThread "Cache worker for Build Output Cleanup Cache (D:\BaiTapTuan\QTBai4\.gradle\buildOutputCleanup)" [_thread_blocked, id=2816, stack(0x000000cabe800000,0x000000cabe900000)]
  0x000002c0cfb33800 JavaThread "Unconstrained build operations" [_thread_blocked, id=6500, stack(0x000000cabe900000,0x000000cabea00000)]
  0x000002c0cfb2e800 JavaThread "Unconstrained build operations Thread 2" [_thread_blocked, id=10368, stack(0x000000cabea00000,0x000000cabeb00000)]
  0x000002c0cfb34000 JavaThread "Unconstrained build operations Thread 3" [_thread_blocked, id=10404, stack(0x000000cabeb00000,0x000000cabec00000)]
  0x000002c0cfb31800 JavaThread "Unconstrained build operations Thread 4" [_thread_blocked, id=10584, stack(0x000000cabec00000,0x000000cabed00000)]
  0x000002c0cfb35000 JavaThread "Unconstrained build operations Thread 5" [_thread_blocked, id=1512, stack(0x000000cabed00000,0x000000cabee00000)]
  0x000002c0cfb30000 JavaThread "Unconstrained build operations Thread 6" [_thread_blocked, id=2440, stack(0x000000cabee00000,0x000000cabef00000)]
  0x000002c0ce935800 JavaThread "Unconstrained build operations Thread 7" [_thread_blocked, id=9940, stack(0x000000cabef00000,0x000000cabf000000)]
  0x000002c0ce931800 JavaThread "Unconstrained build operations Thread 8" [_thread_blocked, id=4336, stack(0x000000cabf000000,0x000000cabf100000)]
  0x000002c0ce933000 JavaThread "Unconstrained build operations Thread 9" [_thread_blocked, id=5408, stack(0x000000cabf100000,0x000000cabf200000)]
  0x000002c0ce934800 JavaThread "Unconstrained build operations Thread 10" [_thread_blocked, id=7948, stack(0x000000cabf200000,0x000000cabf300000)]
  0x000002c0ce930000 JavaThread "Unconstrained build operations Thread 11" [_thread_blocked, id=5676, stack(0x000000cabf300000,0x000000cabf400000)]
  0x000002c0ce930800 JavaThread "Unconstrained build operations Thread 12" [_thread_blocked, id=6784, stack(0x000000cabf400000,0x000000cabf500000)]
  0x000002c0ce936800 JavaThread "Unconstrained build operations Thread 13" [_thread_blocked, id=7944, stack(0x000000cabf500000,0x000000cabf600000)]
  0x000002c0ce937000 JavaThread "Unconstrained build operations Thread 14" [_thread_blocked, id=5536, stack(0x000000cabf600000,0x000000cabf700000)]
  0x000002c0ce932800 JavaThread "Unconstrained build operations Thread 15" [_thread_blocked, id=6352, stack(0x000000cabf700000,0x000000cabf800000)]
  0x000002c0ce938000 JavaThread "Unconstrained build operations Thread 16" [_thread_blocked, id=6444, stack(0x000000cabf800000,0x000000cabf900000)]
  0x000002c0ce934000 JavaThread "Unconstrained build operations Thread 17" [_thread_blocked, id=9060, stack(0x000000cabf900000,0x000000cabfa00000)]
  0x000002c0ce93a800 JavaThread "Unconstrained build operations Thread 18" [_thread_blocked, id=6384, stack(0x000000cabfa00000,0x000000cabfb00000)]
  0x000002c0ce939800 JavaThread "Unconstrained build operations Thread 19" [_thread_blocked, id=5668, stack(0x000000cabfb00000,0x000000cabfc00000)]
  0x000002c0ce93b000 JavaThread "Unconstrained build operations Thread 20" [_thread_blocked, id=9076, stack(0x000000cabfc00000,0x000000cabfd00000)]
  0x000002c0ce93e800 JavaThread "Unconstrained build operations Thread 21" [_thread_blocked, id=5560, stack(0x000000cabfd00000,0x000000cabfe00000)]
  0x000002c0ce93d000 JavaThread "Unconstrained build operations Thread 22" [_thread_blocked, id=7400, stack(0x000000cabfe00000,0x000000cabff00000)]
  0x000002c0ce93d800 JavaThread "Unconstrained build operations Thread 23" [_thread_blocked, id=6448, stack(0x000000cabff00000,0x000000cac0000000)]
  0x000002c0ce93c000 JavaThread "Unconstrained build operations Thread 24" [_thread_blocked, id=9088, stack(0x000000cac0000000,0x000000cac0100000)]
  0x000002c0ce939000 JavaThread "Unconstrained build operations Thread 25" [_thread_blocked, id=6356, stack(0x000000cac0100000,0x000000cac0200000)]
  0x000002c0cd34e000 JavaThread "Unconstrained build operations Thread 26" [_thread_blocked, id=5600, stack(0x000000cac0200000,0x000000cac0300000)]
  0x000002c0cd34c000 JavaThread "Unconstrained build operations Thread 27" [_thread_blocked, id=6088, stack(0x000000cac0300000,0x000000cac0400000)]
  0x000002c0cd349800 JavaThread "Unconstrained build operations Thread 28" [_thread_blocked, id=5544, stack(0x000000cac0400000,0x000000cac0500000)]
  0x000002c0cd34d000 JavaThread "Unconstrained build operations Thread 29" [_thread_blocked, id=924, stack(0x000000cac0500000,0x000000cac0600000)]
  0x000002c0cd34b800 JavaThread "Unconstrained build operations Thread 30" [_thread_blocked, id=5672, stack(0x000000cac0600000,0x000000cac0700000)]
  0x000002c0cd34e800 JavaThread "Unconstrained build operations Thread 31" [_thread_blocked, id=4268, stack(0x000000cac0700000,0x000000cac0800000)]
  0x000002c0cd349000 JavaThread "Unconstrained build operations Thread 32" [_thread_blocked, id=816, stack(0x000000cac0800000,0x000000cac0900000)]
  0x000002c0cd34f800 JavaThread "Unconstrained build operations Thread 33" [_thread_blocked, id=6464, stack(0x000000cac0900000,0x000000cac0a00000)]
  0x000002c0cd350800 JavaThread "Unconstrained build operations Thread 34" [_thread_blocked, id=5440, stack(0x000000cac0a00000,0x000000cac0b00000)]
  0x000002c0cd34a800 JavaThread "Unconstrained build operations Thread 35" [_thread_blocked, id=10892, stack(0x000000cac0b00000,0x000000cac0c00000)]
  0x000002c0cd357000 JavaThread "Unconstrained build operations Thread 36" [_thread_blocked, id=5624, stack(0x000000cac0c00000,0x000000cac0d00000)]
  0x000002c0cd352000 JavaThread "Unconstrained build operations Thread 37" [_thread_blocked, id=10940, stack(0x000000cac0d00000,0x000000cac0e00000)]
  0x000002c0cd356000 JavaThread "Unconstrained build operations Thread 38" [_thread_blocked, id=10748, stack(0x000000cac0e00000,0x000000cac0f00000)]
  0x000002c0cd354800 JavaThread "Unconstrained build operations Thread 39" [_thread_blocked, id=10840, stack(0x000000cac0f00000,0x000000cac1000000)]
  0x000002c0cd353800 JavaThread "Unconstrained build operations Thread 40" [_thread_blocked, id=10836, stack(0x000000cac1000000,0x000000cac1100000)]
  0x000002c0cd355000 JavaThread "jar transforms Thread 4" [_thread_blocked, id=6648, stack(0x000000cac1100000,0x000000cac1200000)]
  0x000002c0cd351000 JavaThread "C2 CompilerThread1" daemon [_thread_in_native, id=11912, stack(0x000000cabb800000,0x000000cabb900000)]
  0x000002c0cd352800 JavaThread "Memory manager" [_thread_blocked, id=11924, stack(0x000000cac1200000,0x000000cac1300000)]
  0x000002c0ceebc000 JavaThread "build event listener" [_thread_blocked, id=12272, stack(0x000000cac1500000,0x000000cac1600000)]
  0x000002c0ceeba800 JavaThread "Execution worker for ':'" [_thread_blocked, id=12276, stack(0x000000cac1600000,0x000000cac1700000)]
  0x000002c0ceeb9000 JavaThread "Execution worker for ':' Thread 2" [_thread_blocked, id=12280, stack(0x000000cac1700000,0x000000cac1800000)]
  0x000002c0ceebd000 JavaThread "Execution worker for ':' Thread 3" [_thread_blocked, id=12284, stack(0x000000cac1800000,0x000000cac1900000)]
  0x000002c0ceebe000 JavaThread "Cache worker for execution history cache (D:\BaiTapTuan\QTBai4\.gradle\7.2\executionHistory)" [_thread_blocked, id=10352, stack(0x000000cac1900000,0x000000cac1a00000)]
  0x000002c0ceebf800 JavaThread "WorkerExecutor Queue" [_thread_blocked, id=10876, stack(0x000000cac1a00000,0x000000cac1b00000)]
  0x000002c0ceebb800 JavaThread "WorkerExecutor Queue Thread 2" [_thread_blocked, id=11448, stack(0x000000cac1b00000,0x000000cac1c00000)]
  0x000002c0ceec2800 JavaThread "WorkerExecutor Queue Thread 3" [_thread_blocked, id=11460, stack(0x000000cac1c00000,0x000000cac1d00000)]
  0x000002c0ceec6000 JavaThread "pool-3-thread-1" [_thread_blocked, id=6768, stack(0x000000cac1e00000,0x000000cac1f00000)]
  0x000002c0ceec1000 JavaThread "stderr" [_thread_in_native, id=11500, stack(0x000000cac1f00000,0x000000cac2000000)]
  0x000002c0ceec2000 JavaThread "stdout" [_thread_in_native, id=2688, stack(0x000000cac2000000,0x000000cac2100000)]
  0x000002c0ceec4800 JavaThread "WorkerExecutor Queue Thread 5" [_thread_in_native, id=11532, stack(0x000000cac2100000,0x000000cac2200000)]
  0x000002c0ceec0800 JavaThread "WorkerExecutor Queue Thread 7" [_thread_blocked, id=12160, stack(0x000000cac1d00000,0x000000cac1e00000)]
  0x000002c0ceebe800 JavaThread "ForkJoinPool.commonPool-worker-3" daemon [_thread_in_native, id=12164, stack(0x000000cac2200000,0x000000cac2300000)]
  0x000002c0ceec5000 JavaThread "ForkJoinPool.commonPool-worker-5" daemon [_thread_blocked, id=12168, stack(0x000000cac2300000,0x000000cac2400000)]
  0x000002c0ceec7000 JavaThread "ForkJoinPool.commonPool-worker-7" daemon [_thread_blocked, id=2144, stack(0x000000cac2400000,0x000000cac2500000)]

Other Threads:
  0x000002c0cbd8e800 VMThread "VM Thread" [stack: 0x000000cabc100000,0x000000cabc200000] [id=4140]
  0x000002c0cc8af800 WatcherThread [stack: 0x000000cabcb00000,0x000000cabcc00000] [id=10304]
  0x000002c0b21b6000 GCTaskThread "GC Thread#0" [stack: 0x000000cabbc00000,0x000000cabbd00000] [id=8380]
  0x000002c0ccc46800 GCTaskThread "GC Thread#1" [stack: 0x000000cabcd00000,0x000000cabce00000] [id=10268]
  0x000002c0ccb20000 GCTaskThread "GC Thread#2" [stack: 0x000000cabce00000,0x000000cabcf00000] [id=7008]
  0x000002c0cd251800 GCTaskThread "GC Thread#3" [stack: 0x000000cabd900000,0x000000cabda00000] [id=8128]
  0x000002c0b21e6800 ConcurrentGCThread "G1 Main Marker" [stack: 0x000000cabbd00000,0x000000cabbe00000] [id=6908]
  0x000002c0b21e8000 ConcurrentGCThread "G1 Conc#0" [stack: 0x000000cabbe00000,0x000000cabbf00000] [id=8572]
  0x000002c0b227a000 ConcurrentGCThread "G1 Refine#0" [stack: 0x000000cabbf00000,0x000000cabc000000] [id=9024]
  0x000002c0b227b000 ConcurrentGCThread "G1 Young RemSet Sampling" [stack: 0x000000cabc000000,0x000000cabc100000] [id=9096]

Threads with active compile tasks:
C2 CompilerThread0  59714 15139 %     4       com.android.tools.r8.dex.r::a @ 315 (1038 bytes)
C2 CompilerThread1  59714 15471   !   4       java.util.zip.InflaterInputStream::read (138 bytes)

VM state:not at safepoint (normal execution)

VM Mutex/Monitor currently owned by a thread: None

OutOfMemory and StackOverflow Exception counts:
OutOfMemoryError java_heap_errors=1
LinkageErrors=162

Heap address: 0x0000000080000000, size: 2048 MB, Compressed Oops mode: 32-bit
Narrow klass base: 0x0000000000000000, Narrow klass shift: 3
Compressed class space size: 1073741824 Address: 0x0000000100000000

Heap:
 garbage-first heap   total 335872K, used 231316K [0x0000000080000000, 0x0000000100000000)
  region size 1024K, 45 young (46080K), 6 survivors (6144K)
 Metaspace       used 104500K, capacity 107440K, committed 107688K, reserved 1142784K
  class space    used 13627K, capacity 14800K, committed 14924K, reserved 1048576K
Heap Regions: E=young(eden), S=young(survivor), O=old, HS=humongous(starts), HC=humongous(continues), CS=collection set, F=free, A=archive, TAMS=top-at-mark-start (previous, next)
|   0|0x0000000080000000, 0x0000000080100000, 0x0000000080100000|100%| O|  |TAMS 0x0000000080100000, 0x0000000080000000| Untracked 
|   1|0x0000000080100000, 0x0000000080200000, 0x0000000080200000|100%| O|  |TAMS 0x0000000080200000, 0x0000000080100000| Untracked 
|   2|0x0000000080200000, 0x0000000080300000, 0x0000000080300000|100%| O|  |TAMS 0x0000000080300000, 0x0000000080200000| Untracked 
|   3|0x0000000080300000, 0x0000000080400000, 0x0000000080400000|100%|HS|  |TAMS 0x0000000080400000, 0x0000000080300000| Complete 
|   4|0x0000000080400000, 0x0000000080500000, 0x0000000080500000|100%|HC|  |TAMS 0x0000000080500000, 0x0000000080400000| Complete 
|   5|0x0000000080500000, 0x0000000080600000, 0x0000000080600000|100%|HC|  |TAMS 0x0000000080600000, 0x0000000080500000| Complete 
|   6|0x0000000080600000, 0x0000000080700000, 0x0000000080700000|100%| O|  |TAMS 0x0000000080700000, 0x0000000080600000| Untracked 
|   7|0x0000000080700000, 0x0000000080800000, 0x0000000080800000|100%| O|  |TAMS 0x0000000080800000, 0x0000000080700000| Untracked 
|   8|0x0000000080800000, 0x0000000080900000, 0x0000000080900000|100%| O|  |TAMS 0x0000000080900000, 0x0000000080800000| Untracked 
|   9|0x0000000080900000, 0x0000000080a00000, 0x0000000080a00000|100%| O|  |TAMS 0x0000000080a00000, 0x0000000080900000| Untracked 
|  10|0x0000000080a00000, 0x0000000080b00000, 0x0000000080b00000|100%| O|  |TAMS 0x0000000080b00000, 0x0000000080a00000| Untracked 
|  11|0x0000000080b00000, 0x0000000080c00000, 0x0000000080c00000|100%| O|  |TAMS 0x0000000080c00000, 0x0000000080b00000| Untracked 
|  12|0x0000000080c00000, 0x0000000080d00000, 0x0000000080d00000|100%| O|  |TAMS 0x0000000080d00000, 0x0000000080c00000| Untracked 
|  13|0x0000000080d00000, 0x0000000080e00000, 0x0000000080e00000|100%| O|  |TAMS 0x0000000080e00000, 0x0000000080d00000| Untracked 
|  14|0x0000000080e00000, 0x0000000080f00000, 0x0000000080f00000|100%| O|  |TAMS 0x0000000080f00000, 0x0000000080e00000| Untracked 
|  15|0x0000000080f00000, 0x0000000081000000, 0x0000000081000000|100%| O|  |TAMS 0x0000000081000000, 0x0000000080f00000| Untracked 
|  16|0x0000000081000000, 0x0000000081100000, 0x0000000081100000|100%| O|  |TAMS 0x0000000081100000, 0x0000000081000000| Untracked 
|  17|0x0000000081100000, 0x0000000081200000, 0x0000000081200000|100%| O|  |TAMS 0x0000000081200000, 0x0000000081100000| Untracked 
|  18|0x0000000081200000, 0x0000000081300000, 0x0000000081300000|100%|HS|  |TAMS 0x0000000081300000, 0x0000000081200000| Complete 
|  19|0x0000000081300000, 0x0000000081400000, 0x0000000081400000|100%|HS|  |TAMS 0x0000000081400000, 0x0000000081300000| Complete 
|  20|0x0000000081400000, 0x0000000081500000, 0x0000000081500000|100%| O|  |TAMS 0x0000000081500000, 0x0000000081400000| Untracked 
|  21|0x0000000081500000, 0x0000000081600000, 0x0000000081600000|100%| O|  |TAMS 0x0000000081600000, 0x0000000081500000| Untracked 
|  22|0x0000000081600000, 0x0000000081700000, 0x0000000081700000|100%| O|  |TAMS 0x0000000081700000, 0x0000000081600000| Untracked 
|  23|0x0000000081700000, 0x0000000081800000, 0x0000000081800000|100%| O|  |TAMS 0x0000000081800000, 0x0000000081700000| Untracked 
|  24|0x0000000081800000, 0x0000000081900000, 0x0000000081900000|100%|HS|  |TAMS 0x0000000081900000, 0x0000000081800000| Complete 
|  25|0x0000000081900000, 0x0000000081a00000, 0x0000000081a00000|100%|HS|  |TAMS 0x0000000081a00000, 0x0000000081900000| Complete 
|  26|0x0000000081a00000, 0x0000000081b00000, 0x0000000081b00000|100%|HS|  |TAMS 0x0000000081b00000, 0x0000000081a00000| Complete 
|  27|0x0000000081b00000, 0x0000000081c00000, 0x0000000081c00000|100%|HC|  |TAMS 0x0000000081c00000, 0x0000000081b00000| Complete 
|  28|0x0000000081c00000, 0x0000000081d00000, 0x0000000081d00000|100%| O|  |TAMS 0x0000000081d00000, 0x0000000081c00000| Untracked 
|  29|0x0000000081d00000, 0x0000000081e00000, 0x0000000081e00000|100%| O|  |TAMS 0x0000000081e00000, 0x0000000081d00000| Untracked 
|  30|0x0000000081e00000, 0x0000000081f00000, 0x0000000081f00000|100%| O|  |TAMS 0x0000000081f00000, 0x0000000081e00000| Untracked 
|  31|0x0000000081f00000, 0x0000000082000000, 0x0000000082000000|100%| O|  |TAMS 0x0000000082000000, 0x0000000081f00000| Untracked 
|  32|0x0000000082000000, 0x0000000082100000, 0x0000000082100000|100%| O|  |TAMS 0x0000000082100000, 0x0000000082000000| Untracked 
|  33|0x0000000082100000, 0x0000000082200000, 0x0000000082200000|100%| O|  |TAMS 0x0000000082200000, 0x0000000082100000| Untracked 
|  34|0x0000000082200000, 0x0000000082300000, 0x0000000082300000|100%| O|  |TAMS 0x0000000082300000, 0x0000000082200000| Untracked 
|  35|0x0000000082300000, 0x0000000082400000, 0x0000000082400000|100%| O|  |TAMS 0x0000000082400000, 0x0000000082300000| Untracked 
|  36|0x0000000082400000, 0x0000000082500000, 0x0000000082500000|100%| O|  |TAMS 0x0000000082500000, 0x0000000082400000| Untracked 
|  37|0x0000000082500000, 0x0000000082600000, 0x0000000082600000|100%| O|  |TAMS 0x0000000082600000, 0x0000000082500000| Untracked 
|  38|0x0000000082600000, 0x0000000082700000, 0x0000000082700000|100%| O|  |TAMS 0x0000000082700000, 0x0000000082600000| Untracked 
|  39|0x0000000082700000, 0x0000000082800000, 0x0000000082800000|100%| O|  |TAMS 0x0000000082800000, 0x0000000082700000| Untracked 
|  40|0x0000000082800000, 0x0000000082900000, 0x0000000082900000|100%| O|  |TAMS 0x0000000082900000, 0x0000000082800000| Untracked 
|  41|0x0000000082900000, 0x0000000082a00000, 0x0000000082a00000|100%| O|  |TAMS 0x0000000082a00000, 0x0000000082900000| Untracked 
|  42|0x0000000082a00000, 0x0000000082b00000, 0x0000000082b00000|100%| O|  |TAMS 0x0000000082b00000, 0x0000000082a00000| Untracked 
|  43|0x0000000082b00000, 0x0000000082c00000, 0x0000000082c00000|100%| O|  |TAMS 0x0000000082c00000, 0x0000000082b00000| Untracked 
|  44|0x0000000082c00000, 0x0000000082d00000, 0x0000000082d00000|100%| O|  |TAMS 0x0000000082d00000, 0x0000000082c00000| Untracked 
|  45|0x0000000082d00000, 0x0000000082e00000, 0x0000000082e00000|100%| O|  |TAMS 0x0000000082e00000, 0x0000000082d00000| Untracked 
|  46|0x0000000082e00000, 0x0000000082f00000, 0x0000000082f00000|100%| O|  |TAMS 0x0000000082f00000, 0x0000000082e00000| Untracked 
|  47|0x0000000082f00000, 0x0000000083000000, 0x0000000083000000|100%| O|  |TAMS 0x0000000083000000, 0x0000000082f00000| Untracked 
|  48|0x0000000083000000, 0x0000000083100000, 0x0000000083100000|100%| O|  |TAMS 0x0000000083100000, 0x0000000083000000| Untracked 
|  49|0x0000000083100000, 0x0000000083200000, 0x0000000083200000|100%| O|  |TAMS 0x0000000083200000, 0x0000000083100000| Untracked 
|  50|0x0000000083200000, 0x0000000083300000, 0x0000000083300000|100%| O|  |TAMS 0x0000000083300000, 0x0000000083200000| Untracked 
|  51|0x0000000083300000, 0x0000000083400000, 0x0000000083400000|100%| O|  |TAMS 0x0000000083400000, 0x0000000083300000| Untracked 
|  52|0x0000000083400000, 0x0000000083500000, 0x0000000083500000|100%| O|  |TAMS 0x0000000083500000, 0x0000000083400000| Untracked 
|  53|0x0000000083500000, 0x0000000083600000, 0x0000000083600000|100%| O|  |TAMS 0x0000000083600000, 0x0000000083500000| Untracked 
|  54|0x0000000083600000, 0x0000000083700000, 0x0000000083700000|100%| O|  |TAMS 0x0000000083700000, 0x0000000083600000| Untracked 
|  55|0x0000000083700000, 0x0000000083800000, 0x0000000083800000|100%| O|  |TAMS 0x0000000083800000, 0x0000000083700000| Untracked 
|  56|0x0000000083800000, 0x0000000083900000, 0x0000000083900000|100%| O|  |TAMS 0x0000000083900000, 0x0000000083800000| Untracked 
|  57|0x0000000083900000, 0x0000000083a00000, 0x0000000083a00000|100%| O|  |TAMS 0x0000000083a00000, 0x0000000083900000| Untracked 
|  58|0x0000000083a00000, 0x0000000083b00000, 0x0000000083b00000|100%| O|  |TAMS 0x0000000083b00000, 0x0000000083a00000| Untracked 
|  59|0x0000000083b00000, 0x0000000083c00000, 0x0000000083c00000|100%| O|  |TAMS 0x0000000083c00000, 0x0000000083b00000| Untracked 
|  60|0x0000000083c00000, 0x0000000083d00000, 0x0000000083d00000|100%| O|  |TAMS 0x0000000083d00000, 0x0000000083c00000| Untracked 
|  61|0x0000000083d00000, 0x0000000083e00000, 0x0000000083e00000|100%| O|  |TAMS 0x0000000083e00000, 0x0000000083d00000| Untracked 
|  62|0x0000000083e00000, 0x0000000083f00000, 0x0000000083f00000|100%| O|  |TAMS 0x0000000083f00000, 0x0000000083e00000| Untracked 
|  63|0x0000000083f00000, 0x0000000084000000, 0x0000000084000000|100%| O|  |TAMS 0x0000000084000000, 0x0000000083f00000| Untracked 
|  64|0x0000000084000000, 0x0000000084100000, 0x0000000084100000|100%| O|  |TAMS 0x0000000084100000, 0x0000000084000000| Untracked 
|  65|0x0000000084100000, 0x0000000084200000, 0x0000000084200000|100%| O|  |TAMS 0x0000000084200000, 0x0000000084100000| Untracked 
|  66|0x0000000084200000, 0x0000000084300000, 0x0000000084300000|100%| O|  |TAMS 0x0000000084300000, 0x0000000084200000| Untracked 
|  67|0x0000000084300000, 0x0000000084400000, 0x0000000084400000|100%| O|  |TAMS 0x0000000084400000, 0x0000000084300000| Untracked 
|  68|0x0000000084400000, 0x0000000084500000, 0x0000000084500000|100%|HS|  |TAMS 0x0000000084500000, 0x0000000084400000| Complete 
|  69|0x0000000084500000, 0x0000000084600000, 0x0000000084600000|100%|HC|  |TAMS 0x0000000084600000, 0x0000000084500000| Complete 
|  70|0x0000000084600000, 0x0000000084700000, 0x0000000084700000|100%| O|  |TAMS 0x0000000084700000, 0x0000000084600000| Untracked 
|  71|0x0000000084700000, 0x0000000084800000, 0x0000000084800000|100%| O|  |TAMS 0x0000000084800000, 0x0000000084700000| Untracked 
|  72|0x0000000084800000, 0x0000000084900000, 0x0000000084900000|100%| O|  |TAMS 0x0000000084900000, 0x0000000084800000| Untracked 
|  73|0x0000000084900000, 0x0000000084a00000, 0x0000000084a00000|100%|HS|  |TAMS 0x0000000084a00000, 0x0000000084900000| Complete 
|  74|0x0000000084a00000, 0x0000000084b00000, 0x0000000084b00000|100%|HS|  |TAMS 0x0000000084b00000, 0x0000000084a00000| Complete 
|  75|0x0000000084b00000, 0x0000000084c00000, 0x0000000084c00000|100%|HS|  |TAMS 0x0000000084c00000, 0x0000000084b00000| Complete 
|  76|0x0000000084c00000, 0x0000000084d00000, 0x0000000084d00000|100%| O|  |TAMS 0x0000000084d00000, 0x0000000084c00000| Untracked 
|  77|0x0000000084d00000, 0x0000000084e00000, 0x0000000084e00000|100%| O|  |TAMS 0x0000000084e00000, 0x0000000084d00000| Untracked 
|  78|0x0000000084e00000, 0x0000000084f00000, 0x0000000084f00000|100%| O|  |TAMS 0x0000000084f00000, 0x0000000084e00000| Untracked 
|  79|0x0000000084f00000, 0x0000000085000000, 0x0000000085000000|100%| O|  |TAMS 0x0000000085000000, 0x0000000084f00000| Untracked 
|  80|0x0000000085000000, 0x0000000085100000, 0x0000000085100000|100%| O|  |TAMS 0x0000000085100000, 0x0000000085000000| Untracked 
|  81|0x0000000085100000, 0x0000000085200000, 0x0000000085200000|100%| O|  |TAMS 0x0000000085200000, 0x0000000085100000| Untracked 
|  82|0x0000000085200000, 0x0000000085300000, 0x0000000085300000|100%| O|  |TAMS 0x0000000085300000, 0x0000000085200000| Untracked 
|  83|0x0000000085300000, 0x0000000085400000, 0x0000000085400000|100%| O|  |TAMS 0x0000000085400000, 0x0000000085300000| Untracked 
|  84|0x0000000085400000, 0x0000000085500000, 0x0000000085500000|100%| O|  |TAMS 0x0000000085500000, 0x0000000085400000| Untracked 
|  85|0x0000000085500000, 0x0000000085600000, 0x0000000085600000|100%| O|  |TAMS 0x0000000085600000, 0x0000000085500000| Untracked 
|  86|0x0000000085600000, 0x0000000085700000, 0x0000000085700000|100%| O|  |TAMS 0x0000000085700000, 0x0000000085600000| Untracked 
|  87|0x0000000085700000, 0x0000000085800000, 0x0000000085800000|100%| O|  |TAMS 0x0000000085800000, 0x0000000085700000| Untracked 
|  88|0x0000000085800000, 0x0000000085900000, 0x0000000085900000|100%| O|  |TAMS 0x0000000085900000, 0x0000000085800000| Untracked 
|  89|0x0000000085900000, 0x0000000085a00000, 0x0000000085a00000|100%| O|  |TAMS 0x0000000085a00000, 0x0000000085900000| Untracked 
|  90|0x0000000085a00000, 0x0000000085b00000, 0x0000000085b00000|100%| O|  |TAMS 0x0000000085b00000, 0x0000000085a00000| Untracked 
|  91|0x0000000085b00000, 0x0000000085c00000, 0x0000000085c00000|100%| O|  |TAMS 0x0000000085c00000, 0x0000000085b00000| Untracked 
|  92|0x0000000085c00000, 0x0000000085d00000, 0x0000000085d00000|100%| O|  |TAMS 0x0000000085d00000, 0x0000000085c00000| Untracked 
|  93|0x0000000085d00000, 0x0000000085e00000, 0x0000000085e00000|100%| O|  |TAMS 0x0000000085e00000, 0x0000000085d00000| Untracked 
|  94|0x0000000085e00000, 0x0000000085f00000, 0x0000000085f00000|100%| O|  |TAMS 0x0000000085f00000, 0x0000000085e00000| Untracked 
|  95|0x0000000085f00000, 0x0000000086000000, 0x0000000086000000|100%| O|  |TAMS 0x0000000086000000, 0x0000000085f00000| Untracked 
|  96|0x0000000086000000, 0x0000000086100000, 0x0000000086100000|100%| O|  |TAMS 0x0000000086000000, 0x0000000086000000| Untracked 
|  97|0x0000000086100000, 0x0000000086200000, 0x0000000086200000|100%| O|  |TAMS 0x0000000086200000, 0x0000000086100000| Untracked 
|  98|0x0000000086200000, 0x0000000086300000, 0x0000000086300000|100%| O|  |TAMS 0x0000000086300000, 0x0000000086200000| Untracked 
|  99|0x0000000086300000, 0x0000000086400000, 0x0000000086400000|100%| O|  |TAMS 0x0000000086400000, 0x0000000086300000| Untracked 
| 100|0x0000000086400000, 0x0000000086500000, 0x0000000086500000|100%| O|  |TAMS 0x0000000086500000, 0x0000000086400000| Untracked 
| 101|0x0000000086500000, 0x0000000086600000, 0x0000000086600000|100%| O|  |TAMS 0x0000000086600000, 0x0000000086500000| Untracked 
| 102|0x0000000086600000, 0x0000000086700000, 0x0000000086700000|100%| O|  |TAMS 0x0000000086700000, 0x0000000086600000| Untracked 
| 103|0x0000000086700000, 0x0000000086800000, 0x0000000086800000|100%| O|  |TAMS 0x0000000086800000, 0x0000000086700000| Untracked 
| 104|0x0000000086800000, 0x0000000086900000, 0x0000000086900000|100%| O|  |TAMS 0x0000000086900000, 0x0000000086800000| Untracked 
| 105|0x0000000086900000, 0x0000000086a00000, 0x0000000086a00000|100%| O|  |TAMS 0x0000000086a00000, 0x0000000086900000| Untracked 
| 106|0x0000000086a00000, 0x0000000086b00000, 0x0000000086b00000|100%| O|  |TAMS 0x0000000086b00000, 0x0000000086a00000| Untracked 
| 107|0x0000000086b00000, 0x0000000086c00000, 0x0000000086c00000|100%| O|  |TAMS 0x0000000086c00000, 0x0000000086b00000| Untracked 
| 108|0x0000000086c00000, 0x0000000086d00000, 0x0000000086d00000|100%| O|  |TAMS 0x0000000086d00000, 0x0000000086c00000| Untracked 
| 109|0x0000000086d00000, 0x0000000086e00000, 0x0000000086e00000|100%| O|  |TAMS 0x0000000086e00000, 0x0000000086d00000| Untracked 
| 110|0x0000000086e00000, 0x0000000086f00000, 0x0000000086f00000|100%| O|  |TAMS 0x0000000086f00000, 0x0000000086e00000| Untracked 
| 111|0x0000000086f00000, 0x0000000087000000, 0x0000000087000000|100%| O|  |TAMS 0x0000000087000000, 0x0000000086f00000| Untracked 
| 112|0x0000000087000000, 0x0000000087100000, 0x0000000087100000|100%| O|  |TAMS 0x0000000087100000, 0x0000000087000000| Untracked 
| 113|0x0000000087100000, 0x0000000087200000, 0x0000000087200000|100%| O|  |TAMS 0x0000000087200000, 0x0000000087100000| Untracked 
| 114|0x0000000087200000, 0x0000000087300000, 0x0000000087300000|100%|HS|  |TAMS 0x0000000087300000, 0x0000000087200000| Complete 
| 115|0x0000000087300000, 0x0000000087400000, 0x0000000087400000|100%| O|  |TAMS 0x0000000087400000, 0x0000000087300000| Untracked 
| 116|0x0000000087400000, 0x0000000087500000, 0x0000000087500000|100%|HS|  |TAMS 0x0000000087500000, 0x0000000087400000| Complete 
| 117|0x0000000087500000, 0x0000000087600000, 0x0000000087600000|100%| O|  |TAMS 0x0000000087600000, 0x0000000087500000| Untracked 
| 118|0x0000000087600000, 0x0000000087700000, 0x0000000087700000|100%| O|  |TAMS 0x0000000087700000, 0x0000000087600000| Untracked 
| 119|0x0000000087700000, 0x0000000087800000, 0x0000000087800000|100%| O|  |TAMS 0x0000000087800000, 0x0000000087700000| Untracked 
| 120|0x0000000087800000, 0x0000000087900000, 0x0000000087900000|100%| O|  |TAMS 0x0000000087900000, 0x0000000087800000| Untracked 
| 121|0x0000000087900000, 0x0000000087a00000, 0x0000000087a00000|100%| O|  |TAMS 0x0000000087a00000, 0x0000000087900000| Untracked 
| 122|0x0000000087a00000, 0x0000000087b00000, 0x0000000087b00000|100%|HS|  |TAMS 0x0000000087b00000, 0x0000000087a00000| Complete 
| 123|0x0000000087b00000, 0x0000000087c00000, 0x0000000087c00000|100%| O|  |TAMS 0x0000000087c00000, 0x0000000087b00000| Untracked 
| 124|0x0000000087c00000, 0x0000000087d00000, 0x0000000087d00000|100%| O|  |TAMS 0x0000000087d00000, 0x0000000087c00000| Untracked 
| 125|0x0000000087d00000, 0x0000000087e00000, 0x0000000087e00000|100%| O|  |TAMS 0x0000000087e00000, 0x0000000087d00000| Untracked 
| 126|0x0000000087e00000, 0x0000000087f00000, 0x0000000087f00000|100%| O|  |TAMS 0x0000000087f00000, 0x0000000087e00000| Untracked 
| 127|0x0000000087f00000, 0x0000000088000000, 0x0000000088000000|100%| O|  |TAMS 0x0000000088000000, 0x0000000087f00000| Untracked 
| 128|0x0000000088000000, 0x0000000088100000, 0x0000000088100000|100%| O|  |TAMS 0x0000000088100000, 0x0000000088000000| Untracked 
| 129|0x0000000088100000, 0x0000000088200000, 0x0000000088200000|100%| O|  |TAMS 0x0000000088200000, 0x0000000088100000| Untracked 
| 130|0x0000000088200000, 0x0000000088300000, 0x0000000088300000|100%| O|  |TAMS 0x0000000088300000, 0x0000000088200000| Untracked 
| 131|0x0000000088300000, 0x0000000088400000, 0x0000000088400000|100%| O|  |TAMS 0x0000000088400000, 0x0000000088300000| Untracked 
| 132|0x0000000088400000, 0x0000000088500000, 0x0000000088500000|100%| O|  |TAMS 0x0000000088500000, 0x0000000088400000| Untracked 
| 133|0x0000000088500000, 0x0000000088600000, 0x0000000088600000|100%|HS|  |TAMS 0x0000000088600000, 0x0000000088500000| Complete 
| 134|0x0000000088600000, 0x0000000088700000, 0x0000000088700000|100%|HS|  |TAMS 0x0000000088700000, 0x0000000088600000| Complete 
| 135|0x0000000088700000, 0x0000000088800000, 0x0000000088800000|100%| O|  |TAMS 0x0000000088800000, 0x0000000088700000| Untracked 
| 136|0x0000000088800000, 0x0000000088900000, 0x0000000088900000|100%| O|  |TAMS 0x0000000088900000, 0x0000000088800000| Untracked 
| 137|0x0000000088900000, 0x0000000088a00000, 0x0000000088a00000|100%| O|  |TAMS 0x0000000088a00000, 0x0000000088900000| Untracked 
| 138|0x0000000088a00000, 0x0000000088b00000, 0x0000000088b00000|100%| O|  |TAMS 0x0000000088b00000, 0x0000000088a00000| Untracked 
| 139|0x0000000088b00000, 0x0000000088c00000, 0x0000000088c00000|100%| O|  |TAMS 0x0000000088c00000, 0x0000000088b00000| Untracked 
| 140|0x0000000088c00000, 0x0000000088d00000, 0x0000000088d00000|100%| O|  |TAMS 0x0000000088d00000, 0x0000000088c00000| Untracked 
| 141|0x0000000088d00000, 0x0000000088e00000, 0x0000000088e00000|100%| O|  |TAMS 0x0000000088e00000, 0x0000000088d00000| Untracked 
| 142|0x0000000088e00000, 0x0000000088f00000, 0x0000000088f00000|100%| O|  |TAMS 0x0000000088f00000, 0x0000000088e00000| Untracked 
| 143|0x0000000088f00000, 0x0000000089000000, 0x0000000089000000|100%| O|  |TAMS 0x0000000088fd1200, 0x0000000088f00000| Untracked 
| 144|0x0000000089000000, 0x0000000089100000, 0x0000000089100000|100%|HS|  |TAMS 0x0000000089100000, 0x0000000089000000| Complete 
| 145|0x0000000089100000, 0x0000000089200000, 0x0000000089200000|100%|HC|  |TAMS 0x0000000089200000, 0x0000000089100000| Complete 
| 146|0x0000000089200000, 0x0000000089300000, 0x0000000089300000|100%|HC|  |TAMS 0x0000000089300000, 0x0000000089200000| Complete 
| 147|0x0000000089300000, 0x0000000089400000, 0x0000000089400000|100%|HC|  |TAMS 0x0000000089400000, 0x0000000089300000| Complete 
| 148|0x0000000089400000, 0x0000000089500000, 0x0000000089500000|100%|HC|  |TAMS 0x0000000089500000, 0x0000000089400000| Complete 
| 149|0x0000000089500000, 0x0000000089600000, 0x0000000089600000|100%|HC|  |TAMS 0x0000000089600000, 0x0000000089500000| Complete 
| 150|0x0000000089600000, 0x0000000089700000, 0x0000000089700000|100%| O|  |TAMS 0x0000000089600000, 0x0000000089600000| Untracked 
| 151|0x0000000089700000, 0x0000000089800000, 0x0000000089800000|100%| O|  |TAMS 0x0000000089700000, 0x0000000089700000| Untracked 
| 152|0x0000000089800000, 0x0000000089900000, 0x0000000089900000|100%| O|  |TAMS 0x0000000089800000, 0x0000000089800000| Untracked 
| 153|0x0000000089900000, 0x0000000089a00000, 0x0000000089a00000|100%| O|  |TAMS 0x0000000089900000, 0x0000000089900000| Untracked 
| 154|0x0000000089a00000, 0x0000000089b00000, 0x0000000089b00000|100%| O|  |TAMS 0x0000000089b00000, 0x0000000089a00000| Untracked 
| 155|0x0000000089b00000, 0x0000000089c00000, 0x0000000089c00000|100%| O|  |TAMS 0x0000000089c00000, 0x0000000089b00000| Untracked 
| 156|0x0000000089c00000, 0x0000000089d00000, 0x0000000089d00000|100%| O|  |TAMS 0x0000000089d00000, 0x0000000089c00000| Untracked 
| 157|0x0000000089d00000, 0x0000000089e00000, 0x0000000089e00000|100%|HS|  |TAMS 0x0000000089d00000, 0x0000000089d00000| Complete 
| 158|0x0000000089e00000, 0x0000000089e00000, 0x0000000089f00000|  0%| F|  |TAMS 0x0000000089e00000, 0x0000000089e00000| Untracked 
| 159|0x0000000089f00000, 0x000000008a000000, 0x000000008a000000|100%| O|  |TAMS 0x0000000089f00000, 0x0000000089f00000| Untracked 
| 160|0x000000008a000000, 0x000000008a100000, 0x000000008a100000|100%| O|  |TAMS 0x000000008a000000, 0x000000008a000000| Untracked 
| 161|0x000000008a100000, 0x000000008a200000, 0x000000008a200000|100%| O|  |TAMS 0x000000008a100000, 0x000000008a100000| Untracked 
| 162|0x000000008a200000, 0x000000008a300000, 0x000000008a300000|100%| O|  |TAMS 0x000000008a200000, 0x000000008a200000| Untracked 
| 163|0x000000008a300000, 0x000000008a400000, 0x000000008a400000|100%| O|  |TAMS 0x000000008a300000, 0x000000008a300000| Untracked 
| 164|0x000000008a400000, 0x000000008a500000, 0x000000008a500000|100%| O|  |TAMS 0x000000008a400000, 0x000000008a400000| Untracked 
| 165|0x000000008a500000, 0x000000008a600000, 0x000000008a600000|100%| O|  |TAMS 0x000000008a500000, 0x000000008a500000| Untracked 
| 166|0x000000008a600000, 0x000000008a700000, 0x000000008a700000|100%| O|  |TAMS 0x000000008a600000, 0x000000008a600000| Untracked 
| 167|0x000000008a700000, 0x000000008a800000, 0x000000008a800000|100%| O|  |TAMS 0x000000008a700000, 0x000000008a700000| Untracked 
| 168|0x000000008a800000, 0x000000008a900000, 0x000000008a900000|100%| O|  |TAMS 0x000000008a800000, 0x000000008a800000| Untracked 
| 169|0x000000008a900000, 0x000000008a900000, 0x000000008aa00000|  0%| F|  |TAMS 0x000000008a900000, 0x000000008a900000| Untracked 
| 170|0x000000008aa00000, 0x000000008ab00000, 0x000000008ab00000|100%| O|  |TAMS 0x000000008aa00000, 0x000000008aa00000| Untracked 
| 171|0x000000008ab00000, 0x000000008ac00000, 0x000000008ac00000|100%| O|  |TAMS 0x000000008ab00000, 0x000000008ab00000| Untracked 
| 172|0x000000008ac00000, 0x000000008ad00000, 0x000000008ad00000|100%| O|  |TAMS 0x000000008ac00000, 0x000000008ac00000| Untracked 
| 173|0x000000008ad00000, 0x000000008ae00000, 0x000000008ae00000|100%| O|  |TAMS 0x000000008ad00000, 0x000000008ad00000| Untracked 
| 174|0x000000008ae00000, 0x000000008af00000, 0x000000008af00000|100%| O|  |TAMS 0x000000008ae00000, 0x000000008ae00000| Untracked 
| 175|0x000000008af00000, 0x000000008af94800, 0x000000008b000000| 58%| O|  |TAMS 0x000000008af00000, 0x000000008af00000| Untracked 
| 176|0x000000008b000000, 0x000000008b100000, 0x000000008b100000|100%|HS|  |TAMS 0x000000008b000000, 0x000000008b000000| Complete 
| 177|0x000000008b100000, 0x000000008b200000, 0x000000008b200000|100%|HC|  |TAMS 0x000000008b100000, 0x000000008b100000| Complete 
| 178|0x000000008b200000, 0x000000008b300000, 0x000000008b300000|100%|HC|  |TAMS 0x000000008b200000, 0x000000008b200000| Complete 
| 179|0x000000008b300000, 0x000000008b400000, 0x000000008b400000|100%|HC|  |TAMS 0x000000008b300000, 0x000000008b300000| Complete 
| 180|0x000000008b400000, 0x000000008b500000, 0x000000008b500000|100%|HC|  |TAMS 0x000000008b400000, 0x000000008b400000| Complete 
| 181|0x000000008b500000, 0x000000008b600000, 0x000000008b600000|100%|HS|  |TAMS 0x000000008b500000, 0x000000008b500000| Complete 
| 182|0x000000008b600000, 0x000000008b700000, 0x000000008b700000|100%|HC|  |TAMS 0x000000008b600000, 0x000000008b600000| Complete 
| 183|0x000000008b700000, 0x000000008b800000, 0x000000008b800000|100%|HC|  |TAMS 0x000000008b700000, 0x000000008b700000| Complete 
| 184|0x000000008b800000, 0x000000008b900000, 0x000000008b900000|100%|HC|  |TAMS 0x000000008b800000, 0x000000008b800000| Complete 
| 185|0x000000008b900000, 0x000000008ba00000, 0x000000008ba00000|100%|HC|  |TAMS 0x000000008b900000, 0x000000008b900000| Complete 
| 186|0x000000008ba00000, 0x000000008ba00000, 0x000000008bb00000|  0%| F|  |TAMS 0x000000008ba00000, 0x000000008ba00000| Untracked 
| 187|0x000000008bb00000, 0x000000008bb00000, 0x000000008bc00000|  0%| F|  |TAMS 0x000000008bb00000, 0x000000008bb00000| Untracked 
| 188|0x000000008bc00000, 0x000000008bc00000, 0x000000008bd00000|  0%| F|  |TAMS 0x000000008bc00000, 0x000000008bc00000| Untracked 
| 189|0x000000008bd00000, 0x000000008bd00000, 0x000000008be00000|  0%| F|  |TAMS 0x000000008bd00000, 0x000000008bd00000| Untracked 
| 190|0x000000008be00000, 0x000000008be00000, 0x000000008bf00000|  0%| F|  |TAMS 0x000000008be00000, 0x000000008be00000| Untracked 
| 191|0x000000008bf00000, 0x000000008bf00000, 0x000000008c000000|  0%| F|  |TAMS 0x000000008bf00000, 0x000000008bf00000| Untracked 
| 192|0x000000008c000000, 0x000000008c000000, 0x000000008c100000|  0%| F|  |TAMS 0x000000008c000000, 0x000000008c000000| Untracked 
| 193|0x000000008c100000, 0x000000008c100000, 0x000000008c200000|  0%| F|  |TAMS 0x000000008c100000, 0x000000008c100000| Untracked 
| 194|0x000000008c200000, 0x000000008c200000, 0x000000008c300000|  0%| F|  |TAMS 0x000000008c200000, 0x000000008c200000| Untracked 
| 195|0x000000008c300000, 0x000000008c300000, 0x000000008c400000|  0%| F|  |TAMS 0x000000008c300000, 0x000000008c300000| Untracked 
| 196|0x000000008c400000, 0x000000008c400000, 0x000000008c500000|  0%| F|  |TAMS 0x000000008c400000, 0x000000008c400000| Untracked 
| 197|0x000000008c500000, 0x000000008c500000, 0x000000008c600000|  0%| F|  |TAMS 0x000000008c500000, 0x000000008c500000| Untracked 
| 198|0x000000008c600000, 0x000000008c600000, 0x000000008c700000|  0%| F|  |TAMS 0x000000008c600000, 0x000000008c600000| Untracked 
| 199|0x000000008c700000, 0x000000008c700000, 0x000000008c800000|  0%| F|  |TAMS 0x000000008c700000, 0x000000008c700000| Untracked 
| 200|0x000000008c800000, 0x000000008c800000, 0x000000008c900000|  0%| F|  |TAMS 0x000000008c800000, 0x000000008c800000| Untracked 
| 201|0x000000008c900000, 0x000000008c900000, 0x000000008ca00000|  0%| F|  |TAMS 0x000000008c900000, 0x000000008c900000| Untracked 
| 202|0x000000008ca00000, 0x000000008ca00000, 0x000000008cb00000|  0%| F|  |TAMS 0x000000008ca00000, 0x000000008ca00000| Untracked 
| 203|0x000000008cb00000, 0x000000008cb00000, 0x000000008cc00000|  0%| F|  |TAMS 0x000000008cb00000, 0x000000008cb00000| Untracked 
| 204|0x000000008cc00000, 0x000000008cc00000, 0x000000008cd00000|  0%| F|  |TAMS 0x000000008cc00000, 0x000000008cc00000| Untracked 
| 205|0x000000008cd00000, 0x000000008cd00000, 0x000000008ce00000|  0%| F|  |TAMS 0x000000008cd00000, 0x000000008cd00000| Untracked 
| 206|0x000000008ce00000, 0x000000008ce00000, 0x000000008cf00000|  0%| F|  |TAMS 0x000000008ce00000, 0x000000008ce00000| Untracked 
| 207|0x000000008cf00000, 0x000000008cf00000, 0x000000008d000000|  0%| F|  |TAMS 0x000000008cf00000, 0x000000008cf00000| Untracked 
| 208|0x000000008d000000, 0x000000008d000000, 0x000000008d100000|  0%| F|  |TAMS 0x000000008d000000, 0x000000008d000000| Untracked 
| 209|0x000000008d100000, 0x000000008d100000, 0x000000008d200000|  0%| F|  |TAMS 0x000000008d100000, 0x000000008d100000| Untracked 
| 210|0x000000008d200000, 0x000000008d200000, 0x000000008d300000|  0%| F|  |TAMS 0x000000008d200000, 0x000000008d200000| Untracked 
| 211|0x000000008d300000, 0x000000008d300000, 0x000000008d400000|  0%| F|  |TAMS 0x000000008d300000, 0x000000008d300000| Untracked 
| 212|0x000000008d400000, 0x000000008d400000, 0x000000008d500000|  0%| F|  |TAMS 0x000000008d400000, 0x000000008d400000| Untracked 
| 213|0x000000008d500000, 0x000000008d500000, 0x000000008d600000|  0%| F|  |TAMS 0x000000008d500000, 0x000000008d500000| Untracked 
| 214|0x000000008d600000, 0x000000008d600000, 0x000000008d700000|  0%| F|  |TAMS 0x000000008d600000, 0x000000008d600000| Untracked 
| 215|0x000000008d700000, 0x000000008d700000, 0x000000008d800000|  0%| F|  |TAMS 0x000000008d700000, 0x000000008d700000| Untracked 
| 216|0x000000008d800000, 0x000000008d800000, 0x000000008d900000|  0%| F|  |TAMS 0x000000008d800000, 0x000000008d800000| Untracked 
| 217|0x000000008d900000, 0x000000008d900000, 0x000000008da00000|  0%| F|  |TAMS 0x000000008d900000, 0x000000008d900000| Untracked 
| 218|0x000000008da00000, 0x000000008da00000, 0x000000008db00000|  0%| F|  |TAMS 0x000000008da00000, 0x000000008da00000| Untracked 
| 219|0x000000008db00000, 0x000000008db50988, 0x000000008dc00000| 31%| S|CS|TAMS 0x000000008db00000, 0x000000008db00000| Complete 
| 220|0x000000008dc00000, 0x000000008dd00000, 0x000000008dd00000|100%| S|CS|TAMS 0x000000008dc00000, 0x000000008dc00000| Complete 
| 221|0x000000008dd00000, 0x000000008de00000, 0x000000008de00000|100%| S|CS|TAMS 0x000000008dd00000, 0x000000008dd00000| Complete 
| 222|0x000000008de00000, 0x000000008df00000, 0x000000008df00000|100%| S|CS|TAMS 0x000000008de00000, 0x000000008de00000| Complete 
| 223|0x000000008df00000, 0x000000008df00000, 0x000000008e000000|  0%| F|  |TAMS 0x000000008df00000, 0x000000008df00000| Untracked 
| 224|0x000000008e000000, 0x000000008e000000, 0x000000008e100000|  0%| F|  |TAMS 0x000000008e000000, 0x000000008e000000| Untracked 
| 225|0x000000008e100000, 0x000000008e100000, 0x000000008e200000|  0%| F|  |TAMS 0x000000008e100000, 0x000000008e100000| Untracked 
| 226|0x000000008e200000, 0x000000008e200000, 0x000000008e300000|  0%| F|  |TAMS 0x000000008e200000, 0x000000008e200000| Untracked 
| 227|0x000000008e300000, 0x000000008e300000, 0x000000008e400000|  0%| F|  |TAMS 0x000000008e300000, 0x000000008e300000| Untracked 
| 228|0x000000008e400000, 0x000000008e400000, 0x000000008e500000|  0%| F|  |TAMS 0x000000008e400000, 0x000000008e400000| Untracked 
| 229|0x000000008e500000, 0x000000008e500000, 0x000000008e600000|  0%| F|  |TAMS 0x000000008e500000, 0x000000008e500000| Untracked 
| 230|0x000000008e600000, 0x000000008e700000, 0x000000008e700000|100%| S|CS|TAMS 0x000000008e600000, 0x000000008e600000| Complete 
| 231|0x000000008e700000, 0x000000008e800000, 0x000000008e800000|100%| S|CS|TAMS 0x000000008e700000, 0x000000008e700000| Complete 
| 232|0x000000008e800000, 0x000000008e800000, 0x000000008e900000|  0%| F|  |TAMS 0x000000008e800000, 0x000000008e800000| Untracked 
| 233|0x000000008e900000, 0x000000008e900000, 0x000000008ea00000|  0%| F|  |TAMS 0x000000008e900000, 0x000000008e900000| Untracked 
| 234|0x000000008ea00000, 0x000000008ea00000, 0x000000008eb00000|  0%| F|  |TAMS 0x000000008ea00000, 0x000000008ea00000| Untracked 
| 235|0x000000008eb00000, 0x000000008eb00000, 0x000000008ec00000|  0%| F|  |TAMS 0x000000008eb00000, 0x000000008eb00000| Untracked 
| 236|0x000000008ec00000, 0x000000008ec00000, 0x000000008ed00000|  0%| F|  |TAMS 0x000000008ec00000, 0x000000008ec00000| Untracked 
| 237|0x000000008ed00000, 0x000000008ed00000, 0x000000008ee00000|  0%| F|  |TAMS 0x000000008ed00000, 0x000000008ed00000| Untracked 
| 238|0x000000008ee00000, 0x000000008ee00000, 0x000000008ef00000|  0%| F|  |TAMS 0x000000008ee00000, 0x000000008ee00000| Untracked 
| 239|0x000000008ef00000, 0x000000008ef00000, 0x000000008f000000|  0%| F|  |TAMS 0x000000008ef00000, 0x000000008ef00000| Untracked 
| 240|0x000000008f000000, 0x000000008f000000, 0x000000008f100000|  0%| F|  |TAMS 0x000000008f000000, 0x000000008f000000| Untracked 
| 241|0x000000008f100000, 0x000000008f100000, 0x000000008f200000|  0%| F|  |TAMS 0x000000008f100000, 0x000000008f100000| Untracked 
| 242|0x000000008f200000, 0x000000008f200000, 0x000000008f300000|  0%| F|  |TAMS 0x000000008f200000, 0x000000008f200000| Untracked 
| 243|0x000000008f300000, 0x000000008f300000, 0x000000008f400000|  0%| F|  |TAMS 0x000000008f300000, 0x000000008f300000| Untracked 
| 244|0x000000008f400000, 0x000000008f400000, 0x000000008f500000|  0%| F|  |TAMS 0x000000008f400000, 0x000000008f400000| Untracked 
| 245|0x000000008f500000, 0x000000008f500000, 0x000000008f600000|  0%| F|  |TAMS 0x000000008f500000, 0x000000008f500000| Untracked 
| 246|0x000000008f600000, 0x000000008f600000, 0x000000008f700000|  0%| F|  |TAMS 0x000000008f600000, 0x000000008f600000| Untracked 
| 247|0x000000008f700000, 0x000000008f700000, 0x000000008f800000|  0%| F|  |TAMS 0x000000008f700000, 0x000000008f700000| Untracked 
| 248|0x000000008f800000, 0x000000008f800000, 0x000000008f900000|  0%| F|  |TAMS 0x000000008f800000, 0x000000008f800000| Untracked 
| 249|0x000000008f900000, 0x000000008f900000, 0x000000008fa00000|  0%| F|  |TAMS 0x000000008f900000, 0x000000008f900000| Untracked 
| 250|0x000000008fa00000, 0x000000008fa00000, 0x000000008fb00000|  0%| F|  |TAMS 0x000000008fa00000, 0x000000008fa00000| Untracked 
| 251|0x000000008fb00000, 0x000000008fb00000, 0x000000008fc00000|  0%| F|  |TAMS 0x000000008fb00000, 0x000000008fb00000| Untracked 
| 252|0x000000008fc00000, 0x000000008fc00000, 0x000000008fd00000|  0%| F|  |TAMS 0x000000008fc00000, 0x000000008fc00000| Untracked 
| 253|0x000000008fd00000, 0x000000008fd00000, 0x000000008fe00000|  0%| F|  |TAMS 0x000000008fd00000, 0x000000008fd00000| Untracked 
| 254|0x000000008fe00000, 0x000000008fe00000, 0x000000008ff00000|  0%| F|  |TAMS 0x000000008fe00000, 0x000000008fe00000| Untracked 
| 255|0x000000008ff00000, 0x000000008ff00000, 0x0000000090000000|  0%| F|  |TAMS 0x000000008ff00000, 0x000000008ff00000| Untracked 
| 256|0x0000000090000000, 0x0000000090000000, 0x0000000090100000|  0%| F|  |TAMS 0x0000000090000000, 0x0000000090000000| Untracked 
| 257|0x0000000090100000, 0x0000000090100000, 0x0000000090200000|  0%| F|  |TAMS 0x0000000090100000, 0x0000000090100000| Untracked 
| 258|0x0000000090200000, 0x0000000090200000, 0x0000000090300000|  0%| F|  |TAMS 0x0000000090200000, 0x0000000090200000| Untracked 
| 259|0x0000000090300000, 0x0000000090300000, 0x0000000090400000|  0%| F|  |TAMS 0x0000000090300000, 0x0000000090300000| Untracked 
| 260|0x0000000090400000, 0x0000000090400000, 0x0000000090500000|  0%| F|  |TAMS 0x0000000090400000, 0x0000000090400000| Untracked 
| 261|0x0000000090500000, 0x0000000090500000, 0x0000000090600000|  0%| F|  |TAMS 0x0000000090500000, 0x0000000090500000| Untracked 
| 262|0x0000000090600000, 0x0000000090600000, 0x0000000090700000|  0%| F|  |TAMS 0x0000000090600000, 0x0000000090600000| Untracked 
| 263|0x0000000090700000, 0x0000000090700000, 0x0000000090800000|  0%| F|  |TAMS 0x0000000090700000, 0x0000000090700000| Untracked 
| 264|0x0000000090800000, 0x0000000090800000, 0x0000000090900000|  0%| F|  |TAMS 0x0000000090800000, 0x0000000090800000| Untracked 
| 265|0x0000000090900000, 0x0000000090900000, 0x0000000090a00000|  0%| F|  |TAMS 0x0000000090900000, 0x0000000090900000| Untracked 
| 266|0x0000000090a00000, 0x0000000090a00000, 0x0000000090b00000|  0%| F|  |TAMS 0x0000000090a00000, 0x0000000090a00000| Untracked 
| 267|0x0000000090b00000, 0x0000000090b00000, 0x0000000090c00000|  0%| F|  |TAMS 0x0000000090b00000, 0x0000000090b00000| Untracked 
| 268|0x0000000090c00000, 0x0000000090c00000, 0x0000000090d00000|  0%| F|  |TAMS 0x0000000090c00000, 0x0000000090c00000| Untracked 
| 269|0x0000000090d00000, 0x0000000090d00000, 0x0000000090e00000|  0%| F|  |TAMS 0x0000000090d00000, 0x0000000090d00000| Untracked 
| 270|0x0000000090e00000, 0x0000000090e00000, 0x0000000090f00000|  0%| F|  |TAMS 0x0000000090e00000, 0x0000000090e00000| Untracked 
| 271|0x0000000090f00000, 0x0000000090f00000, 0x0000000091000000|  0%| F|  |TAMS 0x0000000090f00000, 0x0000000090f00000| Untracked 
| 272|0x0000000091000000, 0x0000000091000000, 0x0000000091100000|  0%| F|  |TAMS 0x0000000091000000, 0x0000000091000000| Untracked 
| 273|0x0000000091100000, 0x0000000091100000, 0x0000000091200000|  0%| F|  |TAMS 0x0000000091100000, 0x0000000091100000| Untracked 
| 274|0x0000000091200000, 0x0000000091200000, 0x0000000091300000|  0%| F|  |TAMS 0x0000000091200000, 0x0000000091200000| Untracked 
| 275|0x0000000091300000, 0x0000000091300000, 0x0000000091400000|  0%| F|  |TAMS 0x0000000091300000, 0x0000000091300000| Untracked 
| 276|0x0000000091400000, 0x0000000091400000, 0x0000000091500000|  0%| F|  |TAMS 0x0000000091400000, 0x0000000091400000| Untracked 
| 277|0x0000000091500000, 0x0000000091500000, 0x0000000091600000|  0%| F|  |TAMS 0x0000000091500000, 0x0000000091500000| Untracked 
| 278|0x0000000091600000, 0x0000000091600000, 0x0000000091700000|  0%| F|  |TAMS 0x0000000091600000, 0x0000000091600000| Untracked 
| 279|0x0000000091700000, 0x0000000091700000, 0x0000000091800000|  0%| F|  |TAMS 0x0000000091700000, 0x0000000091700000| Untracked 
| 280|0x0000000091800000, 0x0000000091800000, 0x0000000091900000|  0%| F|  |TAMS 0x0000000091800000, 0x0000000091800000| Untracked 
| 281|0x0000000091900000, 0x0000000091900000, 0x0000000091a00000|  0%| F|  |TAMS 0x0000000091900000, 0x0000000091900000| Untracked 
| 282|0x0000000091a00000, 0x0000000091a00000, 0x0000000091b00000|  0%| F|  |TAMS 0x0000000091a00000, 0x0000000091a00000| Untracked 
| 283|0x0000000091b00000, 0x0000000091b00000, 0x0000000091c00000|  0%| F|  |TAMS 0x0000000091b00000, 0x0000000091b00000| Untracked 
| 284|0x0000000091c00000, 0x0000000091c00000, 0x0000000091d00000|  0%| F|  |TAMS 0x0000000091c00000, 0x0000000091c00000| Untracked 
| 285|0x0000000091d00000, 0x0000000091d00000, 0x0000000091e00000|  0%| F|  |TAMS 0x0000000091d00000, 0x0000000091d00000| Untracked 
| 286|0x0000000091e00000, 0x0000000091e00000, 0x0000000091f00000|  0%| F|  |TAMS 0x0000000091e00000, 0x0000000091e00000| Untracked 
| 287|0x0000000091f00000, 0x0000000091f00000, 0x0000000092000000|  0%| F|  |TAMS 0x0000000091f00000, 0x0000000091f00000| Untracked 
| 288|0x0000000092000000, 0x0000000092000000, 0x0000000092100000|  0%| F|  |TAMS 0x0000000092000000, 0x0000000092000000| Untracked 
| 289|0x0000000092100000, 0x0000000092168750, 0x0000000092200000| 40%| E|  |TAMS 0x0000000092100000, 0x0000000092100000| Complete 
| 290|0x0000000092200000, 0x0000000092300000, 0x0000000092300000|100%| E|CS|TAMS 0x0000000092200000, 0x0000000092200000| Complete 
| 291|0x0000000092300000, 0x0000000092400000, 0x0000000092400000|100%| E|CS|TAMS 0x0000000092300000, 0x0000000092300000| Complete 
| 292|0x0000000092400000, 0x0000000092500000, 0x0000000092500000|100%| E|CS|TAMS 0x0000000092400000, 0x0000000092400000| Complete 
| 293|0x0000000092500000, 0x0000000092600000, 0x0000000092600000|100%| E|  |TAMS 0x0000000092500000, 0x0000000092500000| Complete 
| 294|0x0000000092600000, 0x0000000092700000, 0x0000000092700000|100%| E|CS|TAMS 0x0000000092600000, 0x0000000092600000| Complete 
| 295|0x0000000092700000, 0x0000000092800000, 0x0000000092800000|100%| E|CS|TAMS 0x0000000092700000, 0x0000000092700000| Complete 
| 296|0x0000000092800000, 0x0000000092900000, 0x0000000092900000|100%| E|CS|TAMS 0x0000000092800000, 0x0000000092800000| Complete 
| 297|0x0000000092900000, 0x0000000092a00000, 0x0000000092a00000|100%| E|CS|TAMS 0x0000000092900000, 0x0000000092900000| Complete 
| 298|0x0000000092a00000, 0x0000000092b00000, 0x0000000092b00000|100%| E|CS|TAMS 0x0000000092a00000, 0x0000000092a00000| Complete 
| 299|0x0000000092b00000, 0x0000000092c00000, 0x0000000092c00000|100%| E|CS|TAMS 0x0000000092b00000, 0x0000000092b00000| Complete 
| 300|0x0000000092c00000, 0x0000000092d00000, 0x0000000092d00000|100%| E|CS|TAMS 0x0000000092c00000, 0x0000000092c00000| Complete 
| 301|0x0000000092d00000, 0x0000000092e00000, 0x0000000092e00000|100%| E|CS|TAMS 0x0000000092d00000, 0x0000000092d00000| Complete 
| 302|0x0000000092e00000, 0x0000000092f00000, 0x0000000092f00000|100%| E|CS|TAMS 0x0000000092e00000, 0x0000000092e00000| Complete 
| 303|0x0000000092f00000, 0x0000000093000000, 0x0000000093000000|100%| E|CS|TAMS 0x0000000092f00000, 0x0000000092f00000| Complete 
| 304|0x0000000093000000, 0x0000000093100000, 0x0000000093100000|100%| E|CS|TAMS 0x0000000093000000, 0x0000000093000000| Complete 
| 305|0x0000000093100000, 0x0000000093200000, 0x0000000093200000|100%| E|CS|TAMS 0x0000000093100000, 0x0000000093100000| Complete 
| 306|0x0000000093200000, 0x0000000093300000, 0x0000000093300000|100%| E|CS|TAMS 0x0000000093200000, 0x0000000093200000| Complete 
| 307|0x0000000093300000, 0x0000000093400000, 0x0000000093400000|100%| E|CS|TAMS 0x0000000093300000, 0x0000000093300000| Complete 
| 308|0x0000000093400000, 0x0000000093500000, 0x0000000093500000|100%| E|CS|TAMS 0x0000000093400000, 0x0000000093400000| Complete 
| 309|0x0000000093500000, 0x0000000093600000, 0x0000000093600000|100%| E|CS|TAMS 0x0000000093500000, 0x0000000093500000| Complete 
| 310|0x0000000093600000, 0x0000000093700000, 0x0000000093700000|100%| E|CS|TAMS 0x0000000093600000, 0x0000000093600000| Complete 
| 311|0x0000000093700000, 0x0000000093800000, 0x0000000093800000|100%| E|CS|TAMS 0x0000000093700000, 0x0000000093700000| Complete 
| 312|0x0000000093800000, 0x0000000093900000, 0x0000000093900000|100%| E|CS|TAMS 0x0000000093800000, 0x0000000093800000| Complete 
| 313|0x0000000093900000, 0x0000000093a00000, 0x0000000093a00000|100%| E|CS|TAMS 0x0000000093900000, 0x0000000093900000| Complete 
| 314|0x0000000093a00000, 0x0000000093b00000, 0x0000000093b00000|100%| E|CS|TAMS 0x0000000093a00000, 0x0000000093a00000| Complete 
| 315|0x0000000093b00000, 0x0000000093c00000, 0x0000000093c00000|100%| E|CS|TAMS 0x0000000093b00000, 0x0000000093b00000| Complete 
| 316|0x0000000093c00000, 0x0000000093d00000, 0x0000000093d00000|100%| E|CS|TAMS 0x0000000093c00000, 0x0000000093c00000| Complete 
| 317|0x0000000093d00000, 0x0000000093e00000, 0x0000000093e00000|100%| E|CS|TAMS 0x0000000093d00000, 0x0000000093d00000| Complete 
| 318|0x0000000093e00000, 0x0000000093f00000, 0x0000000093f00000|100%| E|CS|TAMS 0x0000000093e00000, 0x0000000093e00000| Complete 
| 319|0x0000000093f00000, 0x0000000094000000, 0x0000000094000000|100%| E|CS|TAMS 0x0000000093f00000, 0x0000000093f00000| Complete 
| 320|0x0000000094000000, 0x0000000094100000, 0x0000000094100000|100%| E|CS|TAMS 0x0000000094000000, 0x0000000094000000| Complete 
| 321|0x0000000094100000, 0x0000000094200000, 0x0000000094200000|100%| E|CS|TAMS 0x0000000094100000, 0x0000000094100000| Complete 
| 322|0x0000000094200000, 0x0000000094300000, 0x0000000094300000|100%| E|CS|TAMS 0x0000000094200000, 0x0000000094200000| Complete 
| 323|0x0000000094300000, 0x0000000094400000, 0x0000000094400000|100%| E|CS|TAMS 0x0000000094300000, 0x0000000094300000| Complete 
| 324|0x0000000094400000, 0x0000000094500000, 0x0000000094500000|100%| E|CS|TAMS 0x0000000094400000, 0x0000000094400000| Complete 
| 325|0x0000000094500000, 0x0000000094600000, 0x0000000094600000|100%| E|CS|TAMS 0x0000000094500000, 0x0000000094500000| Complete 
| 326|0x0000000094600000, 0x0000000094700000, 0x0000000094700000|100%| E|CS|TAMS 0x0000000094600000, 0x0000000094600000| Complete 
| 327|0x0000000094700000, 0x0000000094800000, 0x0000000094800000|100%| E|CS|TAMS 0x0000000094700000, 0x0000000094700000| Complete 

Card table byte_map: [0x000002c0c50a0000,0x000002c0c54a0000] _byte_map_base: 0x000002c0c4ca0000

Marking Bits (Prev, Next): (CMBitMap*) 0x000002c0b21ddb60, (CMBitMap*) 0x000002c0b21ddb28
 Prev Bits: [0x000002c0c78a0000, 0x000002c0c98a0000)
 Next Bits: [0x000002c0c58a0000, 0x000002c0c78a0000)

Polling page: 0x000002c0b00e0000

Metaspace:

Usage:
  Non-class:     90.47 MB capacity,    88.74 MB ( 98%) used,     1.37 MB (  2%) free+waste,   364.88 KB ( <1%) overhead. 
      Class:     14.45 MB capacity,    13.31 MB ( 92%) used,  1005.11 KB (  7%) free+waste,   167.56 KB (  1%) overhead. 
       Both:    104.92 MB capacity,   102.05 MB ( 97%) used,     2.35 MB (  2%) free+waste,   532.44 KB ( <1%) overhead. 

Virtual space:
  Non-class space:       92.00 MB reserved,      90.59 MB ( 98%) committed 
      Class space:        1.00 GB reserved,      14.57 MB (  1%) committed 
             Both:        1.09 GB reserved,     105.16 MB (  9%) committed 

Chunk freelists:
   Non-Class:  0 bytes
       Class:  16.00 KB
        Both:  16.00 KB

MaxMetaspaceSize: 17179869184.00 GB
CompressedClassSpaceSize: 1.00 GB

CodeHeap 'non-profiled nmethods': size=120064Kb used=9796Kb max_used=9796Kb free=110267Kb
 bounds [0x000002c0bd760000, 0x000002c0be100000, 0x000002c0c4ca0000]
CodeHeap 'profiled nmethods': size=120000Kb used=33665Kb max_used=33665Kb free=86334Kb
 bounds [0x000002c0b6230000, 0x000002c0b8320000, 0x000002c0bd760000]
CodeHeap 'non-nmethods': size=5696Kb used=2333Kb max_used=2382Kb free=3363Kb
 bounds [0x000002c0b5ca0000, 0x000002c0b5f10000, 0x000002c0b6230000]
 total_blobs=16171 nmethods=15225 adapters=857
 compilation: enabled
              stopped_count=0, restarted_count=0
 full_count=0

Compilation events (20 events):
Event: 59.641 Thread 0x000002c0cbdc0000 15487       1       com.android.apksig.DefaultApkSignerEngine$GetJarEntryDataDigestRequest::getEntryName (5 bytes)
Event: 59.641 Thread 0x000002c0cbdc0000 nmethod 15487 0x000002c0be0f0e10 code [0x000002c0be0f0fc0, 0x000002c0be0f1078]
Event: 59.642 Thread 0x000002c0cbdc0000 15488       3       sun.security.jca.GetInstance::getInstance (28 bytes)
Event: 59.642 Thread 0x000002c0cbdc0000 nmethod 15488 0x000002c0b82f2c90 code [0x000002c0b82f2e80, 0x000002c0b82f3298]
Event: 59.642 Thread 0x000002c0cbdc0000 15489       3       sun.security.jca.GetInstance::checkSuperClass (68 bytes)
Event: 59.644 Thread 0x000002c0cbdc0000 nmethod 15489 0x000002c0b82f3410 code [0x000002c0b82f36e0, 0x000002c0b82f42a8]
Event: 59.644 Thread 0x000002c0cbdc0000 15491       3       sun.security.jca.ProviderList::getService (120 bytes)
Event: 59.645 Thread 0x000002c0cbdc0000 nmethod 15491 0x000002c0b82f4710 code [0x000002c0b82f49c0, 0x000002c0b82f57c8]
Event: 59.645 Thread 0x000002c0cbdc0000 15490       3       sun.security.jca.GetInstance$Instance::<init> (15 bytes)
Event: 59.646 Thread 0x000002c0cbdc0000 nmethod 15490 0x000002c0b82f5d90 code [0x000002c0b82f5f40, 0x000002c0b82f6158]
Event: 59.646 Thread 0x000002c0cbdc0000 15492       3       sun.security.provider.DigestBase::<init> (27 bytes)
Event: 59.646 Thread 0x000002c0cbdc0000 nmethod 15492 0x000002c0b82f6210 code [0x000002c0b82f63e0, 0x000002c0b82f66f8]
Event: 59.646 Thread 0x000002c0cbdc0000 15493       3       sun.security.provider.SHA2::implDigest (98 bytes)
Event: 59.647 Thread 0x000002c0cbdc0000 nmethod 15493 0x000002c0b82f6810 code [0x000002c0b82f6a40, 0x000002c0b82f7048]
Event: 59.647 Thread 0x000002c0cbdc0000 15494       3       sun.security.provider.SHA2::resetHashes (19 bytes)
Event: 59.647 Thread 0x000002c0cbdc0000 nmethod 15494 0x000002c0b82f7290 code [0x000002c0b82f7440, 0x000002c0b82f75e8]
Event: 59.648 Thread 0x000002c0cbdc0000 15495       3       com.android.apksig.DefaultApkSignerEngine::invalidateV2Signature (18 bytes)
Event: 59.648 Thread 0x000002c0cbdc0000 nmethod 15495 0x000002c0b82f7690 code [0x000002c0b82f7840, 0x000002c0b82f79b8]
Event: 59.670 Thread 0x000002c0cbdc0000 15496   !   3       com.android.apksig.DefaultApkSignerEngine$GetJarEntryDataDigestRequest::getMessageDigest (72 bytes)
Event: 59.671 Thread 0x000002c0cbdc0000 nmethod 15496 0x000002c0b82f7a90 code [0x000002c0b82f7d20, 0x000002c0b82f8828]

GC Heap History (20 events):
Event: 51.506 GC heap before
{Heap before GC invocations=40 (full 0):
 garbage-first heap   total 232448K, used 144767K [0x0000000080000000, 0x0000000100000000)
  region size 1024K, 11 young (11264K), 5 survivors (5120K)
 Metaspace       used 95364K, capacity 97820K, committed 97832K, reserved 1134592K
  class space    used 12565K, capacity 13506K, committed 13516K, reserved 1048576K
}
Event: 51.530 GC heap after
{Heap after GC invocations=41 (full 0):
 garbage-first heap   total 232448K, used 139694K [0x0000000080000000, 0x0000000100000000)
  region size 1024K, 2 young (2048K), 2 survivors (2048K)
 Metaspace       used 95364K, capacity 97820K, committed 97832K, reserved 1134592K
  class space    used 12565K, capacity 13506K, committed 13516K, reserved 1048576K
}
Event: 51.829 GC heap before
{Heap before GC invocations=41 (full 0):
 garbage-first heap   total 232448K, used 147886K [0x0000000080000000, 0x0000000100000000)
  region size 1024K, 11 young (11264K), 2 survivors (2048K)
 Metaspace       used 95368K, capacity 97824K, committed 98088K, reserved 1134592K
  class space    used 12566K, capacity 13507K, committed 13516K, reserved 1048576K
}
Event: 51.835 GC heap after
{Heap after GC invocations=42 (full 0):
 garbage-first heap   total 232448K, used 140190K [0x0000000080000000, 0x0000000100000000)
  region size 1024K, 2 young (2048K), 2 survivors (2048K)
 Metaspace       used 95368K, capacity 97824K, committed 98088K, reserved 1134592K
  class space    used 12566K, capacity 13507K, committed 13516K, reserved 1048576K
}
Event: 52.784 GC heap before
{Heap before GC invocations=43 (full 0):
 garbage-first heap   total 232448K, used 175006K [0x0000000080000000, 0x0000000100000000)
  region size 1024K, 34 young (34816K), 2 survivors (2048K)
 Metaspace       used 95654K, capacity 98125K, committed 98216K, reserved 1134592K
  class space    used 12600K, capacity 13563K, committed 13644K, reserved 1048576K
}
Event: 52.793 GC heap after
{Heap after GC invocations=44 (full 0):
 garbage-first heap   total 232448K, used 148459K [0x0000000080000000, 0x0000000100000000)
  region size 1024K, 5 young (5120K), 5 survivors (5120K)
 Metaspace       used 95654K, capacity 98125K, committed 98216K, reserved 1134592K
  class space    used 12600K, capacity 13563K, committed 13644K, reserved 1048576K
}
Event: 52.826 GC heap before
{Heap before GC invocations=44 (full 0):
 garbage-first heap   total 232448K, used 154603K [0x0000000080000000, 0x0000000100000000)
  region size 1024K, 11 young (11264K), 5 survivors (5120K)
 Metaspace       used 95654K, capacity 98125K, committed 98216K, reserved 1134592K
  class space    used 12600K, capacity 13563K, committed 13644K, reserved 1048576K
}
Event: 52.836 GC heap after
{Heap after GC invocations=45 (full 0):
 garbage-first heap   total 232448K, used 150078K [0x0000000080000000, 0x0000000100000000)
  region size 1024K, 2 young (2048K), 2 survivors (2048K)
 Metaspace       used 95654K, capacity 98125K, committed 98216K, reserved 1134592K
  class space    used 12600K, capacity 13563K, committed 13644K, reserved 1048576K
}
Event: 53.203 GC heap before
{Heap before GC invocations=45 (full 0):
 garbage-first heap   total 232448K, used 186942K [0x0000000080000000, 0x0000000100000000)
  region size 1024K, 31 young (31744K), 2 survivors (2048K)
 Metaspace       used 95731K, capacity 98257K, committed 98472K, reserved 1134592K
  class space    used 12602K, capacity 13564K, committed 13644K, reserved 1048576K
}
Event: 53.214 GC heap after
{Heap after GC invocations=46 (full 0):
 garbage-first heap   total 232448K, used 160580K [0x0000000080000000, 0x0000000100000000)
  region size 1024K, 4 young (4096K), 4 survivors (4096K)
 Metaspace       used 95731K, capacity 98257K, committed 98472K, reserved 1134592K
  class space    used 12602K, capacity 13564K, committed 13644K, reserved 1048576K
}
Event: 54.153 GC heap before
{Heap before GC invocations=46 (full 0):
 garbage-first heap   total 232448K, used 186180K [0x0000000080000000, 0x0000000100000000)
  region size 1024K, 30 young (30720K), 4 survivors (4096K)
 Metaspace       used 96415K, capacity 98895K, committed 98984K, reserved 1134592K
  class space    used 12668K, capacity 13606K, committed 13644K, reserved 1048576K
}
Event: 54.169 GC heap after
{Heap after GC invocations=47 (full 0):
 garbage-first heap   total 279552K, used 160812K [0x0000000080000000, 0x0000000100000000)
  region size 1024K, 4 young (4096K), 4 survivors (4096K)
 Metaspace       used 96415K, capacity 98895K, committed 98984K, reserved 1134592K
  class space    used 12668K, capacity 13606K, committed 13644K, reserved 1048576K
}
Event: 55.052 GC heap before
{Heap before GC invocations=48 (full 0):
 garbage-first heap   total 279552K, used 204844K [0x0000000080000000, 0x0000000100000000)
  region size 1024K, 48 young (49152K), 4 survivors (4096K)
 Metaspace       used 96993K, capacity 99521K, committed 99624K, reserved 1134592K
  class space    used 12733K, capacity 13676K, committed 13772K, reserved 1048576K
}
Event: 55.065 GC heap after
{Heap after GC invocations=49 (full 0):
 garbage-first heap   total 279552K, used 160057K [0x0000000080000000, 0x0000000100000000)
  region size 1024K, 3 young (3072K), 3 survivors (3072K)
 Metaspace       used 96993K, capacity 99521K, committed 99624K, reserved 1134592K
  class space    used 12733K, capacity 13676K, committed 13772K, reserved 1048576K
}
Event: 56.176 GC heap before
{Heap before GC invocations=49 (full 0):
 garbage-first heap   total 279552K, used 212281K [0x0000000080000000, 0x0000000100000000)
  region size 1024K, 51 young (52224K), 3 survivors (3072K)
 Metaspace       used 98213K, capacity 100727K, committed 101032K, reserved 1136640K
  class space    used 12868K, capacity 13832K, committed 13900K, reserved 1048576K
}
Event: 56.201 GC heap after
{Heap after GC invocations=50 (full 0):
 garbage-first heap   total 279552K, used 172780K [0x0000000080000000, 0x0000000100000000)
  region size 1024K, 7 young (7168K), 7 survivors (7168K)
 Metaspace       used 98213K, capacity 100727K, committed 101032K, reserved 1136640K
  class space    used 12868K, capacity 13832K, committed 13900K, reserved 1048576K
}
Event: 57.253 GC heap before
{Heap before GC invocations=50 (full 0):
 garbage-first heap   total 279552K, used 215788K [0x0000000080000000, 0x0000000100000000)
  region size 1024K, 50 young (51200K), 7 survivors (7168K)
 Metaspace       used 102007K, capacity 104798K, committed 105000K, reserved 1140736K
  class space    used 13376K, capacity 14489K, committed 14540K, reserved 1048576K
}
Event: 57.284 GC heap after
{Heap after GC invocations=51 (full 0):
 garbage-first heap   total 279552K, used 180224K [0x0000000080000000, 0x0000000100000000)
  region size 1024K, 7 young (7168K), 7 survivors (7168K)
 Metaspace       used 102007K, capacity 104798K, committed 105000K, reserved 1140736K
  class space    used 13376K, capacity 14489K, committed 14540K, reserved 1048576K
}
Event: 58.334 GC heap before
{Heap before GC invocations=51 (full 0):
 garbage-first heap   total 279552K, used 222208K [0x0000000080000000, 0x0000000100000000)
  region size 1024K, 48 young (49152K), 7 survivors (7168K)
 Metaspace       used 102619K, capacity 105502K, committed 105768K, reserved 1140736K
  class space    used 13398K, capacity 14504K, committed 14540K, reserved 1048576K
}
Event: 58.369 GC heap after
{Heap after GC invocations=52 (full 0):
 garbage-first heap   total 335872K, used 182164K [0x0000000080000000, 0x0000000100000000)
  region size 1024K, 6 young (6144K), 6 survivors (6144K)
 Metaspace       used 102619K, capacity 105502K, committed 105768K, reserved 1140736K
  class space    used 13398K, capacity 14504K, committed 14540K, reserved 1048576K
}

Deoptimization events (20 events):
Event: 58.859 Thread 0x000002c0ceec4800 Uncommon trap: trap_request=0xfffffff4 fr.pc=0x000002c0bdedbc28 relative=0x00000000000009e8
Event: 58.859 Thread 0x000002c0ceec4800 Uncommon trap: reason=null_check action=make_not_entrant pc=0x000002c0bdedbc28 method=java.util.TimSort.binarySort([Ljava/lang/Object;IIILjava/util/Comparator;)V @ 183 c2
Event: 58.859 Thread 0x000002c0ceec4800 DEOPT PACKING pc=0x000002c0bdedbc28 sp=0x000000cac21fa3c0
Event: 58.859 Thread 0x000002c0ceec4800 DEOPT UNPACKING pc=0x000002c0b5cc662f sp=0x000000cac21fa358 mode 2
Event: 58.931 Thread 0x000002c0ceec4800 Uncommon trap: trap_request=0xfffffff4 fr.pc=0x000002c0bd9189cc relative=0x000000000000282c
Event: 58.931 Thread 0x000002c0ceec4800 Uncommon trap: reason=null_check action=make_not_entrant pc=0x000002c0bd9189cc method=java.net.URL.getURLStreamHandler(Ljava/lang/String;)Ljava/net/URLStreamHandler; @ 7 c2
Event: 58.931 Thread 0x000002c0ceec4800 DEOPT PACKING pc=0x000002c0bd9189cc sp=0x000000cac21fcbf0
Event: 58.931 Thread 0x000002c0ceec4800 DEOPT UNPACKING pc=0x000002c0b5cc662f sp=0x000000cac21fcb28 mode 2
Event: 58.934 Thread 0x000002c0ceec4800 Uncommon trap: trap_request=0xffffffc6 fr.pc=0x000002c0bdf4363c relative=0x000000000000035c
Event: 58.934 Thread 0x000002c0ceec4800 Uncommon trap: reason=bimorphic_or_optimized_type_check action=maybe_recompile pc=0x000002c0bdf4363c method=java.util.Spliterators$ArraySpliterator.tryAdvance(Ljava/util/function/Consumer;)Z @ 49 c2
Event: 58.934 Thread 0x000002c0ceec4800 DEOPT PACKING pc=0x000002c0bdf4363c sp=0x000000cac21fae80
Event: 58.934 Thread 0x000002c0ceec4800 DEOPT UNPACKING pc=0x000002c0b5cc662f sp=0x000000cac21fae10 mode 2
Event: 58.937 Thread 0x000002c0ceec4800 Uncommon trap: trap_request=0xffffff4d fr.pc=0x000002c0bd958060 relative=0x0000000000000040
Event: 58.937 Thread 0x000002c0ceec4800 Uncommon trap: reason=unstable_if action=reinterpret pc=0x000002c0bd958060 method=sun.net.util.IPAddressUtil.scan(Ljava/lang/String;JJ[C)I @ 14 c2
Event: 58.937 Thread 0x000002c0ceec4800 DEOPT PACKING pc=0x000002c0bd958060 sp=0x000000cac21fc6f0
Event: 58.937 Thread 0x000002c0ceec4800 DEOPT UNPACKING pc=0x000002c0b5cc662f sp=0x000000cac21fc5d0 mode 2
Event: 59.504 Thread 0x000002c0ceec5000 DEOPT PACKING pc=0x000002c0b6ec25a8 sp=0x000000cac23fec10
Event: 59.504 Thread 0x000002c0ceec5000 DEOPT UNPACKING pc=0x000002c0b5cc6dde sp=0x000000cac23fe0c8 mode 0
Event: 59.504 Thread 0x000002c0ceec5000 DEOPT PACKING pc=0x000002c0b6ec25a8 sp=0x000000cac23fec10
Event: 59.504 Thread 0x000002c0ceec5000 DEOPT UNPACKING pc=0x000002c0b5cc6dde sp=0x000000cac23fe0c8 mode 0

Classes redefined (0 events):
No events

Internal exceptions (20 events):
Event: 58.194 Thread 0x000002c0ceebf800 Exception <a 'sun/nio/fs/WindowsException'{0x000000008f6f9578}> (0x000000008f6f9578) thrown at [./src/hotspot/share/prims/jni.cpp, line 615]
Event: 58.438 Thread 0x000002c0ceebb800 Exception <a 'sun/nio/fs/WindowsException'{0x00000000945fa620}> (0x00000000945fa620) thrown at [./src/hotspot/share/prims/jni.cpp, line 615]
Event: 58.451 Thread 0x000002c0ceebb800 Exception <a 'sun/nio/fs/WindowsException'{0x000000009424bca8}> (0x000000009424bca8) thrown at [./src/hotspot/share/prims/jni.cpp, line 615]
Event: 58.464 Thread 0x000002c0ceec4800 Exception <a 'sun/nio/fs/WindowsException'{0x00000000945e1af8}> (0x00000000945e1af8) thrown at [./src/hotspot/share/prims/jni.cpp, line 615]
Event: 58.473 Thread 0x000002c0ceec4800 Exception <a 'sun/nio/fs/WindowsException'{0x00000000942ee3c8}> (0x00000000942ee3c8) thrown at [./src/hotspot/share/prims/jni.cpp, line 615]
Event: 58.497 Thread 0x000002c0ceebb800 Exception <a 'sun/nio/fs/WindowsException'{0x0000000094257770}> (0x0000000094257770) thrown at [./src/hotspot/share/prims/jni.cpp, line 615]
Event: 58.510 Thread 0x000002c0ceebb800 Exception <a 'sun/nio/fs/WindowsException'{0x0000000094151700}> (0x0000000094151700) thrown at [./src/hotspot/share/prims/jni.cpp, line 615]
Event: 58.585 Thread 0x000002c0ceebf800 Exception <a 'sun/nio/fs/WindowsException'{0x0000000093d4e2a0}> (0x0000000093d4e2a0) thrown at [./src/hotspot/share/prims/jni.cpp, line 615]
Event: 58.709 Thread 0x000002c0cdf21000 Exception <a 'sun/nio/fs/WindowsException'{0x0000000093c65fb0}> (0x0000000093c65fb0) thrown at [./src/hotspot/share/prims/jni.cpp, line 615]
Event: 58.710 Thread 0x000002c0cdf21000 Exception <a 'sun/nio/fs/WindowsException'{0x0000000093c678a0}> (0x0000000093c678a0) thrown at [./src/hotspot/share/prims/jni.cpp, line 615]
Event: 58.859 Thread 0x000002c0ceec4800 Implicit null exception at 0x000002c0bdedb50a to 0x000002c0bdedbbe4
Event: 58.917 Thread 0x000002c0ceec4800 Exception <a 'sun/nio/fs/WindowsException'{0x0000000093763448}> (0x0000000093763448) thrown at [./src/hotspot/share/prims/jni.cpp, line 615]
Event: 58.931 Thread 0x000002c0ceec4800 Implicit null exception at 0x000002c0bd916fd3 to 0x000002c0bd9189b4
Event: 59.064 Thread 0x000002c0ceec4800 Exception <a 'java/lang/NoSuchMethodError'{0x0000000093369f20}: 'java.lang.Object java.lang.invoke.DirectMethodHandle$Holder.invokeStatic(java.lang.Object, java.lang.Object, java.lang.Object, java.lang.Object, java.lang.Object, int, java.lang.Object)'> (0x0000000093369f20) thrown at [./src/hotspot/share/interpreter/linkResolver.cpp, line 773]
Event: 59.065 Thread 0x000002c0ceec4800 Exception <a 'java/lang/NoSuchMethodError'{0x0000000093371120}: 'java.lang.Object java.lang.invoke.Invokers$Holder.linkToTargetMethod(java.lang.Object, java.lang.Object, java.lang.Object, java.lang.Object, int, java.lang.Object, java.lang.Object)'> (0x0000000093371120) thrown at [./src/hotspot/share/interpreter/linkResolver.cpp, line 773]
Event: 59.160 Thread 0x000002c0ceec4800 Exception <a 'java/lang/NoSuchMethodError'{0x0000000092f59ba8}: 'java.lang.Object java.lang.invoke.DirectMethodHandle$Holder.invokeStatic(java.lang.Object, java.lang.Object, java.lang.Object, java.lang.Object, java.lang.Object, java.lang.Object, java.lang.Object, int)'> (0x0000000092f59ba8) thrown at [./src/hotspot/share/interpreter/linkResolver.cpp, line 773]
Event: 59.160 Thread 0x000002c0ceec4800 Exception <a 'java/lang/NoSuchMethodError'{0x0000000092f5dfe0}: 'java.lang.Object java.lang.invoke.DirectMethodHandle$Holder.invokeSpecial(java.lang.Object, java.lang.Object, java.lang.Object, java.lang.Object, java.lang.Object, java.lang.Object, java.lang.Object, java.lang.Object, int)'> (0x0000000092f5dfe0) thrown at [./src/hotspot/share/interpreter/linkResolver.cpp, line 773]
Event: 59.161 Thread 0x000002c0ceec4800 Exception <a 'java/lang/NoSuchMethodError'{0x0000000092f61d98}: 'java.lang.Object java.lang.invoke.Invokers$Holder.linkToTargetMethod(java.lang.Object, java.lang.Object, java.lang.Object, java.lang.Object, java.lang.Object, java.lang.Object, int, java.lang.Object)'> (0x0000000092f61d98) thrown at [./src/hotspot/share/interpreter/linkResolver.cpp, line 773]
Event: 59.395 Thread 0x000002c0ceec4800 Exception <a 'sun/nio/fs/WindowsException'{0x00000000927186c0}> (0x00000000927186c0) thrown at [./src/hotspot/share/prims/jni.cpp, line 615]
Event: 59.395 Thread 0x000002c0ceec4800 Exception <a 'sun/nio/fs/WindowsException'{0x00000000927187d8}> (0x00000000927187d8) thrown at [./src/hotspot/share/prims/jni.cpp, line 615]

Events (20 events):
Event: 59.501 Executing VM operation: RevokeBias
Event: 59.501 Executing VM operation: RevokeBias done
Event: 59.502 Executing VM operation: RevokeBias
Event: 59.502 Executing VM operation: RevokeBias done
Event: 59.503 loading class com/android/apksig/internal/util/MessageDigestSink
Event: 59.503 loading class com/android/apksig/internal/util/MessageDigestSink done
Event: 59.505 Executing VM operation: RevokeBias
Event: 59.505 Executing VM operation: RevokeBias done
Event: 59.506 Executing VM operation: RevokeBias
Event: 59.506 Executing VM operation: RevokeBias done
Event: 59.508 Executing VM operation: RevokeBias
Event: 59.508 Executing VM operation: RevokeBias done
Event: 59.523 loading class java/nio/channels/FileChannel$MapMode
Event: 59.523 loading class java/nio/channels/FileChannel$MapMode done
Event: 59.524 loading class sun/nio/ch/FileChannelImpl$Unmapper
Event: 59.524 loading class sun/nio/ch/FileChannelImpl$Unmapper done
Event: 59.524 loading class sun/nio/ch/Util$4
Event: 59.524 loading class sun/nio/ch/Util$4 done
Event: 59.581 Loaded shared library D:\Android\jre\bin\nio.dll
Event: 59.584 Loaded shared library D:\Android\jre\bin\nio.dll


Dynamic libraries:
0x00007ff753430000 - 0x00007ff75343a000 	D:\Android\jre\bin\java.exe
0x00007ffb64530000 - 0x00007ffb64725000 	C:\WINDOWS\SYSTEM32\ntdll.dll
0x00007ffb62b50000 - 0x00007ffb62c0e000 	C:\WINDOWS\System32\KERNEL32.DLL
0x00007ffb61d80000 - 0x00007ffb62048000 	C:\WINDOWS\System32\KERNELBASE.dll
0x00007ffb62490000 - 0x00007ffb62590000 	C:\WINDOWS\System32\ucrtbase.dll
0x00007ffb57a30000 - 0x00007ffb57a47000 	D:\Android\jre\bin\VCRUNTIME140.dll
0x00007ffb579c0000 - 0x00007ffb579d9000 	D:\Android\jre\bin\jli.dll
0x00007ffb63c10000 - 0x00007ffb63db0000 	C:\WINDOWS\System32\USER32.dll
0x00007ffb53a40000 - 0x00007ffb53cda000 	C:\WINDOWS\WinSxS\amd64_microsoft.windows.common-controls_6595b64144ccf1df_6.0.19041.1110_none_60b5254171f9507e\COMCTL32.dll
0x00007ffb62050000 - 0x00007ffb62072000 	C:\WINDOWS\System32\win32u.dll
0x00007ffb63db0000 - 0x00007ffb63e4e000 	C:\WINDOWS\System32\msvcrt.dll
0x00007ffb62590000 - 0x00007ffb625ba000 	C:\WINDOWS\System32\GDI32.dll
0x00007ffb62280000 - 0x00007ffb6238b000 	C:\WINDOWS\System32\gdi32full.dll
0x00007ffb61ce0000 - 0x00007ffb61d7d000 	C:\WINDOWS\System32\msvcp_win.dll
0x00007ffb62700000 - 0x00007ffb62730000 	C:\WINDOWS\System32\IMM32.DLL
0x00007ffb41590000 - 0x00007ffb4162d000 	D:\Android\jre\bin\msvcp140.dll
0x00007ffb136e0000 - 0x00007ffb141b5000 	D:\Android\jre\bin\server\jvm.dll
0x00007ffb62ed0000 - 0x00007ffb62f7e000 	C:\WINDOWS\System32\ADVAPI32.dll
0x00007ffb62810000 - 0x00007ffb628ac000 	C:\WINDOWS\System32\sechost.dll
0x00007ffb62c10000 - 0x00007ffb62d35000 	C:\WINDOWS\System32\RPCRT4.dll
0x00007ffb625e0000 - 0x00007ffb625e8000 	C:\WINDOWS\System32\PSAPI.DLL
0x00007ffb41b60000 - 0x00007ffb41b69000 	C:\WINDOWS\SYSTEM32\WSOCK32.dll
0x00007ffb53d60000 - 0x00007ffb53d87000 	C:\WINDOWS\SYSTEM32\WINMM.dll
0x00007ffb64480000 - 0x00007ffb644eb000 	C:\WINDOWS\System32\WS2_32.dll
0x00007ffb50c50000 - 0x00007ffb50c5a000 	C:\WINDOWS\SYSTEM32\VERSION.dll
0x00007ffb5fb70000 - 0x00007ffb5fb82000 	C:\WINDOWS\SYSTEM32\kernel.appcore.dll
0x00007ffb5c760000 - 0x00007ffb5c771000 	D:\Android\jre\bin\verify.dll
0x00007ffb50010000 - 0x00007ffb501f4000 	C:\WINDOWS\SYSTEM32\DBGHELP.DLL
0x00007ffb4fdb0000 - 0x00007ffb4fddc000 	C:\WINDOWS\SYSTEM32\dbgcore.DLL
0x00007ffb61c50000 - 0x00007ffb61cd2000 	C:\WINDOWS\System32\bcryptPrimitives.dll
0x00007ffb57a50000 - 0x00007ffb57a79000 	D:\Android\jre\bin\java.dll
0x00007ffb5b480000 - 0x00007ffb5b48b000 	D:\Android\jre\bin\jimage.dll
0x00007ffb5b430000 - 0x00007ffb5b448000 	D:\Android\jre\bin\zip.dll
0x00007ffb633a0000 - 0x00007ffb63ae4000 	C:\WINDOWS\System32\SHELL32.dll
0x00007ffb5fd70000 - 0x00007ffb60504000 	C:\WINDOWS\SYSTEM32\windows.storage.dll
0x00007ffb63040000 - 0x00007ffb63394000 	C:\WINDOWS\System32\combase.dll
0x00007ffb616c0000 - 0x00007ffb616ec000 	C:\WINDOWS\SYSTEM32\Wldp.dll
0x00007ffb62d40000 - 0x00007ffb62ded000 	C:\WINDOWS\System32\SHCORE.dll
0x00007ffb626a0000 - 0x00007ffb626f5000 	C:\WINDOWS\System32\shlwapi.dll
0x00007ffb61b90000 - 0x00007ffb61baf000 	C:\WINDOWS\SYSTEM32\profapi.dll
0x00007ffb5b3f0000 - 0x00007ffb5b40a000 	D:\Android\jre\bin\net.dll
0x00007ffb53210000 - 0x00007ffb5331a000 	C:\WINDOWS\SYSTEM32\WINHTTP.dll
0x00007ffb61420000 - 0x00007ffb6148a000 	C:\WINDOWS\system32\mswsock.dll
0x00007ffb57a00000 - 0x00007ffb57a14000 	D:\Android\jre\bin\nio.dll
0x00007ffb5b620000 - 0x00007ffb5b647000 	C:\Users\Administrator\.gradle\native\e1d6ef7f7dcc3fd88c89a11ec53ec762bb8ba0a96d01ffa2cd45eb1d1d8dd5c5\windows-amd64\native-platform.dll
0x00007ffb2f2f0000 - 0x00007ffb2f434000 	C:\Users\Administrator\.gradle\native\5664cfc778a61ccfe75a443a1ab52a65af34e5dc3c78e0209fed803814484fcb\windows-amd64\native-platform-file-events.dll
0x00007ffb55570000 - 0x00007ffb5557a000 	D:\Android\jre\bin\management.dll
0x00007ffb536b0000 - 0x00007ffb536bd000 	D:\Android\jre\bin\management_ext.dll
0x00007ffb61610000 - 0x00007ffb61628000 	C:\WINDOWS\SYSTEM32\CRYPTSP.dll
0x00007ffb60d30000 - 0x00007ffb60d64000 	C:\WINDOWS\system32\rsaenh.dll
0x00007ffb621e0000 - 0x00007ffb62207000 	C:\WINDOWS\System32\bcrypt.dll
0x00007ffb61b50000 - 0x00007ffb61b7e000 	C:\WINDOWS\SYSTEM32\USERENV.dll
0x00007ffb61630000 - 0x00007ffb6163c000 	C:\WINDOWS\SYSTEM32\CRYPTBASE.dll
0x00007ffb610c0000 - 0x00007ffb610fb000 	C:\WINDOWS\SYSTEM32\IPHLPAPI.DLL
0x00007ffb625c0000 - 0x00007ffb625c8000 	C:\WINDOWS\System32\NSI.dll
0x00007ffb58e30000 - 0x00007ffb58e47000 	C:\WINDOWS\SYSTEM32\dhcpcsvc6.DLL
0x00007ffb59650000 - 0x00007ffb5966d000 	C:\WINDOWS\SYSTEM32\dhcpcsvc.DLL
0x00007ffb61110000 - 0x00007ffb611db000 	C:\WINDOWS\SYSTEM32\DNSAPI.dll
0x00007ffb43260000 - 0x00007ffb43287000 	D:\Android\jre\bin\sunec.dll

dbghelp: loaded successfully - version: 4.0.5 - missing functions: none
symbol engine: initialized successfully - sym options: 0x614 - pdb path: .;D:\Android\jre\bin;C:\WINDOWS\SYSTEM32;C:\WINDOWS\WinSxS\amd64_microsoft.windows.common-controls_6595b64144ccf1df_6.0.19041.1110_none_60b5254171f9507e;D:\Android\jre\bin\server;C:\Users\Administrator\.gradle\native\e1d6ef7f7dcc3fd88c89a11ec53ec762bb8ba0a96d01ffa2cd45eb1d1d8dd5c5\windows-amd64;C:\Users\Administrator\.gradle\native\5664cfc778a61ccfe75a443a1ab52a65af34e5dc3c78e0209fed803814484fcb\windows-amd64

VM Arguments:
jvm_args: --add-opens=java.base/java.util=ALL-UNNAMED --add-opens=java.base/java.lang=ALL-UNNAMED --add-opens=java.base/java.lang.invoke=ALL-UNNAMED --add-opens=java.base/java.util=ALL-UNNAMED --add-opens=java.prefs/java.util.prefs=ALL-UNNAMED --add-opens=java.prefs/java.util.prefs=ALL-UNNAMED --add-opens=java.base/java.nio.charset=ALL-UNNAMED --add-opens=java.base/java.net=ALL-UNNAMED --add-opens=java.base/java.util.concurrent.atomic=ALL-UNNAMED -Xmx2048m -Dfile.encoding=UTF-8 -Duser.country=US -Duser.language=en -Duser.variant 
java_command: org.gradle.launcher.daemon.bootstrap.GradleDaemon 7.2
java_class_path (initial): C:\Users\Administrator\.gradle\wrapper\dists\gradle-7.2-bin\2dnblmf4td7x66yl1d74lt32g\gradle-7.2\lib\gradle-launcher-7.2.jar
Launcher Type: SUN_STANDARD

[Global flags]
     intx CICompilerCount                          = 3                                         {product} {ergonomic}
     uint ConcGCThreads                            = 1                                         {product} {ergonomic}
     uint G1ConcRefinementThreads                  = 4                                         {product} {ergonomic}
   size_t G1HeapRegionSize                         = 1048576                                   {product} {ergonomic}
    uintx GCDrainStackTargetSize                   = 64                                        {product} {ergonomic}
   size_t InitialHeapSize                          = 134217728                                 {product} {ergonomic}
   size_t MarkStackSize                            = 4194304                                   {product} {ergonomic}
   size_t MaxHeapSize                              = 2147483648                                {product} {command line}
   size_t MaxNewSize                               = 1287651328                                {product} {ergonomic}
   size_t MinHeapDeltaBytes                        = 1048576                                   {product} {ergonomic}
    uintx NonNMethodCodeHeapSize                   = 5830732                                {pd product} {ergonomic}
    uintx NonProfiledCodeHeapSize                  = 122913754                              {pd product} {ergonomic}
    uintx ProfiledCodeHeapSize                     = 122913754                              {pd product} {ergonomic}
    uintx ReservedCodeCacheSize                    = 251658240                              {pd product} {ergonomic}
     bool SegmentedCodeCache                       = true                                      {product} {ergonomic}
     bool UseCompressedClassPointers               = true                                 {lp64_product} {ergonomic}
     bool UseCompressedOops                        = true                                 {lp64_product} {ergonomic}
     bool UseG1GC                                  = true                                      {product} {ergonomic}
     bool UseLargePagesIndividualAllocation        = false                                  {pd product} {ergonomic}

Logging:
Log output configuration:
 #0: stdout all=warning uptime,level,tags
 #1: stderr all=off uptime,level,tags

Environment Variables:
PATH=C:\Python310\Scripts\;C:\Python310\;D:\VMWare\bin\;C:\Users\Administrator\AppData\Local\Programs\Python\Python39\Scripts\;C:\Users\Administrator\AppData\Local\Programs\Python\Python39\;C:\Program Files\Common Files\Oracle\Java\javapath;C:\Program Files\Microsoft MPI\Bin\;C:\Program Files (x86)\Common Files\Oracle\Java\javapath;C:\ProgramData\Oracle\Java\javapath;C:\WINDOWS\system32;C:\WINDOWS;C:\WINDOWS\System32\Wbem;C:\WINDOWS\System32\WindowsPowerShell\v1.0\;C:\WINDOWS\System32\OpenSSH\;C:\Program Files (x86)\VietPN;C:\Program Files\Microsoft SQL Server\Client SDK\ODBC\170\Tools\Binn\;C:\Program Files (x86)\Microsoft SQL Server\150\Tools\Binn\;C:\Program Files\Microsoft SQL Server\150\Tools\Binn\;C:\Program Files\Microsoft SQL Server\150\DTS\Binn\;C:\Program Files\Git\cmd;C:\ProgramData\chocolatey\bin;C:\Program Files (x86)\GNU Tools ARM Embedded\4.8 2013q4\bin;C:\Program Files (x86)\Common Files\Acronis\SnapAPI\;C:\Program Files (x86)\Microsoft SQL Server\150\DTS\Binn\;C:\Program Files\Azure Data Studio\bin;D:\Lua;C:\Program Files\dotnet\;C:\Program Files\nodejs\;C:\Program Files (x86)\dotnet\;C:\Program Files (x86)\Nmap;C:\tools\neovim\Neovim\bin;C:\Users\Administrator\AppData\Local\Microsoft\WindowsApps;;C:\Program Files\Azure Data Studio\bin;C:\Users\Administrator\.dotnet\tools;C:\Users\Administrator\AppData\Roaming\npm
USERNAME=Administrator
OS=Windows_NT
PROCESSOR_IDENTIFIER=Intel64 Family 6 Model 69 Stepping 1, GenuineIntel



---------------  S Y S T E M  ---------------

OS: Windows 10 , 64 bit Build 19041 (10.0.19041.1645)
OS uptime: 0 days 0:36 hours

CPU:total 4 (initial active 4) (2 cores per cpu, 2 threads per core) family 6 model 69 stepping 1 microcode 0x25, cmov, cx8, fxsr, mmx, sse, sse2, sse3, ssse3, sse4.1, sse4.2, popcnt, avx, avx2, aes, clmul, erms, lzcnt, ht, tsc, tscinvbit, bmi1, bmi2, fma

Memory: 4k page, system-wide physical 8097M (333M free)
TotalPageFile size 8097M (AvailPageFile size 2M)
current process WorkingSet (physical memory assigned to process): 654M, peak: 654M
current process commit charge ("private bytes"): 707M, peak: 707M

vm_info: OpenJDK 64-Bit Server VM (11.0.11+9-b60-7590822) for windows-amd64 JRE (11.0.11+9-b60-7590822), built on Jul 29 2021 21:43:44 by "builder" with MS VC++ 14.0 (VS2015)

END.
