#
# There is insufficient memory for the Java Runtime Environment to continue.
# Native memory allocation (malloc) failed to allocate 1471376 bytes for Chunk::new
# Possible reasons:
#   The system is out of physical RAM or swap space
#   The process is running with CompressedOops enabled, and the Java Heap may be blocking the growth of the native heap
# Possible solutions:
#   Reduce memory load on the system
#   Increase physical memory or swap space
#   Check if swap backing store is full
#   Decrease Java heap size (-Xmx/-Xms)
#   Decrease number of Java threads
#   Decrease Java thread stack sizes (-Xss)
#   Set larger code cache with -XX:ReservedCodeCacheSize=
#   JVM is running with Unscaled Compressed Oops mode in which the Java heap is
#     placed in the first 4GB address space. The Java Heap base address is the
#     maximum limit for the native heap growth. Please use -XX:HeapBaseMinAddress
#     to set the Java Heap base and to place the Java Heap above 4GB virtual address.
# This output file may be truncated or incomplete.
#
#  Out of Memory Error (./src/hotspot/share/memory/arena.cpp:197), pid=4052, tid=9184
#
# JRE version: OpenJDK Runtime Environment (11.0.11+9) (build 11.0.11+9-b60-7590822)
# Java VM: OpenJDK 64-Bit Server VM (11.0.11+9-b60-7590822, mixed mode, tiered, compressed oops, g1 gc, windows-amd64)
# No core dump will be written. Minidumps are not enabled by default on client versions of Windows
#

---------------  S U M M A R Y ------------

Command Line: --add-opens=java.base/java.util=ALL-UNNAMED --add-opens=java.base/java.lang=ALL-UNNAMED --add-opens=java.base/java.lang.invoke=ALL-UNNAMED --add-opens=java.base/java.util=ALL-UNNAMED --add-opens=java.prefs/java.util.prefs=ALL-UNNAMED --add-opens=java.prefs/java.util.prefs=ALL-UNNAMED --add-opens=java.base/java.nio.charset=ALL-UNNAMED --add-opens=java.base/java.net=ALL-UNNAMED --add-opens=java.base/java.util.concurrent.atomic=ALL-UNNAMED -Xmx2048m -Dfile.encoding=UTF-8 -Duser.country=US -Duser.language=en -Duser.variant org.gradle.launcher.daemon.bootstrap.GradleDaemon 7.2

Host: Intel(R) Core(TM) i5-4200U CPU @ 1.60GHz, 4 cores, 7G,  Windows 10 , 64 bit Build 19041 (10.0.19041.1645)
Time: Wed Apr 27 22:33:33 2022 SE Asia Standard Time elapsed time: 3845.228383 seconds (0d 1h 4m 5s)

---------------  T H R E A D  ---------------

Current thread (0x0000020d77ac5000):  JavaThread "C2 CompilerThread1" daemon [_thread_in_native, id=9184, stack(0x0000005edbf00000,0x0000005edc000000)]


Current CompileTask:
C2:3845228 30252       4       org.gradle.api.internal.artifacts.ivyservice.modulecache.PersistentModuleMetadataCache::lambda$get$0 (81 bytes)

Stack: [0x0000005edbf00000,0x0000005edc000000]
Native frames: (J=compiled Java code, j=interpreted, Vv=VM code, C=native code)
V  [jvm.dll+0x5f214a]
V  [jvm.dll+0x726fb5]
V  [jvm.dll+0x7285cd]
V  [jvm.dll+0x728c83]
V  [jvm.dll+0x243278]
V  [jvm.dll+0xbc53c]
V  [jvm.dll+0xbca3c]
V  [jvm.dll+0x353e3b]
V  [jvm.dll+0x19875c]
V  [jvm.dll+0x1fc2ee]
V  [jvm.dll+0x1fb3d4]
V  [jvm.dll+0x183d6c]
V  [jvm.dll+0x209a57]
V  [jvm.dll+0x2082a1]
V  [jvm.dll+0x6ef58f]
V  [jvm.dll+0x6e80b5]
V  [jvm.dll+0x5f1036]
C  [ucrtbase.dll+0x21bb2]
C  [KERNEL32.DLL+0x17034]
C  [ntdll.dll+0x52651]


---------------  P R O C E S S  ---------------

Threads class SMR info:
_java_thread_list=0x0000020d7d221bb0, length=88, elements={
0x0000020d5cf5c800, 0x0000020d76b42800, 0x0000020d76b44000, 0x0000020d774d2800,
0x0000020d76b5f800, 0x0000020d76b62000, 0x0000020d76b65800, 0x0000020d76b6d000,
0x0000020d76b78800, 0x0000020d77621000, 0x0000020d79426000, 0x0000020d7766f800,
0x0000020d79cee800, 0x0000020d793b8000, 0x0000020d793bb000, 0x0000020d793b7000,
0x0000020d793bd000, 0x0000020d793bd800, 0x0000020d7af8b800, 0x0000020d7af86000,
0x0000020d7af86800, 0x0000020d7af8f800, 0x0000020d7af8b000, 0x0000020d7e0a5800,
0x0000020d7e0a1800, 0x0000020d017cc800, 0x0000020d017cf000, 0x0000020d7b7c3800,
0x0000020d7af8d000, 0x0000020d7af8f000, 0x0000020d7e09a000, 0x0000020d7e09f000,
0x0000020d7e09b000, 0x0000020d7e099800, 0x0000020d7e09e000, 0x0000020d7e0a0000,
0x0000020d7e09b800, 0x0000020d7e0a2800, 0x0000020d7e09d800, 0x0000020d7e09c800,
0x0000020d7e0a6800, 0x0000020d7e0a8000, 0x0000020d7e0a4000, 0x0000020d7e0a3000,
0x0000020d7e0a7000, 0x0000020d7b7c8800, 0x0000020d7b7c4000, 0x0000020d7b7c6000,
0x0000020d7b7ca000, 0x0000020d7b7c9000, 0x0000020d7b7ca800, 0x0000020d7b7c5000,
0x0000020d7b7c6800, 0x0000020d7b7cd000, 0x0000020d7b7cb800, 0x0000020d7b7cc800,
0x0000020d7b7c7800, 0x0000020d7b7cf000, 0x0000020d7b7ce000, 0x0000020d7b7cf800,
0x0000020d7b7d1800, 0x0000020d7b7d0800, 0x0000020d7b7d2000, 0x0000020d77bec800,
0x0000020d77bf1800, 0x0000020d77bf2800, 0x0000020d77bed800, 0x0000020d77bee800,
0x0000020d77bf3800, 0x0000020d77bef000, 0x0000020d77bf6800, 0x0000020d77bf1000,
0x0000020d77bf4000, 0x0000020d77bf7800, 0x0000020d77bf5000, 0x0000020d77bfa800,
0x0000020d77bfb800, 0x0000020d77bf9000, 0x0000020d77bf8000, 0x0000020d77bf5800,
0x0000020d77bfa000, 0x0000020d017c4800, 0x0000020d77ac5000, 0x0000020d017c3800,
0x0000020d017c3000, 0x0000020d017c5800, 0x0000020d017c7000, 0x0000020d017c1800
}

Java Threads: ( => current thread )
  0x0000020d5cf5c800 JavaThread "main" [_thread_blocked, id=1756, stack(0x0000005ed6b00000,0x0000005ed6c00000)]
  0x0000020d76b42800 JavaThread "Reference Handler" daemon [_thread_blocked, id=1156, stack(0x0000005ed7200000,0x0000005ed7300000)]
  0x0000020d76b44000 JavaThread "Finalizer" daemon [_thread_blocked, id=4168, stack(0x0000005ed7300000,0x0000005ed7400000)]
  0x0000020d774d2800 JavaThread "Signal Dispatcher" daemon [_thread_blocked, id=1568, stack(0x0000005ed7400000,0x0000005ed7500000)]
  0x0000020d76b5f800 JavaThread "Attach Listener" daemon [_thread_blocked, id=9528, stack(0x0000005ed7500000,0x0000005ed7600000)]
  0x0000020d76b62000 JavaThread "Service Thread" daemon [_thread_blocked, id=5960, stack(0x0000005ed7600000,0x0000005ed7700000)]
  0x0000020d76b65800 JavaThread "C2 CompilerThread0" daemon [_thread_in_native, id=9752, stack(0x0000005ed7700000,0x0000005ed7800000)]
  0x0000020d76b6d000 JavaThread "C1 CompilerThread0" daemon [_thread_blocked, id=6328, stack(0x0000005ed7800000,0x0000005ed7900000)]
  0x0000020d76b78800 JavaThread "Sweeper thread" daemon [_thread_blocked, id=7184, stack(0x0000005ed7900000,0x0000005ed7a00000)]
  0x0000020d77621000 JavaThread "Common-Cleaner" daemon [_thread_blocked, id=8856, stack(0x0000005ed7a00000,0x0000005ed7b00000)]
  0x0000020d79426000 JavaThread "Daemon health stats" [_thread_blocked, id=7196, stack(0x0000005ed7f00000,0x0000005ed8000000)]
  0x0000020d7766f800 JavaThread "Incoming local TCP Connector on port 10242" [_thread_in_native, id=8388, stack(0x0000005ed7c00000,0x0000005ed7d00000)]
  0x0000020d79cee800 JavaThread "Daemon periodic checks" [_thread_blocked, id=7728, stack(0x0000005ed8000000,0x0000005ed8100000)]
  0x0000020d793b8000 JavaThread "Cache worker for journal cache (C:\Users\Administrator\.gradle\caches\journal-1)" [_thread_blocked, id=5268, stack(0x0000005ed8900000,0x0000005ed8a00000)]
  0x0000020d793bb000 JavaThread "File lock request listener" [_thread_in_native, id=3400, stack(0x0000005ed8a00000,0x0000005ed8b00000)]
  0x0000020d793b7000 JavaThread "Cache worker for file hash cache (C:\Users\Administrator\.gradle\caches\7.2\fileHashes)" [_thread_blocked, id=4712, stack(0x0000005ed8b00000,0x0000005ed8c00000)]
  0x0000020d793bd000 JavaThread "File watcher server" daemon [_thread_in_native, id=3392, stack(0x0000005ed8e00000,0x0000005ed8f00000)]
  0x0000020d793bd800 JavaThread "File watcher consumer" daemon [_thread_blocked, id=5964, stack(0x0000005ed8f00000,0x0000005ed9000000)]
  0x0000020d7af8b800 JavaThread "Cache worker for execution history cache (C:\Users\Administrator\.gradle\caches\7.2\executionHistory)" [_thread_blocked, id=9536, stack(0x0000005ed9300000,0x0000005ed9400000)]
  0x0000020d7af86000 JavaThread "jar transforms" [_thread_blocked, id=2244, stack(0x0000005ed9400000,0x0000005ed9500000)]
  0x0000020d7af86800 JavaThread "Cache worker for file content cache (C:\Users\Administrator\.gradle\caches\7.2\fileContent)" [_thread_blocked, id=9808, stack(0x0000005ed9500000,0x0000005ed9600000)]
  0x0000020d7af8f800 JavaThread "jar transforms Thread 2" [_thread_blocked, id=10120, stack(0x0000005ed9600000,0x0000005ed9700000)]
  0x0000020d7af8b000 JavaThread "jar transforms Thread 3" [_thread_blocked, id=8408, stack(0x0000005ed9800000,0x0000005ed9900000)]
  0x0000020d7e0a5800 JavaThread "jar transforms Thread 4" [_thread_blocked, id=8740, stack(0x0000005edc200000,0x0000005edc300000)]
  0x0000020d7e0a1800 JavaThread "Memory manager" [_thread_blocked, id=8024, stack(0x0000005edc300000,0x0000005edc400000)]
  0x0000020d017cc800 JavaThread "Cache worker for Java compile cache (C:\Users\Administrator\.gradle\caches\7.2\javaCompile)" [_thread_blocked, id=8436, stack(0x0000005edcf00000,0x0000005edd000000)]
  0x0000020d017cf000 JavaThread "ForkJoinPool.commonPool-worker-5" daemon [_thread_blocked, id=7376, stack(0x0000005edd200000,0x0000005edd300000)]
  0x0000020d7b7c3800 JavaThread "ForkJoinPool.commonPool-worker-7" daemon [_thread_blocked, id=1064, stack(0x0000005edd100000,0x0000005edd200000)]
  0x0000020d7af8d000 JavaThread "Daemon Thread 18" [_thread_blocked, id=4304, stack(0x0000005ed6800000,0x0000005ed6900000)]
  0x0000020d7af8f000 JavaThread "Daemon worker Thread 18" [_thread_blocked, id=2540, stack(0x0000005ed8100000,0x0000005ed8200000)]
  0x0000020d7e09a000 JavaThread "ForkJoinPool.commonPool-worker-1" daemon [_thread_blocked, id=3112, stack(0x0000005edbe00000,0x0000005edbf00000)]
  0x0000020d7e09f000 JavaThread "Handler for socket connection from /127.0.0.1:10242 to /127.0.0.1:1331" [_thread_in_native, id=2116, stack(0x0000005ed6900000,0x0000005ed6a00000)]
  0x0000020d7e09b000 JavaThread "Cancel handler" [_thread_blocked, id=8276, stack(0x0000005ed6a00000,0x0000005ed6b00000)]
  0x0000020d7e099800 JavaThread "Asynchronous log dispatcher for DefaultDaemonConnection: socket connection from /127.0.0.1:10242 to /127.0.0.1:1331" [_thread_blocked, id=9240, stack(0x0000005ed8200000,0x0000005ed8300000)]
  0x0000020d7e09e000 JavaThread "Stdin handler" [_thread_blocked, id=9688, stack(0x0000005ed8300000,0x0000005ed8400000)]
  0x0000020d7e0a0000 JavaThread "Daemon client event forwarder" [_thread_blocked, id=4164, stack(0x0000005ed8400000,0x0000005ed8500000)]
  0x0000020d7e09b800 JavaThread "Cache worker for file hash cache (D:\BaiTapTuan\QTBai4\.gradle\7.2\fileHashes)" [_thread_blocked, id=10228, stack(0x0000005ed8500000,0x0000005ed8600000)]
  0x0000020d7e0a2800 JavaThread "Cache worker for checksums cache (D:\BaiTapTuan\QTBai4\.gradle\checksums)" [_thread_blocked, id=2832, stack(0x0000005ed8600000,0x0000005ed8700000)]
  0x0000020d7e09d800 JavaThread "Cache worker for cache directory md-supplier (C:\Users\Administrator\.gradle\caches\7.2\md-supplier)" [_thread_blocked, id=4104, stack(0x0000005ed8700000,0x0000005ed8800000)]
  0x0000020d7e09c800 JavaThread "Cache worker for cache directory md-rule (C:\Users\Administrator\.gradle\caches\7.2\md-rule)" [_thread_blocked, id=7124, stack(0x0000005ed8c00000,0x0000005ed8d00000)]
  0x0000020d7e0a6800 JavaThread "Cache worker for dependencies-accessors (D:\BaiTapTuan\QTBai4\.gradle\7.2\dependencies-accessors)" [_thread_blocked, id=7888, stack(0x0000005ed8d00000,0x0000005ed8e00000)]
  0x0000020d7e0a8000 JavaThread "Cache worker for Build Output Cleanup Cache (D:\BaiTapTuan\QTBai4\.gradle\buildOutputCleanup)" [_thread_blocked, id=9284, stack(0x0000005ed9000000,0x0000005ed9100000)]
  0x0000020d7e0a4000 JavaThread "Unconstrained build operations" [_thread_blocked, id=9832, stack(0x0000005ed9100000,0x0000005ed9200000)]
  0x0000020d7e0a3000 JavaThread "Unconstrained build operations Thread 2" [_thread_blocked, id=1384, stack(0x0000005ed9200000,0x0000005ed9300000)]
  0x0000020d7e0a7000 JavaThread "Unconstrained build operations Thread 3" [_thread_blocked, id=6088, stack(0x0000005ed9700000,0x0000005ed9800000)]
  0x0000020d7b7c8800 JavaThread "Unconstrained build operations Thread 4" [_thread_blocked, id=8784, stack(0x0000005ed9900000,0x0000005ed9a00000)]
  0x0000020d7b7c4000 JavaThread "Unconstrained build operations Thread 5" [_thread_blocked, id=1960, stack(0x0000005ed9a00000,0x0000005ed9b00000)]
  0x0000020d7b7c6000 JavaThread "Unconstrained build operations Thread 6" [_thread_blocked, id=6804, stack(0x0000005ed9b00000,0x0000005ed9c00000)]
  0x0000020d7b7ca000 JavaThread "Unconstrained build operations Thread 7" [_thread_blocked, id=6908, stack(0x0000005ed9c00000,0x0000005ed9d00000)]
  0x0000020d7b7c9000 JavaThread "Unconstrained build operations Thread 8" [_thread_blocked, id=8904, stack(0x0000005ed9d00000,0x0000005ed9e00000)]
  0x0000020d7b7ca800 JavaThread "Unconstrained build operations Thread 9" [_thread_blocked, id=904, stack(0x0000005ed9e00000,0x0000005ed9f00000)]
  0x0000020d7b7c5000 JavaThread "Unconstrained build operations Thread 10" [_thread_blocked, id=8060, stack(0x0000005ed9f00000,0x0000005eda000000)]
  0x0000020d7b7c6800 JavaThread "Unconstrained build operations Thread 11" [_thread_blocked, id=7832, stack(0x0000005eda000000,0x0000005eda100000)]
  0x0000020d7b7cd000 JavaThread "Unconstrained build operations Thread 12" [_thread_blocked, id=4196, stack(0x0000005eda100000,0x0000005eda200000)]
  0x0000020d7b7cb800 JavaThread "Unconstrained build operations Thread 13" [_thread_blocked, id=9956, stack(0x0000005eda200000,0x0000005eda300000)]
  0x0000020d7b7cc800 JavaThread "Unconstrained build operations Thread 14" [_thread_blocked, id=7208, stack(0x0000005eda300000,0x0000005eda400000)]
  0x0000020d7b7c7800 JavaThread "Unconstrained build operations Thread 15" [_thread_blocked, id=6944, stack(0x0000005eda400000,0x0000005eda500000)]
  0x0000020d7b7cf000 JavaThread "Unconstrained build operations Thread 16" [_thread_blocked, id=3272, stack(0x0000005eda500000,0x0000005eda600000)]
  0x0000020d7b7ce000 JavaThread "Unconstrained build operations Thread 17" [_thread_blocked, id=9296, stack(0x0000005eda600000,0x0000005eda700000)]
  0x0000020d7b7cf800 JavaThread "Unconstrained build operations Thread 18" [_thread_blocked, id=9876, stack(0x0000005eda700000,0x0000005eda800000)]
  0x0000020d7b7d1800 JavaThread "Unconstrained build operations Thread 19" [_thread_blocked, id=8300, stack(0x0000005eda800000,0x0000005eda900000)]
  0x0000020d7b7d0800 JavaThread "Unconstrained build operations Thread 20" [_thread_blocked, id=4020, stack(0x0000005eda900000,0x0000005edaa00000)]
  0x0000020d7b7d2000 JavaThread "Unconstrained build operations Thread 21" [_thread_blocked, id=1216, stack(0x0000005edaa00000,0x0000005edab00000)]
  0x0000020d77bec800 JavaThread "Unconstrained build operations Thread 22" [_thread_blocked, id=4176, stack(0x0000005edab00000,0x0000005edac00000)]
  0x0000020d77bf1800 JavaThread "Unconstrained build operations Thread 23" [_thread_blocked, id=2164, stack(0x0000005edac00000,0x0000005edad00000)]
  0x0000020d77bf2800 JavaThread "Unconstrained build operations Thread 24" [_thread_blocked, id=10056, stack(0x0000005edad00000,0x0000005edae00000)]
  0x0000020d77bed800 JavaThread "Unconstrained build operations Thread 25" [_thread_blocked, id=2560, stack(0x0000005edae00000,0x0000005edaf00000)]
  0x0000020d77bee800 JavaThread "Unconstrained build operations Thread 26" [_thread_blocked, id=1144, stack(0x0000005edaf00000,0x0000005edb000000)]
  0x0000020d77bf3800 JavaThread "Unconstrained build operations Thread 27" [_thread_blocked, id=1256, stack(0x0000005edb000000,0x0000005edb100000)]
  0x0000020d77bef000 JavaThread "Unconstrained build operations Thread 28" [_thread_blocked, id=6816, stack(0x0000005edb100000,0x0000005edb200000)]
  0x0000020d77bf6800 JavaThread "Unconstrained build operations Thread 29" [_thread_blocked, id=1728, stack(0x0000005edb200000,0x0000005edb300000)]
  0x0000020d77bf1000 JavaThread "Unconstrained build operations Thread 30" [_thread_blocked, id=9720, stack(0x0000005edb300000,0x0000005edb400000)]
  0x0000020d77bf4000 JavaThread "Unconstrained build operations Thread 31" [_thread_blocked, id=9412, stack(0x0000005edb400000,0x0000005edb500000)]
  0x0000020d77bf7800 JavaThread "Unconstrained build operations Thread 32" [_thread_blocked, id=4932, stack(0x0000005edb500000,0x0000005edb600000)]
  0x0000020d77bf5000 JavaThread "Unconstrained build operations Thread 33" [_thread_blocked, id=7544, stack(0x0000005edb600000,0x0000005edb700000)]
  0x0000020d77bfa800 JavaThread "Unconstrained build operations Thread 34" [_thread_blocked, id=8344, stack(0x0000005edb700000,0x0000005edb800000)]
  0x0000020d77bfb800 JavaThread "Unconstrained build operations Thread 35" [_thread_blocked, id=7700, stack(0x0000005edb800000,0x0000005edb900000)]
  0x0000020d77bf9000 JavaThread "Unconstrained build operations Thread 36" [_thread_blocked, id=7876, stack(0x0000005edb900000,0x0000005edba00000)]
  0x0000020d77bf8000 JavaThread "Unconstrained build operations Thread 37" [_thread_blocked, id=5288, stack(0x0000005edba00000,0x0000005edbb00000)]
  0x0000020d77bf5800 JavaThread "Unconstrained build operations Thread 38" [_thread_blocked, id=8520, stack(0x0000005edbb00000,0x0000005edbc00000)]
  0x0000020d77bfa000 JavaThread "Unconstrained build operations Thread 39" [_thread_blocked, id=9056, stack(0x0000005edbc00000,0x0000005edbd00000)]
  0x0000020d017c4800 JavaThread "Unconstrained build operations Thread 40" [_thread_blocked, id=2192, stack(0x0000005edbd00000,0x0000005edbe00000)]
=>0x0000020d77ac5000 JavaThread "C2 CompilerThread1" daemon [_thread_in_native, id=9184, stack(0x0000005edbf00000,0x0000005edc000000)]
  0x0000020d017c3800 JavaThread "build event listener" [_thread_blocked, id=4500, stack(0x0000005edc000000,0x0000005edc100000)]
  0x0000020d017c3000 JavaThread "Execution worker for ':'" [_thread_blocked, id=8592, stack(0x0000005edc100000,0x0000005edc200000)]
  0x0000020d017c5800 JavaThread "Execution worker for ':' Thread 2" [_thread_blocked, id=7880, stack(0x0000005edc400000,0x0000005edc500000)]
  0x0000020d017c7000 JavaThread "Execution worker for ':' Thread 3" [_thread_in_Java, id=9276, stack(0x0000005edc500000,0x0000005edc600000)]
  0x0000020d017c1800 JavaThread "Cache worker for execution history cache (D:\BaiTapTuan\QTBai4\.gradle\7.2\executionHistory)" [_thread_blocked, id=9156, stack(0x0000005edc600000,0x0000005edc700000)]

Other Threads:
  0x0000020d76b3e800 VMThread "VM Thread" [stack: 0x0000005ed7100000,0x0000005ed7200000] [id=5972]
  0x0000020d7766b000 WatcherThread [stack: 0x0000005ed7b00000,0x0000005ed7c00000] [id=1692]
  0x0000020d5cf76800 GCTaskThread "GC Thread#0" [stack: 0x0000005ed6c00000,0x0000005ed6d00000] [id=5704]
  0x0000020d77f70800 GCTaskThread "GC Thread#1" [stack: 0x0000005ed7d00000,0x0000005ed7e00000] [id=4596]
  0x0000020d77af5000 GCTaskThread "GC Thread#2" [stack: 0x0000005ed7e00000,0x0000005ed7f00000] [id=7816]
  0x0000020d78830000 GCTaskThread "GC Thread#3" [stack: 0x0000005ed8800000,0x0000005ed8900000] [id=828]
  0x0000020d5cfaa000 ConcurrentGCThread "G1 Main Marker" [stack: 0x0000005ed6d00000,0x0000005ed6e00000] [id=7708]
  0x0000020d5cfab800 ConcurrentGCThread "G1 Conc#0" [stack: 0x0000005ed6e00000,0x0000005ed6f00000] [id=1904]
  0x0000020d5d03b800 ConcurrentGCThread "G1 Refine#0" [stack: 0x0000005ed6f00000,0x0000005ed7000000] [id=9908]
  0x0000020d5d03c800 ConcurrentGCThread "G1 Young RemSet Sampling" [stack: 0x0000005ed7000000,0x0000005ed7100000] [id=3064]

Threads with active compile tasks:
C2 CompilerThread03845264 30251       4       org.gradle.api.internal.artifacts.ivyservice.modulecache.PersistentModuleMetadataCache$$Lambda$456/0x0000000100610040::create (16 bytes)
C2 CompilerThread13845264 30252       4       org.gradle.api.internal.artifacts.ivyservice.modulecache.PersistentModuleMetadataCache::lambda$get$0 (81 bytes)

VM state:not at safepoint (normal execution)

VM Mutex/Monitor currently owned by a thread: None

Heap address: 0x0000000080000000, size: 2048 MB, Compressed Oops mode: 32-bit
Narrow klass base: 0x0000000000000000, Narrow klass shift: 3
Compressed class space size: 1073741824 Address: 0x0000000100000000

Heap:
 garbage-first heap   total 227328K, used 111885K [0x0000000080000000, 0x0000000100000000)
  region size 1024K, 25 young (25600K), 1 survivors (1024K)
 Metaspace       used 128186K, capacity 132736K, committed 132844K, reserved 1165312K
  class space    used 15746K, capacity 17400K, committed 17432K, reserved 1048576K
Heap Regions: E=young(eden), S=young(survivor), O=old, HS=humongous(starts), HC=humongous(continues), CS=collection set, F=free, A=archive, TAMS=top-at-mark-start (previous, next)
|   0|0x0000000080000000, 0x0000000080100000, 0x0000000080100000|100%| O|  |TAMS 0x0000000080100000, 0x0000000080000000| Untracked 
|   1|0x0000000080100000, 0x0000000080200000, 0x0000000080200000|100%| O|  |TAMS 0x0000000080200000, 0x0000000080100000| Untracked 
|   2|0x0000000080200000, 0x0000000080300000, 0x0000000080300000|100%| O|  |TAMS 0x0000000080300000, 0x0000000080200000| Untracked 
|   3|0x0000000080300000, 0x0000000080400000, 0x0000000080400000|100%|HS|  |TAMS 0x0000000080400000, 0x0000000080300000| Complete 
|   4|0x0000000080400000, 0x0000000080500000, 0x0000000080500000|100%|HC|  |TAMS 0x0000000080500000, 0x0000000080400000| Complete 
|   5|0x0000000080500000, 0x0000000080600000, 0x0000000080600000|100%|HC|  |TAMS 0x0000000080600000, 0x0000000080500000| Complete 
|   6|0x0000000080600000, 0x0000000080700000, 0x0000000080700000|100%| O|  |TAMS 0x0000000080700000, 0x0000000080600000| Untracked 
|   7|0x0000000080700000, 0x0000000080800000, 0x0000000080800000|100%| O|  |TAMS 0x0000000080800000, 0x0000000080700000| Untracked 
|   8|0x0000000080800000, 0x0000000080900000, 0x0000000080900000|100%| O|  |TAMS 0x0000000080900000, 0x0000000080800000| Untracked 
|   9|0x0000000080900000, 0x0000000080a00000, 0x0000000080a00000|100%| O|  |TAMS 0x0000000080a00000, 0x0000000080900000| Untracked 
|  10|0x0000000080a00000, 0x0000000080b00000, 0x0000000080b00000|100%| O|  |TAMS 0x0000000080b00000, 0x0000000080a00000| Untracked 
|  11|0x0000000080b00000, 0x0000000080c00000, 0x0000000080c00000|100%| O|  |TAMS 0x0000000080c00000, 0x0000000080b00000| Untracked 
|  12|0x0000000080c00000, 0x0000000080d00000, 0x0000000080d00000|100%| O|  |TAMS 0x0000000080d00000, 0x0000000080c00000| Untracked 
|  13|0x0000000080d00000, 0x0000000080e00000, 0x0000000080e00000|100%| O|  |TAMS 0x0000000080e00000, 0x0000000080d00000| Untracked 
|  14|0x0000000080e00000, 0x0000000080f00000, 0x0000000080f00000|100%| O|  |TAMS 0x0000000080f00000, 0x0000000080e00000| Untracked 
|  15|0x0000000080f00000, 0x0000000081000000, 0x0000000081000000|100%| O|  |TAMS 0x0000000081000000, 0x0000000080f00000| Untracked 
|  16|0x0000000081000000, 0x0000000081100000, 0x0000000081100000|100%| O|  |TAMS 0x0000000081100000, 0x0000000081000000| Untracked 
|  17|0x0000000081100000, 0x0000000081200000, 0x0000000081200000|100%| O|  |TAMS 0x0000000081200000, 0x0000000081100000| Untracked 
|  18|0x0000000081200000, 0x0000000081300000, 0x0000000081300000|100%| O|  |TAMS 0x0000000081300000, 0x0000000081200000| Untracked 
|  19|0x0000000081300000, 0x0000000081400000, 0x0000000081400000|100%|HS|  |TAMS 0x0000000081400000, 0x0000000081300000| Complete 
|  20|0x0000000081400000, 0x0000000081500000, 0x0000000081500000|100%| O|  |TAMS 0x0000000081500000, 0x0000000081400000| Untracked 
|  21|0x0000000081500000, 0x0000000081600000, 0x0000000081600000|100%| O|  |TAMS 0x0000000081600000, 0x0000000081500000| Untracked 
|  22|0x0000000081600000, 0x0000000081700000, 0x0000000081700000|100%| O|  |TAMS 0x0000000081700000, 0x0000000081600000| Untracked 
|  23|0x0000000081700000, 0x0000000081800000, 0x0000000081800000|100%|HS|  |TAMS 0x0000000081800000, 0x0000000081700000| Complete 
|  24|0x0000000081800000, 0x0000000081900000, 0x0000000081900000|100%|HS|  |TAMS 0x0000000081900000, 0x0000000081800000| Complete 
|  25|0x0000000081900000, 0x0000000081a00000, 0x0000000081a00000|100%|HS|  |TAMS 0x0000000081a00000, 0x0000000081900000| Complete 
|  26|0x0000000081a00000, 0x0000000081b00000, 0x0000000081b00000|100%|HC|  |TAMS 0x0000000081b00000, 0x0000000081a00000| Complete 
|  27|0x0000000081b00000, 0x0000000081c00000, 0x0000000081c00000|100%| O|  |TAMS 0x0000000081c00000, 0x0000000081b00000| Untracked 
|  28|0x0000000081c00000, 0x0000000081d00000, 0x0000000081d00000|100%| O|  |TAMS 0x0000000081d00000, 0x0000000081c00000| Untracked 
|  29|0x0000000081d00000, 0x0000000081d00000, 0x0000000081e00000|  0%| F|  |TAMS 0x0000000081d00000, 0x0000000081d00000| Untracked 
|  30|0x0000000081e00000, 0x0000000081f00000, 0x0000000081f00000|100%| O|  |TAMS 0x0000000081f00000, 0x0000000081e00000| Untracked 
|  31|0x0000000081f00000, 0x0000000082000000, 0x0000000082000000|100%| O|  |TAMS 0x0000000082000000, 0x0000000081f00000| Untracked 
|  32|0x0000000082000000, 0x0000000082100000, 0x0000000082100000|100%| O|  |TAMS 0x0000000082100000, 0x0000000082000000| Untracked 
|  33|0x0000000082100000, 0x0000000082200000, 0x0000000082200000|100%| O|  |TAMS 0x0000000082200000, 0x0000000082100000| Untracked 
|  34|0x0000000082200000, 0x0000000082300000, 0x0000000082300000|100%| O|  |TAMS 0x0000000082300000, 0x0000000082200000| Untracked 
|  35|0x0000000082300000, 0x0000000082400000, 0x0000000082400000|100%| O|  |TAMS 0x0000000082400000, 0x0000000082300000| Untracked 
|  36|0x0000000082400000, 0x0000000082500000, 0x0000000082500000|100%| O|  |TAMS 0x0000000082500000, 0x0000000082400000| Untracked 
|  37|0x0000000082500000, 0x0000000082600000, 0x0000000082600000|100%| O|  |TAMS 0x0000000082600000, 0x0000000082500000| Untracked 
|  38|0x0000000082600000, 0x0000000082700000, 0x0000000082700000|100%| O|  |TAMS 0x0000000082700000, 0x0000000082600000| Untracked 
|  39|0x0000000082700000, 0x0000000082800000, 0x0000000082800000|100%| O|  |TAMS 0x0000000082800000, 0x0000000082700000| Untracked 
|  40|0x0000000082800000, 0x0000000082900000, 0x0000000082900000|100%| O|  |TAMS 0x0000000082900000, 0x0000000082800000| Untracked 
|  41|0x0000000082900000, 0x0000000082a00000, 0x0000000082a00000|100%| O|  |TAMS 0x0000000082a00000, 0x0000000082900000| Untracked 
|  42|0x0000000082a00000, 0x0000000082b00000, 0x0000000082b00000|100%| O|  |TAMS 0x0000000082b00000, 0x0000000082a00000| Untracked 
|  43|0x0000000082b00000, 0x0000000082c00000, 0x0000000082c00000|100%| O|  |TAMS 0x0000000082c00000, 0x0000000082b00000| Untracked 
|  44|0x0000000082c00000, 0x0000000082d00000, 0x0000000082d00000|100%| O|  |TAMS 0x0000000082d00000, 0x0000000082c00000| Untracked 
|  45|0x0000000082d00000, 0x0000000082e00000, 0x0000000082e00000|100%| O|  |TAMS 0x0000000082e00000, 0x0000000082d00000| Untracked 
|  46|0x0000000082e00000, 0x0000000082f00000, 0x0000000082f00000|100%| O|  |TAMS 0x0000000082f00000, 0x0000000082e00000| Untracked 
|  47|0x0000000082f00000, 0x0000000083000000, 0x0000000083000000|100%| O|  |TAMS 0x0000000083000000, 0x0000000082f00000| Untracked 
|  48|0x0000000083000000, 0x0000000083100000, 0x0000000083100000|100%|HS|  |TAMS 0x0000000083000000, 0x0000000083000000| Complete 
|  49|0x0000000083100000, 0x0000000083200000, 0x0000000083200000|100%|HC|  |TAMS 0x0000000083100000, 0x0000000083100000| Complete 
|  50|0x0000000083200000, 0x0000000083200000, 0x0000000083300000|  0%| F|  |TAMS 0x0000000083200000, 0x0000000083200000| Untracked 
|  51|0x0000000083300000, 0x0000000083300000, 0x0000000083400000|  0%| F|  |TAMS 0x0000000083300000, 0x0000000083300000| Untracked 
|  52|0x0000000083400000, 0x0000000083500000, 0x0000000083500000|100%| O|  |TAMS 0x0000000083500000, 0x0000000083400000| Untracked 
|  53|0x0000000083500000, 0x0000000083600000, 0x0000000083600000|100%| O|  |TAMS 0x0000000083600000, 0x0000000083500000| Untracked 
|  54|0x0000000083600000, 0x0000000083700000, 0x0000000083700000|100%| O|  |TAMS 0x0000000083700000, 0x0000000083600000| Untracked 
|  55|0x0000000083700000, 0x0000000083800000, 0x0000000083800000|100%| O|  |TAMS 0x0000000083700000, 0x0000000083700000| Untracked 
|  56|0x0000000083800000, 0x0000000083900000, 0x0000000083900000|100%| O|  |TAMS 0x0000000083900000, 0x0000000083800000| Untracked 
|  57|0x0000000083900000, 0x0000000083900000, 0x0000000083a00000|  0%| F|  |TAMS 0x0000000083900000, 0x0000000083900000| Untracked 
|  58|0x0000000083a00000, 0x0000000083b00000, 0x0000000083b00000|100%| O|  |TAMS 0x0000000083b00000, 0x0000000083a00000| Untracked 
|  59|0x0000000083b00000, 0x0000000083c00000, 0x0000000083c00000|100%| O|  |TAMS 0x0000000083c00000, 0x0000000083b00000| Untracked 
|  60|0x0000000083c00000, 0x0000000083d00000, 0x0000000083d00000|100%| O|  |TAMS 0x0000000083c00000, 0x0000000083c00000| Untracked 
|  61|0x0000000083d00000, 0x0000000083e00000, 0x0000000083e00000|100%| O|  |TAMS 0x0000000083e00000, 0x0000000083d00000| Untracked 
|  62|0x0000000083e00000, 0x0000000083e00000, 0x0000000083f00000|  0%| F|  |TAMS 0x0000000083e00000, 0x0000000083e00000| Untracked 
|  63|0x0000000083f00000, 0x0000000084000000, 0x0000000084000000|100%| O|  |TAMS 0x0000000084000000, 0x0000000083f00000| Untracked 
|  64|0x0000000084000000, 0x0000000084000000, 0x0000000084100000|  0%| F|  |TAMS 0x0000000084000000, 0x0000000084000000| Untracked 
|  65|0x0000000084100000, 0x0000000084100000, 0x0000000084200000|  0%| F|  |TAMS 0x0000000084100000, 0x0000000084100000| Untracked 
|  66|0x0000000084200000, 0x0000000084300000, 0x0000000084300000|100%| O|  |TAMS 0x0000000084300000, 0x0000000084200000| Untracked 
|  67|0x0000000084300000, 0x0000000084400000, 0x0000000084400000|100%| O|  |TAMS 0x0000000084400000, 0x0000000084300000| Untracked 
|  68|0x0000000084400000, 0x0000000084500000, 0x0000000084500000|100%| O|  |TAMS 0x0000000084500000, 0x0000000084400000| Untracked 
|  69|0x0000000084500000, 0x0000000084600000, 0x0000000084600000|100%| O|  |TAMS 0x0000000084600000, 0x0000000084500000| Untracked 
|  70|0x0000000084600000, 0x0000000084700000, 0x0000000084700000|100%| O|  |TAMS 0x0000000084700000, 0x0000000084600000| Untracked 
|  71|0x0000000084700000, 0x0000000084800000, 0x0000000084800000|100%| O|  |TAMS 0x0000000084800000, 0x0000000084700000| Untracked 
|  72|0x0000000084800000, 0x0000000084900000, 0x0000000084900000|100%| O|  |TAMS 0x0000000084900000, 0x0000000084800000| Untracked 
|  73|0x0000000084900000, 0x0000000084a00000, 0x0000000084a00000|100%| O|  |TAMS 0x0000000084a00000, 0x0000000084900000| Untracked 
|  74|0x0000000084a00000, 0x0000000084b00000, 0x0000000084b00000|100%| O|  |TAMS 0x0000000084a00000, 0x0000000084a00000| Untracked 
|  75|0x0000000084b00000, 0x0000000084b6b400, 0x0000000084c00000| 41%| O|  |TAMS 0x0000000084b00000, 0x0000000084b00000| Untracked 
|  76|0x0000000084c00000, 0x0000000084d00000, 0x0000000084d00000|100%| O|  |TAMS 0x0000000084c00000, 0x0000000084c00000| Untracked 
|  77|0x0000000084d00000, 0x0000000084e00000, 0x0000000084e00000|100%| O|  |TAMS 0x0000000084d24600, 0x0000000084d00000| Untracked 
|  78|0x0000000084e00000, 0x0000000084f00000, 0x0000000084f00000|100%| O|  |TAMS 0x0000000084e00000, 0x0000000084e00000| Untracked 
|  79|0x0000000084f00000, 0x0000000084f00000, 0x0000000085000000|  0%| F|  |TAMS 0x0000000084f00000, 0x0000000084f00000| Untracked 
|  80|0x0000000085000000, 0x0000000085100000, 0x0000000085100000|100%| O|  |TAMS 0x0000000085100000, 0x0000000085000000| Untracked 
|  81|0x0000000085100000, 0x0000000085200000, 0x0000000085200000|100%| O|  |TAMS 0x0000000085200000, 0x0000000085100000| Untracked 
|  82|0x0000000085200000, 0x0000000085300000, 0x0000000085300000|100%| O|  |TAMS 0x0000000085300000, 0x0000000085200000| Untracked 
|  83|0x0000000085300000, 0x0000000085300000, 0x0000000085400000|  0%| F|  |TAMS 0x0000000085300000, 0x0000000085300000| Untracked 
|  84|0x0000000085400000, 0x0000000085500000, 0x0000000085500000|100%| O|  |TAMS 0x0000000085500000, 0x0000000085400000| Untracked 
|  85|0x0000000085500000, 0x0000000085500000, 0x0000000085600000|  0%| F|  |TAMS 0x0000000085500000, 0x0000000085500000| Untracked 
|  86|0x0000000085600000, 0x0000000085600000, 0x0000000085700000|  0%| F|  |TAMS 0x0000000085600000, 0x0000000085600000| Untracked 
|  87|0x0000000085700000, 0x0000000085700000, 0x0000000085800000|  0%| F|  |TAMS 0x0000000085700000, 0x0000000085700000| Untracked 
|  88|0x0000000085800000, 0x0000000085800000, 0x0000000085900000|  0%| F|  |TAMS 0x0000000085800000, 0x0000000085800000| Untracked 
|  89|0x0000000085900000, 0x0000000085900000, 0x0000000085a00000|  0%| F|  |TAMS 0x0000000085900000, 0x0000000085900000| Untracked 
|  90|0x0000000085a00000, 0x0000000085b00000, 0x0000000085b00000|100%| O|  |TAMS 0x0000000085b00000, 0x0000000085a00000| Untracked 
|  91|0x0000000085b00000, 0x0000000085b00000, 0x0000000085c00000|  0%| F|  |TAMS 0x0000000085b00000, 0x0000000085b00000| Untracked 
|  92|0x0000000085c00000, 0x0000000085d00000, 0x0000000085d00000|100%| O|  |TAMS 0x0000000085d00000, 0x0000000085c00000| Untracked 
|  93|0x0000000085d00000, 0x0000000085e00000, 0x0000000085e00000|100%| O|  |TAMS 0x0000000085e00000, 0x0000000085d00000| Untracked 
|  94|0x0000000085e00000, 0x0000000085f00000, 0x0000000085f00000|100%| O|  |TAMS 0x0000000085f00000, 0x0000000085e00000| Untracked 
|  95|0x0000000085f00000, 0x0000000086000000, 0x0000000086000000|100%| O|  |TAMS 0x0000000086000000, 0x0000000085f00000| Untracked 
|  96|0x0000000086000000, 0x0000000086000000, 0x0000000086100000|  0%| F|  |TAMS 0x0000000086000000, 0x0000000086000000| Untracked 
|  97|0x0000000086100000, 0x0000000086100000, 0x0000000086200000|  0%| F|  |TAMS 0x0000000086100000, 0x0000000086100000| Untracked 
|  98|0x0000000086200000, 0x0000000086200000, 0x0000000086300000|  0%| F|  |TAMS 0x0000000086200000, 0x0000000086200000| Untracked 
|  99|0x0000000086300000, 0x0000000086400000, 0x0000000086400000|100%| O|  |TAMS 0x0000000086400000, 0x0000000086300000| Untracked 
| 100|0x0000000086400000, 0x0000000086400000, 0x0000000086500000|  0%| F|  |TAMS 0x0000000086400000, 0x0000000086400000| Untracked 
| 101|0x0000000086500000, 0x0000000086500000, 0x0000000086600000|  0%| F|  |TAMS 0x0000000086500000, 0x0000000086500000| Untracked 
| 102|0x0000000086600000, 0x0000000086600000, 0x0000000086700000|  0%| F|  |TAMS 0x0000000086600000, 0x0000000086600000| Untracked 
| 103|0x0000000086700000, 0x0000000086800000, 0x0000000086800000|100%| O|  |TAMS 0x0000000086800000, 0x0000000086700000| Untracked 
| 104|0x0000000086800000, 0x0000000086800000, 0x0000000086900000|  0%| F|  |TAMS 0x0000000086800000, 0x0000000086800000| Untracked 
| 105|0x0000000086900000, 0x0000000086900000, 0x0000000086a00000|  0%| F|  |TAMS 0x0000000086900000, 0x0000000086900000| Untracked 
| 106|0x0000000086a00000, 0x0000000086a00000, 0x0000000086b00000|  0%| F|  |TAMS 0x0000000086a00000, 0x0000000086a00000| Untracked 
| 107|0x0000000086b00000, 0x0000000086b00000, 0x0000000086c00000|  0%| F|  |TAMS 0x0000000086b00000, 0x0000000086b00000| Untracked 
| 108|0x0000000086c00000, 0x0000000086c00000, 0x0000000086d00000|  0%| F|  |TAMS 0x0000000086c00000, 0x0000000086c00000| Untracked 
| 109|0x0000000086d00000, 0x0000000086d00000, 0x0000000086e00000|  0%| F|  |TAMS 0x0000000086d00000, 0x0000000086d00000| Untracked 
| 110|0x0000000086e00000, 0x0000000086e00000, 0x0000000086f00000|  0%| F|  |TAMS 0x0000000086e00000, 0x0000000086e00000| Untracked 
| 111|0x0000000086f00000, 0x0000000086f00000, 0x0000000087000000|  0%| F|  |TAMS 0x0000000086f00000, 0x0000000086f00000| Untracked 
| 112|0x0000000087000000, 0x0000000087000000, 0x0000000087100000|  0%| F|  |TAMS 0x0000000087000000, 0x0000000087000000| Untracked 
| 113|0x0000000087100000, 0x0000000087200000, 0x0000000087200000|100%| O|  |TAMS 0x0000000087200000, 0x0000000087100000| Untracked 
| 114|0x0000000087200000, 0x0000000087200000, 0x0000000087300000|  0%| F|  |TAMS 0x0000000087200000, 0x0000000087200000| Untracked 
| 115|0x0000000087300000, 0x0000000087400000, 0x0000000087400000|100%| O|  |TAMS 0x0000000087400000, 0x0000000087300000| Untracked 
| 116|0x0000000087400000, 0x0000000087400000, 0x0000000087500000|  0%| F|  |TAMS 0x0000000087400000, 0x0000000087400000| Untracked 
| 117|0x0000000087500000, 0x0000000087500000, 0x0000000087600000|  0%| F|  |TAMS 0x0000000087500000, 0x0000000087500000| Untracked 
| 118|0x0000000087600000, 0x0000000087600000, 0x0000000087700000|  0%| F|  |TAMS 0x0000000087600000, 0x0000000087600000| Untracked 
| 119|0x0000000087700000, 0x0000000087700000, 0x0000000087800000|  0%| F|  |TAMS 0x0000000087700000, 0x0000000087700000| Untracked 
| 120|0x0000000087800000, 0x0000000087800000, 0x0000000087900000|  0%| F|  |TAMS 0x0000000087800000, 0x0000000087800000| Untracked 
| 121|0x0000000087900000, 0x0000000087900000, 0x0000000087a00000|  0%| F|  |TAMS 0x0000000087900000, 0x0000000087900000| Untracked 
| 122|0x0000000087a00000, 0x0000000087a00000, 0x0000000087b00000|  0%| F|  |TAMS 0x0000000087a00000, 0x0000000087a00000| Untracked 
| 123|0x0000000087b00000, 0x0000000087b00000, 0x0000000087c00000|  0%| F|  |TAMS 0x0000000087b00000, 0x0000000087b00000| Untracked 
| 124|0x0000000087c00000, 0x0000000087c00000, 0x0000000087d00000|  0%| F|  |TAMS 0x0000000087c00000, 0x0000000087c00000| Untracked 
| 125|0x0000000087d00000, 0x0000000087d00000, 0x0000000087e00000|  0%| F|  |TAMS 0x0000000087d00000, 0x0000000087d00000| Untracked 
| 126|0x0000000087e00000, 0x0000000087e00000, 0x0000000087f00000|  0%| F|  |TAMS 0x0000000087e00000, 0x0000000087e00000| Untracked 
| 127|0x0000000087f00000, 0x0000000088000000, 0x0000000088000000|100%| O|  |TAMS 0x0000000088000000, 0x0000000087f00000| Untracked 
| 128|0x0000000088000000, 0x0000000088000000, 0x0000000088100000|  0%| F|  |TAMS 0x0000000088000000, 0x0000000088000000| Untracked 
| 129|0x0000000088100000, 0x0000000088100000, 0x0000000088200000|  0%| F|  |TAMS 0x0000000088100000, 0x0000000088100000| Untracked 
| 130|0x0000000088200000, 0x0000000088200000, 0x0000000088300000|  0%| F|  |TAMS 0x0000000088200000, 0x0000000088200000| Untracked 
| 131|0x0000000088300000, 0x0000000088300000, 0x0000000088400000|  0%| F|  |TAMS 0x0000000088300000, 0x0000000088300000| Untracked 
| 132|0x0000000088400000, 0x0000000088400000, 0x0000000088500000|  0%| F|  |TAMS 0x0000000088400000, 0x0000000088400000| Untracked 
| 133|0x0000000088500000, 0x0000000088500000, 0x0000000088600000|  0%| F|  |TAMS 0x0000000088500000, 0x0000000088500000| Untracked 
| 134|0x0000000088600000, 0x0000000088600000, 0x0000000088700000|  0%| F|  |TAMS 0x0000000088600000, 0x0000000088600000| Untracked 
| 135|0x0000000088700000, 0x0000000088700000, 0x0000000088800000|  0%| F|  |TAMS 0x0000000088700000, 0x0000000088700000| Untracked 
| 136|0x0000000088800000, 0x0000000088800000, 0x0000000088900000|  0%| F|  |TAMS 0x0000000088800000, 0x0000000088800000| Untracked 
| 137|0x0000000088900000, 0x0000000088900000, 0x0000000088a00000|  0%| F|  |TAMS 0x0000000088900000, 0x0000000088900000| Untracked 
| 138|0x0000000088a00000, 0x0000000088a00000, 0x0000000088b00000|  0%| F|  |TAMS 0x0000000088a00000, 0x0000000088a00000| Untracked 
| 139|0x0000000088b00000, 0x0000000088b00000, 0x0000000088c00000|  0%| F|  |TAMS 0x0000000088b00000, 0x0000000088b00000| Untracked 
| 140|0x0000000088c00000, 0x0000000088c00000, 0x0000000088d00000|  0%| F|  |TAMS 0x0000000088c00000, 0x0000000088c00000| Untracked 
| 141|0x0000000088d00000, 0x0000000088d00000, 0x0000000088e00000|  0%| F|  |TAMS 0x0000000088d00000, 0x0000000088d00000| Untracked 
| 142|0x0000000088e00000, 0x0000000088e00000, 0x0000000088f00000|  0%| F|  |TAMS 0x0000000088e00000, 0x0000000088e00000| Untracked 
| 143|0x0000000088f00000, 0x0000000088f00000, 0x0000000089000000|  0%| F|  |TAMS 0x0000000088f00000, 0x0000000088f00000| Untracked 
| 144|0x0000000089000000, 0x0000000089000000, 0x0000000089100000|  0%| F|  |TAMS 0x0000000089000000, 0x0000000089000000| Untracked 
| 145|0x0000000089100000, 0x0000000089100000, 0x0000000089200000|  0%| F|  |TAMS 0x0000000089100000, 0x0000000089100000| Untracked 
| 146|0x0000000089200000, 0x0000000089200000, 0x0000000089300000|  0%| F|  |TAMS 0x0000000089200000, 0x0000000089200000| Untracked 
| 147|0x0000000089300000, 0x0000000089300000, 0x0000000089400000|  0%| F|  |TAMS 0x0000000089300000, 0x0000000089300000| Untracked 
| 148|0x0000000089400000, 0x0000000089400000, 0x0000000089500000|  0%| F|  |TAMS 0x0000000089400000, 0x0000000089400000| Untracked 
| 149|0x0000000089500000, 0x0000000089500000, 0x0000000089600000|  0%| F|  |TAMS 0x0000000089500000, 0x0000000089500000| Untracked 
| 150|0x0000000089600000, 0x0000000089600000, 0x0000000089700000|  0%| F|  |TAMS 0x0000000089600000, 0x0000000089600000| Untracked 
| 151|0x0000000089700000, 0x0000000089700000, 0x0000000089800000|  0%| F|  |TAMS 0x0000000089700000, 0x0000000089700000| Untracked 
| 152|0x0000000089800000, 0x0000000089800000, 0x0000000089900000|  0%| F|  |TAMS 0x0000000089800000, 0x0000000089800000| Untracked 
| 153|0x0000000089900000, 0x0000000089900000, 0x0000000089a00000|  0%| F|  |TAMS 0x0000000089900000, 0x0000000089900000| Untracked 
| 154|0x0000000089a00000, 0x0000000089a00000, 0x0000000089b00000|  0%| F|  |TAMS 0x0000000089a00000, 0x0000000089a00000| Untracked 
| 155|0x0000000089b00000, 0x0000000089b00000, 0x0000000089c00000|  0%| F|  |TAMS 0x0000000089b00000, 0x0000000089b00000| Untracked 
| 156|0x0000000089c00000, 0x0000000089c00000, 0x0000000089d00000|  0%| F|  |TAMS 0x0000000089c00000, 0x0000000089c00000| Untracked 
| 157|0x0000000089d00000, 0x0000000089d00000, 0x0000000089e00000|  0%| F|  |TAMS 0x0000000089d00000, 0x0000000089d00000| Untracked 
| 158|0x0000000089e00000, 0x0000000089e00000, 0x0000000089f00000|  0%| F|  |TAMS 0x0000000089e00000, 0x0000000089e00000| Untracked 
| 159|0x0000000089f00000, 0x0000000089f00000, 0x000000008a000000|  0%| F|  |TAMS 0x0000000089f00000, 0x0000000089f00000| Untracked 
| 160|0x000000008a000000, 0x000000008a000000, 0x000000008a100000|  0%| F|  |TAMS 0x000000008a000000, 0x000000008a000000| Untracked 
| 161|0x000000008a100000, 0x000000008a100000, 0x000000008a200000|  0%| F|  |TAMS 0x000000008a100000, 0x000000008a100000| Untracked 
| 162|0x000000008a200000, 0x000000008a200000, 0x000000008a300000|  0%| F|  |TAMS 0x000000008a200000, 0x000000008a200000| Untracked 
| 163|0x000000008a300000, 0x000000008a300000, 0x000000008a400000|  0%| F|  |TAMS 0x000000008a300000, 0x000000008a300000| Untracked 
| 164|0x000000008a400000, 0x000000008a400000, 0x000000008a500000|  0%| F|  |TAMS 0x000000008a400000, 0x000000008a400000| Untracked 
| 165|0x000000008a500000, 0x000000008a500000, 0x000000008a600000|  0%| F|  |TAMS 0x000000008a500000, 0x000000008a500000| Untracked 
| 166|0x000000008a600000, 0x000000008a600000, 0x000000008a700000|  0%| F|  |TAMS 0x000000008a600000, 0x000000008a600000| Untracked 
| 167|0x000000008a700000, 0x000000008a700000, 0x000000008a800000|  0%| F|  |TAMS 0x000000008a700000, 0x000000008a700000| Untracked 
| 168|0x000000008a800000, 0x000000008a800000, 0x000000008a900000|  0%| F|  |TAMS 0x000000008a800000, 0x000000008a800000| Untracked 
| 169|0x000000008a900000, 0x000000008a900000, 0x000000008aa00000|  0%| F|  |TAMS 0x000000008a900000, 0x000000008a900000| Untracked 
| 170|0x000000008aa00000, 0x000000008aa00000, 0x000000008ab00000|  0%| F|  |TAMS 0x000000008aa00000, 0x000000008aa00000| Untracked 
| 171|0x000000008ab00000, 0x000000008ab00000, 0x000000008ac00000|  0%| F|  |TAMS 0x000000008ab00000, 0x000000008ab00000| Untracked 
| 172|0x000000008ac00000, 0x000000008ac00000, 0x000000008ad00000|  0%| F|  |TAMS 0x000000008ac00000, 0x000000008ac00000| Untracked 
| 173|0x000000008ad00000, 0x000000008ad00000, 0x000000008ae00000|  0%| F|  |TAMS 0x000000008ad00000, 0x000000008ad00000| Untracked 
| 174|0x000000008ae00000, 0x000000008ae00000, 0x000000008af00000|  0%| F|  |TAMS 0x000000008ae00000, 0x000000008ae00000| Untracked 
| 175|0x000000008af00000, 0x000000008af00000, 0x000000008b000000|  0%| F|  |TAMS 0x000000008af00000, 0x000000008af00000| Untracked 
| 176|0x000000008b000000, 0x000000008b000000, 0x000000008b100000|  0%| F|  |TAMS 0x000000008b000000, 0x000000008b000000| Untracked 
| 177|0x000000008b100000, 0x000000008b100000, 0x000000008b200000|  0%| F|  |TAMS 0x000000008b100000, 0x000000008b100000| Untracked 
| 178|0x000000008b200000, 0x000000008b200000, 0x000000008b300000|  0%| F|  |TAMS 0x000000008b200000, 0x000000008b200000| Untracked 
| 179|0x000000008b300000, 0x000000008b300000, 0x000000008b400000|  0%| F|  |TAMS 0x000000008b300000, 0x000000008b300000| Untracked 
| 180|0x000000008b400000, 0x000000008b400000, 0x000000008b500000|  0%| F|  |TAMS 0x000000008b400000, 0x000000008b400000| Untracked 
| 181|0x000000008b500000, 0x000000008b500000, 0x000000008b600000|  0%| F|  |TAMS 0x000000008b500000, 0x000000008b500000| Untracked 
| 182|0x000000008b600000, 0x000000008b600000, 0x000000008b700000|  0%| F|  |TAMS 0x000000008b600000, 0x000000008b600000| Untracked 
| 183|0x000000008b700000, 0x000000008b700000, 0x000000008b800000|  0%| F|  |TAMS 0x000000008b700000, 0x000000008b700000| Untracked 
| 184|0x000000008b800000, 0x000000008b800000, 0x000000008b900000|  0%| F|  |TAMS 0x000000008b800000, 0x000000008b800000| Untracked 
| 185|0x000000008b900000, 0x000000008b900000, 0x000000008ba00000|  0%| F|  |TAMS 0x000000008b900000, 0x000000008b900000| Untracked 
| 186|0x000000008ba00000, 0x000000008ba00000, 0x000000008bb00000|  0%| F|  |TAMS 0x000000008ba00000, 0x000000008ba00000| Untracked 
| 187|0x000000008bb00000, 0x000000008bb00000, 0x000000008bc00000|  0%| F|  |TAMS 0x000000008bb00000, 0x000000008bb00000| Untracked 
| 188|0x000000008bc00000, 0x000000008bc00000, 0x000000008bd00000|  0%| F|  |TAMS 0x000000008bc00000, 0x000000008bc00000| Untracked 
| 189|0x000000008bd00000, 0x000000008bd00000, 0x000000008be00000|  0%| F|  |TAMS 0x000000008bd00000, 0x000000008bd00000| Untracked 
| 190|0x000000008be00000, 0x000000008be00000, 0x000000008bf00000|  0%| F|  |TAMS 0x000000008be00000, 0x000000008be00000| Untracked 
| 191|0x000000008bf00000, 0x000000008bf00000, 0x000000008c000000|  0%| F|  |TAMS 0x000000008bf00000, 0x000000008bf00000| Untracked 
| 192|0x000000008c000000, 0x000000008c000000, 0x000000008c100000|  0%| F|  |TAMS 0x000000008c000000, 0x000000008c000000| Untracked 
| 193|0x000000008c100000, 0x000000008c100000, 0x000000008c200000|  0%| F|  |TAMS 0x000000008c100000, 0x000000008c100000| Untracked 
| 194|0x000000008c200000, 0x000000008c200000, 0x000000008c300000|  0%| F|  |TAMS 0x000000008c200000, 0x000000008c200000| Untracked 
| 195|0x000000008c300000, 0x000000008c300000, 0x000000008c400000|  0%| F|  |TAMS 0x000000008c300000, 0x000000008c300000| Untracked 
| 196|0x000000008c400000, 0x000000008c400000, 0x000000008c500000|  0%| F|  |TAMS 0x000000008c400000, 0x000000008c400000| Untracked 
| 197|0x000000008c500000, 0x000000008c5cd8e8, 0x000000008c600000| 80%| E|  |TAMS 0x000000008c500000, 0x000000008c500000| Complete 
| 198|0x000000008c600000, 0x000000008c700000, 0x000000008c700000|100%| E|CS|TAMS 0x000000008c600000, 0x000000008c600000| Complete 
| 199|0x000000008c700000, 0x000000008c800000, 0x000000008c800000|100%| E|CS|TAMS 0x000000008c700000, 0x000000008c700000| Complete 
| 200|0x000000008c800000, 0x000000008c900000, 0x000000008c900000|100%| E|CS|TAMS 0x000000008c800000, 0x000000008c800000| Complete 
| 201|0x000000008c900000, 0x000000008ca00000, 0x000000008ca00000|100%| E|CS|TAMS 0x000000008c900000, 0x000000008c900000| Complete 
| 202|0x000000008ca00000, 0x000000008cb00000, 0x000000008cb00000|100%| E|CS|TAMS 0x000000008ca00000, 0x000000008ca00000| Complete 
| 203|0x000000008cb00000, 0x000000008cc00000, 0x000000008cc00000|100%| E|CS|TAMS 0x000000008cb00000, 0x000000008cb00000| Complete 
| 204|0x000000008cc00000, 0x000000008cd00000, 0x000000008cd00000|100%| E|CS|TAMS 0x000000008cc00000, 0x000000008cc00000| Complete 
| 205|0x000000008cd00000, 0x000000008ce00000, 0x000000008ce00000|100%| E|CS|TAMS 0x000000008cd00000, 0x000000008cd00000| Complete 
| 206|0x000000008ce00000, 0x000000008cf00000, 0x000000008cf00000|100%| E|CS|TAMS 0x000000008ce00000, 0x000000008ce00000| Complete 
| 207|0x000000008cf00000, 0x000000008d000000, 0x000000008d000000|100%| E|CS|TAMS 0x000000008cf00000, 0x000000008cf00000| Complete 
| 208|0x000000008d000000, 0x000000008d100000, 0x000000008d100000|100%| E|CS|TAMS 0x000000008d000000, 0x000000008d000000| Complete 
| 209|0x000000008d100000, 0x000000008d200000, 0x000000008d200000|100%| E|CS|TAMS 0x000000008d100000, 0x000000008d100000| Complete 
| 210|0x000000008d200000, 0x000000008d300000, 0x000000008d300000|100%| E|CS|TAMS 0x000000008d200000, 0x000000008d200000| Complete 
| 211|0x000000008d300000, 0x000000008d400000, 0x000000008d400000|100%| E|CS|TAMS 0x000000008d300000, 0x000000008d300000| Complete 
| 212|0x000000008d400000, 0x000000008d500000, 0x000000008d500000|100%| E|CS|TAMS 0x000000008d400000, 0x000000008d400000| Complete 
| 213|0x000000008d500000, 0x000000008d5d81c8, 0x000000008d600000| 84%| S|CS|TAMS 0x000000008d500000, 0x000000008d500000| Complete 
| 214|0x000000008d600000, 0x000000008d700000, 0x000000008d700000|100%| E|CS|TAMS 0x000000008d600000, 0x000000008d600000| Complete 
| 215|0x000000008d700000, 0x000000008d800000, 0x000000008d800000|100%| E|CS|TAMS 0x000000008d700000, 0x000000008d700000| Complete 
| 216|0x000000008d800000, 0x000000008d900000, 0x000000008d900000|100%| E|CS|TAMS 0x000000008d800000, 0x000000008d800000| Complete 
| 217|0x000000008d900000, 0x000000008da00000, 0x000000008da00000|100%| E|CS|TAMS 0x000000008d900000, 0x000000008d900000| Complete 
| 218|0x000000008da00000, 0x000000008db00000, 0x000000008db00000|100%| E|CS|TAMS 0x000000008da00000, 0x000000008da00000| Complete 
| 219|0x000000008db00000, 0x000000008dc00000, 0x000000008dc00000|100%| E|CS|TAMS 0x000000008db00000, 0x000000008db00000| Complete 
| 220|0x000000008dc00000, 0x000000008dd00000, 0x000000008dd00000|100%| E|CS|TAMS 0x000000008dc00000, 0x000000008dc00000| Complete 
| 221|0x000000008dd00000, 0x000000008de00000, 0x000000008de00000|100%| E|CS|TAMS 0x000000008dd00000, 0x000000008dd00000| Complete 

Card table byte_map: [0x0000020d6fe60000,0x0000020d70260000] _byte_map_base: 0x0000020d6fa60000

Marking Bits (Prev, Next): (CMBitMap*) 0x0000020d5cfa1618, (CMBitMap*) 0x0000020d5cfa1650
 Prev Bits: [0x0000020d70660000, 0x0000020d72660000)
 Next Bits: [0x0000020d72660000, 0x0000020d74660000)

Polling page: 0x0000020d5ace0000

Metaspace:

Usage:
  Non-class:    112.63 MB capacity,   109.80 MB ( 97%) used,     2.30 MB (  2%) free+waste,   540.25 KB ( <1%) overhead. 
      Class:     16.99 MB capacity,    15.38 MB ( 90%) used,     1.39 MB (  8%) free+waste,   234.88 KB (  1%) overhead. 
       Both:    129.63 MB capacity,   125.18 MB ( 97%) used,     3.69 MB (  3%) free+waste,   775.13 KB ( <1%) overhead. 

Virtual space:
  Non-class space:      114.00 MB reserved,     112.71 MB ( 99%) committed 
      Class space:        1.00 GB reserved,      17.02 MB (  2%) committed 
             Both:        1.11 GB reserved,     129.73 MB ( 11%) committed 

Chunk freelists:
   Non-Class:  12.00 KB
       Class:  0 bytes
        Both:  12.00 KB

MaxMetaspaceSize: 17179869184.00 GB
CompressedClassSpaceSize: 1.00 GB

CodeHeap 'non-profiled nmethods': size=120064Kb used=22881Kb max_used=22881Kb free=97182Kb
 bounds [0x0000020d68520000, 0x0000020d69b80000, 0x0000020d6fa60000]
CodeHeap 'profiled nmethods': size=120000Kb used=59177Kb max_used=59177Kb free=60822Kb
 bounds [0x0000020d60ff0000, 0x0000020d649e0000, 0x0000020d68520000]
CodeHeap 'non-nmethods': size=5696Kb used=2363Kb max_used=2445Kb free=3332Kb
 bounds [0x0000020d60a60000, 0x0000020d60cd0000, 0x0000020d60ff0000]
 total_blobs=27603 nmethods=26621 adapters=890
 compilation: enabled
              stopped_count=0, restarted_count=0
 full_count=0

Compilation events (20 events):
Event: 3845.061 Thread 0x0000020d76b6d000 30415       3       org.gradle.internal.fingerprint.impl.NameOnlyFileCollectionFingerprinter::<init> (15 bytes)
Event: 3845.062 Thread 0x0000020d76b6d000 nmethod 30415 0x0000020d649da090 code [0x0000020d649da280, 0x0000020d649da688]
Event: 3845.062 Thread 0x0000020d76b6d000 30416       3       org.gradle.internal.fingerprint.impl.FileCollectionFingerprinterRegistrations::registrationsFor (24 bytes)
Event: 3845.063 Thread 0x0000020d76b6d000 nmethod 30416 0x0000020d649da810 code [0x0000020d649daa40, 0x0000020d649db298]
Event: 3845.064 Thread 0x0000020d76b6d000 30417       3       org.gradle.execution.plan.DefaultExecutionPlan::tryAcquireWorkerLeaseForNode (24 bytes)
Event: 3845.065 Thread 0x0000020d76b6d000 nmethod 30417 0x0000020d649db590 code [0x0000020d649db7e0, 0x0000020d649dc108]
Event: 3845.115 Thread 0x0000020d76b6d000 30418       3       org.gradle.api.internal.artifacts.ivyservice.ivyresolve.strategy.DefaultVersionSelectorScheme::<init> (15 bytes)
Event: 3845.115 Thread 0x0000020d76b6d000 nmethod 30418 0x0000020d649dc410 code [0x0000020d649dc5c0, 0x0000020d649dc7d8]
Event: 3845.154 Thread 0x0000020d76b6d000 30419       3       org.gradle.api.internal.artifacts.ivyservice.resolveengine.graph.builder.PendingDependencies::decreaseHardEdgeCount (34 bytes)
Event: 3845.155 Thread 0x0000020d76b6d000 nmethod 30419 0x0000020d649dc890 code [0x0000020d649dca40, 0x0000020d649dcb58]
Event: 3845.155 Thread 0x0000020d76b6d000 30420       3       org.gradle.api.internal.artifacts.ivyservice.resolveengine.graph.builder.SelectorState::release (45 bytes)
Event: 3845.155 Thread 0x0000020d76b6d000 nmethod 30420 0x0000020d649dcc10 code [0x0000020d649dcde0, 0x0000020d649dd008]
Event: 3845.185 Thread 0x0000020d76b6d000 30421       3       com.android.build.gradle.tasks.MergeResources_Decorated::getResourceDirsOutsideRootProjectDir (35 bytes)
Event: 3845.186 Thread 0x0000020d76b6d000 nmethod 30421 0x0000020d649dd110 code [0x0000020d649dd340, 0x0000020d649ddb58]
Event: 3845.187 Thread 0x0000020d76b6d000 30422       1       com.android.build.gradle.tasks.MergeResources_Decorated::publicType (3 bytes)
Event: 3845.187 Thread 0x0000020d76b6d000 nmethod 30422 0x0000020d69b7d810 code [0x0000020d69b7d9c0, 0x0000020d69b7da78]
Event: 3845.187 Thread 0x0000020d76b6d000 30423       3       org.gradle.execution.plan.TaskNode::getHardSuccessors (16 bytes)
Event: 3845.188 Thread 0x0000020d76b6d000 nmethod 30423 0x0000020d649ddd90 code [0x0000020d649ddf80, 0x0000020d649de668]
Event: 3845.210 Thread 0x0000020d76b6d000 30424       1       com.android.build.gradle.internal.core.VariantDslInfoImpl$versionCode$3::call (5 bytes)
Event: 3845.211 Thread 0x0000020d76b6d000 nmethod 30424 0x0000020d69b7db10 code [0x0000020d69b7dcc0, 0x0000020d69b7dd78]

GC Heap History (20 events):
Event: 3672.847 GC heap before
{Heap before GC invocations=181 (full 0):
 garbage-first heap   total 227328K, used 93737K [0x0000000080000000, 0x0000000100000000)
  region size 1024K, 8 young (8192K), 1 survivors (1024K)
 Metaspace       used 127805K, capacity 132339K, committed 132588K, reserved 1165312K
  class space    used 15744K, capacity 17400K, committed 17432K, reserved 1048576K
}
Event: 3672.852 GC heap after
{Heap after GC invocations=182 (full 0):
 garbage-first heap   total 227328K, used 87607K [0x0000000080000000, 0x0000000100000000)
  region size 1024K, 1 young (1024K), 1 survivors (1024K)
 Metaspace       used 127805K, capacity 132339K, committed 132588K, reserved 1165312K
  class space    used 15744K, capacity 17400K, committed 17432K, reserved 1048576K
}
Event: 3735.601 GC heap before
{Heap before GC invocations=183 (full 0):
 garbage-first heap   total 227328K, used 142903K [0x0000000080000000, 0x0000000100000000)
  region size 1024K, 50 young (51200K), 1 survivors (1024K)
 Metaspace       used 127885K, capacity 132405K, committed 132588K, reserved 1165312K
  class space    used 15744K, capacity 17400K, committed 17432K, reserved 1048576K
}
Event: 3735.628 GC heap after
{Heap after GC invocations=184 (full 0):
 garbage-first heap   total 227328K, used 93618K [0x0000000080000000, 0x0000000100000000)
  region size 1024K, 7 young (7168K), 7 survivors (7168K)
 Metaspace       used 127885K, capacity 132405K, committed 132588K, reserved 1165312K
  class space    used 15744K, capacity 17400K, committed 17432K, reserved 1048576K
}
Event: 3763.113 GC heap before
{Heap before GC invocations=185 (full 0):
 garbage-first heap   total 227328K, used 163250K [0x0000000080000000, 0x0000000100000000)
  region size 1024K, 69 young (70656K), 7 survivors (7168K)
 Metaspace       used 127915K, capacity 132405K, committed 132588K, reserved 1165312K
  class space    used 15744K, capacity 17400K, committed 17432K, reserved 1048576K
}
Event: 3763.120 GC heap after
{Heap after GC invocations=186 (full 0):
 garbage-first heap   total 227328K, used 90352K [0x0000000080000000, 0x0000000100000000)
  region size 1024K, 3 young (3072K), 3 survivors (3072K)
 Metaspace       used 127915K, capacity 132405K, committed 132588K, reserved 1165312K
  class space    used 15744K, capacity 17400K, committed 17432K, reserved 1048576K
}
Event: 3763.170 GC heap before
{Heap before GC invocations=186 (full 0):
 garbage-first heap   total 227328K, used 97520K [0x0000000080000000, 0x0000000100000000)
  region size 1024K, 11 young (11264K), 3 survivors (3072K)
 Metaspace       used 127915K, capacity 132405K, committed 132588K, reserved 1165312K
  class space    used 15744K, capacity 17400K, committed 17432K, reserved 1048576K
}
Event: 3763.199 GC heap after
{Heap after GC invocations=187 (full 0):
 garbage-first heap   total 227328K, used 89146K [0x0000000080000000, 0x0000000100000000)
  region size 1024K, 1 young (1024K), 1 survivors (1024K)
 Metaspace       used 127915K, capacity 132405K, committed 132588K, reserved 1165312K
  class space    used 15744K, capacity 17400K, committed 17432K, reserved 1048576K
}
Event: 3763.606 GC heap before
{Heap before GC invocations=187 (full 0):
 garbage-first heap   total 227328K, used 118842K [0x0000000080000000, 0x0000000100000000)
  region size 1024K, 31 young (31744K), 1 survivors (1024K)
 Metaspace       used 127947K, capacity 132469K, committed 132588K, reserved 1165312K
  class space    used 15745K, capacity 17400K, committed 17432K, reserved 1048576K
}
Event: 3763.636 GC heap after
{Heap after GC invocations=188 (full 0):
 garbage-first heap   total 227328K, used 93754K [0x0000000080000000, 0x0000000100000000)
  region size 1024K, 6 young (6144K), 6 survivors (6144K)
 Metaspace       used 127947K, capacity 132469K, committed 132588K, reserved 1165312K
  class space    used 15745K, capacity 17400K, committed 17432K, reserved 1048576K
}
Event: 3788.794 GC heap before
{Heap before GC invocations=189 (full 0):
 garbage-first heap   total 227328K, used 164410K [0x0000000080000000, 0x0000000100000000)
  region size 1024K, 68 young (69632K), 6 survivors (6144K)
 Metaspace       used 128005K, capacity 132534K, committed 132588K, reserved 1165312K
  class space    used 15745K, capacity 17400K, committed 17432K, reserved 1048576K
}
Event: 3788.810 GC heap after
{Heap after GC invocations=190 (full 0):
 garbage-first heap   total 227328K, used 95902K [0x0000000080000000, 0x0000000100000000)
  region size 1024K, 3 young (3072K), 3 survivors (3072K)
 Metaspace       used 128005K, capacity 132534K, committed 132588K, reserved 1165312K
  class space    used 15745K, capacity 17400K, committed 17432K, reserved 1048576K
}
Event: 3788.871 GC heap before
{Heap before GC invocations=190 (full 0):
 garbage-first heap   total 227328K, used 103070K [0x0000000080000000, 0x0000000100000000)
  region size 1024K, 11 young (11264K), 3 survivors (3072K)
 Metaspace       used 128005K, capacity 132534K, committed 132588K, reserved 1165312K
  class space    used 15745K, capacity 17400K, committed 17432K, reserved 1048576K
}
Event: 3788.910 GC heap after
{Heap after GC invocations=191 (full 0):
 garbage-first heap   total 227328K, used 88179K [0x0000000080000000, 0x0000000100000000)
  region size 1024K, 1 young (1024K), 1 survivors (1024K)
 Metaspace       used 128005K, capacity 132534K, committed 132588K, reserved 1165312K
  class space    used 15745K, capacity 17400K, committed 17432K, reserved 1048576K
}
Event: 3789.305 GC heap before
{Heap before GC invocations=191 (full 0):
 garbage-first heap   total 227328K, used 116851K [0x0000000080000000, 0x0000000100000000)
  region size 1024K, 31 young (31744K), 1 survivors (1024K)
 Metaspace       used 128030K, capacity 132536K, committed 132588K, reserved 1165312K
  class space    used 15745K, capacity 17400K, committed 17432K, reserved 1048576K
}
Event: 3789.341 GC heap after
{Heap after GC invocations=192 (full 0):
 garbage-first heap   total 227328K, used 92749K [0x0000000080000000, 0x0000000100000000)
  region size 1024K, 6 young (6144K), 6 survivors (6144K)
 Metaspace       used 128030K, capacity 132536K, committed 132588K, reserved 1165312K
  class space    used 15745K, capacity 17400K, committed 17432K, reserved 1048576K
}
Event: 3844.539 GC heap before
{Heap before GC invocations=193 (full 0):
 garbage-first heap   total 227328K, used 164429K [0x0000000080000000, 0x0000000100000000)
  region size 1024K, 68 young (69632K), 6 survivors (6144K)
 Metaspace       used 128092K, capacity 132604K, committed 132844K, reserved 1165312K
  class space    used 15745K, capacity 17400K, committed 17432K, reserved 1048576K
}
Event: 3844.560 GC heap after
{Heap after GC invocations=194 (full 0):
 garbage-first heap   total 227328K, used 95649K [0x0000000080000000, 0x0000000100000000)
  region size 1024K, 3 young (3072K), 3 survivors (3072K)
 Metaspace       used 128092K, capacity 132604K, committed 132844K, reserved 1165312K
  class space    used 15745K, capacity 17400K, committed 17432K, reserved 1048576K
}
Event: 3844.609 GC heap before
{Heap before GC invocations=194 (full 0):
 garbage-first heap   total 227328K, used 102817K [0x0000000080000000, 0x0000000100000000)
  region size 1024K, 11 young (11264K), 3 survivors (3072K)
 Metaspace       used 128101K, capacity 132604K, committed 132844K, reserved 1165312K
  class space    used 15746K, capacity 17400K, committed 17432K, reserved 1048576K
}
Event: 3844.646 GC heap after
{Heap after GC invocations=195 (full 0):
 garbage-first heap   total 227328K, used 88333K [0x0000000080000000, 0x0000000100000000)
  region size 1024K, 1 young (1024K), 1 survivors (1024K)
 Metaspace       used 128101K, capacity 132604K, committed 132844K, reserved 1165312K
  class space    used 15746K, capacity 17400K, committed 17432K, reserved 1048576K
}

Deoptimization events (20 events):
Event: 3764.311 Thread 0x0000020d017c5800 DEOPT PACKING pc=0x0000020d69b07444 sp=0x0000005edc5fc490
Event: 3764.311 Thread 0x0000020d017c5800 DEOPT UNPACKING pc=0x0000020d60a8662f sp=0x0000005edc5fc360 mode 2
Event: 3764.313 Thread 0x0000020d017c5800 Uncommon trap: trap_request=0xffffffde fr.pc=0x0000020d69b07444 relative=0x0000000000000384
Event: 3764.313 Thread 0x0000020d017c5800 Uncommon trap: reason=class_check action=maybe_recompile pc=0x0000020d69b07444 method=com.google.common.collect.AbstractListMultimap.wrapCollection(Ljava/lang/Object;Ljava/util/Collection;)Ljava/util/Collection; @ 3 c2
Event: 3764.313 Thread 0x0000020d017c5800 DEOPT PACKING pc=0x0000020d69b07444 sp=0x0000005edc5fa930
Event: 3764.313 Thread 0x0000020d017c5800 DEOPT UNPACKING pc=0x0000020d60a8662f sp=0x0000005edc5fa800 mode 2
Event: 3788.755 Thread 0x0000020d7af8f000 DEOPT PACKING pc=0x0000020d640dad69 sp=0x0000005ed81fb720
Event: 3788.755 Thread 0x0000020d7af8f000 DEOPT UNPACKING pc=0x0000020d60a86dde sp=0x0000005ed81fac18 mode 0
Event: 3789.242 Thread 0x0000020d7e09b800 Uncommon trap: trap_request=0xffffffde fr.pc=0x0000020d69317980 relative=0x00000000000002c0
Event: 3789.242 Thread 0x0000020d7e09b800 Uncommon trap: reason=class_check action=maybe_recompile pc=0x0000020d69317980 method=com.google.common.collect.AbstractListMultimap.wrapCollection(Ljava/lang/Object;Ljava/util/Collection;)Ljava/util/Collection; @ 3 c2
Event: 3789.242 Thread 0x0000020d7e09b800 DEOPT PACKING pc=0x0000020d69317980 sp=0x0000005edc1fc180
Event: 3789.242 Thread 0x0000020d7e09b800 DEOPT UNPACKING pc=0x0000020d60a8662f sp=0x0000005edc1fc118 mode 2
Event: 3789.296 Thread 0x0000020d7e09b800 Uncommon trap: trap_request=0xffffffd6 fr.pc=0x0000020d69b22120 relative=0x00000000000007c0
Event: 3789.296 Thread 0x0000020d7e09b800 Uncommon trap: reason=array_check action=maybe_recompile pc=0x0000020d69b22120 method=java.util.ComparableTimSort.reverseRange([Ljava/lang/Object;II)V @ 20 c2
Event: 3789.296 Thread 0x0000020d7e09b800 DEOPT PACKING pc=0x0000020d69b22120 sp=0x0000005edc1f9bf0
Event: 3789.296 Thread 0x0000020d7e09b800 DEOPT UNPACKING pc=0x0000020d60a8662f sp=0x0000005edc1f9b28 mode 2
Event: 3790.176 Thread 0x0000020d7af8f000 Uncommon trap: trap_request=0xfffffff4 fr.pc=0x0000020d6929aac0 relative=0x00000000000009c0
Event: 3790.176 Thread 0x0000020d7af8f000 Uncommon trap: reason=null_check action=make_not_entrant pc=0x0000020d6929aac0 method=java.lang.ThreadLocal$ThreadLocalMap.expungeStaleEntry(I)I @ 51 c2
Event: 3790.176 Thread 0x0000020d7af8f000 DEOPT PACKING pc=0x0000020d6929aac0 sp=0x0000005ed81fbe20
Event: 3790.176 Thread 0x0000020d7af8f000 DEOPT UNPACKING pc=0x0000020d60a8662f sp=0x0000005ed81fbc68 mode 2

Classes redefined (0 events):
No events

Internal exceptions (20 events):
Event: 3789.580 Thread 0x0000020d7e09b800 Exception <a 'sun/nio/fs/WindowsException'{0x000000008c688ba8}> (0x000000008c688ba8) thrown at [./src/hotspot/share/prims/jni.cpp, line 615]
Event: 3789.583 Thread 0x0000020d7e09b800 Exception <a 'sun/nio/fs/WindowsException'{0x000000008c6e5cb0}> (0x000000008c6e5cb0) thrown at [./src/hotspot/share/prims/jni.cpp, line 615]
Event: 3789.583 Thread 0x0000020d7e09b800 Exception <a 'sun/nio/fs/WindowsException'{0x000000008c6e5e08}> (0x000000008c6e5e08) thrown at [./src/hotspot/share/prims/jni.cpp, line 615]
Event: 3789.639 Thread 0x0000020d7e09b800 Exception <a 'sun/nio/fs/WindowsException'{0x000000008c3bef98}> (0x000000008c3bef98) thrown at [./src/hotspot/share/prims/jni.cpp, line 615]
Event: 3789.642 Thread 0x0000020d7e09b800 Exception <a 'sun/nio/fs/WindowsException'{0x000000008c3cae60}> (0x000000008c3cae60) thrown at [./src/hotspot/share/prims/jni.cpp, line 615]
Event: 3789.764 Thread 0x0000020d7e0a6800 Exception <a 'sun/nio/fs/WindowsException'{0x000000008b59f960}> (0x000000008b59f960) thrown at [./src/hotspot/share/prims/jni.cpp, line 615]
Event: 3789.783 Thread 0x0000020d7e0a6800 Exception <a 'sun/nio/fs/WindowsException'{0x000000008b3e3b08}> (0x000000008b3e3b08) thrown at [./src/hotspot/share/prims/jni.cpp, line 615]
Event: 3789.829 Thread 0x0000020d7e0a3000 Exception <a 'sun/nio/fs/WindowsException'{0x000000008b11eef0}> (0x000000008b11eef0) thrown at [./src/hotspot/share/prims/jni.cpp, line 615]
Event: 3789.836 Thread 0x0000020d7e0a3000 Exception <a 'sun/nio/fs/WindowsException'{0x000000008b1cb9d8}> (0x000000008b1cb9d8) thrown at [./src/hotspot/share/prims/jni.cpp, line 615]
Event: 3790.176 Thread 0x0000020d7af8f000 Implicit null exception at 0x0000020d6929a323 to 0x0000020d6929aaa0
Event: 3790.181 Thread 0x0000020d7af8f000 Exception <a 'sun/nio/fs/WindowsException'{0x000000008c1b2868}> (0x000000008c1b2868) thrown at [./src/hotspot/share/prims/jni.cpp, line 615]
Event: 3790.181 Thread 0x0000020d7af8f000 Exception <a 'sun/nio/fs/WindowsException'{0x000000008c1b29a8}> (0x000000008c1b29a8) thrown at [./src/hotspot/share/prims/jni.cpp, line 615]
Event: 3790.181 Thread 0x0000020d7af8f000 Exception <a 'sun/nio/fs/WindowsException'{0x000000008c1b4258}> (0x000000008c1b4258) thrown at [./src/hotspot/share/prims/jni.cpp, line 615]
Event: 3844.772 Thread 0x0000020d7af8f000 Exception <a 'sun/nio/fs/WindowsException'{0x000000008d729fa8}> (0x000000008d729fa8) thrown at [./src/hotspot/share/prims/jni.cpp, line 615]
Event: 3844.895 Thread 0x0000020d7af8f000 Exception <a 'java/lang/NoClassDefFoundError'{0x000000008d334038}: org/jetbrains/kotlin/gradle/plugin/KotlinBasePluginWrapper> (0x000000008d334038) thrown at [./src/hotspot/share/oops/constantPool.cpp, line 775]
Event: 3844.939 Thread 0x0000020d7af8f000 Exception <a 'sun/nio/fs/WindowsException'{0x000000008d259240}> (0x000000008d259240) thrown at [./src/hotspot/share/prims/jni.cpp, line 615]
Event: 3844.952 Thread 0x0000020d7af8f000 Exception <a 'sun/nio/fs/WindowsException'{0x000000008d2f5f50}> (0x000000008d2f5f50) thrown at [./src/hotspot/share/prims/jni.cpp, line 615]
Event: 3844.953 Thread 0x0000020d7af8f000 Exception <a 'sun/nio/fs/WindowsException'{0x000000008d2f7198}> (0x000000008d2f7198) thrown at [./src/hotspot/share/prims/jni.cpp, line 615]
Event: 3844.953 Thread 0x0000020d7af8f000 Exception <a 'sun/nio/fs/WindowsException'{0x000000008d2f8430}> (0x000000008d2f8430) thrown at [./src/hotspot/share/prims/jni.cpp, line 615]
Event: 3844.953 Thread 0x0000020d7af8f000 Exception <a 'sun/nio/fs/WindowsException'{0x000000008d2f96c8}> (0x000000008d2f96c8) thrown at [./src/hotspot/share/prims/jni.cpp, line 615]

Events (20 events):
Event: 3845.035 Thread 0x0000020d017c7000 Thread added: 0x0000020d017c7000
Event: 3845.036 Thread 0x0000020d017c1800 Thread added: 0x0000020d017c1800
Event: 3845.208 Executing VM operation: RevokeBias
Event: 3845.209 Executing VM operation: RevokeBias done
Event: 3845.209 Executing VM operation: RevokeBias
Event: 3845.209 Executing VM operation: RevokeBias done
Event: 3845.211 Executing VM operation: RevokeBias
Event: 3845.211 Executing VM operation: RevokeBias done
Event: 3845.213 Executing VM operation: RevokeBias
Event: 3845.214 Executing VM operation: RevokeBias done
Event: 3845.221 Executing VM operation: RevokeBias
Event: 3845.221 Executing VM operation: RevokeBias done
Event: 3845.221 Executing VM operation: RevokeBias
Event: 3845.222 Executing VM operation: RevokeBias done
Event: 3845.222 Executing VM operation: RevokeBias
Event: 3845.222 Executing VM operation: RevokeBias done
Event: 3845.222 Executing VM operation: BulkRevokeBias
Event: 3845.224 Executing VM operation: BulkRevokeBias done
Event: 3845.225 Executing VM operation: RevokeBias
Event: 3845.225 Executing VM operation: RevokeBias done


Dynamic libraries:
0x00007ff669120000 - 0x00007ff66912a000 	D:\Android\jre\bin\java.exe
0x00007ffaef610000 - 0x00007ffaef805000 	C:\WINDOWS\SYSTEM32\ntdll.dll
0x00007ffaef330000 - 0x00007ffaef3ee000 	C:\WINDOWS\System32\KERNEL32.DLL
0x00007ffaecd60000 - 0x00007ffaed028000 	C:\WINDOWS\System32\KERNELBASE.dll
0x00007ffaed2e0000 - 0x00007ffaed3e0000 	C:\WINDOWS\System32\ucrtbase.dll
0x00007ffadc550000 - 0x00007ffadc569000 	D:\Android\jre\bin\jli.dll
0x00007ffad28c0000 - 0x00007ffad28d7000 	D:\Android\jre\bin\VCRUNTIME140.dll
0x00007ffaee1e0000 - 0x00007ffaee380000 	C:\WINDOWS\System32\USER32.dll
0x00007ffadf920000 - 0x00007ffadfbba000 	C:\WINDOWS\WinSxS\amd64_microsoft.windows.common-controls_6595b64144ccf1df_6.0.19041.1110_none_60b5254171f9507e\COMCTL32.dll
0x00007ffaed430000 - 0x00007ffaed452000 	C:\WINDOWS\System32\win32u.dll
0x00007ffaee5f0000 - 0x00007ffaee68e000 	C:\WINDOWS\System32\msvcrt.dll
0x00007ffaed820000 - 0x00007ffaed84a000 	C:\WINDOWS\System32\GDI32.dll
0x00007ffaed460000 - 0x00007ffaed56b000 	C:\WINDOWS\System32\gdi32full.dll
0x00007ffaed030000 - 0x00007ffaed0cd000 	C:\WINDOWS\System32\msvcp_win.dll
0x00007ffaef3f0000 - 0x00007ffaef420000 	C:\WINDOWS\System32\IMM32.DLL
0x00007ffab6a50000 - 0x00007ffab6aed000 	D:\Android\jre\bin\msvcp140.dll
0x00007ffab3bc0000 - 0x00007ffab4695000 	D:\Android\jre\bin\server\jvm.dll
0x00007ffaee690000 - 0x00007ffaee73e000 	C:\WINDOWS\System32\ADVAPI32.dll
0x00007ffaef230000 - 0x00007ffaef2cc000 	C:\WINDOWS\System32\sechost.dll
0x00007ffaee380000 - 0x00007ffaee4a5000 	C:\WINDOWS\System32\RPCRT4.dll
0x00007ffaed760000 - 0x00007ffaed768000 	C:\WINDOWS\System32\PSAPI.DLL
0x00007ffadfde0000 - 0x00007ffadfe07000 	C:\WINDOWS\SYSTEM32\WINMM.dll
0x00007ffae8c50000 - 0x00007ffae8c59000 	C:\WINDOWS\SYSTEM32\WSOCK32.dll
0x00007ffada3f0000 - 0x00007ffada3fa000 	C:\WINDOWS\SYSTEM32\VERSION.dll
0x00007ffaef0b0000 - 0x00007ffaef11b000 	C:\WINDOWS\System32\WS2_32.dll
0x00007ffaeac50000 - 0x00007ffaeac62000 	C:\WINDOWS\SYSTEM32\kernel.appcore.dll
0x00007ffae8c30000 - 0x00007ffae8c41000 	D:\Android\jre\bin\verify.dll
0x00007ffad2b60000 - 0x00007ffad2d44000 	C:\WINDOWS\SYSTEM32\DBGHELP.DLL
0x00007ffad3f20000 - 0x00007ffad3f4c000 	C:\WINDOWS\SYSTEM32\dbgcore.DLL
0x00007ffaed570000 - 0x00007ffaed5f2000 	C:\WINDOWS\System32\bcryptPrimitives.dll
0x00007ffae6660000 - 0x00007ffae6689000 	D:\Android\jre\bin\java.dll
0x00007ffae8c10000 - 0x00007ffae8c1b000 	D:\Android\jre\bin\jimage.dll
0x00007ffae6640000 - 0x00007ffae6658000 	D:\Android\jre\bin\zip.dll
0x00007ffaee890000 - 0x00007ffaeefd4000 	C:\WINDOWS\System32\SHELL32.dll
0x00007ffaeae50000 - 0x00007ffaeb5e4000 	C:\WINDOWS\SYSTEM32\windows.storage.dll
0x00007ffaede70000 - 0x00007ffaee1c4000 	C:\WINDOWS\System32\combase.dll
0x00007ffaec7a0000 - 0x00007ffaec7cc000 	C:\WINDOWS\SYSTEM32\Wldp.dll
0x00007ffaef180000 - 0x00007ffaef22d000 	C:\WINDOWS\System32\SHCORE.dll
0x00007ffaed670000 - 0x00007ffaed6c5000 	C:\WINDOWS\System32\shlwapi.dll
0x00007ffaecc70000 - 0x00007ffaecc8f000 	C:\WINDOWS\SYSTEM32\profapi.dll
0x00007ffae6620000 - 0x00007ffae663a000 	D:\Android\jre\bin\net.dll
0x00007ffadf3b0000 - 0x00007ffadf4ba000 	C:\WINDOWS\SYSTEM32\WINHTTP.dll
0x00007ffaec500000 - 0x00007ffaec56a000 	C:\WINDOWS\system32\mswsock.dll
0x00007ffae6600000 - 0x00007ffae6614000 	D:\Android\jre\bin\nio.dll
0x00007ffabb730000 - 0x00007ffabb757000 	C:\Users\Administrator\.gradle\native\e1d6ef7f7dcc3fd88c89a11ec53ec762bb8ba0a96d01ffa2cd45eb1d1d8dd5c5\windows-amd64\native-platform.dll
0x00007ffab6400000 - 0x00007ffab6544000 	C:\Users\Administrator\.gradle\native\5664cfc778a61ccfe75a443a1ab52a65af34e5dc3c78e0209fed803814484fcb\windows-amd64\native-platform-file-events.dll
0x00007ffae8bd0000 - 0x00007ffae8bda000 	D:\Android\jre\bin\management.dll
0x00007ffae8890000 - 0x00007ffae889d000 	D:\Android\jre\bin\management_ext.dll
0x00007ffaec6f0000 - 0x00007ffaec708000 	C:\WINDOWS\SYSTEM32\CRYPTSP.dll
0x00007ffaebe10000 - 0x00007ffaebe44000 	C:\WINDOWS\system32\rsaenh.dll
0x00007ffaecd30000 - 0x00007ffaecd57000 	C:\WINDOWS\System32\bcrypt.dll
0x00007ffaecc30000 - 0x00007ffaecc5e000 	C:\WINDOWS\SYSTEM32\USERENV.dll
0x00007ffaec710000 - 0x00007ffaec71c000 	C:\WINDOWS\SYSTEM32\CRYPTBASE.dll
0x00007ffaec1a0000 - 0x00007ffaec1db000 	C:\WINDOWS\SYSTEM32\IPHLPAPI.DLL
0x00007ffaee880000 - 0x00007ffaee888000 	C:\WINDOWS\System32\NSI.dll
0x00007ffae59e0000 - 0x00007ffae59f7000 	C:\WINDOWS\SYSTEM32\dhcpcsvc6.DLL
0x00007ffae5c20000 - 0x00007ffae5c3d000 	C:\WINDOWS\SYSTEM32\dhcpcsvc.DLL
0x00007ffaec1f0000 - 0x00007ffaec2bb000 	C:\WINDOWS\SYSTEM32\DNSAPI.dll
0x00007ffaeba40000 - 0x00007ffaeba73000 	C:\WINDOWS\SYSTEM32\ntmarta.dll
0x00007ffae62b0000 - 0x00007ffae62d7000 	D:\Android\jre\bin\sunec.dll

dbghelp: loaded successfully - version: 4.0.5 - missing functions: none
symbol engine: initialized successfully - sym options: 0x614 - pdb path: .;D:\Android\jre\bin;C:\WINDOWS\SYSTEM32;C:\WINDOWS\WinSxS\amd64_microsoft.windows.common-controls_6595b64144ccf1df_6.0.19041.1110_none_60b5254171f9507e;D:\Android\jre\bin\server;C:\Users\Administrator\.gradle\native\e1d6ef7f7dcc3fd88c89a11ec53ec762bb8ba0a96d01ffa2cd45eb1d1d8dd5c5\windows-amd64;C:\Users\Administrator\.gradle\native\5664cfc778a61ccfe75a443a1ab52a65af34e5dc3c78e0209fed803814484fcb\windows-amd64

VM Arguments:
jvm_args: --add-opens=java.base/java.util=ALL-UNNAMED --add-opens=java.base/java.lang=ALL-UNNAMED --add-opens=java.base/java.lang.invoke=ALL-UNNAMED --add-opens=java.base/java.util=ALL-UNNAMED --add-opens=java.prefs/java.util.prefs=ALL-UNNAMED --add-opens=java.prefs/java.util.prefs=ALL-UNNAMED --add-opens=java.base/java.nio.charset=ALL-UNNAMED --add-opens=java.base/java.net=ALL-UNNAMED --add-opens=java.base/java.util.concurrent.atomic=ALL-UNNAMED -Xmx2048m -Dfile.encoding=UTF-8 -Duser.country=US -Duser.language=en -Duser.variant 
java_command: org.gradle.launcher.daemon.bootstrap.GradleDaemon 7.2
java_class_path (initial): C:\Users\Administrator\.gradle\wrapper\dists\gradle-7.2-bin\2dnblmf4td7x66yl1d74lt32g\gradle-7.2\lib\gradle-launcher-7.2.jar
Launcher Type: SUN_STANDARD

[Global flags]
     intx CICompilerCount                          = 3                                         {product} {ergonomic}
     uint ConcGCThreads                            = 1                                         {product} {ergonomic}
     uint G1ConcRefinementThreads                  = 4                                         {product} {ergonomic}
   size_t G1HeapRegionSize                         = 1048576                                   {product} {ergonomic}
    uintx GCDrainStackTargetSize                   = 64                                        {product} {ergonomic}
   size_t InitialHeapSize                          = 134217728                                 {product} {ergonomic}
   size_t MarkStackSize                            = 4194304                                   {product} {ergonomic}
   size_t MaxHeapSize                              = 2147483648                                {product} {command line}
   size_t MaxNewSize                               = 1287651328                                {product} {ergonomic}
   size_t MinHeapDeltaBytes                        = 1048576                                   {product} {ergonomic}
    uintx NonNMethodCodeHeapSize                   = 5830732                                {pd product} {ergonomic}
    uintx NonProfiledCodeHeapSize                  = 122913754                              {pd product} {ergonomic}
    uintx ProfiledCodeHeapSize                     = 122913754                              {pd product} {ergonomic}
    uintx ReservedCodeCacheSize                    = 251658240                              {pd product} {ergonomic}
     bool SegmentedCodeCache                       = true                                      {product} {ergonomic}
     bool UseCompressedClassPointers               = true                                 {lp64_product} {ergonomic}
     bool UseCompressedOops                        = true                                 {lp64_product} {ergonomic}
     bool UseG1GC                                  = true                                      {product} {ergonomic}
     bool UseLargePagesIndividualAllocation        = false                                  {pd product} {ergonomic}

Logging:
Log output configuration:
 #0: stdout all=warning uptime,level,tags
 #1: stderr all=off uptime,level,tags

Environment Variables:
PATH=C:\Python310\Scripts\;C:\Python310\;D:\VMWare\bin\;C:\Users\Administrator\AppData\Local\Programs\Python\Python39\Scripts\;C:\Users\Administrator\AppData\Local\Programs\Python\Python39\;C:\Program Files\Common Files\Oracle\Java\javapath;C:\Program Files\Microsoft MPI\Bin\;C:\Program Files (x86)\Common Files\Oracle\Java\javapath;C:\ProgramData\Oracle\Java\javapath;C:\WINDOWS\system32;C:\WINDOWS;C:\WINDOWS\System32\Wbem;C:\WINDOWS\System32\WindowsPowerShell\v1.0\;C:\WINDOWS\System32\OpenSSH\;C:\Program Files (x86)\VietPN;C:\Program Files\Microsoft SQL Server\Client SDK\ODBC\170\Tools\Binn\;C:\Program Files (x86)\Microsoft SQL Server\150\Tools\Binn\;C:\Program Files\Microsoft SQL Server\150\Tools\Binn\;C:\Program Files\Microsoft SQL Server\150\DTS\Binn\;C:\Program Files\Git\cmd;C:\ProgramData\chocolatey\bin;C:\Program Files (x86)\GNU Tools ARM Embedded\4.8 2013q4\bin;C:\Program Files (x86)\Common Files\Acronis\SnapAPI\;C:\Program Files (x86)\Microsoft SQL Server\150\DTS\Binn\;C:\Program Files\Azure Data Studio\bin;D:\Lua;C:\Program Files\dotnet\;C:\Program Files\nodejs\;C:\Program Files (x86)\dotnet\;C:\Program Files (x86)\Nmap;C:\tools\neovim\Neovim\bin;C:\Users\Administrator\AppData\Local\Microsoft\WindowsApps;;C:\Program Files\Azure Data Studio\bin;C:\Users\Administrator\.dotnet\tools;C:\Users\Administrator\AppData\Roaming\npm
USERNAME=Administrator
OS=Windows_NT
PROCESSOR_IDENTIFIER=Intel64 Family 6 Model 69 Stepping 1, GenuineIntel



---------------  S Y S T E M  ---------------

OS: Windows 10 , 64 bit Build 19041 (10.0.19041.1645)
OS uptime: 1 days 1:46 hours

CPU:total 4 (initial active 4) (2 cores per cpu, 2 threads per core) family 6 model 69 stepping 1 microcode 0x25, cmov, cx8, fxsr, mmx, sse, sse2, sse3, ssse3, sse4.1, sse4.2, popcnt, avx, avx2, aes, clmul, erms, lzcnt, ht, tsc, tscinvbit, bmi1, bmi2, fma

Memory: 4k page, system-wide physical 8097M (596M free)
TotalPageFile size 8097M (AvailPageFile size 7M)
current process WorkingSet (physical memory assigned to process): 552M, peak: 605M
current process commit charge ("private bytes"): 633M, peak: 639M

vm_info: OpenJDK 64-Bit Server VM (11.0.11+9-b60-7590822) for windows-amd64 JRE (11.0.11+9-b60-7590822), built on Jul 29 2021 21:43:44 by "builder" with MS VC++ 14.0 (VS2015)

END.
